<head>
  <style>
    .test-failed { background-color: #ffaaaa; }
    .test-passed { background-color: #aaffaa; }
  </style>
</head>
<body>
<h3><a href="https://github.com/MikePopoloski/slang" target="_blank">slang</a></h3>
<pre class="test-failed">
description: Test
should_fail: 0
tags: 6.15 8.3
incdirs: /home/travis/build/SymbiFlow/sv-tests/tests/generic/class
top_module: 
files: <a href="../../../../tests/generic/class/class_test_41.sv.html" target="file-frame">tests/generic/class/class_test_41.sv</a>
time_elapsed: 0.005s
</pre>
<pre>

../..<a href="../../../../tests/generic/class/class_test_41.sv.html#l-7" target="file-frame">tests/generic/class/class_test_41.sv:7</a>:1: error: language feature not yet supported
class macros_as_class_item;
^~~~~~~~~~~~~~~~~~~~~~~~~~~
../..<a href="../../../../tests/generic/class/class_test_41.sv.html#l-8" target="file-frame">tests/generic/class/class_test_41.sv:8</a>:2: error: unknown macro or compiler directive &#39;`uvm_object_utils&#39;
 `uvm_object_utils(stress_seq)
 ^
../..<a href="../../../../tests/generic/class/class_test_41.sv.html#l-9" target="file-frame">tests/generic/class/class_test_41.sv:9</a>:2: error: unknown macro or compiler directive &#39;`uvm_object_registry&#39;
 `uvm_object_registry(myclass, &#34;class_name&#34;)
 ^
../..<a href="../../../../tests/generic/class/class_test_41.sv.html#l-10" target="file-frame">tests/generic/class/class_test_41.sv:10</a>:2: error: unknown macro or compiler directive &#39;`uvm_sweets&#39;
 `uvm_sweets(dessert)
 ^
../..<a href="../../../../tests/generic/class/class_test_41.sv.html#l-11" target="file-frame">tests/generic/class/class_test_41.sv:11</a>:2: error: unknown macro or compiler directive &#39;`non_uvm_macro&#39;
 `non_uvm_macro(apple, `banana, &#34;cherry&#34;)
 ^

</pre>
</body>