<head>
  <style>
    .log { font-family: "Courier New", Consolas, monospace; font-size: 80%; }
    .test-failed { background-color: #ffaaaa; }
    .test-passed { background-color: #aaffaa; }
  </style>
</head>
<body>
<h3><a href="http://iverilog.icarus.com/" target="_blank">icarus</a></h3>
<pre class="test-failed">
description: parallel block labels check
should_fail: 0
tags: 9.3.5
incdirs: /home/travis/build/SymbiFlow/sv-tests/tests/chapter-9
top_module: 
files: <a href="../../../tests/chapter-9/9.3.5--statement_labels_par.sv.html" target="file-frame">tests/chapter-9/9.3.5--statement_labels_par.sv</a>
time_elapsed: 0.012s
</pre>
<pre class="log">

<a href="../../../tests/chapter-9/9.3.5--statement_labels_par.sv.html#l-12" target="file-frame">tests/chapter-9/9.3.5--statement_labels_par.sv:12</a>: syntax error
<a href="../../../tests/chapter-9/9.3.5--statement_labels_par.sv.html#l-13" target="file-frame">tests/chapter-9/9.3.5--statement_labels_par.sv:13</a>: Syntax in assignment statement l-value.
<a href="../../../tests/chapter-9/9.3.5--statement_labels_par.sv.html#l-14" target="file-frame">tests/chapter-9/9.3.5--statement_labels_par.sv:14</a>: syntax error
<a href="../../../tests/chapter-9/9.3.5--statement_labels_par.sv.html#l-14" target="file-frame">tests/chapter-9/9.3.5--statement_labels_par.sv:14</a>: error: Invalid module instantiation
<a href="../../../tests/chapter-9/9.3.5--statement_labels_par.sv.html#l-15" target="file-frame">tests/chapter-9/9.3.5--statement_labels_par.sv:15</a>: error: Invalid module instantiation
I give up.

</pre>
</body>