<head>
  <style>
    .log { font-family: "Courier New", Consolas, monospace; font-size: 80%; }
    .test-failed { background-color: #ffaaaa; }
    .test-passed { background-color: #aaffaa; }
  </style>
</head>
<body>
<h3><a href="http://iverilog.icarus.com/" target="_blank">icarus</a></h3>
<pre class="test-failed">
description: sequence event test
should_fail: 0
tags: 9.4.2.4
incdirs: /home/travis/build/SymbiFlow/sv-tests/tests/chapter-9
top_module: 
files: <a href="../../../tests/chapter-9/9.4.2.4--event_sequence.sv.html" target="file-frame">tests/chapter-9/9.4.2.4--event_sequence.sv</a>
time_elapsed: 0.011s
</pre>
<pre class="log">

<a href="../../../tests/chapter-9/9.4.2.4--event_sequence.sv.html#l-14" target="file-frame">tests/chapter-9/9.4.2.4--event_sequence.sv:14</a>: syntax error
<a href="../../../tests/chapter-9/9.4.2.4--event_sequence.sv.html#l-14" target="file-frame">tests/chapter-9/9.4.2.4--event_sequence.sv:14</a>: error: invalid module item.
<a href="../../../tests/chapter-9/9.4.2.4--event_sequence.sv.html#l-15" target="file-frame">tests/chapter-9/9.4.2.4--event_sequence.sv:15</a>: syntax error
<a href="../../../tests/chapter-9/9.4.2.4--event_sequence.sv.html#l-15" target="file-frame">tests/chapter-9/9.4.2.4--event_sequence.sv:15</a>: error: invalid module item.
<a href="../../../tests/chapter-9/9.4.2.4--event_sequence.sv.html#l-16" target="file-frame">tests/chapter-9/9.4.2.4--event_sequence.sv:16</a>: syntax error
<a href="../../../tests/chapter-9/9.4.2.4--event_sequence.sv.html#l-21" target="file-frame">tests/chapter-9/9.4.2.4--event_sequence.sv:21</a>: error: invalid module item.
<a href="../../../tests/chapter-9/9.4.2.4--event_sequence.sv.html#l-22" target="file-frame">tests/chapter-9/9.4.2.4--event_sequence.sv:22</a>: syntax error
<a href="../../../tests/chapter-9/9.4.2.4--event_sequence.sv.html#l-22" target="file-frame">tests/chapter-9/9.4.2.4--event_sequence.sv:22</a>: error: invalid module item.
<a href="../../../tests/chapter-9/9.4.2.4--event_sequence.sv.html#l-23" target="file-frame">tests/chapter-9/9.4.2.4--event_sequence.sv:23</a>: syntax error
<a href="../../../tests/chapter-9/9.4.2.4--event_sequence.sv.html#l-25" target="file-frame">tests/chapter-9/9.4.2.4--event_sequence.sv:25</a>: error: invalid module item.
<a href="../../../tests/chapter-9/9.4.2.4--event_sequence.sv.html#l-26" target="file-frame">tests/chapter-9/9.4.2.4--event_sequence.sv:26</a>: syntax error
<a href="../../../tests/chapter-9/9.4.2.4--event_sequence.sv.html#l-26" target="file-frame">tests/chapter-9/9.4.2.4--event_sequence.sv:26</a>: error: invalid module item.
<a href="../../../tests/chapter-9/9.4.2.4--event_sequence.sv.html#l-27" target="file-frame">tests/chapter-9/9.4.2.4--event_sequence.sv:27</a>: syntax error
<a href="../../../tests/chapter-9/9.4.2.4--event_sequence.sv.html#l-27" target="file-frame">tests/chapter-9/9.4.2.4--event_sequence.sv:27</a>: error: invalid module item.
<a href="../../../tests/chapter-9/9.4.2.4--event_sequence.sv.html#l-28" target="file-frame">tests/chapter-9/9.4.2.4--event_sequence.sv:28</a>: syntax error
<a href="../../../tests/chapter-9/9.4.2.4--event_sequence.sv.html#l-28" target="file-frame">tests/chapter-9/9.4.2.4--event_sequence.sv:28</a>: error: Invalid module instantiation
<a href="../../../tests/chapter-9/9.4.2.4--event_sequence.sv.html#l-29" target="file-frame">tests/chapter-9/9.4.2.4--event_sequence.sv:29</a>: error: invalid module item.
<a href="../../../tests/chapter-9/9.4.2.4--event_sequence.sv.html#l-30" target="file-frame">tests/chapter-9/9.4.2.4--event_sequence.sv:30</a>: syntax error
<a href="../../../tests/chapter-9/9.4.2.4--event_sequence.sv.html#l-30" target="file-frame">tests/chapter-9/9.4.2.4--event_sequence.sv:30</a>: error: invalid module item.
<a href="../../../tests/chapter-9/9.4.2.4--event_sequence.sv.html#l-31" target="file-frame">tests/chapter-9/9.4.2.4--event_sequence.sv:31</a>: syntax error
<a href="../../../tests/chapter-9/9.4.2.4--event_sequence.sv.html#l-31" target="file-frame">tests/chapter-9/9.4.2.4--event_sequence.sv:31</a>: error: Invalid module instantiation
<a href="../../../tests/chapter-9/9.4.2.4--event_sequence.sv.html#l-32" target="file-frame">tests/chapter-9/9.4.2.4--event_sequence.sv:32</a>: error: invalid module item.
<a href="../../../tests/chapter-9/9.4.2.4--event_sequence.sv.html#l-33" target="file-frame">tests/chapter-9/9.4.2.4--event_sequence.sv:33</a>: syntax error
<a href="../../../tests/chapter-9/9.4.2.4--event_sequence.sv.html#l-33" target="file-frame">tests/chapter-9/9.4.2.4--event_sequence.sv:33</a>: error: invalid module item.
<a href="../../../tests/chapter-9/9.4.2.4--event_sequence.sv.html#l-34" target="file-frame">tests/chapter-9/9.4.2.4--event_sequence.sv:34</a>: syntax error
I give up.

</pre>
</body>