<head>
  <style>
    .log { font-family: "Courier New", Consolas, monospace; font-size: 80%; }
    .test-failed { background-color: #ffaaaa; }
    .test-passed { background-color: #aaffaa; }
  </style>
</head>
<body>
<h3><a href="https://github.com/MikePopoloski/slang" target="_blank">slang</a></h3>
<pre class="test-failed">
description: type operator tests
should_fail: 0
tags: 6.23
incdirs: /home/travis/build/SymbiFlow/sv-tests/tests/chapter-6
top_module: 
files: <a href="../../../tests/chapter-6/6.23--type_op.sv.html" target="file-frame">tests/chapter-6/6.23--type_op.sv</a>
time_elapsed: 0.004s
</pre>
<pre class="log">
user_time: 0.003587
system_time: 0.0
ram_usage: 9584

../..<a href="../../../tests/chapter-6/6.23--type_op.sv.html#l-10" target="file-frame">tests/chapter-6/6.23--type_op.sv:10</a>:10: error: expected member
	var type(a+b) c;
	        ^
../..<a href="../../../tests/chapter-6/6.23--type_op.sv.html#l-10" target="file-frame">tests/chapter-6/6.23--type_op.sv:10</a>:10: error: expected declarator
	var type(a+b) c;
	        ^

</pre>
</body>