<head>
  <style>
    .test-failed { background-color: #ffaaaa; }
    .test-passed { background-color: #aaffaa; }
  </style>
</head>
<body>
<h3><a href="http://iverilog.icarus.com/" target="_blank">icarus</a></h3>
<pre class="test-failed">
description: Tests imported from yosys
should_fail: 0
tags: yosys
incdirs: /home/travis/build/SymbiFlow/sv-tests/third_party/tools/yosys/tests/sva
top_module: 
files: <a href="../../../../third_party/tools/yosys/tests/sva/sva_throughout.sv.html" target="file-frame">third_party/tools/yosys/tests/sva/sva_throughout.sv</a>
time_elapsed: 0.015s
</pre>
<pre>

<a href="../../../../third_party/tools/yosys/tests/sva/sva_throughout.sv.html#l-5" target="file-frame">third_party/tools/yosys/tests/sva/sva_throughout.sv:5</a>: syntax error
<a href="../../../../third_party/tools/yosys/tests/sva/sva_throughout.sv.html#l-5" target="file-frame">third_party/tools/yosys/tests/sva/sva_throughout.sv:5</a>: error: invalid module item.
<a href="../../../../third_party/tools/yosys/tests/sva/sva_throughout.sv.html#l-5" target="file-frame">third_party/tools/yosys/tests/sva/sva_throughout.sv:5</a>: syntax error
<a href="../../../../third_party/tools/yosys/tests/sva/sva_throughout.sv.html#l-9" target="file-frame">third_party/tools/yosys/tests/sva/sva_throughout.sv:9</a>: error: invalid module item.
<a href="../../../../third_party/tools/yosys/tests/sva/sva_throughout.sv.html#l-13" target="file-frame">third_party/tools/yosys/tests/sva/sva_throughout.sv:13</a>: syntax error
<a href="../../../../third_party/tools/yosys/tests/sva/sva_throughout.sv.html#l-12" target="file-frame">third_party/tools/yosys/tests/sva/sva_throughout.sv:12</a>: error: Error in property_spec of concurrent assertion item.
<a href="../../../../third_party/tools/yosys/tests/sva/sva_throughout.sv.html#l-16" target="file-frame">third_party/tools/yosys/tests/sva/sva_throughout.sv:16</a>: syntax error
<a href="../../../../third_party/tools/yosys/tests/sva/sva_throughout.sv.html#l-15" target="file-frame">third_party/tools/yosys/tests/sva/sva_throughout.sv:15</a>: error: Error in property_spec of concurrent assertion item.

</pre>
</body>