<head>
  <style>
    .log { font-family: "Courier New", Consolas, monospace; font-size: 80%; }
    .test-failed { background-color: #ffaaaa; }
    .test-passed { background-color: #aaffaa; }
  </style>
</head>
<body>
<h3><a href="http://iverilog.icarus.com/" target="_blank">icarus</a></h3>
<pre class="test-failed">
description: Tests imported from yosys
should_fail: 0
tags: yosys
incdirs: /home/travis/build/SymbiFlow/sv-tests/third_party/tools/yosys/tests/sva
top_module: 
files: <a href="../../../../third_party/tools/yosys/tests/sva/counter.sv.html" target="file-frame">third_party/tools/yosys/tests/sva/counter.sv</a>
time_elapsed: 0.011s
</pre>
<pre class="log">

<a href="../../../../third_party/tools/yosys/tests/sva/counter.sv.html#l-11" target="file-frame">third_party/tools/yosys/tests/sva/counter.sv:11</a>: syntax error
<a href="../../../../third_party/tools/yosys/tests/sva/counter.sv.html#l-11" target="file-frame">third_party/tools/yosys/tests/sva/counter.sv:11</a>: error: invalid module item.
<a href="../../../../third_party/tools/yosys/tests/sva/counter.sv.html#l-11" target="file-frame">third_party/tools/yosys/tests/sva/counter.sv:11</a>: syntax error
<a href="../../../../third_party/tools/yosys/tests/sva/counter.sv.html#l-12" target="file-frame">third_party/tools/yosys/tests/sva/counter.sv:12</a>: error: invalid module item.
<a href="../../../../third_party/tools/yosys/tests/sva/counter.sv.html#l-14" target="file-frame">third_party/tools/yosys/tests/sva/counter.sv:14</a>: syntax error
<a href="../../../../third_party/tools/yosys/tests/sva/counter.sv.html#l-14" target="file-frame">third_party/tools/yosys/tests/sva/counter.sv:14</a>: error: malformed statement
<a href="../../../../third_party/tools/yosys/tests/sva/counter.sv.html#l-14" target="file-frame">third_party/tools/yosys/tests/sva/counter.sv:14</a>: error: Error in property_spec of concurrent assertion item.
<a href="../../../../third_party/tools/yosys/tests/sva/counter.sv.html#l-15" target="file-frame">third_party/tools/yosys/tests/sva/counter.sv:15</a>: syntax error
<a href="../../../../third_party/tools/yosys/tests/sva/counter.sv.html#l-15" target="file-frame">third_party/tools/yosys/tests/sva/counter.sv:15</a>: error: malformed statement
<a href="../../../../third_party/tools/yosys/tests/sva/counter.sv.html#l-15" target="file-frame">third_party/tools/yosys/tests/sva/counter.sv:15</a>: error: Error in property_spec of concurrent assertion item.
<a href="../../../../third_party/tools/yosys/tests/sva/counter.sv.html#l-16" target="file-frame">third_party/tools/yosys/tests/sva/counter.sv:16</a>: syntax error
<a href="../../../../third_party/tools/yosys/tests/sva/counter.sv.html#l-16" target="file-frame">third_party/tools/yosys/tests/sva/counter.sv:16</a>: error: malformed statement
<a href="../../../../third_party/tools/yosys/tests/sva/counter.sv.html#l-16" target="file-frame">third_party/tools/yosys/tests/sva/counter.sv:16</a>: error: Error in property_spec of concurrent assertion item.
<a href="../../../../third_party/tools/yosys/tests/sva/counter.sv.html#l-19" target="file-frame">third_party/tools/yosys/tests/sva/counter.sv:19</a>: syntax error
<a href="../../../../third_party/tools/yosys/tests/sva/counter.sv.html#l-19" target="file-frame">third_party/tools/yosys/tests/sva/counter.sv:19</a>: error: Error in property_spec of concurrent assertion item.
<a href="../../../../third_party/tools/yosys/tests/sva/counter.sv.html#l-21" target="file-frame">third_party/tools/yosys/tests/sva/counter.sv:21</a>: syntax error
<a href="../../../../third_party/tools/yosys/tests/sva/counter.sv.html#l-21" target="file-frame">third_party/tools/yosys/tests/sva/counter.sv:21</a>: error: malformed statement
<a href="../../../../third_party/tools/yosys/tests/sva/counter.sv.html#l-21" target="file-frame">third_party/tools/yosys/tests/sva/counter.sv:21</a>: error: Error in property_spec of concurrent assertion item.
<a href="../../../../third_party/tools/yosys/tests/sva/counter.sv.html#l-22" target="file-frame">third_party/tools/yosys/tests/sva/counter.sv:22</a>: syntax error
<a href="../../../../third_party/tools/yosys/tests/sva/counter.sv.html#l-22" target="file-frame">third_party/tools/yosys/tests/sva/counter.sv:22</a>: error: malformed statement
<a href="../../../../third_party/tools/yosys/tests/sva/counter.sv.html#l-22" target="file-frame">third_party/tools/yosys/tests/sva/counter.sv:22</a>: error: Error in property_spec of concurrent assertion item.
<a href="../../../../third_party/tools/yosys/tests/sva/counter.sv.html#l-24" target="file-frame">third_party/tools/yosys/tests/sva/counter.sv:24</a>: syntax error
<a href="../../../../third_party/tools/yosys/tests/sva/counter.sv.html#l-24" target="file-frame">third_party/tools/yosys/tests/sva/counter.sv:24</a>: error: invalid module item.
<a href="../../../../third_party/tools/yosys/tests/sva/counter.sv.html#l-25" target="file-frame">third_party/tools/yosys/tests/sva/counter.sv:25</a>: syntax error
<a href="../../../../third_party/tools/yosys/tests/sva/counter.sv.html#l-25" target="file-frame">third_party/tools/yosys/tests/sva/counter.sv:25</a>: error: Invalid module instantiation
<a href="../../../../third_party/tools/yosys/tests/sva/counter.sv.html#l-28" target="file-frame">third_party/tools/yosys/tests/sva/counter.sv:28</a>: error: invalid module item.
<a href="../../../../third_party/tools/yosys/tests/sva/counter.sv.html#l-29" target="file-frame">third_party/tools/yosys/tests/sva/counter.sv:29</a>: sorry: concurrent_assertion_item not supported. Try -gno-assertions or -gsupported-assertions to turn this message off.

</pre>
</body>