<head>
  <style>
    .log { font-family: "Courier New", Consolas, monospace; font-size: 80%; }
    .test-failed { background-color: #ffaaaa; }
    .test-passed { background-color: #aaffaa; }
  </style>
</head>
<body>
<h3><a href="https://github.com/tree-sitter/tree-sitter-verilog" target="_blank">tree-sitter-verilog</a></h3>
<pre class="test-failed">
description: Tests imported from yosys
should_fail: 0
tags: yosys
incdirs: /home/travis/build/SymbiFlow/sv-tests/tests/generated/yosys_hana
top_module: 
type: parsing
mode: parsing
files: <a href="../../../../third_party/tools/yosys/tests/hana/test_parser.v.html" target="file-frame">third_party/tools/yosys/tests/hana/test_parser.v</a> <a href="../../../../third_party/tools/yosys/tests/hana/hana_vlib.v.html" target="file-frame">third_party/tools/yosys/tests/hana/hana_vlib.v</a>
time_elapsed: 0.124s
ram usage: 39852 KB
</pre>
<pre class="log">

<a href="../../../../third_party/tools/yosys/tests/hana/test_parser.v.html#l-32" target="file-frame">third_party/tools/yosys/tests/hana/test_parser.v:32</a>:0: error: node type: ERROR
<a href="../../../../third_party/tools/yosys/tests/hana/test_parser.v.html#l-32" target="file-frame">third_party/tools/yosys/tests/hana/test_parser.v:32</a>:18: error: node type: simple_identifier
<a href="../../../../third_party/tools/yosys/tests/hana/test_parser.v.html#l-39" target="file-frame">third_party/tools/yosys/tests/hana/test_parser.v:39</a>:0: error: node type: ERROR
<a href="../../../../third_party/tools/yosys/tests/hana/test_parser.v.html#l-39" target="file-frame">third_party/tools/yosys/tests/hana/test_parser.v:39</a>:42: error: node type: ERROR
<a href="../../../../third_party/tools/yosys/tests/hana/test_parser.v.html#l-51" target="file-frame">third_party/tools/yosys/tests/hana/test_parser.v:51</a>:0: error: node type: ERROR
<a href="../../../../third_party/tools/yosys/tests/hana/test_parser.v.html#l-51" target="file-frame">third_party/tools/yosys/tests/hana/test_parser.v:51</a>:47: error: node type: ERROR
<a href="../../../../third_party/tools/yosys/tests/hana/test_parser.v.html#l-60" target="file-frame">third_party/tools/yosys/tests/hana/test_parser.v:60</a>:0: error: node type: ERROR
<a href="../../../../third_party/tools/yosys/tests/hana/test_parser.v.html#l-60" target="file-frame">third_party/tools/yosys/tests/hana/test_parser.v:60</a>:41: error: node type: ERROR
<a href="../../../../third_party/tools/yosys/tests/hana/test_parser.v.html#l-66" target="file-frame">third_party/tools/yosys/tests/hana/test_parser.v:66</a>:7: error: node type: ERROR
<a href="../../../../third_party/tools/yosys/tests/hana/test_parser.v.html#l-66" target="file-frame">third_party/tools/yosys/tests/hana/test_parser.v:66</a>:18: error: node type: ERROR
<a href="../../../../third_party/tools/yosys/tests/hana/test_parser.v.html#l-70" target="file-frame">third_party/tools/yosys/tests/hana/test_parser.v:70</a>:0: error: node type: ERROR
<a href="../../../../third_party/tools/yosys/tests/hana/test_parser.v.html#l-70" target="file-frame">third_party/tools/yosys/tests/hana/test_parser.v:70</a>:34: error: node type: ERROR
<a href="../../../../third_party/tools/yosys/tests/hana/test_parser.v.html#l-71" target="file-frame">third_party/tools/yosys/tests/hana/test_parser.v:71</a>:19: error: node type: ERROR
<a href="../../../../third_party/tools/yosys/tests/hana/test_parser.v.html#l-72" target="file-frame">third_party/tools/yosys/tests/hana/test_parser.v:72</a>:14: error: node type: ERROR
<a href="../../../../third_party/tools/yosys/tests/hana/test_parser.v.html#l-73" target="file-frame">third_party/tools/yosys/tests/hana/test_parser.v:73</a>:18: error: node type: ERROR
<a href="../../../../third_party/tools/yosys/tests/hana/test_parser.v.html#l-74" target="file-frame">third_party/tools/yosys/tests/hana/test_parser.v:74</a>:14: error: node type: ERROR
<a href="../../../../third_party/tools/yosys/tests/hana/test_parser.v.html#l-78" target="file-frame">third_party/tools/yosys/tests/hana/test_parser.v:78</a>:0: error: node type: ERROR
<a href="../../../../third_party/tools/yosys/tests/hana/test_parser.v.html#l-78" target="file-frame">third_party/tools/yosys/tests/hana/test_parser.v:78</a>:31: error: node type: ERROR
<a href="../../../../third_party/tools/yosys/tests/hana/test_parser.v.html#l-79" target="file-frame">third_party/tools/yosys/tests/hana/test_parser.v:79</a>:11: error: node type: ERROR
<a href="../../../../third_party/tools/yosys/tests/hana/test_parser.v.html#l-82" target="file-frame">third_party/tools/yosys/tests/hana/test_parser.v:82</a>:7: error: node type: ERROR
<a href="../../../../third_party/tools/yosys/tests/hana/test_parser.v.html#l-82" target="file-frame">third_party/tools/yosys/tests/hana/test_parser.v:82</a>:31: error: node type: ERROR
<a href="../../../../third_party/tools/yosys/tests/hana/test_parser.v.html#l-84" target="file-frame">third_party/tools/yosys/tests/hana/test_parser.v:84</a>:8: error: node type: ERROR
<a href="../../../../third_party/tools/yosys/tests/hana/test_parser.v.html#l-86" target="file-frame">third_party/tools/yosys/tests/hana/test_parser.v:86</a>:0: error: node type: ERROR

</pre>
</body>