<head>
  <style>
    .log { font-family: "Courier New", Consolas, monospace; font-size: 80%; }
    .test-failed { background-color: #ffaaaa; }
    .test-passed { background-color: #aaffaa; }
  </style>
</head>
<body>
<h3><a href="http://iverilog.icarus.com/" target="_blank">icarus</a></h3>
<pre class="test-failed">
description: Tests imported from hdlconv
should_fail: 0
tags: hdlconv
incdirs: /home/travis/build/SymbiFlow/sv-tests/third_party/tests/hdlconvertor/tests/sv_test/std2012
top_module: 
type: parsing
mode: parsing
files: <a href="../../../../third_party/tests/hdlconvertor/tests/sv_test/std2012/p77.sv.html" target="file-frame">third_party/tests/hdlconvertor/tests/sv_test/std2012/p77.sv</a>
time_elapsed: 0.010s
ram usage: 9664 KB
</pre>
<pre class="log">

<a href="../../../../third_party/tests/hdlconvertor/tests/sv_test/std2012/p77.sv.html#l-1" target="file-frame">third_party/tests/hdlconvertor/tests/sv_test/std2012/p77.sv:1</a>: sorry: Enum forward declarations not supported yet.
<a href="../../../../third_party/tests/hdlconvertor/tests/sv_test/std2012/p77.sv.html#l-2" target="file-frame">third_party/tests/hdlconvertor/tests/sv_test/std2012/p77.sv:2</a>: sorry: Struct forward declarations not supported yet.
<a href="../../../../third_party/tests/hdlconvertor/tests/sv_test/std2012/p77.sv.html#l-3" target="file-frame">third_party/tests/hdlconvertor/tests/sv_test/std2012/p77.sv:3</a>: sorry: Union forward declarations not supported yet.
<a href="../../../../third_party/tests/hdlconvertor/tests/sv_test/std2012/p77.sv.html#l-5" target="file-frame">third_party/tests/hdlconvertor/tests/sv_test/std2012/p77.sv:5</a>: syntax error
<a href="../../../../third_party/tests/hdlconvertor/tests/sv_test/std2012/p77.sv.html#l-5" target="file-frame">third_party/tests/hdlconvertor/tests/sv_test/std2012/p77.sv:5</a>: error: Syntax error in typedef clause.
<a href="../../../../third_party/tests/hdlconvertor/tests/sv_test/std2012/p77.sv.html#l-6" target="file-frame">third_party/tests/hdlconvertor/tests/sv_test/std2012/p77.sv:6</a>: syntax error
<a href="../../../../third_party/tests/hdlconvertor/tests/sv_test/std2012/p77.sv.html#l-6" target="file-frame">third_party/tests/hdlconvertor/tests/sv_test/std2012/p77.sv:6</a>: error: Syntax error in typedef clause.

</pre>
</body>