<head>
  <style>
    .log { font-family: "Courier New", Consolas, monospace; font-size: 80%; }
    .test-failed { background-color: #ffaaaa; }
    .test-passed { background-color: #aaffaa; }
  </style>
</head>
<body>
<h3><a href="http://iverilog.icarus.com/" target="_blank">icarus</a></h3>
<pre class="test-failed">
description: Tests imported from hdlconv
should_fail: 0
tags: hdlconv
incdirs: /home/travis/build/SymbiFlow/sv-tests/third_party/tests/hdlconvertor/tests/sv_test/std2017
top_module: 
files: <a href="../../../../third_party/tests/hdlconvertor/tests/sv_test/std2017/p825.sv.html" target="file-frame">third_party/tests/hdlconvertor/tests/sv_test/std2017/p825.sv</a>
time_elapsed: 0.013s
</pre>
<pre class="log">

<a href="../../../../third_party/tests/hdlconvertor/tests/sv_test/std2017/p825.sv.html#l-18" target="file-frame">third_party/tests/hdlconvertor/tests/sv_test/std2017/p825.sv:18</a>: warning: choosing typ expression.
<a href="../../../../third_party/tests/hdlconvertor/tests/sv_test/std2017/p825.sv.html#l-18" target="file-frame">third_party/tests/hdlconvertor/tests/sv_test/std2017/p825.sv:18</a>: warning: choosing typ expression.
<a href="../../../../third_party/tests/hdlconvertor/tests/sv_test/std2017/p825.sv.html#l-18" target="file-frame">third_party/tests/hdlconvertor/tests/sv_test/std2017/p825.sv:18</a>: warning: choosing typ expression.
<a href="../../../../third_party/tests/hdlconvertor/tests/sv_test/std2017/p825.sv.html#l-20" target="file-frame">third_party/tests/hdlconvertor/tests/sv_test/std2017/p825.sv:20</a>: warning: choosing typ expression.
<a href="../../../../third_party/tests/hdlconvertor/tests/sv_test/std2017/p825.sv.html#l-20" target="file-frame">third_party/tests/hdlconvertor/tests/sv_test/std2017/p825.sv:20</a>: warning: choosing typ expression.
<a href="../../../../third_party/tests/hdlconvertor/tests/sv_test/std2017/p825.sv.html#l-20" target="file-frame">third_party/tests/hdlconvertor/tests/sv_test/std2017/p825.sv:20</a>: warning: choosing typ expression.
<a href="../../../../third_party/tests/hdlconvertor/tests/sv_test/std2017/p825.sv.html#l-16" target="file-frame">third_party/tests/hdlconvertor/tests/sv_test/std2017/p825.sv:16</a>: error: Port io1 (1) of module iobuf has no direction declaration.
<a href="../../../../third_party/tests/hdlconvertor/tests/sv_test/std2017/p825.sv.html#l-16" target="file-frame">third_party/tests/hdlconvertor/tests/sv_test/std2017/p825.sv:16</a>: error: Port io2 (2) of module iobuf has no direction declaration.
<a href="../../../../third_party/tests/hdlconvertor/tests/sv_test/std2017/p825.sv.html#l-16" target="file-frame">third_party/tests/hdlconvertor/tests/sv_test/std2017/p825.sv:16</a>: error: Port dir (3) of module iobuf has no direction declaration.
<a href="../../../../third_party/tests/hdlconvertor/tests/sv_test/std2017/p825.sv.html#l-16" target="file-frame">third_party/tests/hdlconvertor/tests/sv_test/std2017/p825.sv:16</a>: error: signal io1 in module iobuf is not a port.
<a href="../../../../third_party/tests/hdlconvertor/tests/sv_test/std2017/p825.sv.html#l-16" target="file-frame">third_party/tests/hdlconvertor/tests/sv_test/std2017/p825.sv:16</a>:      : Are you missing an input/output/inout declaration?
<a href="../../../../third_party/tests/hdlconvertor/tests/sv_test/std2017/p825.sv.html#l-16" target="file-frame">third_party/tests/hdlconvertor/tests/sv_test/std2017/p825.sv:16</a>: error: signal io2 in module iobuf is not a port.
<a href="../../../../third_party/tests/hdlconvertor/tests/sv_test/std2017/p825.sv.html#l-16" target="file-frame">third_party/tests/hdlconvertor/tests/sv_test/std2017/p825.sv:16</a>:      : Are you missing an input/output/inout declaration?
<a href="../../../../third_party/tests/hdlconvertor/tests/sv_test/std2017/p825.sv.html#l-16" target="file-frame">third_party/tests/hdlconvertor/tests/sv_test/std2017/p825.sv:16</a>: error: signal dir in module iobuf is not a port.
<a href="../../../../third_party/tests/hdlconvertor/tests/sv_test/std2017/p825.sv.html#l-16" target="file-frame">third_party/tests/hdlconvertor/tests/sv_test/std2017/p825.sv:16</a>:      : Are you missing an input/output/inout declaration?
6 error(s) during elaboration.

</pre>
</body>