<head>
  <style>
    .log { font-family: "Courier New", Consolas, monospace; font-size: 80%; }
    .test-failed { background-color: #ffaaaa; }
    .test-passed { background-color: #aaffaa; }
  </style>
</head>
<body>
<h3><a href="http://iverilog.icarus.com/" target="_blank">icarus</a></h3>
<pre class="test-failed">
description: Tests imported from hdlconv
should_fail: 0
tags: hdlconv
incdirs: /home/travis/build/SymbiFlow/sv-tests/third_party/tests/hdlconvertor/tests/sv_test/std2017
top_module: 
type: parsing
mode: parsing
files: <a href="../../../../third_party/tests/hdlconvertor/tests/sv_test/std2017/p295.sv.html" target="file-frame">third_party/tests/hdlconvertor/tests/sv_test/std2017/p295.sv</a>
time_elapsed: 0.009s
ram usage: 9648 KB
</pre>
<pre class="log">

<a href="../../../../third_party/tests/hdlconvertor/tests/sv_test/std2017/p295.sv.html#l-3" target="file-frame">third_party/tests/hdlconvertor/tests/sv_test/std2017/p295.sv:3</a>: syntax error
<a href="../../../../third_party/tests/hdlconvertor/tests/sv_test/std2017/p295.sv.html#l-3" target="file-frame">third_party/tests/hdlconvertor/tests/sv_test/std2017/p295.sv:3</a>: error: invalid module item.
<a href="../../../../third_party/tests/hdlconvertor/tests/sv_test/std2017/p295.sv.html#l-4" target="file-frame">third_party/tests/hdlconvertor/tests/sv_test/std2017/p295.sv:4</a>: syntax error
<a href="../../../../third_party/tests/hdlconvertor/tests/sv_test/std2017/p295.sv.html#l-4" target="file-frame">third_party/tests/hdlconvertor/tests/sv_test/std2017/p295.sv:4</a>: error: invalid module item.
<a href="../../../../third_party/tests/hdlconvertor/tests/sv_test/std2017/p295.sv.html#l-5" target="file-frame">third_party/tests/hdlconvertor/tests/sv_test/std2017/p295.sv:5</a>: syntax error
<a href="../../../../third_party/tests/hdlconvertor/tests/sv_test/std2017/p295.sv.html#l-5" target="file-frame">third_party/tests/hdlconvertor/tests/sv_test/std2017/p295.sv:5</a>: error: syntax error in parameter value assignment list.
<a href="../../../../third_party/tests/hdlconvertor/tests/sv_test/std2017/p295.sv.html#l-5" target="file-frame">third_party/tests/hdlconvertor/tests/sv_test/std2017/p295.sv:5</a>: error: Invalid module instantiation
<a href="../../../../third_party/tests/hdlconvertor/tests/sv_test/std2017/p295.sv.html#l-9" target="file-frame">third_party/tests/hdlconvertor/tests/sv_test/std2017/p295.sv:9</a>: error: invalid module item.
<a href="../../../../third_party/tests/hdlconvertor/tests/sv_test/std2017/p295.sv.html#l-10" target="file-frame">third_party/tests/hdlconvertor/tests/sv_test/std2017/p295.sv:10</a>: error: &#39;a&#39; has already been declared in this scope.
<a href="../../../../third_party/tests/hdlconvertor/tests/sv_test/std2017/p295.sv.html#l-2" target="file-frame">third_party/tests/hdlconvertor/tests/sv_test/std2017/p295.sv:2</a>:      : It was declared here as a variable.
<a href="../../../../third_party/tests/hdlconvertor/tests/sv_test/std2017/p295.sv.html#l-10" target="file-frame">third_party/tests/hdlconvertor/tests/sv_test/std2017/p295.sv:10</a>: error: &#39;b&#39; has already been declared in this scope.
<a href="../../../../third_party/tests/hdlconvertor/tests/sv_test/std2017/p295.sv.html#l-2" target="file-frame">third_party/tests/hdlconvertor/tests/sv_test/std2017/p295.sv:2</a>:      : It was declared here as a variable.
<a href="../../../../third_party/tests/hdlconvertor/tests/sv_test/std2017/p295.sv.html#l-12" target="file-frame">third_party/tests/hdlconvertor/tests/sv_test/std2017/p295.sv:12</a>: syntax error
<a href="../../../../third_party/tests/hdlconvertor/tests/sv_test/std2017/p295.sv.html#l-12" target="file-frame">third_party/tests/hdlconvertor/tests/sv_test/std2017/p295.sv:12</a>: error: invalid module item.
<a href="../../../../third_party/tests/hdlconvertor/tests/sv_test/std2017/p295.sv.html#l-13" target="file-frame">third_party/tests/hdlconvertor/tests/sv_test/std2017/p295.sv:13</a>: syntax error
<a href="../../../../third_party/tests/hdlconvertor/tests/sv_test/std2017/p295.sv.html#l-13" target="file-frame">third_party/tests/hdlconvertor/tests/sv_test/std2017/p295.sv:13</a>: error: invalid module item.
<a href="../../../../third_party/tests/hdlconvertor/tests/sv_test/std2017/p295.sv.html#l-14" target="file-frame">third_party/tests/hdlconvertor/tests/sv_test/std2017/p295.sv:14</a>: syntax error
<a href="../../../../third_party/tests/hdlconvertor/tests/sv_test/std2017/p295.sv.html#l-17" target="file-frame">third_party/tests/hdlconvertor/tests/sv_test/std2017/p295.sv:17</a>: error: invalid module item.
<a href="../../../../third_party/tests/hdlconvertor/tests/sv_test/std2017/p295.sv.html#l-18" target="file-frame">third_party/tests/hdlconvertor/tests/sv_test/std2017/p295.sv:18</a>: error: &#39;a&#39; has already been declared in this scope.
<a href="../../../../third_party/tests/hdlconvertor/tests/sv_test/std2017/p295.sv.html#l-2" target="file-frame">third_party/tests/hdlconvertor/tests/sv_test/std2017/p295.sv:2</a>:      : It was declared here as a variable.
<a href="../../../../third_party/tests/hdlconvertor/tests/sv_test/std2017/p295.sv.html#l-18" target="file-frame">third_party/tests/hdlconvertor/tests/sv_test/std2017/p295.sv:18</a>: error: &#39;b&#39; has already been declared in this scope.
<a href="../../../../third_party/tests/hdlconvertor/tests/sv_test/std2017/p295.sv.html#l-2" target="file-frame">third_party/tests/hdlconvertor/tests/sv_test/std2017/p295.sv:2</a>:      : It was declared here as a variable.
<a href="../../../../third_party/tests/hdlconvertor/tests/sv_test/std2017/p295.sv.html#l-23" target="file-frame">third_party/tests/hdlconvertor/tests/sv_test/std2017/p295.sv:23</a>: syntax error
<a href="../../../../third_party/tests/hdlconvertor/tests/sv_test/std2017/p295.sv.html#l-23" target="file-frame">third_party/tests/hdlconvertor/tests/sv_test/std2017/p295.sv:23</a>: error: invalid module item.
<a href="../../../../third_party/tests/hdlconvertor/tests/sv_test/std2017/p295.sv.html#l-23" target="file-frame">third_party/tests/hdlconvertor/tests/sv_test/std2017/p295.sv:23</a>: syntax error
<a href="../../../../third_party/tests/hdlconvertor/tests/sv_test/std2017/p295.sv.html#l-23" target="file-frame">third_party/tests/hdlconvertor/tests/sv_test/std2017/p295.sv:23</a>: error: Invalid module instantiation
<a href="../../../../third_party/tests/hdlconvertor/tests/sv_test/std2017/p295.sv.html#l-23" target="file-frame">third_party/tests/hdlconvertor/tests/sv_test/std2017/p295.sv:23</a>: error: Invalid module instantiation
<a href="../../../../third_party/tests/hdlconvertor/tests/sv_test/std2017/p295.sv.html#l-27" target="file-frame">third_party/tests/hdlconvertor/tests/sv_test/std2017/p295.sv:27</a>: syntax error
<a href="../../../../third_party/tests/hdlconvertor/tests/sv_test/std2017/p295.sv.html#l-32" target="file-frame">third_party/tests/hdlconvertor/tests/sv_test/std2017/p295.sv:32</a>: error: invalid module item.
<a href="../../../../third_party/tests/hdlconvertor/tests/sv_test/std2017/p295.sv.html#l-33" target="file-frame">third_party/tests/hdlconvertor/tests/sv_test/std2017/p295.sv:33</a>: error: &#39;a&#39; has already been declared in this scope.
<a href="../../../../third_party/tests/hdlconvertor/tests/sv_test/std2017/p295.sv.html#l-2" target="file-frame">third_party/tests/hdlconvertor/tests/sv_test/std2017/p295.sv:2</a>:      : It was declared here as a variable.
<a href="../../../../third_party/tests/hdlconvertor/tests/sv_test/std2017/p295.sv.html#l-33" target="file-frame">third_party/tests/hdlconvertor/tests/sv_test/std2017/p295.sv:33</a>: error: &#39;b&#39; has already been declared in this scope.
<a href="../../../../third_party/tests/hdlconvertor/tests/sv_test/std2017/p295.sv.html#l-2" target="file-frame">third_party/tests/hdlconvertor/tests/sv_test/std2017/p295.sv:2</a>:      : It was declared here as a variable.
<a href="../../../../third_party/tests/hdlconvertor/tests/sv_test/std2017/p295.sv.html#l-34" target="file-frame">third_party/tests/hdlconvertor/tests/sv_test/std2017/p295.sv:34</a>: error: &#39;c&#39; has already been declared in this scope.
<a href="../../../../third_party/tests/hdlconvertor/tests/sv_test/std2017/p295.sv.html#l-19" target="file-frame">third_party/tests/hdlconvertor/tests/sv_test/std2017/p295.sv:19</a>:      : It was declared here as a net.
<a href="../../../../third_party/tests/hdlconvertor/tests/sv_test/std2017/p295.sv.html#l-34" target="file-frame">third_party/tests/hdlconvertor/tests/sv_test/std2017/p295.sv:34</a>: error: &#39;d&#39; has already been declared in this scope.
<a href="../../../../third_party/tests/hdlconvertor/tests/sv_test/std2017/p295.sv.html#l-20" target="file-frame">third_party/tests/hdlconvertor/tests/sv_test/std2017/p295.sv:20</a>:      : It was declared here as a net.
<a href="../../../../third_party/tests/hdlconvertor/tests/sv_test/std2017/p295.sv.html#l-36" target="file-frame">third_party/tests/hdlconvertor/tests/sv_test/std2017/p295.sv:36</a>: syntax error
<a href="../../../../third_party/tests/hdlconvertor/tests/sv_test/std2017/p295.sv.html#l-36" target="file-frame">third_party/tests/hdlconvertor/tests/sv_test/std2017/p295.sv:36</a>: error: invalid module item.
<a href="../../../../third_party/tests/hdlconvertor/tests/sv_test/std2017/p295.sv.html#l-37" target="file-frame">third_party/tests/hdlconvertor/tests/sv_test/std2017/p295.sv:37</a>: syntax error
<a href="../../../../third_party/tests/hdlconvertor/tests/sv_test/std2017/p295.sv.html#l-37" target="file-frame">third_party/tests/hdlconvertor/tests/sv_test/std2017/p295.sv:37</a>: error: invalid module item.
<a href="../../../../third_party/tests/hdlconvertor/tests/sv_test/std2017/p295.sv.html#l-39" target="file-frame">third_party/tests/hdlconvertor/tests/sv_test/std2017/p295.sv:39</a>: syntax error
<a href="../../../../third_party/tests/hdlconvertor/tests/sv_test/std2017/p295.sv.html#l-39" target="file-frame">third_party/tests/hdlconvertor/tests/sv_test/std2017/p295.sv:39</a>: error: malformed statement
<a href="../../../../third_party/tests/hdlconvertor/tests/sv_test/std2017/p295.sv.html#l-41" target="file-frame">third_party/tests/hdlconvertor/tests/sv_test/std2017/p295.sv:41</a>: syntax error
<a href="../../../../third_party/tests/hdlconvertor/tests/sv_test/std2017/p295.sv.html#l-41" target="file-frame">third_party/tests/hdlconvertor/tests/sv_test/std2017/p295.sv:41</a>: error: invalid module item.
<a href="../../../../third_party/tests/hdlconvertor/tests/sv_test/std2017/p295.sv.html#l-42" target="file-frame">third_party/tests/hdlconvertor/tests/sv_test/std2017/p295.sv:42</a>: syntax error
<a href="../../../../third_party/tests/hdlconvertor/tests/sv_test/std2017/p295.sv.html#l-42" target="file-frame">third_party/tests/hdlconvertor/tests/sv_test/std2017/p295.sv:42</a>: error: Invalid module instantiation
<a href="../../../../third_party/tests/hdlconvertor/tests/sv_test/std2017/p295.sv.html#l-44" target="file-frame">third_party/tests/hdlconvertor/tests/sv_test/std2017/p295.sv:44</a>: error: invalid module item.
<a href="../../../../third_party/tests/hdlconvertor/tests/sv_test/std2017/p295.sv.html#l-45" target="file-frame">third_party/tests/hdlconvertor/tests/sv_test/std2017/p295.sv:45</a>: error: End label doesn&#39;t match module name.

</pre>
</body>