<head>
  <style>
    .test-failed { background-color: #ffaaaa; }
    .test-passed { background-color: #aaffaa; }
  </style>
</head>
<body>
<h3><a href="http://iverilog.icarus.com/" target="_blank">icarus</a></h3>
<pre class="test-failed">
description: Tests imported from hdlconv
should_fail: 0
tags: hdlconv
incdirs: /home/travis/build/SymbiFlow/sv-tests/third_party/tests/hdlconvertor/tests/sv_test/*
top_module: 
files: <a href="../../../../third_party/tests/hdlconvertor/tests/sv_test/std2017/p752.sv.html" target="file-frame">third_party/tests/hdlconvertor/tests/sv_test/std2017/p752.sv</a>
time_elapsed: 0.012s
</pre>
<pre>

<a href="../../../../third_party/tests/hdlconvertor/tests/sv_test/std2017/p752.sv.html#l-1" target="file-frame">third_party/tests/hdlconvertor/tests/sv_test/std2017/p752.sv:1</a>: syntax error
<a href="../../../../third_party/tests/hdlconvertor/tests/sv_test/std2017/p752.sv.html#l-1" target="file-frame">third_party/tests/hdlconvertor/tests/sv_test/std2017/p752.sv:1</a>: Errors in port declarations.
<a href="../../../../third_party/tests/hdlconvertor/tests/sv_test/std2017/p752.sv.html#l-3" target="file-frame">third_party/tests/hdlconvertor/tests/sv_test/std2017/p752.sv:3</a>: syntax error
<a href="../../../../third_party/tests/hdlconvertor/tests/sv_test/std2017/p752.sv.html#l-3" target="file-frame">third_party/tests/hdlconvertor/tests/sv_test/std2017/p752.sv:3</a>: Errors in port declarations.
<a href="../../../../third_party/tests/hdlconvertor/tests/sv_test/std2017/p752.sv.html#l-16" target="file-frame">third_party/tests/hdlconvertor/tests/sv_test/std2017/p752.sv:16</a>: error: &#39;memMod&#39; has already been declared in this scope.
<a href="../../../../third_party/tests/hdlconvertor/tests/sv_test/std2017/p752.sv.html#l-1" target="file-frame">third_party/tests/hdlconvertor/tests/sv_test/std2017/p752.sv:1</a>:      : It was declared here as a module.
<a href="../../../../third_party/tests/hdlconvertor/tests/sv_test/std2017/p752.sv.html#l-16" target="file-frame">third_party/tests/hdlconvertor/tests/sv_test/std2017/p752.sv:16</a>: syntax error
<a href="../../../../third_party/tests/hdlconvertor/tests/sv_test/std2017/p752.sv.html#l-16" target="file-frame">third_party/tests/hdlconvertor/tests/sv_test/std2017/p752.sv:16</a>: Errors in port declarations.
<a href="../../../../third_party/tests/hdlconvertor/tests/sv_test/std2017/p752.sv.html#l-17" target="file-frame">third_party/tests/hdlconvertor/tests/sv_test/std2017/p752.sv:17</a>: Module memMod was already declared here: <a href="../../../../third_party/tests/hdlconvertor/tests/sv_test/std2017/p752.sv.html#l-1" target="file-frame">third_party/tests/hdlconvertor/tests/sv_test/std2017/p752.sv:1</a>

<a href="../../../../third_party/tests/hdlconvertor/tests/sv_test/std2017/p752.sv.html#l-18" target="file-frame">third_party/tests/hdlconvertor/tests/sv_test/std2017/p752.sv:18</a>: error: &#39;cpuMod&#39; has already been declared in this scope.
<a href="../../../../third_party/tests/hdlconvertor/tests/sv_test/std2017/p752.sv.html#l-3" target="file-frame">third_party/tests/hdlconvertor/tests/sv_test/std2017/p752.sv:3</a>:      : It was declared here as a module.
<a href="../../../../third_party/tests/hdlconvertor/tests/sv_test/std2017/p752.sv.html#l-18" target="file-frame">third_party/tests/hdlconvertor/tests/sv_test/std2017/p752.sv:18</a>: syntax error
<a href="../../../../third_party/tests/hdlconvertor/tests/sv_test/std2017/p752.sv.html#l-18" target="file-frame">third_party/tests/hdlconvertor/tests/sv_test/std2017/p752.sv:18</a>: Errors in port declarations.
<a href="../../../../third_party/tests/hdlconvertor/tests/sv_test/std2017/p752.sv.html#l-19" target="file-frame">third_party/tests/hdlconvertor/tests/sv_test/std2017/p752.sv:19</a>: Module cpuMod was already declared here: <a href="../../../../third_party/tests/hdlconvertor/tests/sv_test/std2017/p752.sv.html#l-3" target="file-frame">third_party/tests/hdlconvertor/tests/sv_test/std2017/p752.sv:3</a>

<a href="../../../../third_party/tests/hdlconvertor/tests/sv_test/std2017/p752.sv.html#l-26" target="file-frame">third_party/tests/hdlconvertor/tests/sv_test/std2017/p752.sv:26</a>: error: &#39;top&#39; has already been declared in this scope.
<a href="../../../../third_party/tests/hdlconvertor/tests/sv_test/std2017/p752.sv.html#l-5" target="file-frame">third_party/tests/hdlconvertor/tests/sv_test/std2017/p752.sv:5</a>:      : It was declared here as a module.
<a href="../../../../third_party/tests/hdlconvertor/tests/sv_test/std2017/p752.sv.html#l-34" target="file-frame">third_party/tests/hdlconvertor/tests/sv_test/std2017/p752.sv:34</a>: Module top was already declared here: <a href="../../../../third_party/tests/hdlconvertor/tests/sv_test/std2017/p752.sv.html#l-5" target="file-frame">third_party/tests/hdlconvertor/tests/sv_test/std2017/p752.sv:5</a>


</pre>
</body>