<head>
  <style>
    .log { font-family: "Courier New", Consolas, monospace; font-size: 80%; }
    .test-failed { background-color: #ffaaaa; }
    .test-passed { background-color: #aaffaa; }
  </style>
</head>
<body>
<h3><a href="http://iverilog.icarus.com/" target="_blank">icarus</a></h3>
<pre class="test-failed">
description: Tests imported from hdlconv
should_fail: 0
tags: hdlconv
incdirs: /home/travis/build/SymbiFlow/sv-tests/third_party/tests/hdlconvertor/tests/sv_test/std2017
top_module: 
files: <a href="../../../../third_party/tests/hdlconvertor/tests/sv_test/std2017/p477.sv.html" target="file-frame">third_party/tests/hdlconvertor/tests/sv_test/std2017/p477.sv</a>
time_elapsed: 0.018s
</pre>
<pre class="log">

<a href="../../../../third_party/tests/hdlconvertor/tests/sv_test/std2017/p477.sv.html#l-2" target="file-frame">third_party/tests/hdlconvertor/tests/sv_test/std2017/p477.sv:2</a>: syntax error
<a href="../../../../third_party/tests/hdlconvertor/tests/sv_test/std2017/p477.sv.html#l-2" target="file-frame">third_party/tests/hdlconvertor/tests/sv_test/std2017/p477.sv:2</a>: error: invalid module item.
<a href="../../../../third_party/tests/hdlconvertor/tests/sv_test/std2017/p477.sv.html#l-3" target="file-frame">third_party/tests/hdlconvertor/tests/sv_test/std2017/p477.sv:3</a>: syntax error
<a href="../../../../third_party/tests/hdlconvertor/tests/sv_test/std2017/p477.sv.html#l-3" target="file-frame">third_party/tests/hdlconvertor/tests/sv_test/std2017/p477.sv:3</a>: error: invalid module item.
<a href="../../../../third_party/tests/hdlconvertor/tests/sv_test/std2017/p477.sv.html#l-4" target="file-frame">third_party/tests/hdlconvertor/tests/sv_test/std2017/p477.sv:4</a>: syntax error
<a href="../../../../third_party/tests/hdlconvertor/tests/sv_test/std2017/p477.sv.html#l-5" target="file-frame">third_party/tests/hdlconvertor/tests/sv_test/std2017/p477.sv:5</a>: error: invalid module item.
<a href="../../../../third_party/tests/hdlconvertor/tests/sv_test/std2017/p477.sv.html#l-6" target="file-frame">third_party/tests/hdlconvertor/tests/sv_test/std2017/p477.sv:6</a>: syntax error
<a href="../../../../third_party/tests/hdlconvertor/tests/sv_test/std2017/p477.sv.html#l-6" target="file-frame">third_party/tests/hdlconvertor/tests/sv_test/std2017/p477.sv:6</a>: error: invalid module item.
<a href="../../../../third_party/tests/hdlconvertor/tests/sv_test/std2017/p477.sv.html#l-7" target="file-frame">third_party/tests/hdlconvertor/tests/sv_test/std2017/p477.sv:7</a>: syntax error
<a href="../../../../third_party/tests/hdlconvertor/tests/sv_test/std2017/p477.sv.html#l-8" target="file-frame">third_party/tests/hdlconvertor/tests/sv_test/std2017/p477.sv:8</a>: error: invalid module item.
<a href="../../../../third_party/tests/hdlconvertor/tests/sv_test/std2017/p477.sv.html#l-9" target="file-frame">third_party/tests/hdlconvertor/tests/sv_test/std2017/p477.sv:9</a>: syntax error
<a href="../../../../third_party/tests/hdlconvertor/tests/sv_test/std2017/p477.sv.html#l-9" target="file-frame">third_party/tests/hdlconvertor/tests/sv_test/std2017/p477.sv:9</a>: error: invalid module item.
<a href="../../../../third_party/tests/hdlconvertor/tests/sv_test/std2017/p477.sv.html#l-10" target="file-frame">third_party/tests/hdlconvertor/tests/sv_test/std2017/p477.sv:10</a>: syntax error
<a href="../../../../third_party/tests/hdlconvertor/tests/sv_test/std2017/p477.sv.html#l-10" target="file-frame">third_party/tests/hdlconvertor/tests/sv_test/std2017/p477.sv:10</a>: error: invalid module item.
<a href="../../../../third_party/tests/hdlconvertor/tests/sv_test/std2017/p477.sv.html#l-12" target="file-frame">third_party/tests/hdlconvertor/tests/sv_test/std2017/p477.sv:12</a>: syntax error
<a href="../../../../third_party/tests/hdlconvertor/tests/sv_test/std2017/p477.sv.html#l-13" target="file-frame">third_party/tests/hdlconvertor/tests/sv_test/std2017/p477.sv:13</a>: error: invalid module item.
<a href="../../../../third_party/tests/hdlconvertor/tests/sv_test/std2017/p477.sv.html#l-14" target="file-frame">third_party/tests/hdlconvertor/tests/sv_test/std2017/p477.sv:14</a>: syntax error
<a href="../../../../third_party/tests/hdlconvertor/tests/sv_test/std2017/p477.sv.html#l-14" target="file-frame">third_party/tests/hdlconvertor/tests/sv_test/std2017/p477.sv:14</a>: error: invalid module item.
<a href="../../../../third_party/tests/hdlconvertor/tests/sv_test/std2017/p477.sv.html#l-17" target="file-frame">third_party/tests/hdlconvertor/tests/sv_test/std2017/p477.sv:17</a>: syntax error
<a href="../../../../third_party/tests/hdlconvertor/tests/sv_test/std2017/p477.sv.html#l-18" target="file-frame">third_party/tests/hdlconvertor/tests/sv_test/std2017/p477.sv:18</a>: error: invalid module item.
<a href="../../../../third_party/tests/hdlconvertor/tests/sv_test/std2017/p477.sv.html#l-19" target="file-frame">third_party/tests/hdlconvertor/tests/sv_test/std2017/p477.sv:19</a>: syntax error
<a href="../../../../third_party/tests/hdlconvertor/tests/sv_test/std2017/p477.sv.html#l-19" target="file-frame">third_party/tests/hdlconvertor/tests/sv_test/std2017/p477.sv:19</a>: error: invalid module item.
<a href="../../../../third_party/tests/hdlconvertor/tests/sv_test/std2017/p477.sv.html#l-21" target="file-frame">third_party/tests/hdlconvertor/tests/sv_test/std2017/p477.sv:21</a>: syntax error
<a href="../../../../third_party/tests/hdlconvertor/tests/sv_test/std2017/p477.sv.html#l-23" target="file-frame">third_party/tests/hdlconvertor/tests/sv_test/std2017/p477.sv:23</a>: error: invalid module item.
<a href="../../../../third_party/tests/hdlconvertor/tests/sv_test/std2017/p477.sv.html#l-24" target="file-frame">third_party/tests/hdlconvertor/tests/sv_test/std2017/p477.sv:24</a>: syntax error
<a href="../../../../third_party/tests/hdlconvertor/tests/sv_test/std2017/p477.sv.html#l-24" target="file-frame">third_party/tests/hdlconvertor/tests/sv_test/std2017/p477.sv:24</a>: error: invalid module item.
<a href="../../../../third_party/tests/hdlconvertor/tests/sv_test/std2017/p477.sv.html#l-25" target="file-frame">third_party/tests/hdlconvertor/tests/sv_test/std2017/p477.sv:25</a>: syntax error
<a href="../../../../third_party/tests/hdlconvertor/tests/sv_test/std2017/p477.sv.html#l-28" target="file-frame">third_party/tests/hdlconvertor/tests/sv_test/std2017/p477.sv:28</a>: error: invalid module item.
<a href="../../../../third_party/tests/hdlconvertor/tests/sv_test/std2017/p477.sv.html#l-31" target="file-frame">third_party/tests/hdlconvertor/tests/sv_test/std2017/p477.sv:31</a>: sorry: concurrent_assertion_item not supported. Try -gno-assertions or -gsupported-assertions to turn this message off.
<a href="../../../../third_party/tests/hdlconvertor/tests/sv_test/std2017/p477.sv.html#l-34" target="file-frame">third_party/tests/hdlconvertor/tests/sv_test/std2017/p477.sv:34</a>: sorry: concurrent_assertion_item not supported. Try -gno-assertions or -gsupported-assertions to turn this message off.
<a href="../../../../third_party/tests/hdlconvertor/tests/sv_test/std2017/p477.sv.html#l-37" target="file-frame">third_party/tests/hdlconvertor/tests/sv_test/std2017/p477.sv:37</a>: syntax error
<a href="../../../../third_party/tests/hdlconvertor/tests/sv_test/std2017/p477.sv.html#l-38" target="file-frame">third_party/tests/hdlconvertor/tests/sv_test/std2017/p477.sv:38</a>: error: invalid module item.
<a href="../../../../third_party/tests/hdlconvertor/tests/sv_test/std2017/p477.sv.html#l-39" target="file-frame">third_party/tests/hdlconvertor/tests/sv_test/std2017/p477.sv:39</a>: syntax error
<a href="../../../../third_party/tests/hdlconvertor/tests/sv_test/std2017/p477.sv.html#l-39" target="file-frame">third_party/tests/hdlconvertor/tests/sv_test/std2017/p477.sv:39</a>: error: Invalid module instantiation
<a href="../../../../third_party/tests/hdlconvertor/tests/sv_test/std2017/p477.sv.html#l-42" target="file-frame">third_party/tests/hdlconvertor/tests/sv_test/std2017/p477.sv:42</a>: error: invalid module item.
<a href="../../../../third_party/tests/hdlconvertor/tests/sv_test/std2017/p477.sv.html#l-45" target="file-frame">third_party/tests/hdlconvertor/tests/sv_test/std2017/p477.sv:45</a>: syntax error
<a href="../../../../third_party/tests/hdlconvertor/tests/sv_test/std2017/p477.sv.html#l-45" target="file-frame">third_party/tests/hdlconvertor/tests/sv_test/std2017/p477.sv:45</a>: error: invalid module item.
<a href="../../../../third_party/tests/hdlconvertor/tests/sv_test/std2017/p477.sv.html#l-46" target="file-frame">third_party/tests/hdlconvertor/tests/sv_test/std2017/p477.sv:46</a>: syntax error
<a href="../../../../third_party/tests/hdlconvertor/tests/sv_test/std2017/p477.sv.html#l-46" target="file-frame">third_party/tests/hdlconvertor/tests/sv_test/std2017/p477.sv:46</a>: error: invalid module item.
<a href="../../../../third_party/tests/hdlconvertor/tests/sv_test/std2017/p477.sv.html#l-47" target="file-frame">third_party/tests/hdlconvertor/tests/sv_test/std2017/p477.sv:47</a>: syntax error
<a href="../../../../third_party/tests/hdlconvertor/tests/sv_test/std2017/p477.sv.html#l-48" target="file-frame">third_party/tests/hdlconvertor/tests/sv_test/std2017/p477.sv:48</a>: error: invalid module item.
<a href="../../../../third_party/tests/hdlconvertor/tests/sv_test/std2017/p477.sv.html#l-50" target="file-frame">third_party/tests/hdlconvertor/tests/sv_test/std2017/p477.sv:50</a>: sorry: concurrent_assertion_item not supported. Try -gno-assertions or -gsupported-assertions to turn this message off.

</pre>
</body>