<head>
  <style>
    .log { font-family: "Courier New", Consolas, monospace; font-size: 80%; }
    .test-failed { background-color: #ffaaaa; }
    .test-passed { background-color: #aaffaa; }
  </style>
</head>
<body>
<h3><a href="http://iverilog.icarus.com/" target="_blank">icarus</a></h3>
<pre class="test-failed">
description: Tests imported from hdlconv
should_fail: 0
tags: hdlconv
incdirs: /home/travis/build/SymbiFlow/sv-tests/third_party/tests/hdlconvertor/tests/sv_test/std2017
top_module: 
type: parsing
mode: parsing
files: <a href="../../../../third_party/tests/hdlconvertor/tests/sv_test/std2017/p347.sv.html" target="file-frame">third_party/tests/hdlconvertor/tests/sv_test/std2017/p347.sv</a>
time_elapsed: 0.010s
ram usage: 9744 KB
</pre>
<pre class="log">

<a href="../../../../third_party/tests/hdlconvertor/tests/sv_test/std2017/p347.sv.html#l-7" target="file-frame">third_party/tests/hdlconvertor/tests/sv_test/std2017/p347.sv:7</a>: syntax error
<a href="../../../../third_party/tests/hdlconvertor/tests/sv_test/std2017/p347.sv.html#l-7" target="file-frame">third_party/tests/hdlconvertor/tests/sv_test/std2017/p347.sv:7</a>: error: invalid module item.
<a href="../../../../third_party/tests/hdlconvertor/tests/sv_test/std2017/p347.sv.html#l-7" target="file-frame">third_party/tests/hdlconvertor/tests/sv_test/std2017/p347.sv:7</a>: syntax error
<a href="../../../../third_party/tests/hdlconvertor/tests/sv_test/std2017/p347.sv.html#l-9" target="file-frame">third_party/tests/hdlconvertor/tests/sv_test/std2017/p347.sv:9</a>: error: invalid module item.
<a href="../../../../third_party/tests/hdlconvertor/tests/sv_test/std2017/p347.sv.html#l-13" target="file-frame">third_party/tests/hdlconvertor/tests/sv_test/std2017/p347.sv:13</a>: syntax error
<a href="../../../../third_party/tests/hdlconvertor/tests/sv_test/std2017/p347.sv.html#l-13" target="file-frame">third_party/tests/hdlconvertor/tests/sv_test/std2017/p347.sv:13</a>: error: invalid module item.
<a href="../../../../third_party/tests/hdlconvertor/tests/sv_test/std2017/p347.sv.html#l-13" target="file-frame">third_party/tests/hdlconvertor/tests/sv_test/std2017/p347.sv:13</a>: syntax error
<a href="../../../../third_party/tests/hdlconvertor/tests/sv_test/std2017/p347.sv.html#l-15" target="file-frame">third_party/tests/hdlconvertor/tests/sv_test/std2017/p347.sv:15</a>: error: invalid module item.
<a href="../../../../third_party/tests/hdlconvertor/tests/sv_test/std2017/p347.sv.html#l-19" target="file-frame">third_party/tests/hdlconvertor/tests/sv_test/std2017/p347.sv:19</a>: syntax error
<a href="../../../../third_party/tests/hdlconvertor/tests/sv_test/std2017/p347.sv.html#l-19" target="file-frame">third_party/tests/hdlconvertor/tests/sv_test/std2017/p347.sv:19</a>: error: invalid module item.
<a href="../../../../third_party/tests/hdlconvertor/tests/sv_test/std2017/p347.sv.html#l-19" target="file-frame">third_party/tests/hdlconvertor/tests/sv_test/std2017/p347.sv:19</a>: syntax error
<a href="../../../../third_party/tests/hdlconvertor/tests/sv_test/std2017/p347.sv.html#l-21" target="file-frame">third_party/tests/hdlconvertor/tests/sv_test/std2017/p347.sv:21</a>: error: invalid module item.
<a href="../../../../third_party/tests/hdlconvertor/tests/sv_test/std2017/p347.sv.html#l-22" target="file-frame">third_party/tests/hdlconvertor/tests/sv_test/std2017/p347.sv:22</a>: syntax error
<a href="../../../../third_party/tests/hdlconvertor/tests/sv_test/std2017/p347.sv.html#l-22" target="file-frame">third_party/tests/hdlconvertor/tests/sv_test/std2017/p347.sv:22</a>: error: invalid module item.
<a href="../../../../third_party/tests/hdlconvertor/tests/sv_test/std2017/p347.sv.html#l-23" target="file-frame">third_party/tests/hdlconvertor/tests/sv_test/std2017/p347.sv:23</a>: syntax error
<a href="../../../../third_party/tests/hdlconvertor/tests/sv_test/std2017/p347.sv.html#l-25" target="file-frame">third_party/tests/hdlconvertor/tests/sv_test/std2017/p347.sv:25</a>: error: invalid module item.
<a href="../../../../third_party/tests/hdlconvertor/tests/sv_test/std2017/p347.sv.html#l-26" target="file-frame">third_party/tests/hdlconvertor/tests/sv_test/std2017/p347.sv:26</a>: sorry: concurrent_assertion_item not supported. Try -gno-assertions or -gsupported-assertions to turn this message off.
<a href="../../../../third_party/tests/hdlconvertor/tests/sv_test/std2017/p347.sv.html#l-27" target="file-frame">third_party/tests/hdlconvertor/tests/sv_test/std2017/p347.sv:27</a>: syntax error
<a href="../../../../third_party/tests/hdlconvertor/tests/sv_test/std2017/p347.sv.html#l-29" target="file-frame">third_party/tests/hdlconvertor/tests/sv_test/std2017/p347.sv:29</a>: error: invalid module item.
<a href="../../../../third_party/tests/hdlconvertor/tests/sv_test/std2017/p347.sv.html#l-33" target="file-frame">third_party/tests/hdlconvertor/tests/sv_test/std2017/p347.sv:33</a>: error: &#39;subsystem1&#39; has already been declared in this scope.
<a href="../../../../third_party/tests/hdlconvertor/tests/sv_test/std2017/p347.sv.html#l-5" target="file-frame">third_party/tests/hdlconvertor/tests/sv_test/std2017/p347.sv:5</a>:      : It was declared here as a module.
<a href="../../../../third_party/tests/hdlconvertor/tests/sv_test/std2017/p347.sv.html#l-35" target="file-frame">third_party/tests/hdlconvertor/tests/sv_test/std2017/p347.sv:35</a>: syntax error
<a href="../../../../third_party/tests/hdlconvertor/tests/sv_test/std2017/p347.sv.html#l-35" target="file-frame">third_party/tests/hdlconvertor/tests/sv_test/std2017/p347.sv:35</a>: error: invalid module item.
<a href="../../../../third_party/tests/hdlconvertor/tests/sv_test/std2017/p347.sv.html#l-35" target="file-frame">third_party/tests/hdlconvertor/tests/sv_test/std2017/p347.sv:35</a>: syntax error
<a href="../../../../third_party/tests/hdlconvertor/tests/sv_test/std2017/p347.sv.html#l-37" target="file-frame">third_party/tests/hdlconvertor/tests/sv_test/std2017/p347.sv:37</a>: error: invalid module item.
<a href="../../../../third_party/tests/hdlconvertor/tests/sv_test/std2017/p347.sv.html#l-38" target="file-frame">third_party/tests/hdlconvertor/tests/sv_test/std2017/p347.sv:38</a>: Module subsystem1 was already declared here: <a href="../../../../third_party/tests/hdlconvertor/tests/sv_test/std2017/p347.sv.html#l-5" target="file-frame">third_party/tests/hdlconvertor/tests/sv_test/std2017/p347.sv:5</a>

<a href="../../../../third_party/tests/hdlconvertor/tests/sv_test/std2017/p347.sv.html#l-39" target="file-frame">third_party/tests/hdlconvertor/tests/sv_test/std2017/p347.sv:39</a>: error: &#39;subsystem2&#39; has already been declared in this scope.
<a href="../../../../third_party/tests/hdlconvertor/tests/sv_test/std2017/p347.sv.html#l-11" target="file-frame">third_party/tests/hdlconvertor/tests/sv_test/std2017/p347.sv:11</a>:      : It was declared here as a module.
<a href="../../../../third_party/tests/hdlconvertor/tests/sv_test/std2017/p347.sv.html#l-41" target="file-frame">third_party/tests/hdlconvertor/tests/sv_test/std2017/p347.sv:41</a>: syntax error
<a href="../../../../third_party/tests/hdlconvertor/tests/sv_test/std2017/p347.sv.html#l-41" target="file-frame">third_party/tests/hdlconvertor/tests/sv_test/std2017/p347.sv:41</a>: error: invalid module item.
<a href="../../../../third_party/tests/hdlconvertor/tests/sv_test/std2017/p347.sv.html#l-41" target="file-frame">third_party/tests/hdlconvertor/tests/sv_test/std2017/p347.sv:41</a>: syntax error
<a href="../../../../third_party/tests/hdlconvertor/tests/sv_test/std2017/p347.sv.html#l-43" target="file-frame">third_party/tests/hdlconvertor/tests/sv_test/std2017/p347.sv:43</a>: error: invalid module item.
<a href="../../../../third_party/tests/hdlconvertor/tests/sv_test/std2017/p347.sv.html#l-44" target="file-frame">third_party/tests/hdlconvertor/tests/sv_test/std2017/p347.sv:44</a>: Module subsystem2 was already declared here: <a href="../../../../third_party/tests/hdlconvertor/tests/sv_test/std2017/p347.sv.html#l-11" target="file-frame">third_party/tests/hdlconvertor/tests/sv_test/std2017/p347.sv:11</a>

<a href="../../../../third_party/tests/hdlconvertor/tests/sv_test/std2017/p347.sv.html#l-45" target="file-frame">third_party/tests/hdlconvertor/tests/sv_test/std2017/p347.sv:45</a>: error: &#39;another_module&#39; has already been declared in this scope.
<a href="../../../../third_party/tests/hdlconvertor/tests/sv_test/std2017/p347.sv.html#l-17" target="file-frame">third_party/tests/hdlconvertor/tests/sv_test/std2017/p347.sv:17</a>:      : It was declared here as a module.
<a href="../../../../third_party/tests/hdlconvertor/tests/sv_test/std2017/p347.sv.html#l-47" target="file-frame">third_party/tests/hdlconvertor/tests/sv_test/std2017/p347.sv:47</a>: syntax error
<a href="../../../../third_party/tests/hdlconvertor/tests/sv_test/std2017/p347.sv.html#l-47" target="file-frame">third_party/tests/hdlconvertor/tests/sv_test/std2017/p347.sv:47</a>: error: invalid module item.
<a href="../../../../third_party/tests/hdlconvertor/tests/sv_test/std2017/p347.sv.html#l-47" target="file-frame">third_party/tests/hdlconvertor/tests/sv_test/std2017/p347.sv:47</a>: syntax error
<a href="../../../../third_party/tests/hdlconvertor/tests/sv_test/std2017/p347.sv.html#l-48" target="file-frame">third_party/tests/hdlconvertor/tests/sv_test/std2017/p347.sv:48</a>: error: invalid module item.
<a href="../../../../third_party/tests/hdlconvertor/tests/sv_test/std2017/p347.sv.html#l-49" target="file-frame">third_party/tests/hdlconvertor/tests/sv_test/std2017/p347.sv:49</a>: syntax error
<a href="../../../../third_party/tests/hdlconvertor/tests/sv_test/std2017/p347.sv.html#l-49" target="file-frame">third_party/tests/hdlconvertor/tests/sv_test/std2017/p347.sv:49</a>: error: invalid module item.
<a href="../../../../third_party/tests/hdlconvertor/tests/sv_test/std2017/p347.sv.html#l-51" target="file-frame">third_party/tests/hdlconvertor/tests/sv_test/std2017/p347.sv:51</a>: syntax error
I give up.

</pre>
</body>