<head>
  <style>
    .log { font-family: "Courier New", Consolas, monospace; font-size: 80%; }
    .test-failed { background-color: #ffaaaa; }
    .test-passed { background-color: #aaffaa; }
  </style>
</head>
<body>
<h3><a href="http://iverilog.icarus.com/" target="_blank">icarus</a></h3>
<pre class="test-failed">
description: Tests imported from hdlconv
should_fail: 0
tags: hdlconv
incdirs: /home/travis/build/SymbiFlow/sv-tests/third_party/tests/hdlconvertor/tests/sv_test/std2017
top_module: 
type: parsing
mode: parsing
files: <a href="../../../../third_party/tests/hdlconvertor/tests/sv_test/std2017/p341.sv.html" target="file-frame">third_party/tests/hdlconvertor/tests/sv_test/std2017/p341.sv</a>
time_elapsed: 0.011s
ram usage: 9616 KB
</pre>
<pre class="log">

<a href="../../../../third_party/tests/hdlconvertor/tests/sv_test/std2017/p341.sv.html#l-23" target="file-frame">third_party/tests/hdlconvertor/tests/sv_test/std2017/p341.sv:23</a>: syntax error
<a href="../../../../third_party/tests/hdlconvertor/tests/sv_test/std2017/p341.sv.html#l-23" target="file-frame">third_party/tests/hdlconvertor/tests/sv_test/std2017/p341.sv:23</a>: Errors in port declarations.
<a href="../../../../third_party/tests/hdlconvertor/tests/sv_test/std2017/p341.sv.html#l-24" target="file-frame">third_party/tests/hdlconvertor/tests/sv_test/std2017/p341.sv:24</a>: syntax error
<a href="../../../../third_party/tests/hdlconvertor/tests/sv_test/std2017/p341.sv.html#l-24" target="file-frame">third_party/tests/hdlconvertor/tests/sv_test/std2017/p341.sv:24</a>: error: invalid module item.
<a href="../../../../third_party/tests/hdlconvertor/tests/sv_test/std2017/p341.sv.html#l-25" target="file-frame">third_party/tests/hdlconvertor/tests/sv_test/std2017/p341.sv:25</a>: syntax error
<a href="../../../../third_party/tests/hdlconvertor/tests/sv_test/std2017/p341.sv.html#l-25" target="file-frame">third_party/tests/hdlconvertor/tests/sv_test/std2017/p341.sv:25</a>: error: Invalid variable list in port declaration.
<a href="../../../../third_party/tests/hdlconvertor/tests/sv_test/std2017/p341.sv.html#l-26" target="file-frame">third_party/tests/hdlconvertor/tests/sv_test/std2017/p341.sv:26</a>: error: Incomplete port declarations cannot be initialized.
<a href="../../../../third_party/tests/hdlconvertor/tests/sv_test/std2017/p341.sv.html#l-27" target="file-frame">third_party/tests/hdlconvertor/tests/sv_test/std2017/p341.sv:27</a>: syntax error
<a href="../../../../third_party/tests/hdlconvertor/tests/sv_test/std2017/p341.sv.html#l-27" target="file-frame">third_party/tests/hdlconvertor/tests/sv_test/std2017/p341.sv:27</a>: error: Invalid variable list in port declaration.
<a href="../../../../third_party/tests/hdlconvertor/tests/sv_test/std2017/p341.sv.html#l-28" target="file-frame">third_party/tests/hdlconvertor/tests/sv_test/std2017/p341.sv:28</a>: syntax error
<a href="../../../../third_party/tests/hdlconvertor/tests/sv_test/std2017/p341.sv.html#l-29" target="file-frame">third_party/tests/hdlconvertor/tests/sv_test/std2017/p341.sv:29</a>: error: invalid module item.
<a href="../../../../third_party/tests/hdlconvertor/tests/sv_test/std2017/p341.sv.html#l-30" target="file-frame">third_party/tests/hdlconvertor/tests/sv_test/std2017/p341.sv:30</a>: syntax error
<a href="../../../../third_party/tests/hdlconvertor/tests/sv_test/std2017/p341.sv.html#l-30" target="file-frame">third_party/tests/hdlconvertor/tests/sv_test/std2017/p341.sv:30</a>: error: invalid module item.
<a href="../../../../third_party/tests/hdlconvertor/tests/sv_test/std2017/p341.sv.html#l-31" target="file-frame">third_party/tests/hdlconvertor/tests/sv_test/std2017/p341.sv:31</a>: syntax error
<a href="../../../../third_party/tests/hdlconvertor/tests/sv_test/std2017/p341.sv.html#l-31" target="file-frame">third_party/tests/hdlconvertor/tests/sv_test/std2017/p341.sv:31</a>: error: Invalid variable list in port declaration.
<a href="../../../../third_party/tests/hdlconvertor/tests/sv_test/std2017/p341.sv.html#l-32" target="file-frame">third_party/tests/hdlconvertor/tests/sv_test/std2017/p341.sv:32</a>: syntax error
I give up.

</pre>
</body>