<head>
  <style>
    .log { font-family: "Courier New", Consolas, monospace; font-size: 80%; }
    .test-failed { background-color: #ffaaaa; }
    .test-passed { background-color: #aaffaa; }
  </style>
</head>
<body>
<h3><a href="http://iverilog.icarus.com/" target="_blank">icarus</a></h3>
<pre class="test-failed">
description: Tests imported from hdlconv
should_fail: 0
tags: hdlconv
incdirs: /home/travis/build/SymbiFlow/sv-tests/third_party/tests/hdlconvertor/tests/sv_test/std2017
top_module: 
type: parsing
mode: parsing
files: <a href="../../../../third_party/tests/hdlconvertor/tests/sv_test/std2017/p757.sv.html" target="file-frame">third_party/tests/hdlconvertor/tests/sv_test/std2017/p757.sv</a>
time_elapsed: 0.008s
</pre>
<pre class="log">
user_time: 0.006728
system_time: 0.001714
ram_usage: 9692

<a href="../../../../third_party/tests/hdlconvertor/tests/sv_test/std2017/p757.sv.html#l-13" target="file-frame">third_party/tests/hdlconvertor/tests/sv_test/std2017/p757.sv:13</a>: syntax error
<a href="../../../../third_party/tests/hdlconvertor/tests/sv_test/std2017/p757.sv.html#l-13" target="file-frame">third_party/tests/hdlconvertor/tests/sv_test/std2017/p757.sv:13</a>: Errors in port declarations.
<a href="../../../../third_party/tests/hdlconvertor/tests/sv_test/std2017/p757.sv.html#l-18" target="file-frame">third_party/tests/hdlconvertor/tests/sv_test/std2017/p757.sv:18</a>: syntax error
<a href="../../../../third_party/tests/hdlconvertor/tests/sv_test/std2017/p757.sv.html#l-18" target="file-frame">third_party/tests/hdlconvertor/tests/sv_test/std2017/p757.sv:18</a>: Errors in port declarations.
<a href="../../../../third_party/tests/hdlconvertor/tests/sv_test/std2017/p757.sv.html#l-29" target="file-frame">third_party/tests/hdlconvertor/tests/sv_test/std2017/p757.sv:29</a>: error: &#39;simple_bus&#39; has already been declared in this scope.
<a href="../../../../third_party/tests/hdlconvertor/tests/sv_test/std2017/p757.sv.html#l-1" target="file-frame">third_party/tests/hdlconvertor/tests/sv_test/std2017/p757.sv:1</a>:      : It was declared here as an interface.
<a href="../../../../third_party/tests/hdlconvertor/tests/sv_test/std2017/p757.sv.html#l-40" target="file-frame">third_party/tests/hdlconvertor/tests/sv_test/std2017/p757.sv:40</a>: Module simple_bus was already declared here: <a href="../../../../third_party/tests/hdlconvertor/tests/sv_test/std2017/p757.sv.html#l-1" target="file-frame">third_party/tests/hdlconvertor/tests/sv_test/std2017/p757.sv:1</a>

<a href="../../../../third_party/tests/hdlconvertor/tests/sv_test/std2017/p757.sv.html#l-41" target="file-frame">third_party/tests/hdlconvertor/tests/sv_test/std2017/p757.sv:41</a>: error: &#39;memMod&#39; has already been declared in this scope.
<a href="../../../../third_party/tests/hdlconvertor/tests/sv_test/std2017/p757.sv.html#l-13" target="file-frame">third_party/tests/hdlconvertor/tests/sv_test/std2017/p757.sv:13</a>:      : It was declared here as a module.
<a href="../../../../third_party/tests/hdlconvertor/tests/sv_test/std2017/p757.sv.html#l-41" target="file-frame">third_party/tests/hdlconvertor/tests/sv_test/std2017/p757.sv:41</a>: syntax error
<a href="../../../../third_party/tests/hdlconvertor/tests/sv_test/std2017/p757.sv.html#l-41" target="file-frame">third_party/tests/hdlconvertor/tests/sv_test/std2017/p757.sv:41</a>: Errors in port declarations.
<a href="../../../../third_party/tests/hdlconvertor/tests/sv_test/std2017/p757.sv.html#l-45" target="file-frame">third_party/tests/hdlconvertor/tests/sv_test/std2017/p757.sv:45</a>: Module memMod was already declared here: <a href="../../../../third_party/tests/hdlconvertor/tests/sv_test/std2017/p757.sv.html#l-13" target="file-frame">third_party/tests/hdlconvertor/tests/sv_test/std2017/p757.sv:13</a>

<a href="../../../../third_party/tests/hdlconvertor/tests/sv_test/std2017/p757.sv.html#l-46" target="file-frame">third_party/tests/hdlconvertor/tests/sv_test/std2017/p757.sv:46</a>: error: &#39;cpuMod&#39; has already been declared in this scope.
<a href="../../../../third_party/tests/hdlconvertor/tests/sv_test/std2017/p757.sv.html#l-18" target="file-frame">third_party/tests/hdlconvertor/tests/sv_test/std2017/p757.sv:18</a>:      : It was declared here as a module.
<a href="../../../../third_party/tests/hdlconvertor/tests/sv_test/std2017/p757.sv.html#l-46" target="file-frame">third_party/tests/hdlconvertor/tests/sv_test/std2017/p757.sv:46</a>: syntax error
<a href="../../../../third_party/tests/hdlconvertor/tests/sv_test/std2017/p757.sv.html#l-46" target="file-frame">third_party/tests/hdlconvertor/tests/sv_test/std2017/p757.sv:46</a>: Errors in port declarations.
<a href="../../../../third_party/tests/hdlconvertor/tests/sv_test/std2017/p757.sv.html#l-47" target="file-frame">third_party/tests/hdlconvertor/tests/sv_test/std2017/p757.sv:47</a>: Module cpuMod was already declared here: <a href="../../../../third_party/tests/hdlconvertor/tests/sv_test/std2017/p757.sv.html#l-18" target="file-frame">third_party/tests/hdlconvertor/tests/sv_test/std2017/p757.sv:18</a>

<a href="../../../../third_party/tests/hdlconvertor/tests/sv_test/std2017/p757.sv.html#l-48" target="file-frame">third_party/tests/hdlconvertor/tests/sv_test/std2017/p757.sv:48</a>: error: &#39;top&#39; has already been declared in this scope.
<a href="../../../../third_party/tests/hdlconvertor/tests/sv_test/std2017/p757.sv.html#l-20" target="file-frame">third_party/tests/hdlconvertor/tests/sv_test/std2017/p757.sv:20</a>:      : It was declared here as a module.
<a href="../../../../third_party/tests/hdlconvertor/tests/sv_test/std2017/p757.sv.html#l-53" target="file-frame">third_party/tests/hdlconvertor/tests/sv_test/std2017/p757.sv:53</a>: Module top was already declared here: <a href="../../../../third_party/tests/hdlconvertor/tests/sv_test/std2017/p757.sv.html#l-20" target="file-frame">third_party/tests/hdlconvertor/tests/sv_test/std2017/p757.sv:20</a>


</pre>
</body>