<head>
  <style>
    .log { font-family: "Courier New", Consolas, monospace; font-size: 80%; }
    .test-failed { background-color: #ffaaaa; }
    .test-passed { background-color: #aaffaa; }
  </style>
</head>
<body>
<h3><a href="http://iverilog.icarus.com/" target="_blank">icarus</a></h3>
<pre class="test-failed">
description: Tests imported from hdlconv
should_fail: 0
tags: hdlconv
incdirs: /home/travis/build/SymbiFlow/sv-tests/third_party/tests/hdlconvertor/tests/sv_test/std2017
top_module: 
files: <a href="../../../../third_party/tests/hdlconvertor/tests/sv_test/std2017/p773.sv.html" target="file-frame">third_party/tests/hdlconvertor/tests/sv_test/std2017/p773.sv</a>
time_elapsed: 0.011s
</pre>
<pre class="log">
user_time: 0.010948999999999999
system_time: 0.0
ram_usage: 9544

<a href="../../../../third_party/tests/hdlconvertor/tests/sv_test/std2017/p773.sv.html#l-1" target="file-frame">third_party/tests/hdlconvertor/tests/sv_test/std2017/p773.sv:1</a>: syntax error
<a href="../../../../third_party/tests/hdlconvertor/tests/sv_test/std2017/p773.sv.html#l-1" target="file-frame">third_party/tests/hdlconvertor/tests/sv_test/std2017/p773.sv:1</a>: Errors in port declarations.
<a href="../../../../third_party/tests/hdlconvertor/tests/sv_test/std2017/p773.sv.html#l-3" target="file-frame">third_party/tests/hdlconvertor/tests/sv_test/std2017/p773.sv:3</a>: syntax error
<a href="../../../../third_party/tests/hdlconvertor/tests/sv_test/std2017/p773.sv.html#l-3" target="file-frame">third_party/tests/hdlconvertor/tests/sv_test/std2017/p773.sv:3</a>: Errors in port declarations.
<a href="../../../../third_party/tests/hdlconvertor/tests/sv_test/std2017/p773.sv.html#l-5" target="file-frame">third_party/tests/hdlconvertor/tests/sv_test/std2017/p773.sv:5</a>: syntax error
<a href="../../../../third_party/tests/hdlconvertor/tests/sv_test/std2017/p773.sv.html#l-5" target="file-frame">third_party/tests/hdlconvertor/tests/sv_test/std2017/p773.sv:5</a>: Errors in port declarations.
<a href="../../../../third_party/tests/hdlconvertor/tests/sv_test/std2017/p773.sv.html#l-18" target="file-frame">third_party/tests/hdlconvertor/tests/sv_test/std2017/p773.sv:18</a>: error: &#39;T&#39; has already been declared in this scope.
<a href="../../../../third_party/tests/hdlconvertor/tests/sv_test/std2017/p773.sv.html#l-5" target="file-frame">third_party/tests/hdlconvertor/tests/sv_test/std2017/p773.sv:5</a>:      : It was declared here as a program.
<a href="../../../../third_party/tests/hdlconvertor/tests/sv_test/std2017/p773.sv.html#l-18" target="file-frame">third_party/tests/hdlconvertor/tests/sv_test/std2017/p773.sv:18</a>: syntax error
<a href="../../../../third_party/tests/hdlconvertor/tests/sv_test/std2017/p773.sv.html#l-18" target="file-frame">third_party/tests/hdlconvertor/tests/sv_test/std2017/p773.sv:18</a>: Errors in port declarations.
<a href="../../../../third_party/tests/hdlconvertor/tests/sv_test/std2017/p773.sv.html#l-19" target="file-frame">third_party/tests/hdlconvertor/tests/sv_test/std2017/p773.sv:19</a>: syntax error
<a href="../../../../third_party/tests/hdlconvertor/tests/sv_test/std2017/p773.sv.html#l-19" target="file-frame">third_party/tests/hdlconvertor/tests/sv_test/std2017/p773.sv:19</a>: error: Syntax error in typedef clause.
<a href="../../../../third_party/tests/hdlconvertor/tests/sv_test/std2017/p773.sv.html#l-20" target="file-frame">third_party/tests/hdlconvertor/tests/sv_test/std2017/p773.sv:20</a>: syntax error
<a href="../../../../third_party/tests/hdlconvertor/tests/sv_test/std2017/p773.sv.html#l-20" target="file-frame">third_party/tests/hdlconvertor/tests/sv_test/std2017/p773.sv:20</a>: error: Error in task/function port item after port name SYNCTB.
<a href="../../../../third_party/tests/hdlconvertor/tests/sv_test/std2017/p773.sv.html#l-20" target="file-frame">third_party/tests/hdlconvertor/tests/sv_test/std2017/p773.sv:20</a>: syntax error
<a href="../../../../third_party/tests/hdlconvertor/tests/sv_test/std2017/p773.sv.html#l-23" target="file-frame">third_party/tests/hdlconvertor/tests/sv_test/std2017/p773.sv:23</a>: syntax error
<a href="../../../../third_party/tests/hdlconvertor/tests/sv_test/std2017/p773.sv.html#l-23" target="file-frame">third_party/tests/hdlconvertor/tests/sv_test/std2017/p773.sv:23</a>: error: Error in task/function port item after port name SYNCTB.
<a href="../../../../third_party/tests/hdlconvertor/tests/sv_test/std2017/p773.sv.html#l-23" target="file-frame">third_party/tests/hdlconvertor/tests/sv_test/std2017/p773.sv:23</a>: syntax error
<a href="../../../../third_party/tests/hdlconvertor/tests/sv_test/std2017/p773.sv.html#l-26" target="file-frame">third_party/tests/hdlconvertor/tests/sv_test/std2017/p773.sv:26</a>: syntax error
<a href="../../../../third_party/tests/hdlconvertor/tests/sv_test/std2017/p773.sv.html#l-26" target="file-frame">third_party/tests/hdlconvertor/tests/sv_test/std2017/p773.sv:26</a>: error: Error in task/function port item after port name SYNCTB.
<a href="../../../../third_party/tests/hdlconvertor/tests/sv_test/std2017/p773.sv.html#l-26" target="file-frame">third_party/tests/hdlconvertor/tests/sv_test/std2017/p773.sv:26</a>: syntax error
<a href="../../../../third_party/tests/hdlconvertor/tests/sv_test/std2017/p773.sv.html#l-39" target="file-frame">third_party/tests/hdlconvertor/tests/sv_test/std2017/p773.sv:39</a>: sorry: concurrent_assertion_item not supported. Try -gno-assertions or -gsupported-assertions to turn this message off.
<a href="../../../../third_party/tests/hdlconvertor/tests/sv_test/std2017/p773.sv.html#l-45" target="file-frame">third_party/tests/hdlconvertor/tests/sv_test/std2017/p773.sv:45</a>: Module T was already declared here: <a href="../../../../third_party/tests/hdlconvertor/tests/sv_test/std2017/p773.sv.html#l-5" target="file-frame">third_party/tests/hdlconvertor/tests/sv_test/std2017/p773.sv:5</a>


</pre>
</body>