<head>
  <style>
    .log { font-family: "Courier New", Consolas, monospace; font-size: 80%; }
    .test-failed { background-color: #ffaaaa; }
    .test-passed { background-color: #aaffaa; }
  </style>
</head>
<body>
<h3><a href="http://iverilog.icarus.com/" target="_blank">icarus</a></h3>
<pre class="test-failed">
description: Tests imported from hdlconv
should_fail: 0
tags: hdlconv
incdirs: /home/travis/build/SymbiFlow/sv-tests/third_party/tests/hdlconvertor/tests/sv_test/std2017
top_module: 
files: <a href="../../../../third_party/tests/hdlconvertor/tests/sv_test/std2017/p475.sv.html" target="file-frame">third_party/tests/hdlconvertor/tests/sv_test/std2017/p475.sv</a>
time_elapsed: 0.010s
</pre>
<pre class="log">
user_time: 0.002534
system_time: 0.007096
ram_usage: 9620

<a href="../../../../third_party/tests/hdlconvertor/tests/sv_test/std2017/p475.sv.html#l-2" target="file-frame">third_party/tests/hdlconvertor/tests/sv_test/std2017/p475.sv:2</a>: syntax error
<a href="../../../../third_party/tests/hdlconvertor/tests/sv_test/std2017/p475.sv.html#l-2" target="file-frame">third_party/tests/hdlconvertor/tests/sv_test/std2017/p475.sv:2</a>: error: invalid module item.
<a href="../../../../third_party/tests/hdlconvertor/tests/sv_test/std2017/p475.sv.html#l-3" target="file-frame">third_party/tests/hdlconvertor/tests/sv_test/std2017/p475.sv:3</a>: syntax error
<a href="../../../../third_party/tests/hdlconvertor/tests/sv_test/std2017/p475.sv.html#l-3" target="file-frame">third_party/tests/hdlconvertor/tests/sv_test/std2017/p475.sv:3</a>: error: invalid module item.
<a href="../../../../third_party/tests/hdlconvertor/tests/sv_test/std2017/p475.sv.html#l-4" target="file-frame">third_party/tests/hdlconvertor/tests/sv_test/std2017/p475.sv:4</a>: syntax error
<a href="../../../../third_party/tests/hdlconvertor/tests/sv_test/std2017/p475.sv.html#l-4" target="file-frame">third_party/tests/hdlconvertor/tests/sv_test/std2017/p475.sv:4</a>: error: invalid module item.
<a href="../../../../third_party/tests/hdlconvertor/tests/sv_test/std2017/p475.sv.html#l-5" target="file-frame">third_party/tests/hdlconvertor/tests/sv_test/std2017/p475.sv:5</a>: syntax error
<a href="../../../../third_party/tests/hdlconvertor/tests/sv_test/std2017/p475.sv.html#l-7" target="file-frame">third_party/tests/hdlconvertor/tests/sv_test/std2017/p475.sv:7</a>: error: invalid module item.
<a href="../../../../third_party/tests/hdlconvertor/tests/sv_test/std2017/p475.sv.html#l-9" target="file-frame">third_party/tests/hdlconvertor/tests/sv_test/std2017/p475.sv:9</a>: sorry: concurrent_assertion_item not supported. Try -gno-assertions or -gsupported-assertions to turn this message off.
<a href="../../../../third_party/tests/hdlconvertor/tests/sv_test/std2017/p475.sv.html#l-12" target="file-frame">third_party/tests/hdlconvertor/tests/sv_test/std2017/p475.sv:12</a>: syntax error
<a href="../../../../third_party/tests/hdlconvertor/tests/sv_test/std2017/p475.sv.html#l-12" target="file-frame">third_party/tests/hdlconvertor/tests/sv_test/std2017/p475.sv:12</a>: error: Error in property_spec of concurrent assertion item.
<a href="../../../../third_party/tests/hdlconvertor/tests/sv_test/std2017/p475.sv.html#l-15" target="file-frame">third_party/tests/hdlconvertor/tests/sv_test/std2017/p475.sv:15</a>: syntax error
<a href="../../../../third_party/tests/hdlconvertor/tests/sv_test/std2017/p475.sv.html#l-15" target="file-frame">third_party/tests/hdlconvertor/tests/sv_test/std2017/p475.sv:15</a>: error: Error in property_spec of concurrent assertion item.
<a href="../../../../third_party/tests/hdlconvertor/tests/sv_test/std2017/p475.sv.html#l-18" target="file-frame">third_party/tests/hdlconvertor/tests/sv_test/std2017/p475.sv:18</a>: syntax error
<a href="../../../../third_party/tests/hdlconvertor/tests/sv_test/std2017/p475.sv.html#l-18" target="file-frame">third_party/tests/hdlconvertor/tests/sv_test/std2017/p475.sv:18</a>: error: invalid module item.
<a href="../../../../third_party/tests/hdlconvertor/tests/sv_test/std2017/p475.sv.html#l-19" target="file-frame">third_party/tests/hdlconvertor/tests/sv_test/std2017/p475.sv:19</a>: syntax error
<a href="../../../../third_party/tests/hdlconvertor/tests/sv_test/std2017/p475.sv.html#l-19" target="file-frame">third_party/tests/hdlconvertor/tests/sv_test/std2017/p475.sv:19</a>: error: invalid module item.
<a href="../../../../third_party/tests/hdlconvertor/tests/sv_test/std2017/p475.sv.html#l-20" target="file-frame">third_party/tests/hdlconvertor/tests/sv_test/std2017/p475.sv:20</a>: syntax error
<a href="../../../../third_party/tests/hdlconvertor/tests/sv_test/std2017/p475.sv.html#l-22" target="file-frame">third_party/tests/hdlconvertor/tests/sv_test/std2017/p475.sv:22</a>: error: invalid module item.
<a href="../../../../third_party/tests/hdlconvertor/tests/sv_test/std2017/p475.sv.html#l-24" target="file-frame">third_party/tests/hdlconvertor/tests/sv_test/std2017/p475.sv:24</a>: sorry: concurrent_assertion_item not supported. Try -gno-assertions or -gsupported-assertions to turn this message off.
<a href="../../../../third_party/tests/hdlconvertor/tests/sv_test/std2017/p475.sv.html#l-26" target="file-frame">third_party/tests/hdlconvertor/tests/sv_test/std2017/p475.sv:26</a>: syntax error
<a href="../../../../third_party/tests/hdlconvertor/tests/sv_test/std2017/p475.sv.html#l-26" target="file-frame">third_party/tests/hdlconvertor/tests/sv_test/std2017/p475.sv:26</a>: error: Error in property_spec of concurrent assertion item.

</pre>
</body>