<head>
  <style>
    .test-failed { background-color: #ffaaaa; }
    .test-passed { background-color: #aaffaa; }
  </style>
</head>
<body>
<h3><a href="http://iverilog.icarus.com/" target="_blank">icarus</a></h3>
<pre class="test-failed">
description: Tests imported from hdlconv
should_fail: 0
tags: hdlconv
incdirs: /home/travis/build/SymbiFlow/sv-tests/third_party/tests/hdlconvertor/tests/sv_test/*
top_module: 
files: <a href="../../../../third_party/tests/hdlconvertor/tests/sv_test/std2017/p557.sv.html" target="file-frame">third_party/tests/hdlconvertor/tests/sv_test/std2017/p557.sv</a>
time_elapsed: 0.010s
</pre>
<pre>

<a href="../../../../third_party/tests/hdlconvertor/tests/sv_test/std2017/p557.sv.html#l-5" target="file-frame">third_party/tests/hdlconvertor/tests/sv_test/std2017/p557.sv:5</a>: syntax error
<a href="../../../../third_party/tests/hdlconvertor/tests/sv_test/std2017/p557.sv.html#l-5" target="file-frame">third_party/tests/hdlconvertor/tests/sv_test/std2017/p557.sv:5</a>: error: invalid class item.
<a href="../../../../third_party/tests/hdlconvertor/tests/sv_test/std2017/p557.sv.html#l-5" target="file-frame">third_party/tests/hdlconvertor/tests/sv_test/std2017/p557.sv:5</a>: syntax error
<a href="../../../../third_party/tests/hdlconvertor/tests/sv_test/std2017/p557.sv.html#l-5" target="file-frame">third_party/tests/hdlconvertor/tests/sv_test/std2017/p557.sv:5</a>: error: invalid class item.
<a href="../../../../third_party/tests/hdlconvertor/tests/sv_test/std2017/p557.sv.html#l-5" target="file-frame">third_party/tests/hdlconvertor/tests/sv_test/std2017/p557.sv:5</a>: syntax error
<a href="../../../../third_party/tests/hdlconvertor/tests/sv_test/std2017/p557.sv.html#l-6" target="file-frame">third_party/tests/hdlconvertor/tests/sv_test/std2017/p557.sv:6</a>: error: invalid class item.
<a href="../../../../third_party/tests/hdlconvertor/tests/sv_test/std2017/p557.sv.html#l-6" target="file-frame">third_party/tests/hdlconvertor/tests/sv_test/std2017/p557.sv:6</a>: syntax error
<a href="../../../../third_party/tests/hdlconvertor/tests/sv_test/std2017/p557.sv.html#l-6" target="file-frame">third_party/tests/hdlconvertor/tests/sv_test/std2017/p557.sv:6</a>: error: invalid class item.
<a href="../../../../third_party/tests/hdlconvertor/tests/sv_test/std2017/p557.sv.html#l-6" target="file-frame">third_party/tests/hdlconvertor/tests/sv_test/std2017/p557.sv:6</a>: syntax error
<a href="../../../../third_party/tests/hdlconvertor/tests/sv_test/std2017/p557.sv.html#l-9" target="file-frame">third_party/tests/hdlconvertor/tests/sv_test/std2017/p557.sv:9</a>: error: invalid class item.
<a href="../../../../third_party/tests/hdlconvertor/tests/sv_test/std2017/p557.sv.html#l-13" target="file-frame">third_party/tests/hdlconvertor/tests/sv_test/std2017/p557.sv:13</a>: syntax error
<a href="../../../../third_party/tests/hdlconvertor/tests/sv_test/std2017/p557.sv.html#l-13" target="file-frame">third_party/tests/hdlconvertor/tests/sv_test/std2017/p557.sv:13</a>: error: Helper doesn&#39;t name a type.
<a href="../../../../third_party/tests/hdlconvertor/tests/sv_test/std2017/p557.sv.html#l-15" target="file-frame">third_party/tests/hdlconvertor/tests/sv_test/std2017/p557.sv:15</a>: syntax error
<a href="../../../../third_party/tests/hdlconvertor/tests/sv_test/std2017/p557.sv.html#l-15" target="file-frame">third_party/tests/hdlconvertor/tests/sv_test/std2017/p557.sv:15</a>: error: invalid class item.
<a href="../../../../third_party/tests/hdlconvertor/tests/sv_test/std2017/p557.sv.html#l-16" target="file-frame">third_party/tests/hdlconvertor/tests/sv_test/std2017/p557.sv:16</a>: syntax error
<a href="../../../../third_party/tests/hdlconvertor/tests/sv_test/std2017/p557.sv.html#l-16" target="file-frame">third_party/tests/hdlconvertor/tests/sv_test/std2017/p557.sv:16</a>: error: invalid class item.
<a href="../../../../third_party/tests/hdlconvertor/tests/sv_test/std2017/p557.sv.html#l-17" target="file-frame">third_party/tests/hdlconvertor/tests/sv_test/std2017/p557.sv:17</a>: syntax error
<a href="../../../../third_party/tests/hdlconvertor/tests/sv_test/std2017/p557.sv.html#l-18" target="file-frame">third_party/tests/hdlconvertor/tests/sv_test/std2017/p557.sv:18</a>: error: invalid class item.
<a href="../../../../third_party/tests/hdlconvertor/tests/sv_test/std2017/p557.sv.html#l-19" target="file-frame">third_party/tests/hdlconvertor/tests/sv_test/std2017/p557.sv:19</a>: syntax error
<a href="../../../../third_party/tests/hdlconvertor/tests/sv_test/std2017/p557.sv.html#l-19" target="file-frame">third_party/tests/hdlconvertor/tests/sv_test/std2017/p557.sv:19</a>: error: m_obj doesn&#39;t name a type.
<a href="../../../../third_party/tests/hdlconvertor/tests/sv_test/std2017/p557.sv.html#l-20" target="file-frame">third_party/tests/hdlconvertor/tests/sv_test/std2017/p557.sv:20</a>: syntax error
<a href="../../../../third_party/tests/hdlconvertor/tests/sv_test/std2017/p557.sv.html#l-20" target="file-frame">third_party/tests/hdlconvertor/tests/sv_test/std2017/p557.sv:20</a>: error: Cov doesn&#39;t name a type.
<a href="../../../../third_party/tests/hdlconvertor/tests/sv_test/std2017/p557.sv.html#l-21" target="file-frame">third_party/tests/hdlconvertor/tests/sv_test/std2017/p557.sv:21</a>: syntax error
I give up.

</pre>
</body>