<head>
  <style>
    .log { font-family: "Courier New", Consolas, monospace; font-size: 80%; }
    .test-failed { background-color: #ffaaaa; }
    .test-passed { background-color: #aaffaa; }
  </style>
</head>
<body>
<h3><a href="https://github.com/MikePopoloski/slang" target="_blank">slang</a></h3>
<pre class="test-failed">
description: class inheritance test
should_fail: 0
tags: 8.13
incdirs: /home/travis/build/SymbiFlow/sv-tests/tests/chapter-8
top_module: 
files: <a href="../../../tests/chapter-8/8.13--inheritance.sv.html" target="file-frame">tests/chapter-8/8.13--inheritance.sv</a>
time_elapsed: 0.006s
</pre>
<pre class="log">

../..<a href="../../../tests/chapter-8/8.13--inheritance.sv.html#l-8" target="file-frame">tests/chapter-8/8.13--inheritance.sv:8</a>:2: error: language feature not yet supported
	class super_cls;
	^~~~~~~~~~~~~~~~
../..<a href="../../../tests/chapter-8/8.13--inheritance.sv.html#l-13" target="file-frame">tests/chapter-8/8.13--inheritance.sv:13</a>:11: error: expected identifier
		function new(int def = 3);
		        ^
../..<a href="../../../tests/chapter-8/8.13--inheritance.sv.html#l-13" target="file-frame">tests/chapter-8/8.13--inheritance.sv:13</a>:12: error: expected statement
		function new(int def = 3);
		         ^~~
../..<a href="../../../tests/chapter-8/8.13--inheritance.sv.html#l-13" target="file-frame">tests/chapter-8/8.13--inheritance.sv:13</a>:27: error: expected declarator
		function new(int def = 3);
		                        ^
../..<a href="../../../tests/chapter-8/8.13--inheritance.sv.html#l-18" target="file-frame">tests/chapter-8/8.13--inheritance.sv:18</a>:2: error: language feature not yet supported
	class test_cls extends super_cls;
	^~~~~~~~~~~~~~~~~~~~~~~~~~~~~~~~~
../..<a href="../../../tests/chapter-8/8.13--inheritance.sv.html#l-20" target="file-frame">tests/chapter-8/8.13--inheritance.sv:20</a>:11: error: expected identifier
		function new(int def = 42);
		        ^
../..<a href="../../../tests/chapter-8/8.13--inheritance.sv.html#l-20" target="file-frame">tests/chapter-8/8.13--inheritance.sv:20</a>:12: error: expected statement
		function new(int def = 42);
		         ^~~
../..<a href="../../../tests/chapter-8/8.13--inheritance.sv.html#l-20" target="file-frame">tests/chapter-8/8.13--inheritance.sv:20</a>:28: error: expected declarator
		function new(int def = 42);
		                         ^
../..<a href="../../../tests/chapter-8/8.13--inheritance.sv.html#l-26" target="file-frame">tests/chapter-8/8.13--inheritance.sv:26</a>:2: error: use of undeclared identifier &#39;test_cls&#39;
	test_cls test_obj;
	^~~~~~~~
../..<a href="../../../tests/chapter-8/8.13--inheritance.sv.html#l-29" target="file-frame">tests/chapter-8/8.13--inheritance.sv:29</a>:14: error: language feature not yet supported
		test_obj = new(37);
		           ^~~~~~~

</pre>
</body>