<head>
  <style>
    .log { font-family: "Courier New", Consolas, monospace; font-size: 80%; }
    .test-failed { background-color: #ffaaaa; }
    .test-passed { background-color: #aaffaa; }
  </style>
</head>
<body>
<h3><a href="https://github.com/MikePopoloski/slang" target="_blank">slang</a></h3>
<pre class="test-failed">
description: class member override test
should_fail: 0
tags: 8.14
incdirs: /home/travis/build/SymbiFlow/sv-tests/tests/chapter-8
top_module: 
type: parsing
mode: parsing
files: <a href="../../../tests/chapter-8/8.14--override_member.sv.html" target="file-frame">tests/chapter-8/8.14--override_member.sv</a>
time_elapsed: 0.003s
ram usage: 9624 KB
</pre>
<pre class="log">

../..<a href="../../../tests/chapter-8/8.14--override_member.sv.html#l-8" target="file-frame">tests/chapter-8/8.14--override_member.sv:8</a>:2: error: language feature not yet supported
	class super_cls;
	^~~~~~~~~~~~~~~~
../..<a href="../../../tests/chapter-8/8.14--override_member.sv.html#l-13" target="file-frame">tests/chapter-8/8.14--override_member.sv:13</a>:11: error: expected identifier
		function new(int def = 3);
		        ^
../..<a href="../../../tests/chapter-8/8.14--override_member.sv.html#l-13" target="file-frame">tests/chapter-8/8.14--override_member.sv:13</a>:12: error: expected statement
		function new(int def = 3);
		         ^~~
../..<a href="../../../tests/chapter-8/8.14--override_member.sv.html#l-13" target="file-frame">tests/chapter-8/8.14--override_member.sv:13</a>:27: error: expected declarator
		function new(int def = 3);
		                        ^
../..<a href="../../../tests/chapter-8/8.14--override_member.sv.html#l-18" target="file-frame">tests/chapter-8/8.14--override_member.sv:18</a>:2: error: language feature not yet supported
	class test_cls extends super_cls;
	^~~~~~~~~~~~~~~~~~~~~~~~~~~~~~~~~
../..<a href="../../../tests/chapter-8/8.14--override_member.sv.html#l-24" target="file-frame">tests/chapter-8/8.14--override_member.sv:24</a>:11: error: expected identifier
		function new(int def = 42);
		        ^
../..<a href="../../../tests/chapter-8/8.14--override_member.sv.html#l-24" target="file-frame">tests/chapter-8/8.14--override_member.sv:24</a>:12: error: expected statement
		function new(int def = 42);
		         ^~~
../..<a href="../../../tests/chapter-8/8.14--override_member.sv.html#l-24" target="file-frame">tests/chapter-8/8.14--override_member.sv:24</a>:28: error: expected declarator
		function new(int def = 42);
		                         ^
../..<a href="../../../tests/chapter-8/8.14--override_member.sv.html#l-30" target="file-frame">tests/chapter-8/8.14--override_member.sv:30</a>:2: error: use of undeclared identifier &#39;test_cls&#39;
	test_cls test_obj;
	^~~~~~~~
../..<a href="../../../tests/chapter-8/8.14--override_member.sv.html#l-31" target="file-frame">tests/chapter-8/8.14--override_member.sv:31</a>:2: error: use of undeclared identifier &#39;super_cls&#39;
	super_cls super_obj;
	^~~~~~~~~
../..<a href="../../../tests/chapter-8/8.14--override_member.sv.html#l-34" target="file-frame">tests/chapter-8/8.14--override_member.sv:34</a>:14: error: language feature not yet supported
		test_obj = new(37);
		           ^~~~~~~

</pre>
</body>