<head>
  <style>
    .log { font-family: "Courier New", Consolas, monospace; font-size: 80%; }
    .test-failed { background-color: #ffaaaa; }
    .test-passed { background-color: #aaffaa; }
  </style>
</head>
<body>
<h3><a href="https://github.com/MikePopoloski/slang" target="_blank">slang</a></h3>
<pre class="test-failed">
description: Tests imported from hdlconv
should_fail: 0
tags: hdlconv
incdirs: /home/travis/build/SymbiFlow/sv-tests/third_party/tests/hdlconvertor/tests/sv_test/std2017
top_module: 
type: parsing
mode: parsing
files: <a href="../../../../third_party/tests/hdlconvertor/tests/sv_test/std2017/p454.sv.html" target="file-frame">third_party/tests/hdlconvertor/tests/sv_test/std2017/p454.sv</a>
time_elapsed: 0.004s
ram usage: 9624 KB
</pre>
<pre class="log">

../..<a href="../../../../third_party/tests/hdlconvertor/tests/sv_test/std2017/p454.sv.html#l-5" target="file-frame">third_party/tests/hdlconvertor/tests/sv_test/std2017/p454.sv:5</a>:3: error: language feature not yet supported
  clocking cb_prog @(posedge clk_p); endclocking
  ^~~~~~~~~~~~~~~~~~~~~~~~~~~~~~~~~~~~~~~~~~~~~~
../..<a href="../../../../third_party/tests/hdlconvertor/tests/sv_test/std2017/p454.sv.html#l-6" target="file-frame">third_party/tests/hdlconvertor/tests/sv_test/std2017/p454.sv:6</a>:3: error: language feature not yet supported
  clocking cb_checker @(posedge clk_c); endclocking
  ^~~~~~~~~~~~~~~~~~~~~~~~~~~~~~~~~~~~~~~~~~~~~~~~~
../..<a href="../../../../third_party/tests/hdlconvertor/tests/sv_test/std2017/p454.sv.html#l-7" target="file-frame">third_party/tests/hdlconvertor/tests/sv_test/std2017/p454.sv:7</a>:3: error: language feature not yet supported
  default clocking cb @(posedge clk_d); endclocking
  ^~~~~~~~~~~~~~~~~~~~~~~~~~~~~~~~~~~~~~~~~~~~~~~~~
../..<a href="../../../../third_party/tests/hdlconvertor/tests/sv_test/std2017/p454.sv.html#l-8" target="file-frame">third_party/tests/hdlconvertor/tests/sv_test/std2017/p454.sv:8</a>:3: error: language feature not yet supported
  sequence e4;
  ^~~~~~~~~~~~
../..<a href="../../../../third_party/tests/hdlconvertor/tests/sv_test/std2017/p454.sv.html#l-12" target="file-frame">third_party/tests/hdlconvertor/tests/sv_test/std2017/p454.sv:12</a>:3: error: language feature not yet supported
  a1: assert property (@(posedge clk_a) a |=&gt; e4.triggered);
  ^~~~~~~~~~~~~~~~~~~~~~~~~~~~~~~~~~~~~~~~~~~~~~~~~~~~~~~~~~
../..<a href="../../../../third_party/tests/hdlconvertor/tests/sv_test/std2017/p454.sv.html#l-14" target="file-frame">third_party/tests/hdlconvertor/tests/sv_test/std2017/p454.sv:14</a>:3: error: language feature not yet supported
  sequence e5;
  ^~~~~~~~~~~~
../..<a href="../../../../third_party/tests/hdlconvertor/tests/sv_test/std2017/p454.sv.html#l-20" target="file-frame">third_party/tests/hdlconvertor/tests/sv_test/std2017/p454.sv:20</a>:3: error: language feature not yet supported
  a2: assert property (@(posedge clk_a) a |=&gt; e5.matched);
  ^~~~~~~~~~~~~~~~~~~~~~~~~~~~~~~~~~~~~~~~~~~~~~~~~~~~~~~~
../..<a href="../../../../third_party/tests/hdlconvertor/tests/sv_test/std2017/p454.sv.html#l-21" target="file-frame">third_party/tests/hdlconvertor/tests/sv_test/std2017/p454.sv:21</a>:3: error: language feature not yet supported
  sequence e6(f);
  ^~~~~~~~~~~~~~~
../..<a href="../../../../third_party/tests/hdlconvertor/tests/sv_test/std2017/p454.sv.html#l-25" target="file-frame">third_party/tests/hdlconvertor/tests/sv_test/std2017/p454.sv:25</a>:3: error: language feature not yet supported
  a3: assert property (@(posedge clk_a) a |=&gt; e6(e4.triggered));
  ^~~~~~~~~~~~~~~~~~~~~~~~~~~~~~~~~~~~~~~~~~~~~~~~~~~~~~~~~~~~~~
../..<a href="../../../../third_party/tests/hdlconvertor/tests/sv_test/std2017/p454.sv.html#l-26" target="file-frame">third_party/tests/hdlconvertor/tests/sv_test/std2017/p454.sv:26</a>:3: error: language feature not yet supported
  sequence e7;
  ^~~~~~~~~~~~
../..<a href="../../../../third_party/tests/hdlconvertor/tests/sv_test/std2017/p454.sv.html#l-30" target="file-frame">third_party/tests/hdlconvertor/tests/sv_test/std2017/p454.sv:30</a>:3: error: language feature not yet supported
  a4: assert property (@(posedge clk_a) a |=&gt; e7.triggered);
  ^~~~~~~~~~~~~~~~~~~~~~~~~~~~~~~~~~~~~~~~~~~~~~~~~~~~~~~~~~
../..<a href="../../../../third_party/tests/hdlconvertor/tests/sv_test/std2017/p454.sv.html#l-35" target="file-frame">third_party/tests/hdlconvertor/tests/sv_test/std2017/p454.sv:35</a>:7: error: identifier &#39;e4&#39; used before its declaration
    @(e4);
      ^~
../..<a href="../../../../third_party/tests/hdlconvertor/tests/sv_test/std2017/p454.sv.html#l-56" target="file-frame">third_party/tests/hdlconvertor/tests/sv_test/std2017/p454.sv:56</a>:12: note: declared here
  check c1(e4.triggered, e4);
           ^
../..<a href="../../../../third_party/tests/hdlconvertor/tests/sv_test/std2017/p454.sv.html#l-40" target="file-frame">third_party/tests/hdlconvertor/tests/sv_test/std2017/p454.sv:40</a>:5: error: language feature not yet supported
    default clocking cb_prog;
    ^~~~~~~~~~~~~~~~~~~~~~~~~
../..<a href="../../../../third_party/tests/hdlconvertor/tests/sv_test/std2017/p454.sv.html#l-45" target="file-frame">third_party/tests/hdlconvertor/tests/sv_test/std2017/p454.sv:45</a>:8: error: expected &#39;endclocking&#39;
    end
       ^
../..<a href="../../../../third_party/tests/hdlconvertor/tests/sv_test/std2017/p454.sv.html#l-48" target="file-frame">third_party/tests/hdlconvertor/tests/sv_test/std2017/p454.sv:48</a>:3: error: expected member
  checker check(input in1, input sequence s_f);
  ^~~~~~~
../..<a href="../../../../third_party/tests/hdlconvertor/tests/sv_test/std2017/p454.sv.html#l-48" target="file-frame">third_party/tests/hdlconvertor/tests/sv_test/std2017/p454.sv:48</a>:27: error: expected identifier
  checker check(input in1, input sequence s_f);
                          ^
../..<a href="../../../../third_party/tests/hdlconvertor/tests/sv_test/std2017/p454.sv.html#l-48" target="file-frame">third_party/tests/hdlconvertor/tests/sv_test/std2017/p454.sv:48</a>:28: error: expected declarator
  checker check(input in1, input sequence s_f);
                           ^~~~~
../..<a href="../../../../third_party/tests/hdlconvertor/tests/sv_test/std2017/p454.sv.html#l-48" target="file-frame">third_party/tests/hdlconvertor/tests/sv_test/std2017/p454.sv:48</a>:42: error: expected &#39;,&#39;
  checker check(input in1, input sequence s_f);
                                         ^
../..<a href="../../../../third_party/tests/hdlconvertor/tests/sv_test/std2017/p454.sv.html#l-48" target="file-frame">third_party/tests/hdlconvertor/tests/sv_test/std2017/p454.sv:48</a>:46: error: expected declarator
  checker check(input in1, input sequence s_f);
                                             ^
../..<a href="../../../../third_party/tests/hdlconvertor/tests/sv_test/std2017/p454.sv.html#l-49" target="file-frame">third_party/tests/hdlconvertor/tests/sv_test/std2017/p454.sv:49</a>:5: error: language feature not yet supported
    default clocking cb_checker;
    ^~~~~~~~~~~~~~~~~~~~~~~~~~~~
../..<a href="../../../../third_party/tests/hdlconvertor/tests/sv_test/std2017/p454.sv.html#l-52" target="file-frame">third_party/tests/hdlconvertor/tests/sv_test/std2017/p454.sv:52</a>:37: error: expected &#39;endclocking&#39;
    a4: assert property (a |=&gt; in1);
                                    ^
../..<a href="../../../../third_party/tests/hdlconvertor/tests/sv_test/std2017/p454.sv.html#l-53" target="file-frame">third_party/tests/hdlconvertor/tests/sv_test/std2017/p454.sv:53</a>:3: error: expected member
  endchecker : check
  ^~~~~~~~~~
../..<a href="../../../../third_party/tests/hdlconvertor/tests/sv_test/std2017/p454.sv.html#l-53" target="file-frame">third_party/tests/hdlconvertor/tests/sv_test/std2017/p454.sv:53</a>:16: error: &#39;check&#39; is not a type
  endchecker : check
               ^~~~~
../..<a href="../../../../third_party/tests/hdlconvertor/tests/sv_test/std2017/p454.sv.html#l-53" target="file-frame">third_party/tests/hdlconvertor/tests/sv_test/std2017/p454.sv:53</a>:16: error: &#39;check&#39; recursively depends on its own definition
  endchecker : check
               ^~~~~
../..<a href="../../../../third_party/tests/hdlconvertor/tests/sv_test/std2017/p454.sv.html#l-56" target="file-frame">third_party/tests/hdlconvertor/tests/sv_test/std2017/p454.sv:56</a>:3: note: declared here
  check c1(e4.triggered, e4);
  ^
../..<a href="../../../../third_party/tests/hdlconvertor/tests/sv_test/std2017/p454.sv.html#l-56" target="file-frame">third_party/tests/hdlconvertor/tests/sv_test/std2017/p454.sv:56</a>:8: error: expected &#39;,&#39;
  check c1(e4.triggered, e4);
       ^
../..<a href="../../../../third_party/tests/hdlconvertor/tests/sv_test/std2017/p454.sv.html#l-56" target="file-frame">third_party/tests/hdlconvertor/tests/sv_test/std2017/p454.sv:56</a>:11: error: expected declarator
  check c1(e4.triggered, e4);
          ^
../..<a href="../../../../third_party/tests/hdlconvertor/tests/sv_test/std2017/p454.sv.html#l-56" target="file-frame">third_party/tests/hdlconvertor/tests/sv_test/std2017/p454.sv:56</a>:12: error: expected &#39;,&#39;
  check c1(e4.triggered, e4);
           ^
../..<a href="../../../../third_party/tests/hdlconvertor/tests/sv_test/std2017/p454.sv.html#l-56" target="file-frame">third_party/tests/hdlconvertor/tests/sv_test/std2017/p454.sv:56</a>:14: error: expected declarator
  check c1(e4.triggered, e4);
             ^
../..<a href="../../../../third_party/tests/hdlconvertor/tests/sv_test/std2017/p454.sv.html#l-56" target="file-frame">third_party/tests/hdlconvertor/tests/sv_test/std2017/p454.sv:56</a>:15: error: expected &#39;,&#39;
  check c1(e4.triggered, e4);
              ^
../..<a href="../../../../third_party/tests/hdlconvertor/tests/sv_test/std2017/p454.sv.html#l-56" target="file-frame">third_party/tests/hdlconvertor/tests/sv_test/std2017/p454.sv:56</a>:26: error: redefinition of &#39;e4&#39;
  check c1(e4.triggered, e4);
                         ^
../..<a href="../../../../third_party/tests/hdlconvertor/tests/sv_test/std2017/p454.sv.html#l-56" target="file-frame">third_party/tests/hdlconvertor/tests/sv_test/std2017/p454.sv:56</a>:12: note: previous definition here
  check c1(e4.triggered, e4);
           ^
../..<a href="../../../../third_party/tests/hdlconvertor/tests/sv_test/std2017/p454.sv.html#l-56" target="file-frame">third_party/tests/hdlconvertor/tests/sv_test/std2017/p454.sv:56</a>:28: error: expected declarator
  check c1(e4.triggered, e4);
                           ^
../..<a href="../../../../third_party/tests/hdlconvertor/tests/sv_test/std2017/p454.sv.html#l-58" target="file-frame">third_party/tests/hdlconvertor/tests/sv_test/std2017/p454.sv:58</a>:3: error: unknown module &#39;mod_adder&#39;
  mod_adder ai1(e4.triggered);
  ^~~~~~~~~

</pre>
</body>