<head>
  <style>
    .log { font-family: "Courier New", Consolas, monospace; font-size: 80%; }
    .test-failed { background-color: #ffaaaa; }
    .test-passed { background-color: #aaffaa; }
  </style>
</head>
<body>
<h3><a href="https://github.com/MikePopoloski/slang" target="_blank">slang</a></h3>
<pre class="test-failed">
description: Tests imported from hdlconv
should_fail: 0
tags: hdlconv
incdirs: /home/travis/build/SymbiFlow/sv-tests/third_party/tests/hdlconvertor/tests/sv_test/std2017
top_module: 
type: parsing
mode: parsing
files: <a href="../../../../third_party/tests/hdlconvertor/tests/sv_test/std2017/p488.sv.html" target="file-frame">third_party/tests/hdlconvertor/tests/sv_test/std2017/p488.sv</a>
time_elapsed: 0.003s
</pre>
<pre class="log">
user_time: 0.0016899999999999999
system_time: 0.0016899999999999999
ram_usage: 9728

../..<a href="../../../../third_party/tests/hdlconvertor/tests/sv_test/std2017/p488.sv.html#l-1" target="file-frame">third_party/tests/hdlconvertor/tests/sv_test/std2017/p488.sv:1</a>:1: error: expected member
checker mutex (logic [31:0] sig, event clock, output bit failure);
^~~~~~~
../..<a href="../../../../third_party/tests/hdlconvertor/tests/sv_test/std2017/p488.sv.html#l-1" target="file-frame">third_party/tests/hdlconvertor/tests/sv_test/std2017/p488.sv:1</a>:33: error: expected identifier
checker mutex (logic [31:0] sig, event clock, output bit failure);
                                ^
../..<a href="../../../../third_party/tests/hdlconvertor/tests/sv_test/std2017/p488.sv.html#l-1" target="file-frame">third_party/tests/hdlconvertor/tests/sv_test/std2017/p488.sv:1</a>:34: error: expected declarator
checker mutex (logic [31:0] sig, event clock, output bit failure);
                                 ^~~~~
../..<a href="../../../../third_party/tests/hdlconvertor/tests/sv_test/std2017/p488.sv.html#l-1" target="file-frame">third_party/tests/hdlconvertor/tests/sv_test/std2017/p488.sv:1</a>:39: error: expected &#39;,&#39;
checker mutex (logic [31:0] sig, event clock, output bit failure);
                                      ^
../..<a href="../../../../third_party/tests/hdlconvertor/tests/sv_test/std2017/p488.sv.html#l-1" target="file-frame">third_party/tests/hdlconvertor/tests/sv_test/std2017/p488.sv:1</a>:46: error: expected identifier
checker mutex (logic [31:0] sig, event clock, output bit failure);
                                             ^
../..<a href="../../../../third_party/tests/hdlconvertor/tests/sv_test/std2017/p488.sv.html#l-1" target="file-frame">third_party/tests/hdlconvertor/tests/sv_test/std2017/p488.sv:1</a>:47: error: expected declarator
checker mutex (logic [31:0] sig, event clock, output bit failure);
                                              ^~~~~~
../..<a href="../../../../third_party/tests/hdlconvertor/tests/sv_test/std2017/p488.sv.html#l-1" target="file-frame">third_party/tests/hdlconvertor/tests/sv_test/std2017/p488.sv:1</a>:57: error: expected &#39;,&#39;
checker mutex (logic [31:0] sig, event clock, output bit failure);
                                                        ^
../..<a href="../../../../third_party/tests/hdlconvertor/tests/sv_test/std2017/p488.sv.html#l-1" target="file-frame">third_party/tests/hdlconvertor/tests/sv_test/std2017/p488.sv:1</a>:65: error: expected declarator
checker mutex (logic [31:0] sig, event clock, output bit failure);
                                                                ^
../..<a href="../../../../third_party/tests/hdlconvertor/tests/sv_test/std2017/p488.sv.html#l-2" target="file-frame">third_party/tests/hdlconvertor/tests/sv_test/std2017/p488.sv:2</a>:1: error: language feature not yet supported
assert property (@clock $onehot0(sig))
^~~~~~~~~~~~~~~~~~~~~~~~~~~~~~~~~~~~~~
../..<a href="../../../../third_party/tests/hdlconvertor/tests/sv_test/std2017/p488.sv.html#l-4" target="file-frame">third_party/tests/hdlconvertor/tests/sv_test/std2017/p488.sv:4</a>:1: error: expected member
endchecker : mutex
^~~~~~~~~~
../..<a href="../../../../third_party/tests/hdlconvertor/tests/sv_test/std2017/p488.sv.html#l-8" target="file-frame">third_party/tests/hdlconvertor/tests/sv_test/std2017/p488.sv:8</a>:1: error: unknown module &#39;mutex&#39;
mutex check_bus(bus, posedge clk, res);
^~~~~
../..<a href="../../../../third_party/tests/hdlconvertor/tests/sv_test/std2017/p488.sv.html#l-8" target="file-frame">third_party/tests/hdlconvertor/tests/sv_test/std2017/p488.sv:8</a>:22: error: expected expression
mutex check_bus(bus, posedge clk, res);
                     ^
../..<a href="../../../../third_party/tests/hdlconvertor/tests/sv_test/std2017/p488.sv.html#l-8" target="file-frame">third_party/tests/hdlconvertor/tests/sv_test/std2017/p488.sv:8</a>:22: error: expected port connection
mutex check_bus(bus, posedge clk, res);
                     ^~~~~~~
../..<a href="../../../../third_party/tests/hdlconvertor/tests/sv_test/std2017/p488.sv.html#l-8" target="file-frame">third_party/tests/hdlconvertor/tests/sv_test/std2017/p488.sv:8</a>:29: error: expected &#39;,&#39;
mutex check_bus(bus, posedge clk, res);
                            ^

</pre>
</body>