<head>
  <style>
    .log { font-family: "Courier New", Consolas, monospace; font-size: 80%; }
    .test-failed { background-color: #ffaaaa; }
    .test-passed { background-color: #aaffaa; }
  </style>
</head>
<body>
<h3><a href="https://github.com/MikePopoloski/slang" target="_blank">slang</a></h3>
<pre class="test-failed">
description: Tests imported from hdlconv
should_fail: 0
tags: hdlconv
incdirs: /home/travis/build/SymbiFlow/sv-tests/third_party/tests/hdlconvertor/tests/sv_test/std2017
top_module: 
type: parsing
mode: parsing
files: <a href="../../../../third_party/tests/hdlconvertor/tests/sv_test/std2017/p791.sv.html" target="file-frame">third_party/tests/hdlconvertor/tests/sv_test/std2017/p791.sv</a>
time_elapsed: 0.003s
ram usage: 9516 KB
</pre>
<pre class="log">

../..<a href="../../../../third_party/tests/hdlconvertor/tests/sv_test/std2017/p791.sv.html#l-3" target="file-frame">third_party/tests/hdlconvertor/tests/sv_test/std2017/p791.sv:3</a>:9: error: identifier &#39;SIZE&#39; used before its declaration
output [SIZE-1:0] sum;
        ^~~~
../..<a href="../../../../third_party/tests/hdlconvertor/tests/sv_test/std2017/p791.sv.html#l-2" target="file-frame">third_party/tests/hdlconvertor/tests/sv_test/std2017/p791.sv:2</a>:11: note: declared here
parameter SIZE = 4;
          ^
../..<a href="../../../../third_party/tests/hdlconvertor/tests/sv_test/std2017/p791.sv.html#l-6" target="file-frame">third_party/tests/hdlconvertor/tests/sv_test/std2017/p791.sv:6</a>:8: error: identifier &#39;SIZE&#39; used before its declaration
input [SIZE-1:0] a, b;
       ^~~~
../..<a href="../../../../third_party/tests/hdlconvertor/tests/sv_test/std2017/p791.sv.html#l-2" target="file-frame">third_party/tests/hdlconvertor/tests/sv_test/std2017/p791.sv:2</a>:11: note: declared here
parameter SIZE = 4;
          ^
../..<a href="../../../../third_party/tests/hdlconvertor/tests/sv_test/std2017/p791.sv.html#l-16" target="file-frame">third_party/tests/hdlconvertor/tests/sv_test/std2017/p791.sv:16</a>:1: error: expected member
xor g1( t1, a[i], b[i]) ;
^~~
../..<a href="../../../../third_party/tests/hdlconvertor/tests/sv_test/std2017/p791.sv.html#l-17" target="file-frame">third_party/tests/hdlconvertor/tests/sv_test/std2017/p791.sv:17</a>:1: error: expected member
xor g2( sum[i],t1, c[i]);
^~~
../..<a href="../../../../third_party/tests/hdlconvertor/tests/sv_test/std2017/p791.sv.html#l-18" target="file-frame">third_party/tests/hdlconvertor/tests/sv_test/std2017/p791.sv:18</a>:1: error: expected member
and g3( t2, a[i], b[i]) ;
^~~
../..<a href="../../../../third_party/tests/hdlconvertor/tests/sv_test/std2017/p791.sv.html#l-19" target="file-frame">third_party/tests/hdlconvertor/tests/sv_test/std2017/p791.sv:19</a>:1: error: expected member
and g4(t3,t1, c[i]     );
^~~
../..<a href="../../../../third_party/tests/hdlconvertor/tests/sv_test/std2017/p791.sv.html#l-20" target="file-frame">third_party/tests/hdlconvertor/tests/sv_test/std2017/p791.sv:20</a>:1: error: expected member
or  g5( c[i+1],t2,t3)   ;
^~

</pre>
</body>