<head>
  <style>
    .log { font-family: "Courier New", Consolas, monospace; font-size: 80%; }
    .test-failed { background-color: #ffaaaa; }
    .test-passed { background-color: #aaffaa; }
  </style>
</head>
<body>
<h3><a href="https://github.com/MikePopoloski/slang" target="_blank">slang</a></h3>
<pre class="test-failed">
description: Tests imported from hdlconv
should_fail: 0
tags: hdlconv
incdirs: /home/travis/build/SymbiFlow/sv-tests/third_party/tests/hdlconvertor/tests/sv_test/std2017
top_module: 
type: parsing
mode: parsing
files: <a href="../../../../third_party/tests/hdlconvertor/tests/sv_test/std2017/p469.sv.html" target="file-frame">third_party/tests/hdlconvertor/tests/sv_test/std2017/p469.sv</a>
time_elapsed: 0.003s
ram usage: 9560 KB
</pre>
<pre class="log">

../..<a href="../../../../third_party/tests/hdlconvertor/tests/sv_test/std2017/p469.sv.html#l-3" target="file-frame">third_party/tests/hdlconvertor/tests/sv_test/std2017/p469.sv:3</a>:3: error: language feature not yet supported
  default clocking @(negedge clk1); endclocking
  ^~~~~~~~~~~~~~~~~~~~~~~~~~~~~~~~~~~~~~~~~~~~~
../..<a href="../../../../third_party/tests/hdlconvertor/tests/sv_test/std2017/p469.sv.html#l-3" target="file-frame">third_party/tests/hdlconvertor/tests/sv_test/std2017/p469.sv:3</a>:19: error: expected identifier
  default clocking @(negedge clk1); endclocking
                  ^
../..<a href="../../../../third_party/tests/hdlconvertor/tests/sv_test/std2017/p469.sv.html#l-4" target="file-frame">third_party/tests/hdlconvertor/tests/sv_test/std2017/p469.sv:4</a>:3: error: expected member
  default disable iff rst1;
  ^~~~~~~
../..<a href="../../../../third_party/tests/hdlconvertor/tests/sv_test/std2017/p469.sv.html#l-6" target="file-frame">third_party/tests/hdlconvertor/tests/sv_test/std2017/p469.sv:6</a>:3: error: language feature not yet supported
  property p_triggers(start_event, end_event, form, clk = $inferred_clock,
  ^~~~~~~~~~~~~~~~~~~~~~~~~~~~~~~~~~~~~~~~~~~~~~~~~~~~~~~~~~~~~~~~~~~~~~~~
../..<a href="../../../../third_party/tests/hdlconvertor/tests/sv_test/std2017/p469.sv.html#l-8" target="file-frame">third_party/tests/hdlconvertor/tests/sv_test/std2017/p469.sv:8</a>:55: error: expected expression
    @clk disable iff (rst) (start_event ##0 end_event[-&gt;1]) |=&gt; form;
                                                      ^
../..<a href="../../../../third_party/tests/hdlconvertor/tests/sv_test/std2017/p469.sv.html#l-11" target="file-frame">third_party/tests/hdlconvertor/tests/sv_test/std2017/p469.sv:11</a>:3: error: language feature not yet supported
  property p_multiclock(clkw, clkx = $inferred_clock, clky, w, x, y, z);
  ^~~~~~~~~~~~~~~~~~~~~~~~~~~~~~~~~~~~~~~~~~~~~~~~~~~~~~~~~~~~~~~~~~~~~~
../..<a href="../../../../third_party/tests/hdlconvertor/tests/sv_test/std2017/p469.sv.html#l-15" target="file-frame">third_party/tests/hdlconvertor/tests/sv_test/std2017/p469.sv:15</a>:3: error: language feature not yet supported
  a1: assert property (p_triggers(a, b, c));
  ^~~~~~~~~~~~~~~~~~~~~~~~~~~~~~~~~~~~~~~~~~
../..<a href="../../../../third_party/tests/hdlconvertor/tests/sv_test/std2017/p469.sv.html#l-17" target="file-frame">third_party/tests/hdlconvertor/tests/sv_test/std2017/p469.sv:17</a>:3: error: language feature not yet supported
  a2: assert property (p_triggers(a, b, c, posedge clk1, 1&#39;b0) );
  ^~~~~~~~~~~~~~~~~~~~~~~~~~~~~~~~~~~~~~~~~~~~~~~~~~~~~~~~~~~~~~~
../..<a href="../../../../third_party/tests/hdlconvertor/tests/sv_test/std2017/p469.sv.html#l-17" target="file-frame">third_party/tests/hdlconvertor/tests/sv_test/std2017/p469.sv:17</a>:44: error: expected expression
  a2: assert property (p_triggers(a, b, c, posedge clk1, 1&#39;b0) );
                                           ^
../..<a href="../../../../third_party/tests/hdlconvertor/tests/sv_test/std2017/p469.sv.html#l-17" target="file-frame">third_party/tests/hdlconvertor/tests/sv_test/std2017/p469.sv:17</a>:44: error: expected argument
  a2: assert property (p_triggers(a, b, c, posedge clk1, 1&#39;b0) );
                                           ^~~~~~~
../..<a href="../../../../third_party/tests/hdlconvertor/tests/sv_test/std2017/p469.sv.html#l-17" target="file-frame">third_party/tests/hdlconvertor/tests/sv_test/std2017/p469.sv:17</a>:51: error: expected &#39;,&#39;
  a2: assert property (p_triggers(a, b, c, posedge clk1, 1&#39;b0) );
                                                  ^
../..<a href="../../../../third_party/tests/hdlconvertor/tests/sv_test/std2017/p469.sv.html#l-23" target="file-frame">third_party/tests/hdlconvertor/tests/sv_test/std2017/p469.sv:23</a>:7: error: language feature not yet supported
      a3: assert property (p_triggers(a, b, c));
      ^~~~~~~~~~~~~~~~~~~~~~~~~~~~~~~~~~~~~~~~~~
../..<a href="../../../../third_party/tests/hdlconvertor/tests/sv_test/std2017/p469.sv.html#l-27" target="file-frame">third_party/tests/hdlconvertor/tests/sv_test/std2017/p469.sv:27</a>:3: error: language feature not yet supported
  a4: assert property(p_multiclock(negedge clk2, , posedge clk1,a, b, c, d) );
  ^~~~~~~~~~~~~~~~~~~~~~~~~~~~~~~~~~
../..<a href="../../../../third_party/tests/hdlconvertor/tests/sv_test/std2017/p469.sv.html#l-27" target="file-frame">third_party/tests/hdlconvertor/tests/sv_test/std2017/p469.sv:27</a>:36: error: expected &#39;)&#39;
  a4: assert property(p_multiclock(negedge clk2, , posedge clk1,a, b, c, d) );
                                   ^
../..<a href="../../../../third_party/tests/hdlconvertor/tests/sv_test/std2017/p469.sv.html#l-27" target="file-frame">third_party/tests/hdlconvertor/tests/sv_test/std2017/p469.sv:27</a>:36: error: expected member
  a4: assert property(p_multiclock(negedge clk2, , posedge clk1,a, b, c, d) );
                                   ^~~~~~~
../..<a href="../../../../third_party/tests/hdlconvertor/tests/sv_test/std2017/p469.sv.html#l-27" target="file-frame">third_party/tests/hdlconvertor/tests/sv_test/std2017/p469.sv:27</a>:36: error: expected statement
  a4: assert property(p_multiclock(negedge clk2, , posedge clk1,a, b, c, d) );
                                   ^
../..<a href="../../../../third_party/tests/hdlconvertor/tests/sv_test/std2017/p469.sv.html#l-27" target="file-frame">third_party/tests/hdlconvertor/tests/sv_test/std2017/p469.sv:27</a>:36: error: expected argument
  a4: assert property(p_multiclock(negedge clk2, , posedge clk1,a, b, c, d) );
                                   ^

</pre>
</body>