<head>
  <style>
    .log { font-family: "Courier New", Consolas, monospace; font-size: 80%; }
    .test-failed { background-color: #ffaaaa; }
    .test-passed { background-color: #aaffaa; }
  </style>
</head>
<body>
<h3><a href="https://github.com/MikePopoloski/slang" target="_blank">slang</a></h3>
<pre class="test-failed">
description: Tests imported from hdlconv
should_fail: 0
tags: hdlconv
incdirs: /home/travis/build/SymbiFlow/sv-tests/third_party/tests/hdlconvertor/tests/sv_test/std2017
top_module: 
type: parsing
mode: parsing
files: <a href="../../../../third_party/tests/hdlconvertor/tests/sv_test/std2017/p783.sv.html" target="file-frame">third_party/tests/hdlconvertor/tests/sv_test/std2017/p783.sv</a>
time_elapsed: 0.003s
ram usage: 9636 KB
</pre>
<pre class="log">

../..<a href="../../../../third_party/tests/hdlconvertor/tests/sv_test/std2017/p783.sv.html#l-6" target="file-frame">third_party/tests/hdlconvertor/tests/sv_test/std2017/p783.sv:6</a>:1: error: language feature not yet supported
export p1::*;
^~~~~~~~~~~~
../..<a href="../../../../third_party/tests/hdlconvertor/tests/sv_test/std2017/p783.sv.html#l-6" target="file-frame">third_party/tests/hdlconvertor/tests/sv_test/std2017/p783.sv:6</a>:7: error: expected string literal
export p1::*;
      ^
../..<a href="../../../../third_party/tests/hdlconvertor/tests/sv_test/std2017/p783.sv.html#l-6" target="file-frame">third_party/tests/hdlconvertor/tests/sv_test/std2017/p783.sv:6</a>:10: error: expected &#39;=&#39;
export p1::*;
         ^
../..<a href="../../../../third_party/tests/hdlconvertor/tests/sv_test/std2017/p783.sv.html#l-6" target="file-frame">third_party/tests/hdlconvertor/tests/sv_test/std2017/p783.sv:6</a>:12: error: expected identifier
export p1::*;
           ^
../..<a href="../../../../third_party/tests/hdlconvertor/tests/sv_test/std2017/p783.sv.html#l-6" target="file-frame">third_party/tests/hdlconvertor/tests/sv_test/std2017/p783.sv:6</a>:12: error: expected member
export p1::*;
           ^
../..<a href="../../../../third_party/tests/hdlconvertor/tests/sv_test/std2017/p783.sv.html#l-13" target="file-frame">third_party/tests/hdlconvertor/tests/sv_test/std2017/p783.sv:13</a>:1: error: language feature not yet supported
export p2::*;
^~~~~~~~~~~~
../..<a href="../../../../third_party/tests/hdlconvertor/tests/sv_test/std2017/p783.sv.html#l-13" target="file-frame">third_party/tests/hdlconvertor/tests/sv_test/std2017/p783.sv:13</a>:7: error: expected string literal
export p2::*;
      ^
../..<a href="../../../../third_party/tests/hdlconvertor/tests/sv_test/std2017/p783.sv.html#l-13" target="file-frame">third_party/tests/hdlconvertor/tests/sv_test/std2017/p783.sv:13</a>:10: error: expected &#39;=&#39;
export p2::*;
         ^
../..<a href="../../../../third_party/tests/hdlconvertor/tests/sv_test/std2017/p783.sv.html#l-13" target="file-frame">third_party/tests/hdlconvertor/tests/sv_test/std2017/p783.sv:13</a>:12: error: expected identifier
export p2::*;
           ^
../..<a href="../../../../third_party/tests/hdlconvertor/tests/sv_test/std2017/p783.sv.html#l-13" target="file-frame">third_party/tests/hdlconvertor/tests/sv_test/std2017/p783.sv:13</a>:12: error: expected member
export p2::*;
           ^
../..<a href="../../../../third_party/tests/hdlconvertor/tests/sv_test/std2017/p783.sv.html#l-22" target="file-frame">third_party/tests/hdlconvertor/tests/sv_test/std2017/p783.sv:22</a>:1: error: language feature not yet supported
export p1::*;
^~~~~~~~~~~~
../..<a href="../../../../third_party/tests/hdlconvertor/tests/sv_test/std2017/p783.sv.html#l-22" target="file-frame">third_party/tests/hdlconvertor/tests/sv_test/std2017/p783.sv:22</a>:7: error: expected string literal
export p1::*;
      ^
../..<a href="../../../../third_party/tests/hdlconvertor/tests/sv_test/std2017/p783.sv.html#l-22" target="file-frame">third_party/tests/hdlconvertor/tests/sv_test/std2017/p783.sv:22</a>:10: error: expected &#39;=&#39;
export p1::*;
         ^
../..<a href="../../../../third_party/tests/hdlconvertor/tests/sv_test/std2017/p783.sv.html#l-22" target="file-frame">third_party/tests/hdlconvertor/tests/sv_test/std2017/p783.sv:22</a>:12: error: expected identifier
export p1::*;
           ^
../..<a href="../../../../third_party/tests/hdlconvertor/tests/sv_test/std2017/p783.sv.html#l-22" target="file-frame">third_party/tests/hdlconvertor/tests/sv_test/std2017/p783.sv:22</a>:12: error: expected member
export p1::*;
           ^
../..<a href="../../../../third_party/tests/hdlconvertor/tests/sv_test/std2017/p783.sv.html#l-28" target="file-frame">third_party/tests/hdlconvertor/tests/sv_test/std2017/p783.sv:28</a>:1: error: language feature not yet supported
export p1::x;
^~~~~~~~~~~~~
../..<a href="../../../../third_party/tests/hdlconvertor/tests/sv_test/std2017/p783.sv.html#l-28" target="file-frame">third_party/tests/hdlconvertor/tests/sv_test/std2017/p783.sv:28</a>:7: error: expected string literal
export p1::x;
      ^
../..<a href="../../../../third_party/tests/hdlconvertor/tests/sv_test/std2017/p783.sv.html#l-28" target="file-frame">third_party/tests/hdlconvertor/tests/sv_test/std2017/p783.sv:28</a>:10: error: expected &#39;=&#39;
export p1::x;
         ^
../..<a href="../../../../third_party/tests/hdlconvertor/tests/sv_test/std2017/p783.sv.html#l-29" target="file-frame">third_party/tests/hdlconvertor/tests/sv_test/std2017/p783.sv:29</a>:1: error: language feature not yet supported
export p4::x;
^~~~~~~~~~~~~
../..<a href="../../../../third_party/tests/hdlconvertor/tests/sv_test/std2017/p783.sv.html#l-29" target="file-frame">third_party/tests/hdlconvertor/tests/sv_test/std2017/p783.sv:29</a>:7: error: expected string literal
export p4::x;
      ^
../..<a href="../../../../third_party/tests/hdlconvertor/tests/sv_test/std2017/p783.sv.html#l-29" target="file-frame">third_party/tests/hdlconvertor/tests/sv_test/std2017/p783.sv:29</a>:10: error: expected &#39;=&#39;
export p4::x;
         ^
../..<a href="../../../../third_party/tests/hdlconvertor/tests/sv_test/std2017/p783.sv.html#l-33" target="file-frame">third_party/tests/hdlconvertor/tests/sv_test/std2017/p783.sv:33</a>:1: error: language feature not yet supported
export p1::x;
^~~~~~~~~~~~~
../..<a href="../../../../third_party/tests/hdlconvertor/tests/sv_test/std2017/p783.sv.html#l-33" target="file-frame">third_party/tests/hdlconvertor/tests/sv_test/std2017/p783.sv:33</a>:7: error: expected string literal
export p1::x;
      ^
../..<a href="../../../../third_party/tests/hdlconvertor/tests/sv_test/std2017/p783.sv.html#l-33" target="file-frame">third_party/tests/hdlconvertor/tests/sv_test/std2017/p783.sv:33</a>:10: error: expected &#39;=&#39;
export p1::x;
         ^
../..<a href="../../../../third_party/tests/hdlconvertor/tests/sv_test/std2017/p783.sv.html#l-47" target="file-frame">third_party/tests/hdlconvertor/tests/sv_test/std2017/p783.sv:47</a>:1: error: language feature not yet supported
export *::*;
^~~~~~
../..<a href="../../../../third_party/tests/hdlconvertor/tests/sv_test/std2017/p783.sv.html#l-47" target="file-frame">third_party/tests/hdlconvertor/tests/sv_test/std2017/p783.sv:47</a>:7: error: expected string literal
export *::*;
      ^
../..<a href="../../../../third_party/tests/hdlconvertor/tests/sv_test/std2017/p783.sv.html#l-47" target="file-frame">third_party/tests/hdlconvertor/tests/sv_test/std2017/p783.sv:47</a>:7: error: expected &#39;function&#39;
export *::*;
      ^
../..<a href="../../../../third_party/tests/hdlconvertor/tests/sv_test/std2017/p783.sv.html#l-47" target="file-frame">third_party/tests/hdlconvertor/tests/sv_test/std2017/p783.sv:47</a>:8: error: expected member
export *::*;
       ^~~~
../..<a href="../../../../third_party/tests/hdlconvertor/tests/sv_test/std2017/p783.sv.html#l-54" target="file-frame">third_party/tests/hdlconvertor/tests/sv_test/std2017/p783.sv:54</a>:9: error: use of undeclared identifier &#39;x&#39;
int y = x;
        ^

</pre>
</body>