<head>
  <style>
    .log { font-family: "Courier New", Consolas, monospace; font-size: 80%; }
    .test-failed { background-color: #ffaaaa; }
    .test-passed { background-color: #aaffaa; }
  </style>
</head>
<body>
<h3><a href="https://github.com/MikePopoloski/slang" target="_blank">slang</a></h3>
<pre class="test-failed">
description: Tests imported from hdlconv
should_fail: 0
tags: hdlconv
incdirs: /home/travis/build/SymbiFlow/sv-tests/third_party/tests/hdlconvertor/tests/sv_test/std2017
top_module: 
type: parsing
mode: parsing
files: <a href="../../../../third_party/tests/hdlconvertor/tests/sv_test/std2017/p295.sv.html" target="file-frame">third_party/tests/hdlconvertor/tests/sv_test/std2017/p295.sv</a>
time_elapsed: 0.004s
ram usage: 9560 KB
</pre>
<pre class="log">

../..<a href="../../../../third_party/tests/hdlconvertor/tests/sv_test/std2017/p295.sv.html#l-3" target="file-frame">third_party/tests/hdlconvertor/tests/sv_test/std2017/p295.sv:3</a>:3: error: language feature not yet supported
  let x = a || b;
  ^~~~~~~~~~~~~~~
../..<a href="../../../../third_party/tests/hdlconvertor/tests/sv_test/std2017/p295.sv.html#l-3" target="file-frame">third_party/tests/hdlconvertor/tests/sv_test/std2017/p295.sv:3</a>:9: error: expected expression
  let x = a || b;
        ^
../..<a href="../../../../third_party/tests/hdlconvertor/tests/sv_test/std2017/p295.sv.html#l-3" target="file-frame">third_party/tests/hdlconvertor/tests/sv_test/std2017/p295.sv:3</a>:17: error: expected &#39;=&#39;
  let x = a || b;
                ^
../..<a href="../../../../third_party/tests/hdlconvertor/tests/sv_test/std2017/p295.sv.html#l-4" target="file-frame">third_party/tests/hdlconvertor/tests/sv_test/std2017/p295.sv:4</a>:3: error: language feature not yet supported
  sequence s;
  ^~~~~~~~~~~
../..<a href="../../../../third_party/tests/hdlconvertor/tests/sv_test/std2017/p295.sv.html#l-12" target="file-frame">third_party/tests/hdlconvertor/tests/sv_test/std2017/p295.sv:12</a>:3: error: language feature not yet supported
  sequence s;
  ^~~~~~~~~~~
../..<a href="../../../../third_party/tests/hdlconvertor/tests/sv_test/std2017/p295.sv.html#l-25" target="file-frame">third_party/tests/hdlconvertor/tests/sv_test/std2017/p295.sv:25</a>:7: error: language feature not yet supported
      let my_let(x) = !x || b &amp;&amp; c[i];
      ^~~~~~~~~~~~~~~~~~~~~~~~~~~~~~~~
../..<a href="../../../../third_party/tests/hdlconvertor/tests/sv_test/std2017/p295.sv.html#l-25" target="file-frame">third_party/tests/hdlconvertor/tests/sv_test/std2017/p295.sv:25</a>:21: error: expected expression
      let my_let(x) = !x || b &amp;&amp; c[i];
                    ^
../..<a href="../../../../third_party/tests/hdlconvertor/tests/sv_test/std2017/p295.sv.html#l-25" target="file-frame">third_party/tests/hdlconvertor/tests/sv_test/std2017/p295.sv:25</a>:38: error: expected &#39;=&#39;
      let my_let(x) = !x || b &amp;&amp; c[i];
                                     ^
../..<a href="../../../../third_party/tests/hdlconvertor/tests/sv_test/std2017/p295.sv.html#l-26" target="file-frame">third_party/tests/hdlconvertor/tests/sv_test/std2017/p295.sv:26</a>:25: error: use of undeclared identifier &#39;my_let&#39;
      assign d[2 - i] = my_let(a); // OK
                        ^~~~~~
../..<a href="../../../../third_party/tests/hdlconvertor/tests/sv_test/std2017/p295.sv.html#l-36" target="file-frame">third_party/tests/hdlconvertor/tests/sv_test/std2017/p295.sv:36</a>:3: error: language feature not yet supported
  let ones_match(bits x, y) = x == y;
  ^~~~~~~~~~~~~~~~~~~~~~~~~~~~~~~~~~~
../..<a href="../../../../third_party/tests/hdlconvertor/tests/sv_test/std2017/p295.sv.html#l-36" target="file-frame">third_party/tests/hdlconvertor/tests/sv_test/std2017/p295.sv:36</a>:29: error: expected expression
  let ones_match(bits x, y) = x == y;
                            ^
../..<a href="../../../../third_party/tests/hdlconvertor/tests/sv_test/std2017/p295.sv.html#l-36" target="file-frame">third_party/tests/hdlconvertor/tests/sv_test/std2017/p295.sv:36</a>:37: error: expected &#39;=&#39;
  let ones_match(bits x, y) = x == y;
                                    ^
../..<a href="../../../../third_party/tests/hdlconvertor/tests/sv_test/std2017/p295.sv.html#l-37" target="file-frame">third_party/tests/hdlconvertor/tests/sv_test/std2017/p295.sv:37</a>:3: error: language feature not yet supported
  let same(logic x, y) = x === y;
  ^~~~~~~~~~~~~~~~~~~~~~~~~~~~~~~
../..<a href="../../../../third_party/tests/hdlconvertor/tests/sv_test/std2017/p295.sv.html#l-37" target="file-frame">third_party/tests/hdlconvertor/tests/sv_test/std2017/p295.sv:37</a>:24: error: expected expression
  let same(logic x, y) = x === y;
                       ^
../..<a href="../../../../third_party/tests/hdlconvertor/tests/sv_test/std2017/p295.sv.html#l-37" target="file-frame">third_party/tests/hdlconvertor/tests/sv_test/std2017/p295.sv:37</a>:33: error: expected &#39;=&#39;
  let same(logic x, y) = x === y;
                                ^
../..<a href="../../../../third_party/tests/hdlconvertor/tests/sv_test/std2017/p295.sv.html#l-39" target="file-frame">third_party/tests/hdlconvertor/tests/sv_test/std2017/p295.sv:39</a>:16: error: use of undeclared identifier &#39;ones_match&#39;
    a1: assert(ones_match(a, b));
               ^~~~~~~~~~
../..<a href="../../../../third_party/tests/hdlconvertor/tests/sv_test/std2017/p295.sv.html#l-41" target="file-frame">third_party/tests/hdlconvertor/tests/sv_test/std2017/p295.sv:41</a>:3: error: language feature not yet supported
  property toggles(bit x, y);
  ^~~~~~~~~~~~~~~~~~~~~~~~~~~
../..<a href="../../../../third_party/tests/hdlconvertor/tests/sv_test/std2017/p295.sv.html#l-44" target="file-frame">third_party/tests/hdlconvertor/tests/sv_test/std2017/p295.sv:44</a>:3: error: language feature not yet supported
  a2: assert property (@(posedge clock) toggles(c, d));
  ^~~~~~~~~~~~~~~~~~~~~~~~~~~~~~~~~~~~~~~~~~~~~~~~~~~~~

</pre>
</body>