<head>
  <style>
    .log { font-family: "Courier New", Consolas, monospace; font-size: 80%; }
    .test-failed { background-color: #ffaaaa; }
    .test-passed { background-color: #aaffaa; }
  </style>
</head>
<body>
<h3><a href="https://github.com/MikePopoloski/slang" target="_blank">slang</a></h3>
<pre class="test-failed">
description: Tests imported from hdlconv
should_fail: 0
tags: hdlconv
incdirs: /home/travis/build/SymbiFlow/sv-tests/third_party/tests/hdlconvertor/tests/sv_test/std2017
top_module: 
type: parsing
mode: parsing
files: <a href="../../../../third_party/tests/hdlconvertor/tests/sv_test/std2017/p123.sv.html" target="file-frame">third_party/tests/hdlconvertor/tests/sv_test/std2017/p123.sv</a>
time_elapsed: 0.003s
ram usage: 9628 KB
</pre>
<pre class="log">

../..<a href="../../../../third_party/tests/hdlconvertor/tests/sv_test/std2017/p123.sv.html#l-13" target="file-frame">third_party/tests/hdlconvertor/tests/sv_test/std2017/p123.sv:13</a>:61: error: expected expression
      (reset_n &amp;&amp; ($past(en) != 0) &amp;&amp; en == 0) |-&gt;(en == 0)[*min_quiet:max_quiet] ##1 ($countones(en) == 1);
                                                            ^
../..<a href="../../../../third_party/tests/hdlconvertor/tests/sv_test/std2017/p123.sv.html#l-13" target="file-frame">third_party/tests/hdlconvertor/tests/sv_test/std2017/p123.sv:13</a>:108: error: expected expression
      (reset_n &amp;&amp; ($past(en) != 0) &amp;&amp; en == 0) |-&gt;(en == 0)[*min_quiet:max_quiet] ##1 ($countones(en) == 1);
                                                                                                           ^
../..<a href="../../../../third_party/tests/hdlconvertor/tests/sv_test/std2017/p123.sv.html#l-17" target="file-frame">third_party/tests/hdlconvertor/tests/sv_test/std2017/p123.sv:17</a>:28: error: unknown system name &#39;$isunbounded&#39;
  if ( (min_quiet == 0) &amp;&amp; $isunbounded(max_quiet) )
                           ^~~~~~~~~~~~
../..<a href="../../../../third_party/tests/hdlconvertor/tests/sv_test/std2017/p123.sv.html#l-18" target="file-frame">third_party/tests/hdlconvertor/tests/sv_test/std2017/p123.sv:18</a>:5: error: expected member
    $warning(warning_msg);
    ^~~~~~~~

</pre>
</body>