<head>
  <style>
    .log { font-family: "Courier New", Consolas, monospace; font-size: 80%; }
    .test-failed { background-color: #ffaaaa; }
    .test-passed { background-color: #aaffaa; }
  </style>
</head>
<body>
<h3><a href="https://github.com/MikePopoloski/slang" target="_blank">slang</a></h3>
<pre class="test-failed">
description: Tests imported from hdlconv
should_fail: 0
tags: hdlconv
incdirs: /home/travis/build/SymbiFlow/sv-tests/third_party/tests/hdlconvertor/tests/sv_test/std2012
top_module: 
files: <a href="../../../../third_party/tests/hdlconvertor/tests/sv_test/std2012/p753_1.sv.html" target="file-frame">third_party/tests/hdlconvertor/tests/sv_test/std2012/p753_1.sv</a>
time_elapsed: 0.003s
</pre>
<pre class="log">
user_time: 0.0034029999999999998
system_time: 0.0
ram_usage: 9624

../..<a href="../../../../third_party/tests/hdlconvertor/tests/sv_test/std2012/p753_1.sv.html#l-4" target="file-frame">third_party/tests/hdlconvertor/tests/sv_test/std2012/p753_1.sv:4</a>:13: error: identifier &#39;SIZE&#39; used before its declaration
    output [SIZE-1:0] bin;
            ^~~~
../..<a href="../../../../third_party/tests/hdlconvertor/tests/sv_test/std2012/p753_1.sv.html#l-2" target="file-frame">third_party/tests/hdlconvertor/tests/sv_test/std2012/p753_1.sv:2</a>:15: note: declared here
    parameter SIZE = 8;
              ^
../..<a href="../../../../third_party/tests/hdlconvertor/tests/sv_test/std2012/p753_1.sv.html#l-5" target="file-frame">third_party/tests/hdlconvertor/tests/sv_test/std2012/p753_1.sv:5</a>:12: error: identifier &#39;SIZE&#39; used before its declaration
    input [SIZE-1:0] gray;
           ^~~~
../..<a href="../../../../third_party/tests/hdlconvertor/tests/sv_test/std2012/p753_1.sv.html#l-2" target="file-frame">third_party/tests/hdlconvertor/tests/sv_test/std2012/p753_1.sv:2</a>:15: note: declared here
    parameter SIZE = 8;
              ^

</pre>
</body>