<head>
  <style>
    .log { font-family: "Courier New", Consolas, monospace; font-size: 80%; }
    .test-failed { background-color: #ffaaaa; }
    .test-passed { background-color: #aaffaa; }
  </style>
</head>
<body>
<h3><a href="https://github.com/MikePopoloski/slang" target="_blank">slang</a></h3>
<pre class="test-failed">
description: Tests imported from hdlconv
should_fail: 0
tags: hdlconv
incdirs: /home/travis/build/SymbiFlow/sv-tests/third_party/tests/hdlconvertor/tests/sv_test/std2017
top_module: 
type: parsing
mode: parsing
files: <a href="../../../../third_party/tests/hdlconvertor/tests/sv_test/std2017/p576.sv.html" target="file-frame">third_party/tests/hdlconvertor/tests/sv_test/std2017/p576.sv</a>
time_elapsed: 0.003s
ram usage: 9512 KB
</pre>
<pre class="log">

../..<a href="../../../../third_party/tests/hdlconvertor/tests/sv_test/std2017/p576.sv.html#l-1" target="file-frame">third_party/tests/hdlconvertor/tests/sv_test/std2017/p576.sv:1</a>:1: error: language feature not yet supported
class cg_cls;
^~~~~~~~~~~~~
../..<a href="../../../../third_party/tests/hdlconvertor/tests/sv_test/std2017/p576.sv.html#l-6" target="file-frame">third_party/tests/hdlconvertor/tests/sv_test/std2017/p576.sv:6</a>:6: error: expected &#39;coverpoint&#39;
	XYA: cross xy, a
	    ^
../..<a href="../../../../third_party/tests/hdlconvertor/tests/sv_test/std2017/p576.sv.html#l-6" target="file-frame">third_party/tests/hdlconvertor/tests/sv_test/std2017/p576.sv:6</a>:6: error: expected &#39;;&#39;
	XYA: cross xy, a
	    ^
../..<a href="../../../../third_party/tests/hdlconvertor/tests/sv_test/std2017/p576.sv.html#l-6" target="file-frame">third_party/tests/hdlconvertor/tests/sv_test/std2017/p576.sv:6</a>:7: error: expected expression
	XYA: cross xy, a
	     ^
../..<a href="../../../../third_party/tests/hdlconvertor/tests/sv_test/std2017/p576.sv.html#l-6" target="file-frame">third_party/tests/hdlconvertor/tests/sv_test/std2017/p576.sv:6</a>:7: error: expected member
	XYA: cross xy, a
	     ^~~~~
../..<a href="../../../../third_party/tests/hdlconvertor/tests/sv_test/std2017/p576.sv.html#l-6" target="file-frame">third_party/tests/hdlconvertor/tests/sv_test/std2017/p576.sv:6</a>:15: error: expected expression
	XYA: cross xy, a
	             ^
../..<a href="../../../../third_party/tests/hdlconvertor/tests/sv_test/std2017/p576.sv.html#l-6" target="file-frame">third_party/tests/hdlconvertor/tests/sv_test/std2017/p576.sv:6</a>:15: error: expected &#39;:&#39;
	XYA: cross xy, a
	             ^
../..<a href="../../../../third_party/tests/hdlconvertor/tests/sv_test/std2017/p576.sv.html#l-6" target="file-frame">third_party/tests/hdlconvertor/tests/sv_test/std2017/p576.sv:6</a>:15: error: expected &#39;;&#39;
	XYA: cross xy, a
	             ^
../..<a href="../../../../third_party/tests/hdlconvertor/tests/sv_test/std2017/p576.sv.html#l-6" target="file-frame">third_party/tests/hdlconvertor/tests/sv_test/std2017/p576.sv:6</a>:15: error: expected member
	XYA: cross xy, a
	             ^
../..<a href="../../../../third_party/tests/hdlconvertor/tests/sv_test/std2017/p576.sv.html#l-6" target="file-frame">third_party/tests/hdlconvertor/tests/sv_test/std2017/p576.sv:6</a>:18: error: expected &#39;:&#39;
	XYA: cross xy, a
	                ^
../..<a href="../../../../third_party/tests/hdlconvertor/tests/sv_test/std2017/p576.sv.html#l-11" target="file-frame">third_party/tests/hdlconvertor/tests/sv_test/std2017/p576.sv:11</a>:3: error: expected &#39;;&#39;
	}
	 ^
../..<a href="../../../../third_party/tests/hdlconvertor/tests/sv_test/std2017/p576.sv.html#l-17" target="file-frame">third_party/tests/hdlconvertor/tests/sv_test/std2017/p576.sv:17</a>:7: error: expected &#39;coverpoint&#39;
	aXb : cross a, b
	     ^
../..<a href="../../../../third_party/tests/hdlconvertor/tests/sv_test/std2017/p576.sv.html#l-17" target="file-frame">third_party/tests/hdlconvertor/tests/sv_test/std2017/p576.sv:17</a>:7: error: expected &#39;;&#39;
	aXb : cross a, b
	     ^
../..<a href="../../../../third_party/tests/hdlconvertor/tests/sv_test/std2017/p576.sv.html#l-17" target="file-frame">third_party/tests/hdlconvertor/tests/sv_test/std2017/p576.sv:17</a>:8: error: expected expression
	aXb : cross a, b
	      ^
../..<a href="../../../../third_party/tests/hdlconvertor/tests/sv_test/std2017/p576.sv.html#l-17" target="file-frame">third_party/tests/hdlconvertor/tests/sv_test/std2017/p576.sv:17</a>:8: error: expected member
	aXb : cross a, b
	      ^~~~~
../..<a href="../../../../third_party/tests/hdlconvertor/tests/sv_test/std2017/p576.sv.html#l-17" target="file-frame">third_party/tests/hdlconvertor/tests/sv_test/std2017/p576.sv:17</a>:15: error: expected expression
	aXb : cross a, b
	             ^
../..<a href="../../../../third_party/tests/hdlconvertor/tests/sv_test/std2017/p576.sv.html#l-17" target="file-frame">third_party/tests/hdlconvertor/tests/sv_test/std2017/p576.sv:17</a>:15: error: expected &#39;:&#39;
	aXb : cross a, b
	             ^
../..<a href="../../../../third_party/tests/hdlconvertor/tests/sv_test/std2017/p576.sv.html#l-17" target="file-frame">third_party/tests/hdlconvertor/tests/sv_test/std2017/p576.sv:17</a>:15: error: expected &#39;;&#39;
	aXb : cross a, b
	             ^
../..<a href="../../../../third_party/tests/hdlconvertor/tests/sv_test/std2017/p576.sv.html#l-17" target="file-frame">third_party/tests/hdlconvertor/tests/sv_test/std2017/p576.sv:17</a>:15: error: expected member
	aXb : cross a, b
	             ^
../..<a href="../../../../third_party/tests/hdlconvertor/tests/sv_test/std2017/p576.sv.html#l-17" target="file-frame">third_party/tests/hdlconvertor/tests/sv_test/std2017/p576.sv:17</a>:18: error: expected &#39;:&#39;
	aXb : cross a, b
	                ^
../..<a href="../../../../third_party/tests/hdlconvertor/tests/sv_test/std2017/p576.sv.html#l-18" target="file-frame">third_party/tests/hdlconvertor/tests/sv_test/std2017/p576.sv:18</a>:3: error: expected &#39;,&#39;
	{
	 ^
../..<a href="../../../../third_party/tests/hdlconvertor/tests/sv_test/std2017/p576.sv.html#l-19" target="file-frame">third_party/tests/hdlconvertor/tests/sv_test/std2017/p576.sv:19</a>:2: error: expected expression
	bins one = &#39;{ &#39;{1,2}, &#39;{3,4}, &#39;{5,6} };
	^
../..<a href="../../../../third_party/tests/hdlconvertor/tests/sv_test/std2017/p576.sv.html#l-19" target="file-frame">third_party/tests/hdlconvertor/tests/sv_test/std2017/p576.sv:19</a>:2: error: expected member
	bins one = &#39;{ &#39;{1,2}, &#39;{3,4}, &#39;{5,6} };
	^~~~
../..<a href="../../../../third_party/tests/hdlconvertor/tests/sv_test/std2017/p576.sv.html#l-19" target="file-frame">third_party/tests/hdlconvertor/tests/sv_test/std2017/p576.sv:19</a>:10: error: expected &#39;:&#39;
	bins one = &#39;{ &#39;{1,2}, &#39;{3,4}, &#39;{5,6} };
	        ^
../..<a href="../../../../third_party/tests/hdlconvertor/tests/sv_test/std2017/p576.sv.html#l-19" target="file-frame">third_party/tests/hdlconvertor/tests/sv_test/std2017/p576.sv:19</a>:11: error: expected expression
	bins one = &#39;{ &#39;{1,2}, &#39;{3,4}, &#39;{5,6} };
	         ^
../..<a href="../../../../third_party/tests/hdlconvertor/tests/sv_test/std2017/p576.sv.html#l-20" target="file-frame">third_party/tests/hdlconvertor/tests/sv_test/std2017/p576.sv:20</a>:2: error: expected member
	}
	^

</pre>
</body>