<head>
  <style>
    .log { font-family: "Courier New", Consolas, monospace; font-size: 80%; }
    .test-failed { background-color: #ffaaaa; }
    .test-passed { background-color: #aaffaa; }
  </style>
</head>
<body>
<h3><a href="https://github.com/MikePopoloski/slang" target="_blank">slang</a></h3>
<pre class="test-failed">
description: Tests imported from hdlconv
should_fail: 0
tags: hdlconv
incdirs: /home/travis/build/SymbiFlow/sv-tests/third_party/tests/hdlconvertor/tests/sv_test/std2017
top_module: 
type: parsing
mode: parsing
files: <a href="../../../../third_party/tests/hdlconvertor/tests/sv_test/std2017/p352.sv.html" target="file-frame">third_party/tests/hdlconvertor/tests/sv_test/std2017/p352.sv</a>
time_elapsed: 0.003s
ram usage: 9572 KB
</pre>
<pre class="log">

../..<a href="../../../../third_party/tests/hdlconvertor/tests/sv_test/std2017/p352.sv.html#l-3" target="file-frame">third_party/tests/hdlconvertor/tests/sv_test/std2017/p352.sv:3</a>:1: error: language feature not yet supported
default clocking cb @(posedge clk);
^~~~~~~~~~~~~~~~~~~~~~~~~~~~~~~~~~~
../..<a href="../../../../third_party/tests/hdlconvertor/tests/sv_test/std2017/p352.sv.html#l-7" target="file-frame">third_party/tests/hdlconvertor/tests/sv_test/std2017/p352.sv:7</a>:1: error: language feature not yet supported
## 1;
^~~~
../..<a href="../../../../third_party/tests/hdlconvertor/tests/sv_test/std2017/p352.sv.html#l-8" target="file-frame">third_party/tests/hdlconvertor/tests/sv_test/std2017/p352.sv:8</a>:1: error: use of undeclared identifier &#39;cb&#39;
cb.a &lt;= 1&#39;b0;
^~
../..<a href="../../../../third_party/tests/hdlconvertor/tests/sv_test/std2017/p352.sv.html#l-9" target="file-frame">third_party/tests/hdlconvertor/tests/sv_test/std2017/p352.sv:9</a>:3: error: use of undeclared identifier &#39;x&#39;
@(x); // x is triggered by reactive stimulus running in same time step
  ^
../..<a href="../../../../third_party/tests/hdlconvertor/tests/sv_test/std2017/p352.sv.html#l-10" target="file-frame">third_party/tests/hdlconvertor/tests/sv_test/std2017/p352.sv:10</a>:1: error: use of undeclared identifier &#39;cb&#39;
cb.a &lt;= 1&#39;b1;
^~

</pre>
</body>