<head>
  <style>
    .log { font-family: "Courier New", Consolas, monospace; font-size: 80%; }
    .test-failed { background-color: #ffaaaa; }
    .test-passed { background-color: #aaffaa; }
  </style>
</head>
<body>
<h3><a href="https://github.com/MikePopoloski/slang" target="_blank">slang</a></h3>
<pre class="test-failed">
description: Tests imported from hdlconv
should_fail: 0
tags: hdlconv
incdirs: /home/travis/build/SymbiFlow/sv-tests/third_party/tests/hdlconvertor/tests/sv_test/std2017
top_module: 
type: parsing
mode: parsing
files: <a href="../../../../third_party/tests/hdlconvertor/tests/sv_test/std2017/p494_2.sv.html" target="file-frame">third_party/tests/hdlconvertor/tests/sv_test/std2017/p494_2.sv</a>
time_elapsed: 0.004s
ram usage: 9632 KB
</pre>
<pre class="log">

../..<a href="../../../../third_party/tests/hdlconvertor/tests/sv_test/std2017/p494_2.sv.html#l-1" target="file-frame">third_party/tests/hdlconvertor/tests/sv_test/std2017/p494_2.sv:1</a>:1: error: expected member
checker counter_model(logic flag);
^~~~~~~
../..<a href="../../../../third_party/tests/hdlconvertor/tests/sv_test/std2017/p494_2.sv.html#l-1" target="file-frame">third_party/tests/hdlconvertor/tests/sv_test/std2017/p494_2.sv:1</a>:33: error: expected declarator
checker counter_model(logic flag);
                                ^
../..<a href="../../../../third_party/tests/hdlconvertor/tests/sv_test/std2017/p494_2.sv.html#l-3" target="file-frame">third_party/tests/hdlconvertor/tests/sv_test/std2017/p494_2.sv:3</a>:15: error: unknown system name &#39;$global_clock&#39;
  always_ff @($global_clock)
              ^~~~~~~~~~~~~
../..<a href="../../../../third_party/tests/hdlconvertor/tests/sv_test/std2017/p494_2.sv.html#l-6" target="file-frame">third_party/tests/hdlconvertor/tests/sv_test/std2017/p494_2.sv:6</a>:3: error: language feature not yet supported
  assert property (@($global_clock) counter == 0 |-&gt; flag);
  ^~~~~~~~~~~~~~~~~~~~~~~~~~~~~~~~~~~~~~~~~~~~~~~~~~~~~~~~~
../..<a href="../../../../third_party/tests/hdlconvertor/tests/sv_test/std2017/p494_2.sv.html#l-8" target="file-frame">third_party/tests/hdlconvertor/tests/sv_test/std2017/p494_2.sv:8</a>:1: error: expected member
endchecker : counter_model
^~~~~~~~~~

</pre>
</body>