<head>
  <style>
    .log { font-family: "Courier New", Consolas, monospace; font-size: 80%; }
    .test-failed { background-color: #ffaaaa; }
    .test-passed { background-color: #aaffaa; }
  </style>
</head>
<body>
<h3><a href="https://github.com/MikePopoloski/slang" target="_blank">slang</a></h3>
<pre class="test-failed">
description: Tests imported from hdlconv
should_fail: 0
tags: hdlconv
incdirs: /home/travis/build/SymbiFlow/sv-tests/third_party/tests/hdlconvertor/tests/sv_test/std2017
top_module: 
type: parsing
mode: parsing
files: <a href="../../../../third_party/tests/hdlconvertor/tests/sv_test/std2017/p721.sv.html" target="file-frame">third_party/tests/hdlconvertor/tests/sv_test/std2017/p721.sv</a>
time_elapsed: 0.004s
ram usage: 9740 KB
</pre>
<pre class="log">

../..<a href="../../../../third_party/tests/hdlconvertor/tests/sv_test/std2017/p721.sv.html#l-1" target="file-frame">third_party/tests/hdlconvertor/tests/sv_test/std2017/p721.sv:1</a>:1: error: expected member
extern module m (a,b,c,d);
^~~~~~
../..<a href="../../../../third_party/tests/hdlconvertor/tests/sv_test/std2017/p721.sv.html#l-1" target="file-frame">third_party/tests/hdlconvertor/tests/sv_test/std2017/p721.sv:1</a>:18: error: port &#39;a&#39; has no I/O member declaration
extern module m (a,b,c,d);
                 ^
../..<a href="../../../../third_party/tests/hdlconvertor/tests/sv_test/std2017/p721.sv.html#l-1" target="file-frame">third_party/tests/hdlconvertor/tests/sv_test/std2017/p721.sv:1</a>:20: error: port &#39;b&#39; has no I/O member declaration
extern module m (a,b,c,d);
                   ^
../..<a href="../../../../third_party/tests/hdlconvertor/tests/sv_test/std2017/p721.sv.html#l-1" target="file-frame">third_party/tests/hdlconvertor/tests/sv_test/std2017/p721.sv:1</a>:22: error: port &#39;c&#39; has no I/O member declaration
extern module m (a,b,c,d);
                     ^
../..<a href="../../../../third_party/tests/hdlconvertor/tests/sv_test/std2017/p721.sv.html#l-1" target="file-frame">third_party/tests/hdlconvertor/tests/sv_test/std2017/p721.sv:1</a>:24: error: port &#39;d&#39; has no I/O member declaration
extern module m (a,b,c,d);
                       ^
../..<a href="../../../../third_party/tests/hdlconvertor/tests/sv_test/std2017/p721.sv.html#l-2" target="file-frame">third_party/tests/hdlconvertor/tests/sv_test/std2017/p721.sv:2</a>:1: error: expected member
extern module a #(parameter size = 8, parameter type TP = logic [7:0])
^~~~~~
../..<a href="../../../../third_party/tests/hdlconvertor/tests/sv_test/std2017/p721.sv.html#l-4" target="file-frame">third_party/tests/hdlconvertor/tests/sv_test/std2017/p721.sv:4</a>:10: error: language feature not yet supported
module m (.*);
         ^~~~
../..<a href="../../../../third_party/tests/hdlconvertor/tests/sv_test/std2017/p721.sv.html#l-8" target="file-frame">third_party/tests/hdlconvertor/tests/sv_test/std2017/p721.sv:8</a>:10: error: language feature not yet supported
module a (.*);
         ^~~~
../..<a href="../../../../third_party/tests/hdlconvertor/tests/sv_test/std2017/p721.sv.html#l-18" target="file-frame">third_party/tests/hdlconvertor/tests/sv_test/std2017/p721.sv:18</a>:10: error: expected &#39;endmodule&#39;
endmodule
         ^

</pre>
</body>