<head>
  <style>
    .log { font-family: "Courier New", Consolas, monospace; font-size: 80%; }
    .test-failed { background-color: #ffaaaa; }
    .test-passed { background-color: #aaffaa; }
  </style>
</head>
<body>
<h3><a href="https://github.com/MikePopoloski/slang" target="_blank">slang</a></h3>
<pre class="test-failed">
description: Tests imported from hdlconv
should_fail: 0
tags: hdlconv
incdirs: /home/travis/build/SymbiFlow/sv-tests/third_party/tests/hdlconvertor/tests/sv_test/std2017
top_module: 
type: parsing
mode: parsing
files: <a href="../../../../third_party/tests/hdlconvertor/tests/sv_test/std2017/p493.sv.html" target="file-frame">third_party/tests/hdlconvertor/tests/sv_test/std2017/p493.sv</a>
time_elapsed: 0.003s
ram usage: 9628 KB
</pre>
<pre class="log">

../..<a href="../../../../third_party/tests/hdlconvertor/tests/sv_test/std2017/p493.sv.html#l-1" target="file-frame">third_party/tests/hdlconvertor/tests/sv_test/std2017/p493.sv:1</a>:1: error: expected member
checker my_check(logic clk, active);
^~~~~~~
../..<a href="../../../../third_party/tests/hdlconvertor/tests/sv_test/std2017/p493.sv.html#l-1" target="file-frame">third_party/tests/hdlconvertor/tests/sv_test/std2017/p493.sv:1</a>:35: error: expected declarator
checker my_check(logic clk, active);
                                  ^
../..<a href="../../../../third_party/tests/hdlconvertor/tests/sv_test/std2017/p493.sv.html#l-6" target="file-frame">third_party/tests/hdlconvertor/tests/sv_test/std2017/p493.sv:6</a>:1: error: language feature not yet supported
covergroup cg_active @(posedge clk);
^~~~~~~~~~~~~~~~~~~~~~~~~~~~~~~~~~~~
../..<a href="../../../../third_party/tests/hdlconvertor/tests/sv_test/std2017/p493.sv.html#l-19" target="file-frame">third_party/tests/hdlconvertor/tests/sv_test/std2017/p493.sv:19</a>:1: error: use of undeclared identifier &#39;cg_active&#39;
cg_active cg_active_1 = new();
^~~~~~~~~
../..<a href="../../../../third_party/tests/hdlconvertor/tests/sv_test/std2017/p493.sv.html#l-19" target="file-frame">third_party/tests/hdlconvertor/tests/sv_test/std2017/p493.sv:19</a>:25: error: language feature not yet supported
cg_active cg_active_1 = new();
                        ^~~~~
../..<a href="../../../../third_party/tests/hdlconvertor/tests/sv_test/std2017/p493.sv.html#l-20" target="file-frame">third_party/tests/hdlconvertor/tests/sv_test/std2017/p493.sv:20</a>:1: error: expected member
endchecker : my_check
^~~~~~~~~~

</pre>
</body>