<head>
  <style>
    .log { font-family: "Courier New", Consolas, monospace; font-size: 80%; }
    .test-failed { background-color: #ffaaaa; }
    .test-passed { background-color: #aaffaa; }
  </style>
</head>
<body>
<h3><a href="https://github.com/MikePopoloski/slang" target="_blank">slang</a></h3>
<pre class="test-failed">
description: Tests imported from hdlconv
should_fail: 0
tags: hdlconv
incdirs: /home/travis/build/SymbiFlow/sv-tests/third_party/tests/hdlconvertor/tests/sv_test/std2012
top_module: 
type: parsing
mode: parsing
files: <a href="../../../../third_party/tests/hdlconvertor/tests/sv_test/std2012/p58.sv.html" target="file-frame">third_party/tests/hdlconvertor/tests/sv_test/std2012/p58.sv</a>
time_elapsed: 0.003s
ram usage: 9668 KB
</pre>
<pre class="log">

../..<a href="../../../../third_party/tests/hdlconvertor/tests/sv_test/std2012/p58.sv.html#l-1" target="file-frame">third_party/tests/hdlconvertor/tests/sv_test/std2012/p58.sv:1</a>:1: error: language feature not yet supported
class Base #(parameter p = 1);
^~~~~~~~~~~~~~~~~~~~~~~~~~~~~~
../..<a href="../../../../third_party/tests/hdlconvertor/tests/sv_test/std2012/p58.sv.html#l-16" target="file-frame">third_party/tests/hdlconvertor/tests/sv_test/std2012/p58.sv:16</a>:9: error: language feature not yet supported
typedef Base#(32) MyBaseT;
        ^~~~~~~~~
../..<a href="../../../../third_party/tests/hdlconvertor/tests/sv_test/std2012/p58.sv.html#l-18" target="file-frame">third_party/tests/hdlconvertor/tests/sv_test/std2012/p58.sv:18</a>:16: error: cannot use dot operator on a type
nettype MyBaseT::T narrowTsum with MyBaseT::Tsum;
        ~~~~~~~^ ~
../..<a href="../../../../third_party/tests/hdlconvertor/tests/sv_test/std2012/p58.sv.html#l-16" target="file-frame">third_party/tests/hdlconvertor/tests/sv_test/std2012/p58.sv:16</a>:19: note: declared here
typedef Base#(32) MyBaseT;
                  ^
../..<a href="../../../../third_party/tests/hdlconvertor/tests/sv_test/std2012/p58.sv.html#l-20" target="file-frame">third_party/tests/hdlconvertor/tests/sv_test/std2012/p58.sv:20</a>:9: error: language feature not yet supported
typedef Base#(64) MyBaseType;
        ^~~~~~~~~
../..<a href="../../../../third_party/tests/hdlconvertor/tests/sv_test/std2012/p58.sv.html#l-22" target="file-frame">third_party/tests/hdlconvertor/tests/sv_test/std2012/p58.sv:22</a>:19: error: cannot use dot operator on a type
nettype MyBaseType::T wideTsum with MyBaseType::Tsum;
        ~~~~~~~~~~^ ~
../..<a href="../../../../third_party/tests/hdlconvertor/tests/sv_test/std2012/p58.sv.html#l-20" target="file-frame">third_party/tests/hdlconvertor/tests/sv_test/std2012/p58.sv:20</a>:19: note: declared here
typedef Base#(64) MyBaseType;
                  ^

</pre>
</body>