<head>
  <style>
    .log { font-family: "Courier New", Consolas, monospace; font-size: 80%; }
    .test-failed { background-color: #ffaaaa; }
    .test-passed { background-color: #aaffaa; }
  </style>
</head>
<body>
<h3><a href="https://github.com/MikePopoloski/slang" target="_blank">slang</a></h3>
<pre class="test-failed">
description: Tests imported from hdlconv
should_fail: 0
tags: hdlconv
incdirs: /home/travis/build/SymbiFlow/sv-tests/third_party/tests/hdlconvertor/tests/sv_test/std2017
top_module: 
type: parsing
mode: parsing
files: <a href="../../../../third_party/tests/hdlconvertor/tests/sv_test/std2017/p832.sv.html" target="file-frame">third_party/tests/hdlconvertor/tests/sv_test/std2017/p832.sv</a>
time_elapsed: 0.003s
ram usage: 9624 KB
</pre>
<pre class="log">

../..<a href="../../../../third_party/tests/hdlconvertor/tests/sv_test/std2017/p832.sv.html#l-1" target="file-frame">third_party/tests/hdlconvertor/tests/sv_test/std2017/p832.sv:1</a>:1: error: expected member
primitive multiplexer (mux, control, dataA, dataB);
^~~~~~~~~
../..<a href="../../../../third_party/tests/hdlconvertor/tests/sv_test/std2017/p832.sv.html#l-4" target="file-frame">third_party/tests/hdlconvertor/tests/sv_test/std2017/p832.sv:4</a>:1: error: expected member
table
^~~~~
../..<a href="../../../../third_party/tests/hdlconvertor/tests/sv_test/std2017/p832.sv.html#l-7" target="file-frame">third_party/tests/hdlconvertor/tests/sv_test/std2017/p832.sv:7</a>:4: error: expected member
   0       1     1    : 1 ;
   ^
../..<a href="../../../../third_party/tests/hdlconvertor/tests/sv_test/std2017/p832.sv.html#l-8" target="file-frame">third_party/tests/hdlconvertor/tests/sv_test/std2017/p832.sv:8</a>:4: error: expected member
   0       1     x    : 1 ;
   ^
../..<a href="../../../../third_party/tests/hdlconvertor/tests/sv_test/std2017/p832.sv.html#l-9" target="file-frame">third_party/tests/hdlconvertor/tests/sv_test/std2017/p832.sv:9</a>:4: error: expected member
   0       0     0    : 0 ;
   ^
../..<a href="../../../../third_party/tests/hdlconvertor/tests/sv_test/std2017/p832.sv.html#l-10" target="file-frame">third_party/tests/hdlconvertor/tests/sv_test/std2017/p832.sv:10</a>:4: error: expected member
   0       0     1    : 0 ;
   ^
../..<a href="../../../../third_party/tests/hdlconvertor/tests/sv_test/std2017/p832.sv.html#l-11" target="file-frame">third_party/tests/hdlconvertor/tests/sv_test/std2017/p832.sv:11</a>:4: error: expected member
   0       0     x    : 0 ;
   ^
../..<a href="../../../../third_party/tests/hdlconvertor/tests/sv_test/std2017/p832.sv.html#l-12" target="file-frame">third_party/tests/hdlconvertor/tests/sv_test/std2017/p832.sv:12</a>:4: error: expected member
   1       0     1    : 1 ;
   ^
../..<a href="../../../../third_party/tests/hdlconvertor/tests/sv_test/std2017/p832.sv.html#l-13" target="file-frame">third_party/tests/hdlconvertor/tests/sv_test/std2017/p832.sv:13</a>:4: error: expected member
   1       1     1    : 1 ;
   ^
../..<a href="../../../../third_party/tests/hdlconvertor/tests/sv_test/std2017/p832.sv.html#l-14" target="file-frame">third_party/tests/hdlconvertor/tests/sv_test/std2017/p832.sv:14</a>:4: error: expected member
   1       x     1    : 1 ;
   ^
../..<a href="../../../../third_party/tests/hdlconvertor/tests/sv_test/std2017/p832.sv.html#l-15" target="file-frame">third_party/tests/hdlconvertor/tests/sv_test/std2017/p832.sv:15</a>:4: error: expected member
   1       0     0    : 0 ;
   ^
../..<a href="../../../../third_party/tests/hdlconvertor/tests/sv_test/std2017/p832.sv.html#l-16" target="file-frame">third_party/tests/hdlconvertor/tests/sv_test/std2017/p832.sv:16</a>:4: error: expected member
   1       1     0    : 0 ;
   ^
../..<a href="../../../../third_party/tests/hdlconvertor/tests/sv_test/std2017/p832.sv.html#l-17" target="file-frame">third_party/tests/hdlconvertor/tests/sv_test/std2017/p832.sv:17</a>:4: error: expected member
   1       x     0    : 0 ;
   ^
../..<a href="../../../../third_party/tests/hdlconvertor/tests/sv_test/std2017/p832.sv.html#l-18" target="file-frame">third_party/tests/hdlconvertor/tests/sv_test/std2017/p832.sv:18</a>:4: error: expected member
   x       0     0    : 0 ;
   ^
../..<a href="../../../../third_party/tests/hdlconvertor/tests/sv_test/std2017/p832.sv.html#l-19" target="file-frame">third_party/tests/hdlconvertor/tests/sv_test/std2017/p832.sv:19</a>:4: error: expected member
   x       1     1    : 1 ;
   ^
../..<a href="../../../../third_party/tests/hdlconvertor/tests/sv_test/std2017/p832.sv.html#l-20" target="file-frame">third_party/tests/hdlconvertor/tests/sv_test/std2017/p832.sv:20</a>:1: error: expected member
endtable
^~~~~~~~
../..<a href="../../../../third_party/tests/hdlconvertor/tests/sv_test/std2017/p832.sv.html#l-27" target="file-frame">third_party/tests/hdlconvertor/tests/sv_test/std2017/p832.sv:27</a>:1: error: expected member
table
^~~~~
../..<a href="../../../../third_party/tests/hdlconvertor/tests/sv_test/std2017/p832.sv.html#l-30" target="file-frame">third_party/tests/hdlconvertor/tests/sv_test/std2017/p832.sv:30</a>:4: error: expected member
   0       0     ?    : 0 ;
   ^
../..<a href="../../../../third_party/tests/hdlconvertor/tests/sv_test/std2017/p832.sv.html#l-31" target="file-frame">third_party/tests/hdlconvertor/tests/sv_test/std2017/p832.sv:31</a>:4: error: expected member
   1       ?     1    : 1 ;
   ^
../..<a href="../../../../third_party/tests/hdlconvertor/tests/sv_test/std2017/p832.sv.html#l-32" target="file-frame">third_party/tests/hdlconvertor/tests/sv_test/std2017/p832.sv:32</a>:4: error: expected member
   1       ?     0    : 0 ;
   ^
../..<a href="../../../../third_party/tests/hdlconvertor/tests/sv_test/std2017/p832.sv.html#l-33" target="file-frame">third_party/tests/hdlconvertor/tests/sv_test/std2017/p832.sv:33</a>:4: error: expected member
   x       0     0    : 0 ;   
   ^
../..<a href="../../../../third_party/tests/hdlconvertor/tests/sv_test/std2017/p832.sv.html#l-34" target="file-frame">third_party/tests/hdlconvertor/tests/sv_test/std2017/p832.sv:34</a>:4: error: expected member
   x       1     1    : 1 ;
   ^
../..<a href="../../../../third_party/tests/hdlconvertor/tests/sv_test/std2017/p832.sv.html#l-35" target="file-frame">third_party/tests/hdlconvertor/tests/sv_test/std2017/p832.sv:35</a>:1: error: expected member
endtable
^~~~~~~~

</pre>
</body>