<head>
  <style>
    .log { font-family: "Courier New", Consolas, monospace; font-size: 80%; }
    .test-failed { background-color: #ffaaaa; }
    .test-passed { background-color: #aaffaa; }
  </style>
</head>
<body>
<h3><a href="https://github.com/MikePopoloski/slang" target="_blank">slang</a></h3>
<pre class="test-failed">
description: Tests imported from hdlconv
should_fail: 0
tags: hdlconv
incdirs: /home/travis/build/SymbiFlow/sv-tests/third_party/tests/hdlconvertor/tests/sv_test/std2017
top_module: 
type: parsing
mode: parsing
files: <a href="../../../../third_party/tests/hdlconvertor/tests/sv_test/std2017/p492.sv.html" target="file-frame">third_party/tests/hdlconvertor/tests/sv_test/std2017/p492.sv</a>
time_elapsed: 0.003s
ram usage: 9672 KB
</pre>
<pre class="log">

../..<a href="../../../../third_party/tests/hdlconvertor/tests/sv_test/std2017/p492.sv.html#l-1" target="file-frame">third_party/tests/hdlconvertor/tests/sv_test/std2017/p492.sv:1</a>:1: error: expected member
checker clocking_example (logic sig1, sig2, default_clk, rst,
^~~~~~~
../..<a href="../../../../third_party/tests/hdlconvertor/tests/sv_test/std2017/p492.sv.html#l-1" target="file-frame">third_party/tests/hdlconvertor/tests/sv_test/std2017/p492.sv:1</a>:62: error: expected identifier
checker clocking_example (logic sig1, sig2, default_clk, rst,
                                                             ^
../..<a href="../../../../third_party/tests/hdlconvertor/tests/sv_test/std2017/p492.sv.html#l-2" target="file-frame">third_party/tests/hdlconvertor/tests/sv_test/std2017/p492.sv:2</a>:1: error: expected declarator
event e1, e2, e3 );
^~~~~
../..<a href="../../../../third_party/tests/hdlconvertor/tests/sv_test/std2017/p492.sv.html#l-2" target="file-frame">third_party/tests/hdlconvertor/tests/sv_test/std2017/p492.sv:2</a>:6: error: expected &#39;,&#39;
event e1, e2, e3 );
     ^
../..<a href="../../../../third_party/tests/hdlconvertor/tests/sv_test/std2017/p492.sv.html#l-2" target="file-frame">third_party/tests/hdlconvertor/tests/sv_test/std2017/p492.sv:2</a>:18: error: expected declarator
event e1, e2, e3 );
                 ^
../..<a href="../../../../third_party/tests/hdlconvertor/tests/sv_test/std2017/p492.sv.html#l-4" target="file-frame">third_party/tests/hdlconvertor/tests/sv_test/std2017/p492.sv:4</a>:1: error: language feature not yet supported
default clocking @(posedge default_clk); endclocking
^~~~~~~~~~~~~~~~~~~~~~~~~~~~~~~~~~~~~~~~~~~~~~~~~~~~
../..<a href="../../../../third_party/tests/hdlconvertor/tests/sv_test/std2017/p492.sv.html#l-4" target="file-frame">third_party/tests/hdlconvertor/tests/sv_test/std2017/p492.sv:4</a>:17: error: expected identifier
default clocking @(posedge default_clk); endclocking
                ^
../..<a href="../../../../third_party/tests/hdlconvertor/tests/sv_test/std2017/p492.sv.html#l-6" target="file-frame">third_party/tests/hdlconvertor/tests/sv_test/std2017/p492.sv:6</a>:1: error: language feature not yet supported
p1a: assert property (sig1 == sig2);
^~~~~~~~~~~~~~~~~~~~~~~~~~~~~~~~~~~~
../..<a href="../../../../third_party/tests/hdlconvertor/tests/sv_test/std2017/p492.sv.html#l-7" target="file-frame">third_party/tests/hdlconvertor/tests/sv_test/std2017/p492.sv:7</a>:1: error: language feature not yet supported
p1b: assert property (@(e1) (sig1 == sig2));
^~~~~~~~~~~~~~~~~~~~~~~~~~~~~~~~~~~~~~~~~~~~
../..<a href="../../../../third_party/tests/hdlconvertor/tests/sv_test/std2017/p492.sv.html#l-11" target="file-frame">third_party/tests/hdlconvertor/tests/sv_test/std2017/p492.sv:11</a>:1: error: language feature not yet supported
p2a: assert property (sig1 == sig2);
^~~~~~~~~~~~~~~~~~~~~~~~~~~~~~~~~~~~
../..<a href="../../../../third_party/tests/hdlconvertor/tests/sv_test/std2017/p492.sv.html#l-12" target="file-frame">third_party/tests/hdlconvertor/tests/sv_test/std2017/p492.sv:12</a>:1: error: language feature not yet supported
p2b: assert property (@(e2) (sig1 == sig2));
^~~~~~~~~~~~~~~~~~~~~~~~~~~~~~~~~~~~~~~~~~~~
../..<a href="../../../../third_party/tests/hdlconvertor/tests/sv_test/std2017/p492.sv.html#l-16" target="file-frame">third_party/tests/hdlconvertor/tests/sv_test/std2017/p492.sv:16</a>:1: error: language feature not yet supported
p3a: assert property (sig1 == sig2);
^~~~~~~~~~~~~~~~~~~~~~~~~~~~~~~~~~~~
../..<a href="../../../../third_party/tests/hdlconvertor/tests/sv_test/std2017/p492.sv.html#l-17" target="file-frame">third_party/tests/hdlconvertor/tests/sv_test/std2017/p492.sv:17</a>:1: error: language feature not yet supported
p3b: assert property (@(e3) (sig1 == sig2));
^~~~~~~~~~~~~~~~~~~~~~~~~~~~~~~~~~~~~~~~~~~~
../..<a href="../../../../third_party/tests/hdlconvertor/tests/sv_test/std2017/p492.sv.html#l-19" target="file-frame">third_party/tests/hdlconvertor/tests/sv_test/std2017/p492.sv:19</a>:1: error: expected member
endchecker
^~~~~~~~~~

</pre>
</body>