<head>
  <style>
    .log { font-family: "Courier New", Consolas, monospace; font-size: 80%; }
    .test-failed { background-color: #ffaaaa; }
    .test-passed { background-color: #aaffaa; }
  </style>
</head>
<body>
<h3><a href="https://github.com/MikePopoloski/slang" target="_blank">slang</a></h3>
<pre class="test-failed">
description: Tests imported from hdlconv
should_fail: 0
tags: hdlconv
incdirs: /home/travis/build/SymbiFlow/sv-tests/third_party/tests/hdlconvertor/tests/sv_test/std2017
top_module: 
type: parsing
mode: parsing
files: <a href="../../../../third_party/tests/hdlconvertor/tests/sv_test/std2017/p847.sv.html" target="file-frame">third_party/tests/hdlconvertor/tests/sv_test/std2017/p847.sv</a>
time_elapsed: 0.003s
ram usage: 9596 KB
</pre>
<pre class="log">

../..<a href="../../../../third_party/tests/hdlconvertor/tests/sv_test/std2017/p847.sv.html#l-6" target="file-frame">third_party/tests/hdlconvertor/tests/sv_test/std2017/p847.sv:6</a>:1: error: expected member
specify
^~~~~~~
../..<a href="../../../../third_party/tests/hdlconvertor/tests/sv_test/std2017/p847.sv.html#l-8" target="file-frame">third_party/tests/hdlconvertor/tests/sv_test/std2017/p847.sv:8</a>:1: error: expected member
(in2 =&gt; q) = (2, 3) ;
^
../..<a href="../../../../third_party/tests/hdlconvertor/tests/sv_test/std2017/p847.sv.html#l-9" target="file-frame">third_party/tests/hdlconvertor/tests/sv_test/std2017/p847.sv:9</a>:1: error: expected member
(s *&gt; q) = 1;
^
../..<a href="../../../../third_party/tests/hdlconvertor/tests/sv_test/std2017/p847.sv.html#l-10" target="file-frame">third_party/tests/hdlconvertor/tests/sv_test/std2017/p847.sv:10</a>:1: error: expected member
endspecify
^~~~~~~~~~

</pre>
</body>