<head>
  <style>
    .log { font-family: "Courier New", Consolas, monospace; font-size: 80%; }
    .test-failed { background-color: #ffaaaa; }
    .test-passed { background-color: #aaffaa; }
  </style>
</head>
<body>
<h3><a href="https://github.com/MikePopoloski/slang" target="_blank">slang</a></h3>
<pre class="test-failed">
description: Tests imported from hdlconv
should_fail: 0
tags: hdlconv
incdirs: /home/travis/build/SymbiFlow/sv-tests/third_party/tests/hdlconvertor/tests/sv_test/std2017
top_module: 
type: parsing
mode: parsing
files: <a href="../../../../third_party/tests/hdlconvertor/tests/sv_test/std2017/p560.sv.html" target="file-frame">third_party/tests/hdlconvertor/tests/sv_test/std2017/p560.sv</a>
time_elapsed: 0.003s
ram usage: 9696 KB
</pre>
<pre class="log">

../..<a href="../../../../third_party/tests/hdlconvertor/tests/sv_test/std2017/p560.sv.html#l-1" target="file-frame">third_party/tests/hdlconvertor/tests/sv_test/std2017/p560.sv:1</a>:1: error: language feature not yet supported
covergroup cg ( ref int x , ref int y, input int c);
^~~~~~~~~~~~~~~~~~~~~~~~~~~~~~~~~~~~~~~~~~~~~~~~~~~~
../..<a href="../../../../third_party/tests/hdlconvertor/tests/sv_test/std2017/p560.sv.html#l-12" target="file-frame">third_party/tests/hdlconvertor/tests/sv_test/std2017/p560.sv:12</a>:3: error: expected member
  cross x, y {
  ^~~~~
../..<a href="../../../../third_party/tests/hdlconvertor/tests/sv_test/std2017/p560.sv.html#l-12" target="file-frame">third_party/tests/hdlconvertor/tests/sv_test/std2017/p560.sv:12</a>:10: error: expected expression
  cross x, y {
         ^
../..<a href="../../../../third_party/tests/hdlconvertor/tests/sv_test/std2017/p560.sv.html#l-12" target="file-frame">third_party/tests/hdlconvertor/tests/sv_test/std2017/p560.sv:12</a>:10: error: expected &#39;:&#39;
  cross x, y {
         ^
../..<a href="../../../../third_party/tests/hdlconvertor/tests/sv_test/std2017/p560.sv.html#l-12" target="file-frame">third_party/tests/hdlconvertor/tests/sv_test/std2017/p560.sv:12</a>:10: error: expected &#39;;&#39;
  cross x, y {
         ^
../..<a href="../../../../third_party/tests/hdlconvertor/tests/sv_test/std2017/p560.sv.html#l-12" target="file-frame">third_party/tests/hdlconvertor/tests/sv_test/std2017/p560.sv:12</a>:10: error: expected member
  cross x, y {
         ^
../..<a href="../../../../third_party/tests/hdlconvertor/tests/sv_test/std2017/p560.sv.html#l-12" target="file-frame">third_party/tests/hdlconvertor/tests/sv_test/std2017/p560.sv:12</a>:13: error: expected &#39;:&#39;
  cross x, y {
            ^
../..<a href="../../../../third_party/tests/hdlconvertor/tests/sv_test/std2017/p560.sv.html#l-13" target="file-frame">third_party/tests/hdlconvertor/tests/sv_test/std2017/p560.sv:13</a>:22: error: expected &#39;,&#39;
    option.weight = c;
                     ^
../..<a href="../../../../third_party/tests/hdlconvertor/tests/sv_test/std2017/p560.sv.html#l-14" target="file-frame">third_party/tests/hdlconvertor/tests/sv_test/std2017/p560.sv:14</a>:3: error: expected member
  }
  ^
../..<a href="../../../../third_party/tests/hdlconvertor/tests/sv_test/std2017/p560.sv.html#l-18" target="file-frame">third_party/tests/hdlconvertor/tests/sv_test/std2017/p560.sv:18</a>:1: error: language feature not yet supported
covergroup g4;
^~~~~~~~~~~~~~

</pre>
</body>