<head>
  <style>
    .log { font-family: "Courier New", Consolas, monospace; font-size: 80%; }
    .test-failed { background-color: #ffaaaa; }
    .test-passed { background-color: #aaffaa; }
  </style>
</head>
<body>
<h3><a href="https://github.com/MikePopoloski/slang" target="_blank">slang</a></h3>
<pre class="test-failed">
description: Tests imported from hdlconv
should_fail: 0
tags: hdlconv
incdirs: /home/travis/build/SymbiFlow/sv-tests/third_party/tests/hdlconvertor/tests/sv_test/std2017
top_module: 
type: parsing
mode: parsing
files: <a href="../../../../third_party/tests/hdlconvertor/tests/sv_test/std2017/p566.sv.html" target="file-frame">third_party/tests/hdlconvertor/tests/sv_test/std2017/p566.sv</a>
time_elapsed: 0.003s
ram usage: 9744 KB
</pre>
<pre class="log">

../..<a href="../../../../third_party/tests/hdlconvertor/tests/sv_test/std2017/p566.sv.html#l-1" target="file-frame">third_party/tests/hdlconvertor/tests/sv_test/std2017/p566.sv:1</a>:1: error: language feature not yet supported
covergroup sg @(posedge clk);
^~~~~~~~~~~~~~~~~~~~~~~~~~~~~
../..<a href="../../../../third_party/tests/hdlconvertor/tests/sv_test/std2017/p566.sv.html#l-4" target="file-frame">third_party/tests/hdlconvertor/tests/sv_test/std2017/p566.sv:4</a>:19: error: expected expression
    bins b2 = (2 [-&gt; 3:5] );
                  ^
../..<a href="../../../../third_party/tests/hdlconvertor/tests/sv_test/std2017/p566.sv.html#l-5" target="file-frame">third_party/tests/hdlconvertor/tests/sv_test/std2017/p566.sv:5</a>:18: error: expected expression
    bins b3 = (3[-&gt; 3:5] );
                 ^
../..<a href="../../../../third_party/tests/hdlconvertor/tests/sv_test/std2017/p566.sv.html#l-6" target="file-frame">third_party/tests/hdlconvertor/tests/sv_test/std2017/p566.sv:6</a>:19: error: expected expression
    bins b5 = (5 [* 3] );
                  ^
../..<a href="../../../../third_party/tests/hdlconvertor/tests/sv_test/std2017/p566.sv.html#l-7" target="file-frame">third_party/tests/hdlconvertor/tests/sv_test/std2017/p566.sv:7</a>:24: error: expected expression
    bins b6 = (1 =&gt; 2 [= 3:6] =&gt; 5);
                       ^

</pre>
</body>