<head>
  <style>
    .log { font-family: "Courier New", Consolas, monospace; font-size: 80%; }
    .test-failed { background-color: #ffaaaa; }
    .test-passed { background-color: #aaffaa; }
  </style>
</head>
<body>
<h3><a href="https://github.com/MikePopoloski/slang" target="_blank">slang</a></h3>
<pre class="test-failed">
description: Tests imported from hdlconv
should_fail: 0
tags: hdlconv
incdirs: /home/travis/build/SymbiFlow/sv-tests/third_party/tests/hdlconvertor/tests/sv_test/std2017
top_module: 
type: parsing
mode: parsing
files: <a href="../../../../third_party/tests/hdlconvertor/tests/sv_test/std2017/p733.sv.html" target="file-frame">third_party/tests/hdlconvertor/tests/sv_test/std2017/p733.sv</a>
time_elapsed: 0.004s
ram usage: 9620 KB
</pre>
<pre class="log">

../..<a href="../../../../third_party/tests/hdlconvertor/tests/sv_test/std2017/p733.sv.html#l-12" target="file-frame">third_party/tests/hdlconvertor/tests/sv_test/std2017/p733.sv:12</a>:10: error: identifier &#39;size&#39; used before its declaration
input [0:size-1] in;
         ^~~~
../..<a href="../../../../third_party/tests/hdlconvertor/tests/sv_test/std2017/p733.sv.html#l-11" target="file-frame">third_party/tests/hdlconvertor/tests/sv_test/std2017/p733.sv:11</a>:11: note: declared here
parameter size = 1, delay = 1;
          ^
../..<a href="../../../../third_party/tests/hdlconvertor/tests/sv_test/std2017/p733.sv.html#l-16" target="file-frame">third_party/tests/hdlconvertor/tests/sv_test/std2017/p733.sv:16</a>:10: error: identifier &#39;size&#39; used before its declaration
logic [0:size-1] out;
         ^~~~
../..<a href="../../../../third_party/tests/hdlconvertor/tests/sv_test/std2017/p733.sv.html#l-11" target="file-frame">third_party/tests/hdlconvertor/tests/sv_test/std2017/p733.sv:11</a>:11: note: declared here
parameter size = 1, delay = 1;
          ^
../..<a href="../../../../third_party/tests/hdlconvertor/tests/sv_test/std2017/p733.sv.html#l-22" target="file-frame">third_party/tests/hdlconvertor/tests/sv_test/std2017/p733.sv:22</a>:1: error: language feature not yet supported
defparam
^~~~~~~~

</pre>
</body>