<head>
  <style>
    .log { font-family: "Courier New", Consolas, monospace; font-size: 80%; }
    .test-failed { background-color: #ffaaaa; }
    .test-passed { background-color: #aaffaa; }
  </style>
</head>
<body>
<h3><a href="http://iverilog.icarus.com/" target="_blank">icarus</a></h3>
<pre class="test-failed">
description: let construct test
should_fail: 0
tags: 11.12
incdirs: /home/travis/build/SymbiFlow/sv-tests/tests/chapter-11
top_module: 
files: <a href="../../../tests/chapter-11/11.12--let_construct.sv.html" target="file-frame">tests/chapter-11/11.12--let_construct.sv</a>
time_elapsed: 0.010s
</pre>
<pre class="log">

<a href="../../../tests/chapter-11/11.12--let_construct.sv.html#l-14" target="file-frame">tests/chapter-11/11.12--let_construct.sv:14</a>: syntax error
<a href="../../../tests/chapter-11/11.12--let_construct.sv.html#l-14" target="file-frame">tests/chapter-11/11.12--let_construct.sv:14</a>: error: invalid module item.
<a href="../../../tests/chapter-11/11.12--let_construct.sv.html#l-17" target="file-frame">tests/chapter-11/11.12--let_construct.sv:17</a>: syntax error
<a href="../../../tests/chapter-11/11.12--let_construct.sv.html#l-17" target="file-frame">tests/chapter-11/11.12--let_construct.sv:17</a>: error: malformed statement

</pre>
</body>