<head>
  <style>
    .log { font-family: "Courier New", Consolas, monospace; font-size: 80%; }
    .test-failed { background-color: #ffaaaa; }
    .test-passed { background-color: #aaffaa; }
  </style>
</head>
<body>
<h3><a href="https://github.com/MikePopoloski/slang" target="_blank">slang</a></h3>
<pre class="test-failed">
description: let construct test
should_fail: 0
tags: 11.12
incdirs: /home/travis/build/SymbiFlow/sv-tests/tests/chapter-11
top_module: 
type: parsing
mode: parsing
files: <a href="../../../tests/chapter-11/11.12--let_construct.sv.html" target="file-frame">tests/chapter-11/11.12--let_construct.sv</a>
time_elapsed: 0.003s
ram usage: 9620 KB
</pre>
<pre class="log">

../..<a href="../../../tests/chapter-11/11.12--let_construct.sv.html#l-14" target="file-frame">tests/chapter-11/11.12--let_construct.sv:14</a>:1: error: language feature not yet supported
let op(x, y, z) = |((x | y) &amp; z);
^~~~~~~~~~~~~~~~~~~~~~~~~~~~~~~~~
../..<a href="../../../tests/chapter-11/11.12--let_construct.sv.html#l-14" target="file-frame">tests/chapter-11/11.12--let_construct.sv:14</a>:17: error: expected expression
let op(x, y, z) = |((x | y) &amp; z);
                ^
../..<a href="../../../tests/chapter-11/11.12--let_construct.sv.html#l-14" target="file-frame">tests/chapter-11/11.12--let_construct.sv:14</a>:33: error: expected &#39;=&#39;
let op(x, y, z) = |((x | y) &amp; z);
                                ^
../..<a href="../../../tests/chapter-11/11.12--let_construct.sv.html#l-17" target="file-frame">tests/chapter-11/11.12--let_construct.sv:17</a>:6: error: use of undeclared identifier &#39;op&#39;
	d = op(.x(a), .y(b), .z(c));
	    ^~

</pre>
</body>