<head>
  <style>
    .log { font-family: "Courier New", Consolas, monospace; font-size: 80%; }
    .test-failed { background-color: #ffaaaa; }
    .test-passed { background-color: #aaffaa; }
  </style>
</head>
<body>
<h3><a href="http://iverilog.icarus.com/" target="_blank">icarus</a></h3>
<pre class="test-failed">
description: Test
should_fail: 0
tags: 6.15 8.3
incdirs: /home/travis/build/SymbiFlow/sv-tests/tests/generic/class
top_module: 
type: parsing
mode: parsing
files: <a href="../../../../tests/generic/class/class_test_34.sv.html" target="file-frame">tests/generic/class/class_test_34.sv</a>
time_elapsed: 0.010s
ram usage: 9636 KB
</pre>
<pre class="log">

<a href="../../../../tests/generic/class/class_test_34.sv.html#l-8" target="file-frame">tests/generic/class/class_test_34.sv:8</a>: syntax error
<a href="../../../../tests/generic/class/class_test_34.sv.html#l-8" target="file-frame">tests/generic/class/class_test_34.sv:8</a>: error: Error in task/function port item after port name dbg_pkg.
<a href="../../../../tests/generic/class/class_test_34.sv.html#l-8" target="file-frame">tests/generic/class/class_test_34.sv:8</a>: syntax error
<a href="../../../../tests/generic/class/class_test_34.sv.html#l-8" target="file-frame">tests/generic/class/class_test_34.sv:8</a>: error: invalid class item.

</pre>
</body>