<head>
  <style>
    .log { font-family: "Courier New", Consolas, monospace; font-size: 80%; }
    .test-failed { background-color: #ffaaaa; }
    .test-passed { background-color: #aaffaa; }
  </style>
</head>
<body>
<h3><a href="http://iverilog.icarus.com/" target="_blank">icarus</a></h3>
<pre class="test-failed">
description: Test passing associative array as arugments support
should_fail: 0
tags: 7.9.10 7.8
incdirs: /home/travis/build/SymbiFlow/sv-tests/tests/chapter-7/arrays/associative
top_module: 
type: simulation parsing
mode: simulation
files: <a href="../../../../../tests/chapter-7/arrays/associative/arguments.sv.html" target="file-frame">tests/chapter-7/arrays/associative/arguments.sv</a>
time_elapsed: 0.014s
ram usage: 9624 KB
</pre>
<pre class="log">

<a href="../../../../../tests/chapter-7/arrays/associative/arguments.sv.html#l-10" target="file-frame">tests/chapter-7/arrays/associative/arguments.sv:10</a>: syntax error
<a href="../../../../../tests/chapter-7/arrays/associative/arguments.sv.html#l-10" target="file-frame">tests/chapter-7/arrays/associative/arguments.sv:10</a>: error: invalid module item.
<a href="../../../../../tests/chapter-7/arrays/associative/arguments.sv.html#l-12" target="file-frame">tests/chapter-7/arrays/associative/arguments.sv:12</a>: syntax error
<a href="../../../../../tests/chapter-7/arrays/associative/arguments.sv.html#l-12" target="file-frame">tests/chapter-7/arrays/associative/arguments.sv:12</a>: error: Error in task/function port item after port name arrayb.
<a href="../../../../../tests/chapter-7/arrays/associative/arguments.sv.html#l-12" target="file-frame">tests/chapter-7/arrays/associative/arguments.sv:12</a>: syntax error
iverilog.out: Unable to open input file.

</pre>
</body>