<head>
  <style>
    .log { font-family: "Courier New", Consolas, monospace; font-size: 80%; }
    .test-failed { background-color: #ffaaaa; }
    .test-passed { background-color: #aaffaa; }
  </style>
</head>
<body>
<h3><a href="http://iverilog.icarus.com/" target="_blank">icarus</a></h3>
<pre class="test-failed">
description: Test associative arrays assignment support
should_fail: 0
tags: 7.9.9 7.8
incdirs: /home/travis/build/SymbiFlow/sv-tests/tests/chapter-7/arrays/associative
top_module: 
type: simulation parsing
mode: simulation
files: <a href="../../../../../tests/chapter-7/arrays/associative/assignment.sv.html" target="file-frame">tests/chapter-7/arrays/associative/assignment.sv</a>
time_elapsed: 0.013s
ram usage: 9632 KB
</pre>
<pre class="log">

<a href="../../../../../tests/chapter-7/arrays/associative/assignment.sv.html#l-10" target="file-frame">tests/chapter-7/arrays/associative/assignment.sv:10</a>: syntax error
<a href="../../../../../tests/chapter-7/arrays/associative/assignment.sv.html#l-10" target="file-frame">tests/chapter-7/arrays/associative/assignment.sv:10</a>: error: invalid module item.
<a href="../../../../../tests/chapter-7/arrays/associative/assignment.sv.html#l-11" target="file-frame">tests/chapter-7/arrays/associative/assignment.sv:11</a>: syntax error
<a href="../../../../../tests/chapter-7/arrays/associative/assignment.sv.html#l-11" target="file-frame">tests/chapter-7/arrays/associative/assignment.sv:11</a>: error: invalid module item.
iverilog.out: Unable to open input file.

</pre>
</body>