<head>
  <style>
    .log { font-family: "Courier New", Consolas, monospace; font-size: 80%; }
    .test-failed { background-color: #ffaaaa; }
    .test-passed { background-color: #aaffaa; }
  </style>
</head>
<body>
<h3><a href="http://iverilog.icarus.com/" target="_blank">icarus</a></h3>
<pre class="test-failed">
description: Test associative arrays support
should_fail: 0
tags: 7.8.3 7.8
incdirs: /home/travis/build/SymbiFlow/sv-tests/tests/chapter-7/arrays/associative
top_module: 
type: parsing
mode: parsing
files: <a href="../../../../../tests/chapter-7/arrays/associative/class.sv.html" target="file-frame">tests/chapter-7/arrays/associative/class.sv</a>
time_elapsed: 0.009s
ram usage: 9648 KB
</pre>
<pre class="log">

<a href="../../../../../tests/chapter-7/arrays/associative/class.sv.html#l-13" target="file-frame">tests/chapter-7/arrays/associative/class.sv:13</a>: error: Type names are not valid expressions here.
<a href="../../../../../tests/chapter-7/arrays/associative/class.sv.html#l-13" target="file-frame">tests/chapter-7/arrays/associative/class.sv:13</a>: internal error: I do not know how to elaborate this expression. 
<a href="../../../../../tests/chapter-7/arrays/associative/class.sv.html#l-13" target="file-frame">tests/chapter-7/arrays/associative/class.sv:13</a>:               : Expression is: &lt;type&gt;
<a href="../../../../../tests/chapter-7/arrays/associative/class.sv.html#l-13" target="file-frame">tests/chapter-7/arrays/associative/class.sv:13</a>:               : Expression type: 10PETypename
<a href="../../../../../tests/chapter-7/arrays/associative/class.sv.html#l-13" target="file-frame">tests/chapter-7/arrays/associative/class.sv:13</a>: error: Dimensions must be constant.
<a href="../../../../../tests/chapter-7/arrays/associative/class.sv.html#l-13" target="file-frame">tests/chapter-7/arrays/associative/class.sv:13</a>       : This size expression violates the rule: &lt;type&gt;
3 error(s) during elaboration.

</pre>
</body>