<head>
  <style>
    .log { font-family: "Courier New", Consolas, monospace; font-size: 80%; }
    .test-failed { background-color: #ffaaaa; }
    .test-passed { background-color: #aaffaa; }
  </style>
</head>
<body>
<h3><a href="http://iverilog.icarus.com/" target="_blank">icarus</a></h3>
<pre class="test-failed">
description: Tests imported from basejump
should_fail: 0
tags: basejump
incdirs: /home/travis/build/SymbiFlow/sv-tests/third_party/cores/basejump_stl/bsg_comm_link
top_module: 
type: parsing
mode: parsing
files: <a href="../../../../third_party/cores/basejump_stl/bsg_comm_link/bsg_comm_link.v.html" target="file-frame">third_party/cores/basejump_stl/bsg_comm_link/bsg_comm_link.v</a>
time_elapsed: 0.016s
ram usage: 9576 KB
</pre>
<pre class="log">

<a href="../../../../third_party/cores/basejump_stl/bsg_comm_link/bsg_comm_link.v.html#l-339" target="file-frame">third_party/cores/basejump_stl/bsg_comm_link/bsg_comm_link.v:339</a>: warning: macro BSG_MAX undefined (and assumed null) at this point.
<a href="../../../../third_party/cores/basejump_stl/bsg_comm_link/bsg_comm_link.v.html#l-340" target="file-frame">third_party/cores/basejump_stl/bsg_comm_link/bsg_comm_link.v:340</a>: warning: macro BSG_MAX undefined (and assumed null) at this point.
<a href="../../../../third_party/cores/basejump_stl/bsg_comm_link/bsg_comm_link.v.html#l-353" target="file-frame">third_party/cores/basejump_stl/bsg_comm_link/bsg_comm_link.v:353</a>: warning: macro BSG_MAX undefined (and assumed null) at this point.
<a href="../../../../third_party/cores/basejump_stl/bsg_comm_link/bsg_comm_link.v.html#l-362" target="file-frame">third_party/cores/basejump_stl/bsg_comm_link/bsg_comm_link.v:362</a>: warning: macro BSG_MAX undefined (and assumed null) at this point.
<a href="../../../../third_party/cores/basejump_stl/bsg_comm_link/bsg_comm_link.v.html#l-339" target="file-frame">third_party/cores/basejump_stl/bsg_comm_link/bsg_comm_link.v:339</a>: syntax error
<a href="../../../../third_party/cores/basejump_stl/bsg_comm_link/bsg_comm_link.v.html#l-339" target="file-frame">third_party/cores/basejump_stl/bsg_comm_link/bsg_comm_link.v:339</a>: error: invalid module item.
<a href="../../../../third_party/cores/basejump_stl/bsg_comm_link/bsg_comm_link.v.html#l-340" target="file-frame">third_party/cores/basejump_stl/bsg_comm_link/bsg_comm_link.v:340</a>: syntax error
<a href="../../../../third_party/cores/basejump_stl/bsg_comm_link/bsg_comm_link.v.html#l-340" target="file-frame">third_party/cores/basejump_stl/bsg_comm_link/bsg_comm_link.v:340</a>: error: invalid module item.
<a href="../../../../third_party/cores/basejump_stl/bsg_comm_link/bsg_comm_link.v.html#l-353" target="file-frame">third_party/cores/basejump_stl/bsg_comm_link/bsg_comm_link.v:353</a>: syntax error
<a href="../../../../third_party/cores/basejump_stl/bsg_comm_link/bsg_comm_link.v.html#l-351" target="file-frame">third_party/cores/basejump_stl/bsg_comm_link/bsg_comm_link.v:351</a>: error: syntax error in parameter value assignment list.
<a href="../../../../third_party/cores/basejump_stl/bsg_comm_link/bsg_comm_link.v.html#l-351" target="file-frame">third_party/cores/basejump_stl/bsg_comm_link/bsg_comm_link.v:351</a>: error: Invalid module instantiation
<a href="../../../../third_party/cores/basejump_stl/bsg_comm_link/bsg_comm_link.v.html#l-362" target="file-frame">third_party/cores/basejump_stl/bsg_comm_link/bsg_comm_link.v:362</a>: syntax error
<a href="../../../../third_party/cores/basejump_stl/bsg_comm_link/bsg_comm_link.v.html#l-360" target="file-frame">third_party/cores/basejump_stl/bsg_comm_link/bsg_comm_link.v:360</a>: error: syntax error in parameter value assignment list.
<a href="../../../../third_party/cores/basejump_stl/bsg_comm_link/bsg_comm_link.v.html#l-360" target="file-frame">third_party/cores/basejump_stl/bsg_comm_link/bsg_comm_link.v:360</a>: error: Invalid module instantiation
<a href="../../../../third_party/cores/basejump_stl/bsg_comm_link/bsg_comm_link.v.html#l-791" target="file-frame">third_party/cores/basejump_stl/bsg_comm_link/bsg_comm_link.v:791</a>: warning: macro BSG_MAX undefined (and assumed null) at this point.
<a href="../../../../third_party/cores/basejump_stl/bsg_comm_link/bsg_comm_link.v.html#l-792" target="file-frame">third_party/cores/basejump_stl/bsg_comm_link/bsg_comm_link.v:792</a>: warning: macro BSG_MAX undefined (and assumed null) at this point.
<a href="../../../../third_party/cores/basejump_stl/bsg_comm_link/bsg_comm_link.v.html#l-791" target="file-frame">third_party/cores/basejump_stl/bsg_comm_link/bsg_comm_link.v:791</a>: syntax error
<a href="../../../../third_party/cores/basejump_stl/bsg_comm_link/bsg_comm_link.v.html#l-791" target="file-frame">third_party/cores/basejump_stl/bsg_comm_link/bsg_comm_link.v:791</a>: error: Syntax error in typedef clause.
<a href="../../../../third_party/cores/basejump_stl/bsg_comm_link/bsg_comm_link.v.html#l-792" target="file-frame">third_party/cores/basejump_stl/bsg_comm_link/bsg_comm_link.v:792</a>: syntax error
<a href="../../../../third_party/cores/basejump_stl/bsg_comm_link/bsg_comm_link.v.html#l-792" target="file-frame">third_party/cores/basejump_stl/bsg_comm_link/bsg_comm_link.v:792</a>: error: Syntax error in typedef clause.

</pre>
</body>