<head>
  <style>
    .log { font-family: "Courier New", Consolas, monospace; font-size: 80%; }
    .test-failed { background-color: #ffaaaa; }
    .test-passed { background-color: #aaffaa; }
  </style>
</head>
<body>
<h3><a href="http://iverilog.icarus.com/" target="_blank">icarus</a></h3>
<pre class="test-failed">
description: Tests imported from basejump
should_fail: 0
tags: basejump
incdirs: /home/travis/build/SymbiFlow/sv-tests/third_party/cores/basejump_stl/bsg_mem
top_module: 
type: parsing
mode: parsing
files: <a href="../../../../third_party/cores/basejump_stl/bsg_mem/bsg_nonsynth_mem_1rw_sync_mask_write_byte_assoc.v.html" target="file-frame">third_party/cores/basejump_stl/bsg_mem/bsg_nonsynth_mem_1rw_sync_mask_write_byte_assoc.v</a>
time_elapsed: 0.011s
ram usage: 9620 KB
</pre>
<pre class="log">

<a href="../../../../third_party/cores/basejump_stl/bsg_mem/bsg_nonsynth_mem_1rw_sync_mask_write_byte_assoc.v.html#l-30" target="file-frame">third_party/cores/basejump_stl/bsg_mem/bsg_nonsynth_mem_1rw_sync_mask_write_byte_assoc.v:30</a>: syntax error
<a href="../../../../third_party/cores/basejump_stl/bsg_mem/bsg_nonsynth_mem_1rw_sync_mask_write_byte_assoc.v.html#l-30" target="file-frame">third_party/cores/basejump_stl/bsg_mem/bsg_nonsynth_mem_1rw_sync_mask_write_byte_assoc.v:30</a>: error: invalid module item.
<a href="../../../../third_party/cores/basejump_stl/bsg_mem/bsg_nonsynth_mem_1rw_sync_mask_write_byte_assoc.v.html#l-30" target="file-frame">third_party/cores/basejump_stl/bsg_mem/bsg_nonsynth_mem_1rw_sync_mask_write_byte_assoc.v:30</a>: syntax error
<a href="../../../../third_party/cores/basejump_stl/bsg_mem/bsg_nonsynth_mem_1rw_sync_mask_write_byte_assoc.v.html#l-30" target="file-frame">third_party/cores/basejump_stl/bsg_mem/bsg_nonsynth_mem_1rw_sync_mask_write_byte_assoc.v:30</a>: error: Invalid module instantiation
<a href="../../../../third_party/cores/basejump_stl/bsg_mem/bsg_nonsynth_mem_1rw_sync_mask_write_byte_assoc.v.html#l-30" target="file-frame">third_party/cores/basejump_stl/bsg_mem/bsg_nonsynth_mem_1rw_sync_mask_write_byte_assoc.v:30</a>: error: Invalid module instantiation
I give up.

</pre>
</body>