<head>
  <style>
    .log { font-family: "Courier New", Consolas, monospace; font-size: 80%; }
    .test-failed { background-color: #ffaaaa; }
    .test-passed { background-color: #aaffaa; }
  </style>
</head>
<body>
<h3><a href="http://iverilog.icarus.com/" target="_blank">icarus</a></h3>
<pre class="test-failed">
description: Tests imported from basejump
should_fail: 0
tags: basejump
incdirs: /home/travis/build/SymbiFlow/sv-tests/third_party/cores/basejump_stl/bsg_mem
top_module: 
type: parsing
mode: parsing
files: <a href="../../../../third_party/cores/basejump_stl/bsg_mem/bsg_cam_1r1w.v.html" target="file-frame">third_party/cores/basejump_stl/bsg_mem/bsg_cam_1r1w.v</a>
time_elapsed: 0.009s
ram usage: 9556 KB
</pre>
<pre class="log">

<a href="../../../../third_party/cores/basejump_stl/bsg_mem/bsg_cam_1r1w.v.html#l-23" target="file-frame">third_party/cores/basejump_stl/bsg_mem/bsg_cam_1r1w.v:23</a>: warning: macro BSG_SAFE_CLOG2 undefined (and assumed null) at this point.
<a href="../../../../third_party/cores/basejump_stl/bsg_mem/bsg_cam_1r1w.v.html#l-71" target="file-frame">third_party/cores/basejump_stl/bsg_mem/bsg_cam_1r1w.v:71</a>: syntax error
<a href="../../../../third_party/cores/basejump_stl/bsg_mem/bsg_cam_1r1w.v.html#l-72" target="file-frame">third_party/cores/basejump_stl/bsg_mem/bsg_cam_1r1w.v:72</a>: error: invalid module item.
<a href="../../../../third_party/cores/basejump_stl/bsg_mem/bsg_cam_1r1w.v.html#l-74" target="file-frame">third_party/cores/basejump_stl/bsg_mem/bsg_cam_1r1w.v:74</a>: syntax error
<a href="../../../../third_party/cores/basejump_stl/bsg_mem/bsg_cam_1r1w.v.html#l-88" target="file-frame">third_party/cores/basejump_stl/bsg_mem/bsg_cam_1r1w.v:88</a>: error: invalid module item.
<a href="../../../../third_party/cores/basejump_stl/bsg_mem/bsg_cam_1r1w.v.html#l-89" target="file-frame">third_party/cores/basejump_stl/bsg_mem/bsg_cam_1r1w.v:89</a>: syntax error
<a href="../../../../third_party/cores/basejump_stl/bsg_mem/bsg_cam_1r1w.v.html#l-100" target="file-frame">third_party/cores/basejump_stl/bsg_mem/bsg_cam_1r1w.v:100</a>: error: invalid module item.
<a href="../../../../third_party/cores/basejump_stl/bsg_mem/bsg_cam_1r1w.v.html#l-101" target="file-frame">third_party/cores/basejump_stl/bsg_mem/bsg_cam_1r1w.v:101</a>: syntax error
<a href="../../../../third_party/cores/basejump_stl/bsg_mem/bsg_cam_1r1w.v.html#l-115" target="file-frame">third_party/cores/basejump_stl/bsg_mem/bsg_cam_1r1w.v:115</a>: error: invalid module item.
<a href="../../../../third_party/cores/basejump_stl/bsg_mem/bsg_cam_1r1w.v.html#l-116" target="file-frame">third_party/cores/basejump_stl/bsg_mem/bsg_cam_1r1w.v:116</a>: syntax error
<a href="../../../../third_party/cores/basejump_stl/bsg_mem/bsg_cam_1r1w.v.html#l-119" target="file-frame">third_party/cores/basejump_stl/bsg_mem/bsg_cam_1r1w.v:119</a>: error: invalid module item.
<a href="../../../../third_party/cores/basejump_stl/bsg_mem/bsg_cam_1r1w.v.html#l-121" target="file-frame">third_party/cores/basejump_stl/bsg_mem/bsg_cam_1r1w.v:121</a>: syntax error
<a href="../../../../third_party/cores/basejump_stl/bsg_mem/bsg_cam_1r1w.v.html#l-128" target="file-frame">third_party/cores/basejump_stl/bsg_mem/bsg_cam_1r1w.v:128</a>: Missing close quote of string.
<a href="../../../../third_party/cores/basejump_stl/bsg_mem/bsg_cam_1r1w.v.html#l-130" target="file-frame">third_party/cores/basejump_stl/bsg_mem/bsg_cam_1r1w.v:130</a>: error: invalid module item.
<a href="../../../../third_party/cores/basejump_stl/bsg_mem/bsg_cam_1r1w.v.html#l-131" target="file-frame">third_party/cores/basejump_stl/bsg_mem/bsg_cam_1r1w.v:131</a>: syntax error
<a href="../../../../third_party/cores/basejump_stl/bsg_mem/bsg_cam_1r1w.v.html#l-135" target="file-frame">third_party/cores/basejump_stl/bsg_mem/bsg_cam_1r1w.v:135</a>: error: invalid module item.
<a href="../../../../third_party/cores/basejump_stl/bsg_mem/bsg_cam_1r1w.v.html#l-136" target="file-frame">third_party/cores/basejump_stl/bsg_mem/bsg_cam_1r1w.v:136</a>: syntax error
I give up.

</pre>
</body>