<head>
  <style>
    .log { font-family: "Courier New", Consolas, monospace; font-size: 80%; }
    .test-failed { background-color: #ffaaaa; }
    .test-passed { background-color: #aaffaa; }
  </style>
</head>
<body>
<h3><a href="http://iverilog.icarus.com/" target="_blank">icarus</a></h3>
<pre class="test-failed">
description: Test unpacked arrays operations support (one bit)
should_fail: 0
tags: 7.4.3
incdirs: /home/travis/build/SymbiFlow/sv-tests/tests/chapter-7/arrays/unpacked
top_module: 
type: simulation parsing
mode: simulation
files: <a href="../../../../../tests/chapter-7/arrays/unpacked/onebit.sv.html" target="file-frame">tests/chapter-7/arrays/unpacked/onebit.sv</a>
time_elapsed: 0.012s
</pre>
<pre class="log">
user_time: 0.006627999999999999
system_time: 0.005456
ram_usage: 9620

<a href="../../../../../tests/chapter-7/arrays/unpacked/onebit.sv.html#l-14" target="file-frame">tests/chapter-7/arrays/unpacked/onebit.sv:14</a>: error: Cannot assign to array arr_a. Did you forget a word index?
<a href="../../../../../tests/chapter-7/arrays/unpacked/onebit.sv.html#l-15" target="file-frame">tests/chapter-7/arrays/unpacked/onebit.sv:15</a>: error: Cannot assign to array arr_b. Did you forget a word index?
2 error(s) during elaboration.
iverilog.out: Unable to open input file.

</pre>
</body>