<head>
  <style>
    .log { font-family: "Courier New", Consolas, monospace; font-size: 80%; }
    .test-failed { background-color: #ffaaaa; }
    .test-passed { background-color: #aaffaa; }
  </style>
</head>
<body>
<h3><a href="http://iverilog.icarus.com/" target="_blank">icarus</a></h3>
<pre class="test-failed">
description: Test packed arrays operations support (Variable slice)
should_fail: 0
tags: 7.4.3 7.4.6
incdirs: /home/travis/build/SymbiFlow/sv-tests/tests/chapter-7/arrays/unpacked
top_module: 
type: simulation parsing
mode: simulation
files: <a href="../../../../../tests/chapter-7/arrays/unpacked/variable-slice.sv.html" target="file-frame">tests/chapter-7/arrays/unpacked/variable-slice.sv</a>
time_elapsed: 0.014s
ram usage: 9612 KB
</pre>
<pre class="log">

<a href="../../../../../tests/chapter-7/arrays/unpacked/variable-slice.sv.html#l-16" target="file-frame">tests/chapter-7/arrays/unpacked/variable-slice.sv:16</a>: error: Cannot assign to array arr_a. Did you forget a word index?
<a href="../../../../../tests/chapter-7/arrays/unpacked/variable-slice.sv.html#l-17" target="file-frame">tests/chapter-7/arrays/unpacked/variable-slice.sv:17</a>: error: Cannot assign to array arr_b. Did you forget a word index?
<a href="../../../../../tests/chapter-7/arrays/unpacked/variable-slice.sv.html#l-23" target="file-frame">tests/chapter-7/arrays/unpacked/variable-slice.sv:23</a>: error: Array cannot be indexed by a range.
<a href="../../../../../tests/chapter-7/arrays/unpacked/variable-slice.sv.html#l-23" target="file-frame">tests/chapter-7/arrays/unpacked/variable-slice.sv:23</a>: error: Array cannot be indexed by a range.
4 error(s) during elaboration.
iverilog.out: Unable to open input file.

</pre>
</body>