<head>
  <style>
    .log { font-family: "Courier New", Consolas, monospace; font-size: 80%; }
    .test-failed { background-color: #ffaaaa; }
    .test-passed { background-color: #aaffaa; }
  </style>
</head>
<body>
<h3><a href="https://github.com/MikePopoloski/slang" target="_blank">slang</a></h3>
<pre class="test-failed">
description: Test
should_fail: 0
tags: 8.3
incdirs: /home/travis/build/SymbiFlow/sv-tests/tests/generic/member
top_module: 
type: parsing
mode: parsing
files: <a href="../../../../tests/generic/member/class_member_test_43.sv.html" target="file-frame">tests/generic/member/class_member_test_43.sv</a>
time_elapsed: 0.003s
ram usage: 9700 KB
</pre>
<pre class="log">

../..<a href="../../../../tests/generic/member/class_member_test_43.sv.html#l-7" target="file-frame">tests/generic/member/class_member_test_43.sv:7</a>:1: error: language feature not yet supported
class constructible;
^~~~~~~~~~~~~~~~~~~~
../..<a href="../../../../tests/generic/member/class_member_test_43.sv.html#l-8" target="file-frame">tests/generic/member/class_member_test_43.sv:8</a>:9: error: expected identifier
function new (foo::bar name,
        ^
../..<a href="../../../../tests/generic/member/class_member_test_43.sv.html#l-8" target="file-frame">tests/generic/member/class_member_test_43.sv:8</a>:10: error: expected statement
function new (foo::bar name,
         ^~~
../..<a href="../../../../tests/generic/member/class_member_test_43.sv.html#l-8" target="file-frame">tests/generic/member/class_member_test_43.sv:8</a>:29: error: expected identifier
function new (foo::bar name,
                            ^
../..<a href="../../../../tests/generic/member/class_member_test_43.sv.html#l-9" target="file-frame">tests/generic/member/class_member_test_43.sv:9</a>:5: error: expected declarator
    virtual interface time_if vif,
    ^~~~~~~
../..<a href="../../../../tests/generic/member/class_member_test_43.sv.html#l-9" target="file-frame">tests/generic/member/class_member_test_43.sv:9</a>:22: error: expected &#39;,&#39;
    virtual interface time_if vif,
                     ^
../..<a href="../../../../tests/generic/member/class_member_test_43.sv.html#l-9" target="file-frame">tests/generic/member/class_member_test_43.sv:9</a>:30: error: expected &#39;,&#39;
    virtual interface time_if vif,
                             ^
../..<a href="../../../../tests/generic/member/class_member_test_43.sv.html#l-10" target="file-frame">tests/generic/member/class_member_test_43.sv:10</a>:8: error: expected declarator
    baz#(M,N)::foo bar, bit [K:0] b);
       ^
../..<a href="../../../../tests/generic/member/class_member_test_43.sv.html#l-10" target="file-frame">tests/generic/member/class_member_test_43.sv:10</a>:10: error: expected &#39;,&#39;
    baz#(M,N)::foo bar, bit [K:0] b);
         ^
../..<a href="../../../../tests/generic/member/class_member_test_43.sv.html#l-10" target="file-frame">tests/generic/member/class_member_test_43.sv:10</a>:13: error: expected declarator
    baz#(M,N)::foo bar, bit [K:0] b);
            ^
../..<a href="../../../../tests/generic/member/class_member_test_43.sv.html#l-10" target="file-frame">tests/generic/member/class_member_test_43.sv:10</a>:16: error: expected &#39;,&#39;
    baz#(M,N)::foo bar, bit [K:0] b);
               ^
../..<a href="../../../../tests/generic/member/class_member_test_43.sv.html#l-10" target="file-frame">tests/generic/member/class_member_test_43.sv:10</a>:19: error: expected &#39;,&#39;
    baz#(M,N)::foo bar, bit [K:0] b);
                  ^
../..<a href="../../../../tests/generic/member/class_member_test_43.sv.html#l-10" target="file-frame">tests/generic/member/class_member_test_43.sv:10</a>:24: error: expected identifier
    baz#(M,N)::foo bar, bit [K:0] b);
                       ^
../..<a href="../../../../tests/generic/member/class_member_test_43.sv.html#l-10" target="file-frame">tests/generic/member/class_member_test_43.sv:10</a>:25: error: expected declarator
    baz#(M,N)::foo bar, bit [K:0] b);
                        ^~~
../..<a href="../../../../tests/generic/member/class_member_test_43.sv.html#l-10" target="file-frame">tests/generic/member/class_member_test_43.sv:10</a>:30: error: expected &#39;,&#39;
    baz#(M,N)::foo bar, bit [K:0] b);
                             ^
../..<a href="../../../../tests/generic/member/class_member_test_43.sv.html#l-10" target="file-frame">tests/generic/member/class_member_test_43.sv:10</a>:31: error: expected declarator
    baz#(M,N)::foo bar, bit [K:0] b);
                              ^
../..<a href="../../../../tests/generic/member/class_member_test_43.sv.html#l-10" target="file-frame">tests/generic/member/class_member_test_43.sv:10</a>:34: error: expected &#39;,&#39;
    baz#(M,N)::foo bar, bit [K:0] b);
                                 ^
../..<a href="../../../../tests/generic/member/class_member_test_43.sv.html#l-10" target="file-frame">tests/generic/member/class_member_test_43.sv:10</a>:36: error: expected declarator
    baz#(M,N)::foo bar, bit [K:0] b);
                                   ^

</pre>
</body>