<head>
  <style>
    .log { font-family: "Courier New", Consolas, monospace; font-size: 80%; }
    .test-failed { background-color: #ffaaaa; }
    .test-passed { background-color: #aaffaa; }
  </style>
</head>
<body>
<h3><a href="http://iverilog.icarus.com/" target="_blank">icarus</a></h3>
<pre class="test-failed">
description: A module testing pattern matching in casex statements
should_fail: 0
tags: 12.6.1
incdirs: /home/travis/build/SymbiFlow/sv-tests/tests/chapter-12
top_module: 
type: parsing
mode: parsing
files: <a href="../../../tests/chapter-12/12.6.1--casex_pattern.sv.html" target="file-frame">tests/chapter-12/12.6.1--casex_pattern.sv</a>
time_elapsed: 0.009s
ram usage: 9640 KB
</pre>
<pre class="log">

<a href="../../../tests/chapter-12/12.6.1--casex_pattern.sv.html#l-9" target="file-frame">tests/chapter-12/12.6.1--casex_pattern.sv:9</a>: syntax error
<a href="../../../tests/chapter-12/12.6.1--casex_pattern.sv.html#l-9" target="file-frame">tests/chapter-12/12.6.1--casex_pattern.sv:9</a>: error: Syntax error in typedef clause.
<a href="../../../tests/chapter-12/12.6.1--casex_pattern.sv.html#l-12" target="file-frame">tests/chapter-12/12.6.1--casex_pattern.sv:12</a>: syntax error
<a href="../../../tests/chapter-12/12.6.1--casex_pattern.sv.html#l-12" target="file-frame">tests/chapter-12/12.6.1--casex_pattern.sv:12</a>: error: invalid module item.
<a href="../../../tests/chapter-12/12.6.1--casex_pattern.sv.html#l-13" target="file-frame">tests/chapter-12/12.6.1--casex_pattern.sv:13</a>: sorry: Unpacked structs not supported.
<a href="../../../tests/chapter-12/12.6.1--casex_pattern.sv.html#l-16" target="file-frame">tests/chapter-12/12.6.1--casex_pattern.sv:16</a>: sorry: Unpacked structs not supported.
<a href="../../../tests/chapter-12/12.6.1--casex_pattern.sv.html#l-19" target="file-frame">tests/chapter-12/12.6.1--casex_pattern.sv:19</a>: syntax error
<a href="../../../tests/chapter-12/12.6.1--casex_pattern.sv.html#l-19" target="file-frame">tests/chapter-12/12.6.1--casex_pattern.sv:19</a>: error: invalid module item.
<a href="../../../tests/chapter-12/12.6.1--casex_pattern.sv.html#l-21" target="file-frame">tests/chapter-12/12.6.1--casex_pattern.sv:21</a>: syntax error
<a href="../../../tests/chapter-12/12.6.1--casex_pattern.sv.html#l-21" target="file-frame">tests/chapter-12/12.6.1--casex_pattern.sv:21</a>: error: Invalid module instantiation
<a href="../../../tests/chapter-12/12.6.1--casex_pattern.sv.html#l-23" target="file-frame">tests/chapter-12/12.6.1--casex_pattern.sv:23</a>: syntax error
<a href="../../../tests/chapter-12/12.6.1--casex_pattern.sv.html#l-24" target="file-frame">tests/chapter-12/12.6.1--casex_pattern.sv:24</a>: error: Incomprehensible case expression.
<a href="../../../tests/chapter-12/12.6.1--casex_pattern.sv.html#l-25" target="file-frame">tests/chapter-12/12.6.1--casex_pattern.sv:25</a>: syntax error
<a href="../../../tests/chapter-12/12.6.1--casex_pattern.sv.html#l-25" target="file-frame">tests/chapter-12/12.6.1--casex_pattern.sv:25</a>: error: Incomprehensible case expression.
<a href="../../../tests/chapter-12/12.6.1--casex_pattern.sv.html#l-26" target="file-frame">tests/chapter-12/12.6.1--casex_pattern.sv:26</a>: syntax error
<a href="../../../tests/chapter-12/12.6.1--casex_pattern.sv.html#l-26" target="file-frame">tests/chapter-12/12.6.1--casex_pattern.sv:26</a>: error: Incomprehensible case expression.
<a href="../../../tests/chapter-12/12.6.1--casex_pattern.sv.html#l-27" target="file-frame">tests/chapter-12/12.6.1--casex_pattern.sv:27</a>: syntax error
<a href="../../../tests/chapter-12/12.6.1--casex_pattern.sv.html#l-27" target="file-frame">tests/chapter-12/12.6.1--casex_pattern.sv:27</a>: warning: extra digits given for sized hex constant.
<a href="../../../tests/chapter-12/12.6.1--casex_pattern.sv.html#l-27" target="file-frame">tests/chapter-12/12.6.1--casex_pattern.sv:27</a>: error: Incomprehensible case expression.

</pre>
</body>