<head>
  <style>
    .log { font-family: "Courier New", Consolas, monospace; font-size: 80%; }
    .test-failed { background-color: #ffaaaa; }
    .test-passed { background-color: #aaffaa; }
  </style>
</head>
<body>
<h3><a href="http://iverilog.icarus.com/" target="_blank">icarus</a></h3>
<pre class="test-failed">
description: A module testing return statement
should_fail: 0
tags: 12.8
incdirs: /home/travis/build/SymbiFlow/sv-tests/tests/chapter-12
top_module: 
type: parsing
mode: parsing
files: <a href="../../../tests/chapter-12/12.8--return.sv.html" target="file-frame">tests/chapter-12/12.8--return.sv</a>
time_elapsed: 0.010s
ram usage: 9712 KB
</pre>
<pre class="log">

<a href="../../../tests/chapter-12/12.8--return.sv.html#l-11" target="file-frame">tests/chapter-12/12.8--return.sv:11</a>: error: Return from jump_tb.fun requires a return value expression.
<a href="../../../tests/chapter-12/12.8--return.sv.html#l-13" target="file-frame">tests/chapter-12/12.8--return.sv:13</a>: error: Return from jump_tb.fun requires a return value expression.
<a href="../../../tests/chapter-12/12.8--return.sv.html#l-17" target="file-frame">tests/chapter-12/12.8--return.sv:17</a>: warning: User function &#39;fun&#39; is being called as a task.
<a href="../../../tests/chapter-12/12.8--return.sv.html#l-17" target="file-frame">tests/chapter-12/12.8--return.sv:17</a>: assert: elab_expr.cc:1272: failed assertion 0
Aborted (core dumped)

</pre>
</body>