<head>
  <style>
    .log { font-family: "Courier New", Consolas, monospace; font-size: 80%; }
    .test-failed { background-color: #ffaaaa; }
    .test-passed { background-color: #aaffaa; }
  </style>
</head>
<body>
<h3><a href="http://iverilog.icarus.com/" target="_blank">icarus</a></h3>
<pre class="test-failed">
description: Tests imported from utd-sv
should_fail: 0
tags: utd-sv
incdirs: /home/travis/build/SymbiFlow/sv-tests/third_party/tests/utd-sv
top_module: 
type: parsing
mode: parsing
files: <a href="../../../../third_party/tests/utd-sv/forever-disable.v.html" target="file-frame">third_party/tests/utd-sv/forever-disable.v</a>
time_elapsed: 0.013s
ram usage: 9748 KB
</pre>
<pre class="log">

<a href="../../../../third_party/tests/utd-sv/forever-disable.v.html#l-5" target="file-frame">third_party/tests/utd-sv/forever-disable.v:5</a>: error: Could not find variable ``i&#39;&#39; in ``forever_disable&#39;&#39;
<a href="../../../../third_party/tests/utd-sv/forever-disable.v.html#l-7" target="file-frame">third_party/tests/utd-sv/forever-disable.v:7</a>: error: Unable to bind wire/reg/memory `i&#39; in `forever_disable.continue_block&#39;
<a href="../../../../third_party/tests/utd-sv/forever-disable.v.html#l-7" target="file-frame">third_party/tests/utd-sv/forever-disable.v:7</a>: error: Unable to bind wire/reg/memory `a&#39; in `forever_disable.continue_block&#39;
<a href="../../../../third_party/tests/utd-sv/forever-disable.v.html#l-7" target="file-frame">third_party/tests/utd-sv/forever-disable.v:7</a>: error: Unable to elaborate condition expression.
<a href="../../../../third_party/tests/utd-sv/forever-disable.v.html#l-9" target="file-frame">third_party/tests/utd-sv/forever-disable.v:9</a>: error: Could not find variable ``i&#39;&#39; in ``forever_disable.continue_block&#39;&#39;
5 error(s) during elaboration.

</pre>
</body>