<head>
  <style>
    .log { font-family: "Courier New", Consolas, monospace; font-size: 80%; }
    .test-failed { background-color: #ffaaaa; }
    .test-passed { background-color: #aaffaa; }
  </style>
</head>
<body>
<h3><a href="http://iverilog.icarus.com/" target="_blank">icarus</a></h3>
<pre class="test-failed">
description: Tests imported from utd-sv
should_fail: 0
tags: utd-sv
incdirs: /home/travis/build/SymbiFlow/sv-tests/third_party/tests/utd-sv
top_module: 
files: <a href="../../../../third_party/tests/utd-sv/expression_tostring.v.html" target="file-frame">third_party/tests/utd-sv/expression_tostring.v</a>
time_elapsed: 0.010s
</pre>
<pre class="log">
user_time: 0.002355
system_time: 0.008098
ram_usage: 8432

<a href="../../../../third_party/tests/utd-sv/expression_tostring.v.html#l-10" target="file-frame">third_party/tests/utd-sv/expression_tostring.v:10</a>: error: Unable to bind wire/reg/memory `b&#39; in `dummy&#39;
<a href="../../../../third_party/tests/utd-sv/expression_tostring.v.html#l-10" target="file-frame">third_party/tests/utd-sv/expression_tostring.v:10</a>: error: Unable to elaborate r-value: !(b)
<a href="../../../../third_party/tests/utd-sv/expression_tostring.v.html#l-12" target="file-frame">third_party/tests/utd-sv/expression_tostring.v:12</a>: error: Unable to bind wire/reg/memory `op_d[&#39;sd1]&#39; in `dummy&#39;
<a href="../../../../third_party/tests/utd-sv/expression_tostring.v.html#l-12" target="file-frame">third_party/tests/utd-sv/expression_tostring.v:12</a>: error: Unable to bind wire/reg/memory `op_d[&#39;sd0]&#39; in `dummy&#39;
<a href="../../../../third_party/tests/utd-sv/expression_tostring.v.html#l-12" target="file-frame">third_party/tests/utd-sv/expression_tostring.v:12</a>: error: Unable to bind wire/reg/memory `op3_d[&#39;sd4]&#39; in `dummy&#39;
<a href="../../../../third_party/tests/utd-sv/expression_tostring.v.html#l-12" target="file-frame">third_party/tests/utd-sv/expression_tostring.v:12</a>: error: Unable to bind wire/reg/memory `op3_d[&#39;sd3]&#39; in `dummy&#39;
<a href="../../../../third_party/tests/utd-sv/expression_tostring.v.html#l-13" target="file-frame">third_party/tests/utd-sv/expression_tostring.v:13</a>: error: Unable to bind wire/reg/memory `op_d[&#39;sd1]&#39; in `dummy&#39;
<a href="../../../../third_party/tests/utd-sv/expression_tostring.v.html#l-13" target="file-frame">third_party/tests/utd-sv/expression_tostring.v:13</a>: error: Unable to bind wire/reg/memory `op_d[&#39;sd0]&#39; in `dummy&#39;
<a href="../../../../third_party/tests/utd-sv/expression_tostring.v.html#l-13" target="file-frame">third_party/tests/utd-sv/expression_tostring.v:13</a>: error: Unable to bind wire/reg/memory `op3_d[&#39;sd5]&#39; in `dummy&#39;
<a href="../../../../third_party/tests/utd-sv/expression_tostring.v.html#l-13" target="file-frame">third_party/tests/utd-sv/expression_tostring.v:13</a>: error: Unable to bind wire/reg/memory `op3_d[&#39;sd4]&#39; in `dummy&#39;
<a href="../../../../third_party/tests/utd-sv/expression_tostring.v.html#l-14" target="file-frame">third_party/tests/utd-sv/expression_tostring.v:14</a>: error: Unable to bind wire/reg/memory `op3_d[&#39;sd3]&#39; in `dummy&#39;
<a href="../../../../third_party/tests/utd-sv/expression_tostring.v.html#l-14" target="file-frame">third_party/tests/utd-sv/expression_tostring.v:14</a>: error: Unable to bind wire/reg/memory `op3_d[&#39;sd2]&#39; in `dummy&#39;
<a href="../../../../third_party/tests/utd-sv/expression_tostring.v.html#l-14" target="file-frame">third_party/tests/utd-sv/expression_tostring.v:14</a>: error: Unable to bind wire/reg/memory `op3_d[&#39;sd1]&#39; in `dummy&#39;
<a href="../../../../third_party/tests/utd-sv/expression_tostring.v.html#l-14" target="file-frame">third_party/tests/utd-sv/expression_tostring.v:14</a>: error: Unable to bind wire/reg/memory `op3_d[&#39;sd0]&#39; in `dummy&#39;
<a href="../../../../third_party/tests/utd-sv/expression_tostring.v.html#l-15" target="file-frame">third_party/tests/utd-sv/expression_tostring.v:15</a>: error: Unable to bind wire/reg/memory `op_d[&#39;sd1]&#39; in `dummy&#39;
<a href="../../../../third_party/tests/utd-sv/expression_tostring.v.html#l-15" target="file-frame">third_party/tests/utd-sv/expression_tostring.v:15</a>: error: Unable to bind wire/reg/memory `op_d[&#39;sd0]&#39; in `dummy&#39;
<a href="../../../../third_party/tests/utd-sv/expression_tostring.v.html#l-15" target="file-frame">third_party/tests/utd-sv/expression_tostring.v:15</a>: error: Unable to bind wire/reg/memory `op3_d[&#39;sd5]&#39; in `dummy&#39;
<a href="../../../../third_party/tests/utd-sv/expression_tostring.v.html#l-15" target="file-frame">third_party/tests/utd-sv/expression_tostring.v:15</a>: error: Unable to bind wire/reg/memory `op3_d[&#39;sd4]&#39; in `dummy&#39;
<a href="../../../../third_party/tests/utd-sv/expression_tostring.v.html#l-16" target="file-frame">third_party/tests/utd-sv/expression_tostring.v:16</a>: error: Unable to bind wire/reg/memory `op3_d[&#39;sd3]&#39; in `dummy&#39;
<a href="../../../../third_party/tests/utd-sv/expression_tostring.v.html#l-16" target="file-frame">third_party/tests/utd-sv/expression_tostring.v:16</a>: error: Unable to bind wire/reg/memory `op3_d[&#39;sd2]&#39; in `dummy&#39;
<a href="../../../../third_party/tests/utd-sv/expression_tostring.v.html#l-16" target="file-frame">third_party/tests/utd-sv/expression_tostring.v:16</a>: error: Unable to bind wire/reg/memory `op3_d[&#39;sd1]&#39; in `dummy&#39;
<a href="../../../../third_party/tests/utd-sv/expression_tostring.v.html#l-16" target="file-frame">third_party/tests/utd-sv/expression_tostring.v:16</a>: error: Unable to bind wire/reg/memory `op3_d[&#39;sd0]&#39; in `dummy&#39;
<a href="../../../../third_party/tests/utd-sv/expression_tostring.v.html#l-17" target="file-frame">third_party/tests/utd-sv/expression_tostring.v:17</a>: error: Unable to bind wire/reg/memory `dtu_dcl_opf2_d&#39; in `dummy&#39;
<a href="../../../../third_party/tests/utd-sv/expression_tostring.v.html#l-12" target="file-frame">third_party/tests/utd-sv/expression_tostring.v:12</a>: error: Unable to elaborate r-value: ~((((((~(op_d[&#39;sd1]))&amp;(~(op_d[&#39;sd0])))&amp;(op3_d[&#39;sd4]))&amp;(op3_d[&#39;sd3]))|((((((((op_d[&#39;sd1])&amp;(~(op_d[&#39;sd0])))&amp;(op3_d[&#39;sd5]))&amp;(~(op3_d[&#39;sd4])))&amp;(op3_d[&#39;sd3]))&amp;(op3_d[&#39;sd2]))&amp;(op3_d[&#39;sd1]))&amp;(op3_d[&#39;sd0])))|(((((((((op_d[&#39;sd1])&amp;(~(op_d[&#39;sd0])))&amp;(op3_d[&#39;sd5]))&amp;(op3_d[&#39;sd4]))&amp;(~(op3_d[&#39;sd3])))&amp;(op3_d[&#39;sd2]))&amp;(~(op3_d[&#39;sd1])))&amp;(op3_d[&#39;sd0]))&amp;(dtu_dcl_opf2_d)))
24 error(s) during elaboration.

</pre>
</body>