<head>
  <style>
    .log { font-family: "Courier New", Consolas, monospace; font-size: 80%; }
    .test-failed { background-color: #ffaaaa; }
    .test-passed { background-color: #aaffaa; }
  </style>
</head>
<body>
<h3><a href="http://iverilog.icarus.com/" target="_blank">icarus</a></h3>
<pre class="test-failed">
description: Tests imported from utd-sv
should_fail: 0
tags: utd-sv
incdirs: /home/travis/build/SymbiFlow/sv-tests/third_party/tests/utd-sv
top_module: 
type: parsing
mode: parsing
files: <a href="../../../../third_party/tests/utd-sv/fpu_div.v.html" target="file-frame">third_party/tests/utd-sv/fpu_div.v</a>
time_elapsed: 0.011s
ram usage: 9708 KB
</pre>
<pre class="log">

<a href="../../../../third_party/tests/utd-sv/fpu_div.v.html#l-28" target="file-frame">third_party/tests/utd-sv/fpu_div.v:28</a>: error: Port eiv_dest_rdy (17) of module fpu_div is not declared within module.
<a href="../../../../third_party/tests/utd-sv/fpu_div.v.html#l-45" target="file-frame">third_party/tests/utd-sv/fpu_div.v:45</a>: error: no wire/reg eiv_dest_rdy in module fpu_div.
2 error(s) during elaboration.

</pre>
</body>