<head>
  <style>
    .log { font-family: "Courier New", Consolas, monospace; font-size: 80%; }
    .test-failed { background-color: #ffaaaa; }
    .test-passed { background-color: #aaffaa; }
  </style>
</head>
<body>
<h3><a href="https://github.com/MikePopoloski/slang" target="_blank">slang</a></h3>
<pre class="test-passed">
description: The &#39;assert&#39; keyword should be reserved
should_fail: 1
tags: 5.6.2
incdirs: /home/travis/build/SymbiFlow/sv-tests/tests/generated/keywords
top_module: 
type: parsing
mode: parsing
files: <a href="../../../../tests/generated/keywords/5.6.2--keyword_assert.sv.html" target="file-frame">tests/generated/keywords/5.6.2--keyword_assert.sv</a>
time_elapsed: 0.003s
ram usage: 9604 KB
</pre>
<pre class="log">

../..<a href="../../../../tests/generated/keywords/5.6.2--keyword_assert.sv.html#l-8" target="file-frame">tests/generated/keywords/5.6.2--keyword_assert.sv:8</a>:8: error: expected declarator
    bit assert;
       ^
../..<a href="../../../../tests/generated/keywords/5.6.2--keyword_assert.sv.html#l-8" target="file-frame">tests/generated/keywords/5.6.2--keyword_assert.sv:8</a>:9: error: language feature not yet supported
    bit assert;
        ^~~~~~~
../..<a href="../../../../tests/generated/keywords/5.6.2--keyword_assert.sv.html#l-8" target="file-frame">tests/generated/keywords/5.6.2--keyword_assert.sv:8</a>:15: error: expected expression
    bit assert;
              ^
../..<a href="../../../../tests/generated/keywords/5.6.2--keyword_assert.sv.html#l-8" target="file-frame">tests/generated/keywords/5.6.2--keyword_assert.sv:8</a>:15: error: expected &#39;(&#39;
    bit assert;
              ^
../..<a href="../../../../tests/generated/keywords/5.6.2--keyword_assert.sv.html#l-8" target="file-frame">tests/generated/keywords/5.6.2--keyword_assert.sv:8</a>:15: error: expected &#39;)&#39;
    bit assert;
              ^

</pre>
</body>