<head>
  <style>
    .log { font-family: "Courier New", Consolas, monospace; font-size: 80%; }
    .test-failed { background-color: #ffaaaa; }
    .test-passed { background-color: #aaffaa; }
  </style>
</head>
<body>
<h3><a href="https://github.com/MikePopoloski/slang" target="_blank">slang</a></h3>
<pre class="test-passed">
description: The &#39;union&#39; keyword should be reserved
should_fail: 1
tags: 5.6.2
incdirs: /home/travis/build/SymbiFlow/sv-tests/tests/generated/keywords
top_module: 
type: parsing
mode: parsing
files: <a href="../../../../tests/generated/keywords/5.6.2--keyword_union.sv.html" target="file-frame">tests/generated/keywords/5.6.2--keyword_union.sv</a>
time_elapsed: 0.002s
ram usage: 9608 KB
</pre>
<pre class="log">

../..<a href="../../../../tests/generated/keywords/5.6.2--keyword_union.sv.html#l-8" target="file-frame">tests/generated/keywords/5.6.2--keyword_union.sv:8</a>:8: error: expected declarator
    bit union;
       ^
../..<a href="../../../../tests/generated/keywords/5.6.2--keyword_union.sv.html#l-8" target="file-frame">tests/generated/keywords/5.6.2--keyword_union.sv:8</a>:14: error: expected &#39;{&#39;
    bit union;
             ^
../..<a href="../../../../tests/generated/keywords/5.6.2--keyword_union.sv.html#l-8" target="file-frame">tests/generated/keywords/5.6.2--keyword_union.sv:8</a>:14: error: expected declarator
    bit union;
             ^

</pre>
</body>