<head>
  <style>
    .log { font-family: "Courier New", Consolas, monospace; font-size: 80%; }
    .test-failed { background-color: #ffaaaa; }
    .test-passed { background-color: #aaffaa; }
  </style>
</head>
<body>
<h3><a href="https://github.com/MikePopoloski/slang" target="_blank">slang</a></h3>
<pre class="test-passed">
description: The &#39;rcmos&#39; keyword should be reserved
should_fail: 1
tags: 5.6.2
incdirs: /home/travis/build/SymbiFlow/sv-tests/tests/generated/keywords
top_module: 
type: parsing
mode: parsing
files: <a href="../../../../tests/generated/keywords/5.6.2--keyword_rcmos.sv.html" target="file-frame">tests/generated/keywords/5.6.2--keyword_rcmos.sv</a>
time_elapsed: 0.003s
</pre>
<pre class="log">
user_time: 0.002793
system_time: 0.0
ram_usage: 9596

../..<a href="../../../../tests/generated/keywords/5.6.2--keyword_rcmos.sv.html#l-8" target="file-frame">tests/generated/keywords/5.6.2--keyword_rcmos.sv:8</a>:8: error: expected declarator
    bit rcmos;
       ^
../..<a href="../../../../tests/generated/keywords/5.6.2--keyword_rcmos.sv.html#l-8" target="file-frame">tests/generated/keywords/5.6.2--keyword_rcmos.sv:8</a>:9: error: expected member
    bit rcmos;
        ^~~~~

</pre>
</body>