<head>
  <style>
    .test-failed { background-color: #ffaaaa; }
    .test-passed { background-color: #aaffaa; }
  </style>
</head>
<body>
<h3><a href="https://github.com/MikePopoloski/slang" target="_blank">slang</a></h3>
<pre class="test-passed">
description: The &#39;program&#39; keyword should be reserved
should_fail: 1
tags: 5.6.2
incdirs: /home/travis/build/SymbiFlow/sv-tests/tests/generated/keywords
top_module: 
files: <a href="../../../../tests/generated/keywords/5.6.2--keyword_program.sv.html" target="file-frame">tests/generated/keywords/5.6.2--keyword_program.sv</a>
time_elapsed: 0.008s
</pre>
<pre>

../..<a href="../../../../tests/generated/keywords/5.6.2--keyword_program.sv.html#l-8" target="file-frame">tests/generated/keywords/5.6.2--keyword_program.sv:8</a>:8: error: expected declarator
    bit program;
       ^
../..<a href="../../../../tests/generated/keywords/5.6.2--keyword_program.sv.html#l-8" target="file-frame">tests/generated/keywords/5.6.2--keyword_program.sv:8</a>:16: error: expected identifier
    bit program;
               ^
../..<a href="../../../../tests/generated/keywords/5.6.2--keyword_program.sv.html#l-9" target="file-frame">tests/generated/keywords/5.6.2--keyword_program.sv:9</a>:1: error: expected member
endmodule
^~~~~~~~~
../..<a href="../../../../tests/generated/keywords/5.6.2--keyword_program.sv.html#l-9" target="file-frame">tests/generated/keywords/5.6.2--keyword_program.sv:9</a>:10: error: expected &#39;endprogram&#39;
endmodule
         ^

</pre>
</body>