<head>
  <style>
    .log { font-family: "Courier New", Consolas, monospace; font-size: 80%; }
    .test-failed { background-color: #ffaaaa; }
    .test-passed { background-color: #aaffaa; }
  </style>
</head>
<body>
<h3><a href="https://github.com/MikePopoloski/slang" target="_blank">slang</a></h3>
<pre class="test-passed">
description: The &#39;timeprecision&#39; keyword should be reserved
should_fail: 1
tags: 5.6.2
incdirs: /home/travis/build/SymbiFlow/sv-tests/tests/generated/keywords
top_module: 
type: parsing
mode: parsing
files: <a href="../../../../tests/generated/keywords/5.6.2--keyword_timeprecision.sv.html" target="file-frame">tests/generated/keywords/5.6.2--keyword_timeprecision.sv</a>
time_elapsed: 0.003s
ram usage: 9740 KB
</pre>
<pre class="log">

../..<a href="../../../../tests/generated/keywords/5.6.2--keyword_timeprecision.sv.html#l-8" target="file-frame">tests/generated/keywords/5.6.2--keyword_timeprecision.sv:8</a>:8: error: expected declarator
    bit timeprecision;
       ^
../..<a href="../../../../tests/generated/keywords/5.6.2--keyword_timeprecision.sv.html#l-8" target="file-frame">tests/generated/keywords/5.6.2--keyword_timeprecision.sv:8</a>:22: error: expected time literal
    bit timeprecision;
                     ^

</pre>
</body>