<head>
  <style>
    .log { font-family: "Courier New", Consolas, monospace; font-size: 80%; }
    .test-failed { background-color: #ffaaaa; }
    .test-passed { background-color: #aaffaa; }
  </style>
</head>
<body>
<h3><a href="http://iverilog.icarus.com/" target="_blank">icarus</a></h3>
<pre class="test-failed">
description: Test
should_fail: 0
tags: 8.3
incdirs: /home/travis/build/SymbiFlow/sv-tests/tests/generic/member
top_module: 
files: <a href="../../../../tests/generic/member/class_member_test_47.sv.html" target="file-frame">tests/generic/member/class_member_test_47.sv</a>
time_elapsed: 0.008s
</pre>
<pre class="log">
user_time: 0.005161
system_time: 0.002794
ram_usage: 9608

<a href="../../../../tests/generic/member/class_member_test_47.sv.html#l-8" target="file-frame">tests/generic/member/class_member_test_47.sv:8</a>: sorry: Unpacked structs not supported.
<a href="../../../../tests/generic/member/class_member_test_47.sv.html#l-10" target="file-frame">tests/generic/member/class_member_test_47.sv:10</a>: syntax error
<a href="../../../../tests/generic/member/class_member_test_47.sv.html#l-10" target="file-frame">tests/generic/member/class_member_test_47.sv:10</a>: error: invalid class item.
<a href="../../../../tests/generic/member/class_member_test_47.sv.html#l-11" target="file-frame">tests/generic/member/class_member_test_47.sv:11</a>: syntax error
<a href="../../../../tests/generic/member/class_member_test_47.sv.html#l-11" target="file-frame">tests/generic/member/class_member_test_47.sv:11</a>: error: invalid class item.
<a href="../../../../tests/generic/member/class_member_test_47.sv.html#l-12" target="file-frame">tests/generic/member/class_member_test_47.sv:12</a>: syntax error
<a href="../../../../tests/generic/member/class_member_test_47.sv.html#l-12" target="file-frame">tests/generic/member/class_member_test_47.sv:12</a>: error: invalid class item.
<a href="../../../../tests/generic/member/class_member_test_47.sv.html#l-13" target="file-frame">tests/generic/member/class_member_test_47.sv:13</a>: syntax error
<a href="../../../../tests/generic/member/class_member_test_47.sv.html#l-13" target="file-frame">tests/generic/member/class_member_test_47.sv:13</a>: error: invalid class item.

</pre>
</body>