<head>
  <style>
    .test-failed { background-color: #ffaaaa; }
    .test-passed { background-color: #aaffaa; }
  </style>
</head>
<body>
<h3><a href="http://iverilog.icarus.com/" target="_blank">icarus</a></h3>
<pre class="test-failed">
description: Test
should_fail: 0
tags: 8.3
incdirs: /home/travis/build/SymbiFlow/sv-tests/tests/generic/member
top_module: 
files: <a href="../../../../tests/generic/member/class_member_test_24.sv.html" target="file-frame">tests/generic/member/class_member_test_24.sv</a>
time_elapsed: 0.016s
</pre>
<pre>

<a href="../../../../tests/generic/member/class_member_test_24.sv.html#l-8" target="file-frame">tests/generic/member/class_member_test_24.sv:8</a>: syntax error
<a href="../../../../tests/generic/member/class_member_test_24.sv.html#l-8" target="file-frame">tests/generic/member/class_member_test_24.sv:8</a>: error: Error in task/function port item after port name mypkg.
<a href="../../../../tests/generic/member/class_member_test_24.sv.html#l-8" target="file-frame">tests/generic/member/class_member_test_24.sv:8</a>: syntax error
<a href="../../../../tests/generic/member/class_member_test_24.sv.html#l-8" target="file-frame">tests/generic/member/class_member_test_24.sv:8</a>: error: invalid class item.

</pre>
</body>