<head>
  <style>
    .log { font-family: "Courier New", Consolas, monospace; font-size: 80%; }
    .test-failed { background-color: #ffaaaa; }
    .test-passed { background-color: #aaffaa; }
  </style>
</head>
<body>
<h3><a href="https://github.com/MikePopoloski/slang" target="_blank">slang</a></h3>
<pre class="test-failed">
description: Test
should_fail: 0
tags: 22.11
incdirs: /home/travis/build/SymbiFlow/sv-tests/tests/chapter-22
top_module: 
type: preprocessing
mode: preprocessing
files: <a href="../../../tests/chapter-22/22.11--pragma-nested.sv.html" target="file-frame">tests/chapter-22/22.11--pragma-nested.sv</a>
time_elapsed: 0.003s
ram usage: 9644 KB
</pre>
<pre class="log">

../..<a href="../../../tests/chapter-22/22.11--pragma-nested.sv.html#l-8" target="file-frame">tests/chapter-22/22.11--pragma-nested.sv:8</a>:9: error: use of undeclared identifier &#39;foo&#39;
`pragma foo something, somethingelse = 7, &#34;abcdef&#34;, ( hello, ( &#34;world&#34;, pr = 4, &#34;gm&#34; ) ), a
        ^~~
../..<a href="../../../tests/chapter-22/22.11--pragma-nested.sv.html#l-8" target="file-frame">tests/chapter-22/22.11--pragma-nested.sv:8</a>:42: error: expected identifier
`pragma foo something, somethingelse = 7, &#34;abcdef&#34;, ( hello, ( &#34;world&#34;, pr = 4, &#34;gm&#34; ) ), a
                                         ^
../..<a href="../../../tests/chapter-22/22.11--pragma-nested.sv.html#l-8" target="file-frame">tests/chapter-22/22.11--pragma-nested.sv:8</a>:43: error: expected declarator
`pragma foo something, somethingelse = 7, &#34;abcdef&#34;, ( hello, ( &#34;world&#34;, pr = 4, &#34;gm&#34; ) ), a
                                          ^~~~~~~~
../..<a href="../../../tests/chapter-22/22.11--pragma-nested.sv.html#l-8" target="file-frame">tests/chapter-22/22.11--pragma-nested.sv:8</a>:52: error: expected identifier
`pragma foo something, somethingelse = 7, &#34;abcdef&#34;, ( hello, ( &#34;world&#34;, pr = 4, &#34;gm&#34; ) ), a
                                                   ^
../..<a href="../../../tests/chapter-22/22.11--pragma-nested.sv.html#l-8" target="file-frame">tests/chapter-22/22.11--pragma-nested.sv:8</a>:53: error: expected declarator
`pragma foo something, somethingelse = 7, &#34;abcdef&#34;, ( hello, ( &#34;world&#34;, pr = 4, &#34;gm&#34; ) ), a
                                                    ^
../..<a href="../../../tests/chapter-22/22.11--pragma-nested.sv.html#l-8" target="file-frame">tests/chapter-22/22.11--pragma-nested.sv:8</a>:54: error: expected &#39;,&#39;
`pragma foo something, somethingelse = 7, &#34;abcdef&#34;, ( hello, ( &#34;world&#34;, pr = 4, &#34;gm&#34; ) ), a
                                                     ^
../..<a href="../../../tests/chapter-22/22.11--pragma-nested.sv.html#l-8" target="file-frame">tests/chapter-22/22.11--pragma-nested.sv:8</a>:61: error: expected identifier
`pragma foo something, somethingelse = 7, &#34;abcdef&#34;, ( hello, ( &#34;world&#34;, pr = 4, &#34;gm&#34; ) ), a
                                                            ^
../..<a href="../../../tests/chapter-22/22.11--pragma-nested.sv.html#l-8" target="file-frame">tests/chapter-22/22.11--pragma-nested.sv:8</a>:62: error: expected declarator
`pragma foo something, somethingelse = 7, &#34;abcdef&#34;, ( hello, ( &#34;world&#34;, pr = 4, &#34;gm&#34; ) ), a
                                                             ^
../..<a href="../../../tests/chapter-22/22.11--pragma-nested.sv.html#l-8" target="file-frame">tests/chapter-22/22.11--pragma-nested.sv:8</a>:80: error: expected identifier
`pragma foo something, somethingelse = 7, &#34;abcdef&#34;, ( hello, ( &#34;world&#34;, pr = 4, &#34;gm&#34; ) ), a
                                                                               ^
../..<a href="../../../tests/chapter-22/22.11--pragma-nested.sv.html#l-8" target="file-frame">tests/chapter-22/22.11--pragma-nested.sv:8</a>:81: error: expected declarator
`pragma foo something, somethingelse = 7, &#34;abcdef&#34;, ( hello, ( &#34;world&#34;, pr = 4, &#34;gm&#34; ) ), a
                                                                                ^~~~
../..<a href="../../../tests/chapter-22/22.11--pragma-nested.sv.html#l-8" target="file-frame">tests/chapter-22/22.11--pragma-nested.sv:8</a>:92: error: expected &#39;;&#39;
`pragma foo something, somethingelse = 7, &#34;abcdef&#34;, ( hello, ( &#34;world&#34;, pr = 4, &#34;gm&#34; ) ), a
                                                                                           ^

</pre>
</body>