<head>
  <style>
    .log { font-family: "Courier New", Consolas, monospace; font-size: 80%; }
    .test-failed { background-color: #ffaaaa; }
    .test-passed { background-color: #aaffaa; }
  </style>
</head>
<body>
<h3><a href="https://github.com/MikePopoloski/slang" target="_blank">slang</a></h3>
<pre class="test-failed">
description: Test
should_fail: 0
tags: 22.11
incdirs: /home/travis/build/SymbiFlow/sv-tests/tests/chapter-22
top_module: 
type: preprocessing
mode: preprocessing
files: <a href="../../../tests/chapter-22/22.11--pragma-number-multi.sv.html" target="file-frame">tests/chapter-22/22.11--pragma-number-multi.sv</a>
time_elapsed: 0.003s
ram usage: 9668 KB
</pre>
<pre class="log">

../..<a href="../../../tests/chapter-22/22.11--pragma-number-multi.sv.html#l-8" target="file-frame">tests/chapter-22/22.11--pragma-number-multi.sv:8</a>:9: error: use of undeclared identifier &#39;pragma_number_other&#39;
`pragma pragma_number_other a = 123, b = 4
        ^~~~~~~~~~~~~~~~~~~
../..<a href="../../../tests/chapter-22/22.11--pragma-number-multi.sv.html#l-8" target="file-frame">tests/chapter-22/22.11--pragma-number-multi.sv:8</a>:43: error: expected &#39;;&#39;
`pragma pragma_number_other a = 123, b = 4
                                          ^

</pre>
</body>