<head>
  <style>
    .log { font-family: "Courier New", Consolas, monospace; font-size: 80%; }
    .test-failed { background-color: #ffaaaa; }
    .test-passed { background-color: #aaffaa; }
  </style>
</head>
<body>
<h3><a href="https://github.com/MikePopoloski/slang" target="_blank">slang</a></h3>
<pre class="test-passed">
description: The number parameter shall be a positive integer that specifies the new line number
should_fail: 1
tags: 22.12
incdirs: /home/travis/build/SymbiFlow/sv-tests/tests/chapter-22
top_module: 
type: preprocessing
mode: preprocessing
files: <a href="../../../tests/chapter-22/22.12--line-illegal-3.sv.html" target="file-frame">tests/chapter-22/22.12--line-illegal-3.sv</a>
time_elapsed: 0.003s
ram usage: 9700 KB
</pre>
<pre class="log">

../..<a href="../../../tests/chapter-22/22.12--line-illegal-3.sv.html#l-8" target="file-frame">tests/chapter-22/22.12--line-illegal-3.sv:8</a>:6: error: expected string literal
`line -12 &#34;somefile&#34; 3
     ^
../..<a href="../../../tests/chapter-22/22.12--line-illegal-3.sv.html#l-8" target="file-frame">tests/chapter-22/22.12--line-illegal-3.sv:8</a>:6: error: expected integer literal
`line -12 &#34;somefile&#34; 3
     ^
../..<a href="../../../tests/chapter-22/22.12--line-illegal-3.sv.html#l-8" target="file-frame">tests/chapter-22/22.12--line-illegal-3.sv:8</a>:6: error: expected integer literal
`line -12 &#34;somefile&#34; 3
     ^
../..<a href="../../../tests/chapter-22/22.12--line-illegal-3.sv.html#l-8" target="file-frame">tests/chapter-22/22.12--line-illegal-3.sv:8</a>:7: error: expected member
`line -12 &#34;somefile&#34; 3
      ^

</pre>
</body>