<head>
  <style>
    .log { font-family: "Courier New", Consolas, monospace; font-size: 80%; }
    .test-failed { background-color: #ffaaaa; }
    .test-passed { background-color: #aaffaa; }
  </style>
</head>
<body>
<h3><a href="https://github.com/MikePopoloski/slang" target="_blank">slang</a></h3>
<pre class="test-passed">
description: The filename parameter shall be a string literal
should_fail: 1
tags: 22.12
incdirs: /home/travis/build/SymbiFlow/sv-tests/tests/chapter-22
top_module: 
type: preprocessing
mode: preprocessing
files: <a href="../../../tests/chapter-22/22.12--line-illegal-2.sv.html" target="file-frame">tests/chapter-22/22.12--line-illegal-2.sv</a>
time_elapsed: 0.003s
ram usage: 9732 KB
</pre>
<pre class="log">

../..<a href="../../../tests/chapter-22/22.12--line-illegal-2.sv.html#l-8" target="file-frame">tests/chapter-22/22.12--line-illegal-2.sv:8</a>:8: error: expected string literal
`line 1 somefile 2
       ^
../..<a href="../../../tests/chapter-22/22.12--line-illegal-2.sv.html#l-8" target="file-frame">tests/chapter-22/22.12--line-illegal-2.sv:8</a>:8: error: expected integer literal
`line 1 somefile 2
       ^
../..<a href="../../../tests/chapter-22/22.12--line-illegal-2.sv.html#l-8" target="file-frame">tests/chapter-22/22.12--line-illegal-2.sv:8</a>:9: error: expected member
`line 1 somefile 2
        ^~~~~~~~

</pre>
</body>