<head>
  <style>
    .log { font-family: "Courier New", Consolas, monospace; font-size: 80%; }
    .test-failed { background-color: #ffaaaa; }
    .test-passed { background-color: #aaffaa; }
  </style>
</head>
<body>
<h3><a href="https://github.com/MikePopoloski/slang" target="_blank">slang</a></h3>
<pre class="test-passed">
description: Test
should_fail: 1
tags: 22.4
incdirs: /home/travis/build/SymbiFlow/sv-tests/tests/chapter-22
top_module: 
type: preprocessing parsing
mode: parsing
files: <a href="../../../tests/chapter-22/22.4--include_two_in_one_line.sv.html" target="file-frame">tests/chapter-22/22.4--include_two_in_one_line.sv</a>
time_elapsed: 0.003s
ram usage: 9600 KB
</pre>
<pre class="log">

../..<a href="../../../tests/chapter-22/22.4--include_two_in_one_line.sv.html#l-8" target="file-frame">tests/chapter-22/22.4--include_two_in_one_line.sv:8</a>:10: error: could not find or open include file
`include &lt;dummy_include.sv&gt; `include &lt;dummy_include.sv&gt;
         ^
../..<a href="../../../tests/chapter-22/22.4--include_two_in_one_line.sv.html#l-8" target="file-frame">tests/chapter-22/22.4--include_two_in_one_line.sv:8</a>:30: error: include directives must begin on their own line
`include &lt;dummy_include.sv&gt; `include &lt;dummy_include.sv&gt;
                             ^
../..<a href="../../../tests/chapter-22/22.4--include_two_in_one_line.sv.html#l-8" target="file-frame">tests/chapter-22/22.4--include_two_in_one_line.sv:8</a>:38: error: could not find or open include file
`include &lt;dummy_include.sv&gt; `include &lt;dummy_include.sv&gt;
                                     ^

</pre>
</body>