<head>
  <style>
    .log { font-family: "Courier New", Consolas, monospace; font-size: 80%; }
    .test-failed { background-color: #ffaaaa; }
    .test-passed { background-color: #aaffaa; }
  </style>
</head>
<body>
<h3><a href="https://github.com/MikePopoloski/slang" target="_blank">slang</a></h3>
<pre class="test-passed">
description: Test
should_fail: 1
tags: 22.5.1
incdirs: /home/travis/build/SymbiFlow/sv-tests/tests/chapter-22
top_module: 
type: preprocessing
mode: preprocessing
files: <a href="../../../tests/chapter-22/22.5.1--define-expansion_21.sv.html" target="file-frame">tests/chapter-22/22.5.1--define-expansion_21.sv</a>
time_elapsed: 0.003s
ram usage: 9536 KB
</pre>
<pre class="log">

../..<a href="../../../tests/chapter-22/22.5.1--define-expansion_21.sv.html#l-8" target="file-frame">tests/chapter-22/22.5.1--define-expansion_21.sv:8</a>:36: error: missing closing quote
`define first_half &#34;start of string
                                   ^
../..<a href="../../../tests/chapter-22/22.5.1--define-expansion_21.sv.html#l-10" target="file-frame">tests/chapter-22/22.5.1--define-expansion_21.sv:10</a>:1: error: expected member
$display(`first_half end of string&#34;);
^~~~~~~~
../..<a href="../../../tests/chapter-22/22.5.1--define-expansion_21.sv.html#l-10" target="file-frame">tests/chapter-22/22.5.1--define-expansion_21.sv:10</a>:35: error: expected member
$display(`first_half end of string&#34;);
                                  ^~~
../..<a href="../../../tests/chapter-22/22.5.1--define-expansion_21.sv.html#l-10" target="file-frame">tests/chapter-22/22.5.1--define-expansion_21.sv:10</a>:35: error: expected declarator
$display(`first_half end of string&#34;);
                                  ^
../..<a href="../../../tests/chapter-22/22.5.1--define-expansion_21.sv.html#l-10" target="file-frame">tests/chapter-22/22.5.1--define-expansion_21.sv:10</a>:38: error: missing closing quote
$display(`first_half end of string&#34;);
                                     ^

</pre>
</body>