<head>
  <style>
    .log { font-family: "Courier New", Consolas, monospace; font-size: 80%; }
    .test-failed { background-color: #ffaaaa; }
    .test-passed { background-color: #aaffaa; }
  </style>
</head>
<body>
<h3><a href="https://github.com/MikePopoloski/slang" target="_blank">slang</a></h3>
<pre class="test-failed">
description: Test
should_fail: 0
tags: 22.5.1
incdirs: /home/travis/build/SymbiFlow/sv-tests/tests/chapter-22
top_module: 
type: preprocessing
mode: preprocessing
files: <a href="../../../tests/chapter-22/22.5.1--define-expansion_20.sv.html" target="file-frame">tests/chapter-22/22.5.1--define-expansion_20.sv</a>
time_elapsed: 0.003s
ram usage: 9548 KB
</pre>
<pre class="log">

../..<a href="../../../tests/chapter-22/22.5.1--define-expansion_20.sv.html#l-10" target="file-frame">tests/chapter-22/22.5.1--define-expansion_20.sv:10</a>:1: error: expected member
`var_nand(2) g121 (q21, n10, n11);
^~~~~~~~~~~~
../..<a href="../../../tests/chapter-22/22.5.1--define-expansion_20.sv.html#l-8" target="file-frame">tests/chapter-22/22.5.1--define-expansion_20.sv:8</a>:23: note: expanded from macro &#39;var_nand&#39;
`define var_nand(dly) nand #dly
                      ^~~~
../..<a href="../../../tests/chapter-22/22.5.1--define-expansion_20.sv.html#l-11" target="file-frame">tests/chapter-22/22.5.1--define-expansion_20.sv:11</a>:1: error: expected member
`var_nand(5) g122 (q22, n10, n11); 
^~~~~~~~~~~~
../..<a href="../../../tests/chapter-22/22.5.1--define-expansion_20.sv.html#l-8" target="file-frame">tests/chapter-22/22.5.1--define-expansion_20.sv:8</a>:23: note: expanded from macro &#39;var_nand&#39;
`define var_nand(dly) nand #dly
                      ^~~~

</pre>
</body>