<head>
  <style>
    .log { font-family: "Courier New", Consolas, monospace; font-size: 80%; }
    .test-failed { background-color: #ffaaaa; }
    .test-passed { background-color: #aaffaa; }
  </style>
</head>
<body>
<h3><a href="https://github.com/MikePopoloski/slang" target="_blank">slang</a></h3>
<pre class="test-failed">
description: Tests imported from utd-sv
should_fail: 0
tags: utd-sv
incdirs: /home/travis/build/SymbiFlow/sv-tests/third_party/tests/utd-sv
top_module: 
files: <a href="../../../../third_party/tests/utd-sv/lsu_dcdp.v.html" target="file-frame">third_party/tests/utd-sv/lsu_dcdp.v</a>
time_elapsed: 0.007s
</pre>
<pre class="log">
user_time: 0.0035919999999999997
system_time: 0.0035919999999999997
ram_usage: 9628

../..<a href="../../../../third_party/tests/utd-sv/lsu_dcdp.v.html#l-245" target="file-frame">third_party/tests/utd-sv/lsu_dcdp.v:245</a>:1: error: unknown module &#39;mux4ds&#39;
mux4ds #(8) align_byte0_1h_mx (
^~~~~~
../..<a href="../../../../third_party/tests/utd-sv/lsu_dcdp.v.html#l-270" target="file-frame">third_party/tests/utd-sv/lsu_dcdp.v:270</a>:1: error: unknown module &#39;mux4ds&#39;
mux4ds #(8) align_byte0_2h_mx (
^~~~~~
../..<a href="../../../../third_party/tests/utd-sv/lsu_dcdp.v.html#l-306" target="file-frame">third_party/tests/utd-sv/lsu_dcdp.v:306</a>:1: error: unknown module &#39;mux4ds&#39;
mux4ds #(8) align_byte1_1h_mx (
^~~~~~
../..<a href="../../../../third_party/tests/utd-sv/lsu_dcdp.v.html#l-331" target="file-frame">third_party/tests/utd-sv/lsu_dcdp.v:331</a>:1: error: unknown module &#39;mux4ds&#39;
mux4ds #(8) align_byte1_2h_mx (
^~~~~~
../..<a href="../../../../third_party/tests/utd-sv/lsu_dcdp.v.html#l-384" target="file-frame">third_party/tests/utd-sv/lsu_dcdp.v:384</a>:1: error: unknown module &#39;mux4ds&#39;
mux4ds #(8) align_byte2_1st_mx (
^~~~~~
../..<a href="../../../../third_party/tests/utd-sv/lsu_dcdp.v.html#l-430" target="file-frame">third_party/tests/utd-sv/lsu_dcdp.v:430</a>:1: error: unknown module &#39;mux4ds&#39;
mux4ds #(8) align_byte3_1st_mx (
^~~~~~
../..<a href="../../../../third_party/tests/utd-sv/lsu_dcdp.v.html#l-582" target="file-frame">third_party/tests/utd-sv/lsu_dcdp.v:582</a>:1: error: unknown module &#39;dff_s&#39;
dff_s #(32) ld_data_msb_stgg (
^~~~~
../..<a href="../../../../third_party/tests/utd-sv/lsu_dcdp.v.html#l-592" target="file-frame">third_party/tests/utd-sv/lsu_dcdp.v:592</a>:1: error: unknown module &#39;dff_s&#39;
dff_s #(5) dcache_alt_stgm  (
^~~~~
../..<a href="../../../../third_party/tests/utd-sv/lsu_dcdp.v.html#l-602" target="file-frame">third_party/tests/utd-sv/lsu_dcdp.v:602</a>:1: error: unknown module &#39;dff_s&#39;
dff_s #(5) dcache_alt_stgg  (
^~~~~
../..<a href="../../../../third_party/tests/utd-sv/lsu_dcdp.v.html#l-630" target="file-frame">third_party/tests/utd-sv/lsu_dcdp.v:630</a>:1: error: unknown module &#39;dff_s&#39;
dff_s #(3) ldst_size_stgg(
^~~~~
../..<a href="../../../../third_party/tests/utd-sv/lsu_dcdp.v.html#l-639" target="file-frame">third_party/tests/utd-sv/lsu_dcdp.v:639</a>:1: error: unknown module &#39;dff_s&#39;
dff_s #(8) stgg_morphadd(
^~~~~
../..<a href="../../../../third_party/tests/utd-sv/lsu_dcdp.v.html#l-898" target="file-frame">third_party/tests/utd-sv/lsu_dcdp.v:898</a>:1: error: unknown module &#39;dff_s&#39;
dff_s #(37) stgg_mergesel(
^~~~~

</pre>
</body>