<head>
  <style>
    .log { font-family: "Courier New", Consolas, monospace; font-size: 80%; }
    .test-failed { background-color: #ffaaaa; }
    .test-passed { background-color: #aaffaa; }
  </style>
</head>
<body>
<h3><a href="https://github.com/MikePopoloski/slang" target="_blank">slang</a></h3>
<pre class="test-failed">
description: Tests imported from utd-sv
should_fail: 0
tags: utd-sv
incdirs: /home/travis/build/SymbiFlow/sv-tests/third_party/tests/utd-sv
top_module: 
files: <a href="../../../../third_party/tests/utd-sv/scbuf_fbd.v.html" target="file-frame">third_party/tests/utd-sv/scbuf_fbd.v</a>
time_elapsed: 0.006s
</pre>
<pre class="log">

../..<a href="../../../../third_party/tests/utd-sv/scbuf_fbd.v.html#l-100" target="file-frame">third_party/tests/utd-sv/scbuf_fbd.v:100</a>:1: error: unknown module &#39;dff_s&#39;
dff_s   #(16)  ff_fbwr_wen_r3
^~~~~
../..<a href="../../../../third_party/tests/utd-sv/scbuf_fbd.v.html#l-124" target="file-frame">third_party/tests/utd-sv/scbuf_fbd.v:124</a>:1: error: unknown module &#39;dff_s&#39;
dff_s   #(3)   ff_fbwr_wl_r3
^~~~~
../..<a href="../../../../third_party/tests/utd-sv/scbuf_fbd.v.html#l-137" target="file-frame">third_party/tests/utd-sv/scbuf_fbd.v:137</a>:1: error: unknown module &#39;dff_s&#39;
dff_s   #(78)  ff_sctag_scdata_stdecc_c4
^~~~~
../..<a href="../../../../third_party/tests/utd-sv/scbuf_fbd.v.html#l-153" target="file-frame">third_party/tests/utd-sv/scbuf_fbd.v:153</a>:1: error: unknown module &#39;dff_s&#39;
dff_s   #(156) ff_btu_scbuf_decc_r3
^~~~~
../..<a href="../../../../third_party/tests/utd-sv/scbuf_fbd.v.html#l-164" target="file-frame">third_party/tests/utd-sv/scbuf_fbd.v:164</a>:1: error: unknown module &#39;dff_s&#39;
dff_s   #(1)   ff_fbd_stdatasel_c4
^~~~~
../..<a href="../../../../third_party/tests/utd-sv/scbuf_fbd.v.html#l-173" target="file-frame">third_party/tests/utd-sv/scbuf_fbd.v:173</a>:1: error: unknown module &#39;mux2ds&#39;
mux2ds #(624) mux_fb_array_din
^~~~~~

</pre>
</body>