<head>
  <style>
    .test-failed { background-color: #ffaaaa; }
    .test-passed { background-color: #aaffaa; }
  </style>
</head>
<body>
<h3><a href="https://github.com/MikePopoloski/slang" target="_blank">slang</a></h3>
<pre class="test-failed">
description: Tests imported from utd-sv
should_fail: 0
tags: utd-sv
incdirs: /home/travis/build/SymbiFlow/sv-tests/third_party/tests/utd-sv
top_module: 
files: <a href="../../../../third_party/tests/utd-sv/scbuf_evict.v.html" target="file-frame">third_party/tests/utd-sv/scbuf_evict.v</a>
time_elapsed: 0.014s
</pre>
<pre>

../..<a href="../../../../third_party/tests/utd-sv/scbuf_evict.v.html#l-172" target="file-frame">third_party/tests/utd-sv/scbuf_evict.v:172</a>:1: error: unknown module &#39;dffrl_async&#39;
dffrl_async  #(1)  reset_flop
^~~~~~~~~~~
../..<a href="../../../../third_party/tests/utd-sv/scbuf_evict.v.html#l-186" target="file-frame">third_party/tests/utd-sv/scbuf_evict.v:186</a>:1: error: unknown module &#39;dff_s&#39;
dff_s   #(39)  ff_jbi_sctag_req_ecc_s3    (.din(jbi_sctag_req_ecc_s2[38:0]), 
^~~~~
../..<a href="../../../../third_party/tests/utd-sv/scbuf_evict.v.html#l-194" target="file-frame">third_party/tests/utd-sv/scbuf_evict.v:194</a>:1: error: unknown module &#39;dff_s&#39;
dff_s   #(1)   ff_sctag_scbuf_wbwr_wen_c7
^~~~~
../..<a href="../../../../third_party/tests/utd-sv/scbuf_evict.v.html#l-199" target="file-frame">third_party/tests/utd-sv/scbuf_evict.v:199</a>:1: error: unknown module &#39;dff_s&#39;
dff_s   #(1)   ff_sctag_scbuf_wbwr_wen_c8
^~~~~
../..<a href="../../../../third_party/tests/utd-sv/scbuf_evict.v.html#l-209" target="file-frame">third_party/tests/utd-sv/scbuf_evict.v:209</a>:1: error: unknown module &#39;dff_s&#39;
dff_s   #(3)   ff_sctag_scbuf_wbwr_wl_c7
^~~~~
../..<a href="../../../../third_party/tests/utd-sv/scbuf_evict.v.html#l-214" target="file-frame">third_party/tests/utd-sv/scbuf_evict.v:214</a>:1: error: unknown module &#39;dff_s&#39;
dff_s   #(3)   ff_sctag_scbuf_wbwr_wl_c8
^~~~~
../..<a href="../../../../third_party/tests/utd-sv/scbuf_evict.v.html#l-225" target="file-frame">third_party/tests/utd-sv/scbuf_evict.v:225</a>:1: error: unknown module &#39;dff_s&#39;
dff_s   #(3)   ff_sctag_scbuf_wbrd_wl_r1
^~~~~
../..<a href="../../../../third_party/tests/utd-sv/scbuf_evict.v.html#l-237" target="file-frame">third_party/tests/utd-sv/scbuf_evict.v:237</a>:1: error: unknown module &#39;dff_s&#39;
dff_s   #(2)   ff_sctag_scbuf_rdma_rdwl_r1
^~~~~
../..<a href="../../../../third_party/tests/utd-sv/scbuf_evict.v.html#l-247" target="file-frame">third_party/tests/utd-sv/scbuf_evict.v:247</a>:1: error: unknown module &#39;dff_s&#39;
dff_s   #(16)  ff_sctag_scbuf_rdma_wren_s3
^~~~~
../..<a href="../../../../third_party/tests/utd-sv/scbuf_evict.v.html#l-270" target="file-frame">third_party/tests/utd-sv/scbuf_evict.v:270</a>:1: error: unknown module &#39;dff_s&#39;
dff_s   #(2)   ff_sctag_scbuf_rdma_wrwl_s3
^~~~~
../..<a href="../../../../third_party/tests/utd-sv/scbuf_evict.v.html#l-283" target="file-frame">third_party/tests/utd-sv/scbuf_evict.v:283</a>:1: error: unknown module &#39;dff_s&#39;
dff_s   #(1)   ff_sctag_scbuf_wbrd_en_r1
^~~~~
../..<a href="../../../../third_party/tests/utd-sv/scbuf_evict.v.html#l-288" target="file-frame">third_party/tests/utd-sv/scbuf_evict.v:288</a>:37: error: use of undeclared identifier &#39;sctag_scbuf_wbrd_en_r1&#39;
assign  sctag_scbuf_wbrd_en_r1_v1 = sctag_scbuf_wbrd_en_r1 ;
                                    ^~~~~~~~~~~~~~~~~~~~~~
../..<a href="../../../../third_party/tests/utd-sv/scbuf_evict.v.html#l-289" target="file-frame">third_party/tests/utd-sv/scbuf_evict.v:289</a>:37: error: use of undeclared identifier &#39;sctag_scbuf_wbrd_en_r1&#39;
assign  sctag_scbuf_wbrd_en_r1_v2 = sctag_scbuf_wbrd_en_r1 ;
                                    ^~~~~~~~~~~~~~~~~~~~~~
../..<a href="../../../../third_party/tests/utd-sv/scbuf_evict.v.html#l-290" target="file-frame">third_party/tests/utd-sv/scbuf_evict.v:290</a>:37: error: use of undeclared identifier &#39;sctag_scbuf_wbrd_en_r1&#39;
assign  sctag_scbuf_wbrd_en_r1_v3 = sctag_scbuf_wbrd_en_r1 ;
                                    ^~~~~~~~~~~~~~~~~~~~~~
../..<a href="../../../../third_party/tests/utd-sv/scbuf_evict.v.html#l-291" target="file-frame">third_party/tests/utd-sv/scbuf_evict.v:291</a>:37: error: use of undeclared identifier &#39;sctag_scbuf_wbrd_en_r1&#39;
assign  sctag_scbuf_wbrd_en_r1_v4 = sctag_scbuf_wbrd_en_r1 ;
                                    ^~~~~~~~~~~~~~~~~~~~~~
../..<a href="../../../../third_party/tests/utd-sv/scbuf_evict.v.html#l-293" target="file-frame">third_party/tests/utd-sv/scbuf_evict.v:293</a>:1: error: unknown module &#39;mux2ds&#39;
mux2ds #(1)  mux_wbrd_en_r1_in
^~~~~~
../..<a href="../../../../third_party/tests/utd-sv/scbuf_evict.v.html#l-297" target="file-frame">third_party/tests/utd-sv/scbuf_evict.v:297</a>:1: error: unknown module &#39;dff_s&#39;
dff_s   #(1)   ff_sctag_scbuf_wbrd_en_r2
^~~~~
../..<a href="../../../../third_party/tests/utd-sv/scbuf_evict.v.html#l-303" target="file-frame">third_party/tests/utd-sv/scbuf_evict.v:303</a>:1: error: unknown module &#39;dff_s&#39;
dff_s   #(1)   ff_sctag_scbuf_rdma_rden_r1
^~~~~
../..<a href="../../../../third_party/tests/utd-sv/scbuf_evict.v.html#l-313" target="file-frame">third_party/tests/utd-sv/scbuf_evict.v:313</a>:1: error: unknown module &#39;dff_s&#39;
dff_s   #(1)   ff_sctag_scbuf_rdma_rden_r2
^~~~~
../..<a href="../../../../third_party/tests/utd-sv/scbuf_evict.v.html#l-318" target="file-frame">third_party/tests/utd-sv/scbuf_evict.v:318</a>:1: error: unknown module &#39;dff_s&#39;
dff_s   #(1)   ff_sctag_scbuf_rdma_rden_r3
^~~~~
../..<a href="../../../../third_party/tests/utd-sv/scbuf_evict.v.html#l-323" target="file-frame">third_party/tests/utd-sv/scbuf_evict.v:323</a>:24: error: use of undeclared identifier &#39;sctag_scbuf_rdma_rden_r3&#39;
assign error_qual_in = sctag_scbuf_rdma_rden_r3 | (error_qual &amp; sctag_scbuf_evict_en_r3) ;
                       ^~~~~~~~~~~~~~~~~~~~~~~~
../..<a href="../../../../third_party/tests/utd-sv/scbuf_evict.v.html#l-324" target="file-frame">third_party/tests/utd-sv/scbuf_evict.v:324</a>:1: error: unknown module &#39;dffrl_s&#39;
dffrl_s #(1)  ff_array_rd_ptr
^~~~~~~
../..<a href="../../../../third_party/tests/utd-sv/scbuf_evict.v.html#l-333" target="file-frame">third_party/tests/utd-sv/scbuf_evict.v:333</a>:1: error: unknown module &#39;clken_buf&#39;
clken_buf  clk_buf_r2  (.clk(en_clk_r2),                   .rclk(rclk),
^~~~~~~~~
../..<a href="../../../../third_party/tests/utd-sv/scbuf_evict.v.html#l-335" target="file-frame">third_party/tests/utd-sv/scbuf_evict.v:335</a>:1: error: unknown module &#39;clken_buf&#39;
clken_buf  clk_buf_r3  (.clk(en_clk_r3),                   .rclk(rclk),
^~~~~~~~~
../..<a href="../../../../third_party/tests/utd-sv/scbuf_evict.v.html#l-338" target="file-frame">third_party/tests/utd-sv/scbuf_evict.v:338</a>:1: error: unknown module &#39;mux2ds&#39;
mux2ds #(624) mux_wb_rdma_mux_out
^~~~~~
../..<a href="../../../../third_party/tests/utd-sv/scbuf_evict.v.html#l-342" target="file-frame">third_party/tests/utd-sv/scbuf_evict.v:342</a>:1: error: unknown module &#39;dff_s&#39;
dff_s   #(624) ff_wb_array_dout_r3
^~~~~
../..<a href="../../../../third_party/tests/utd-sv/scbuf_evict.v.html#l-351" target="file-frame">third_party/tests/utd-sv/scbuf_evict.v:351</a>:1: error: unknown module &#39;dff_s&#39;
dff_s   #(1)   ff_sctag_scbuf_evict_en_r1
^~~~~
../..<a href="../../../../third_party/tests/utd-sv/scbuf_evict.v.html#l-356" target="file-frame">third_party/tests/utd-sv/scbuf_evict.v:356</a>:1: error: unknown module &#39;dff_s&#39;
dff_s   #(1)   ff_sctag_scbuf_evict_en_r2
^~~~~
../..<a href="../../../../third_party/tests/utd-sv/scbuf_evict.v.html#l-361" target="file-frame">third_party/tests/utd-sv/scbuf_evict.v:361</a>:1: error: unknown module &#39;dff_s&#39;
dff_s   #(1)   ff_sctag_scbuf_evict_en_r3
^~~~~
../..<a href="../../../../third_party/tests/utd-sv/scbuf_evict.v.html#l-366" target="file-frame">third_party/tests/utd-sv/scbuf_evict.v:366</a>:1: error: unknown module &#39;dff_s&#39;
dff_s   #(1)   ff_sctag_scbuf_evict_en_r4
^~~~~
../..<a href="../../../../third_party/tests/utd-sv/scbuf_evict.v.html#l-371" target="file-frame">third_party/tests/utd-sv/scbuf_evict.v:371</a>:1: error: unknown module &#39;dff_s&#39;
dff_s   #(1)   ff_sctag_scbuf_evict_en_r5
^~~~~
../..<a href="../../../../third_party/tests/utd-sv/scbuf_evict.v.html#l-378" target="file-frame">third_party/tests/utd-sv/scbuf_evict.v:378</a>:1: error: unknown module &#39;dff_s&#39;
dff_s   #(3)   ff_ev_dword_r1
^~~~~
../..<a href="../../../../third_party/tests/utd-sv/scbuf_evict.v.html#l-383" target="file-frame">third_party/tests/utd-sv/scbuf_evict.v:383</a>:1: error: unknown module &#39;dff_s&#39;
dff_s   #(3)   ff_ev_dword_r2
^~~~~
../..<a href="../../../../third_party/tests/utd-sv/scbuf_evict.v.html#l-388" target="file-frame">third_party/tests/utd-sv/scbuf_evict.v:388</a>:1: error: unknown module &#39;dff_s&#39;
dff_s   #(3)   ff_ev_dword_r3
^~~~~
../..<a href="../../../../third_party/tests/utd-sv/scbuf_evict.v.html#l-399" target="file-frame">third_party/tests/utd-sv/scbuf_evict.v:399</a>:1: error: unknown module &#39;mux4ds&#39;
mux4ds #(78) mux_wb_array_dout_1
^~~~~~
../..<a href="../../../../third_party/tests/utd-sv/scbuf_evict.v.html#l-406" target="file-frame">third_party/tests/utd-sv/scbuf_evict.v:406</a>:1: error: unknown module &#39;mux4ds&#39;
mux4ds #(78) mux_wb_array_dout_2
^~~~~~
../..<a href="../../../../third_party/tests/utd-sv/scbuf_evict.v.html#l-413" target="file-frame">third_party/tests/utd-sv/scbuf_evict.v:413</a>:1: error: unknown module &#39;mux2ds&#39;
mux2ds #(78) mux_wb_array_dout_8t1
^~~~~~
../..<a href="../../../../third_party/tests/utd-sv/scbuf_evict.v.html#l-418" target="file-frame">third_party/tests/utd-sv/scbuf_evict.v:418</a>:1: error: unknown module &#39;dff_s&#39;
dff_s   #(78)  ff_wb_array_dout_r4
^~~~~
../..<a href="../../../../third_party/tests/utd-sv/scbuf_evict.v.html#l-427" target="file-frame">third_party/tests/utd-sv/scbuf_evict.v:427</a>:1: error: unknown module &#39;zzecc_sctag_ecc39&#39;
zzecc_sctag_ecc39 u_ecctree_39b_1
^~~~~~~~~~~~~~~~~
../..<a href="../../../../third_party/tests/utd-sv/scbuf_evict.v.html#l-435" target="file-frame">third_party/tests/utd-sv/scbuf_evict.v:435</a>:1: error: unknown module &#39;zzecc_sctag_ecc39&#39;
zzecc_sctag_ecc39 u_ecctree_39b_2
^~~~~~~~~~~~~~~~~
../..<a href="../../../../third_party/tests/utd-sv/scbuf_evict.v.html#l-444" target="file-frame">third_party/tests/utd-sv/scbuf_evict.v:444</a>:31: error: use of undeclared identifier &#39;sctag_scbuf_evict_en_r4&#39;
assign evict_uncorr_err_r4 = (sctag_scbuf_evict_en_r4 &amp; !error_qual) &amp;
                              ^~~~~~~~~~~~~~~~~~~~~~~
../..<a href="../../../../third_party/tests/utd-sv/scbuf_evict.v.html#l-445" target="file-frame">third_party/tests/utd-sv/scbuf_evict.v:445</a>:53: error: use of undeclared identifier &#39;parity0_r4&#39;
                             (((|check0_r4[5:0]) &amp; ~parity0_r4) |
                                                    ^~~~~~~~~~
../..<a href="../../../../third_party/tests/utd-sv/scbuf_evict.v.html#l-446" target="file-frame">third_party/tests/utd-sv/scbuf_evict.v:446</a>:53: error: use of undeclared identifier &#39;parity1_r4&#39;
                              ((|check1_r4[5:0]) &amp; ~parity1_r4)) ;
                                                    ^~~~~~~~~~
../..<a href="../../../../third_party/tests/utd-sv/scbuf_evict.v.html#l-447" target="file-frame">third_party/tests/utd-sv/scbuf_evict.v:447</a>:37: error: use of undeclared identifier &#39;sctag_scbuf_evict_en_r4&#39;
assign evict_uncorr_err_unqual_r4 = sctag_scbuf_evict_en_r4 &amp;
                                    ^~~~~~~~~~~~~~~~~~~~~~~
../..<a href="../../../../third_party/tests/utd-sv/scbuf_evict.v.html#l-448" target="file-frame">third_party/tests/utd-sv/scbuf_evict.v:448</a>:60: error: use of undeclared identifier &#39;parity0_r4&#39;
                                    (((|check0_r4[5:0]) &amp; ~parity0_r4) |
                                                           ^~~~~~~~~~
../..<a href="../../../../third_party/tests/utd-sv/scbuf_evict.v.html#l-449" target="file-frame">third_party/tests/utd-sv/scbuf_evict.v:449</a>:60: error: use of undeclared identifier &#39;parity1_r4&#39;
                                     ((|check1_r4[5:0]) &amp; ~parity1_r4)) ;
                                                           ^~~~~~~~~~
../..<a href="../../../../third_party/tests/utd-sv/scbuf_evict.v.html#l-451" target="file-frame">third_party/tests/utd-sv/scbuf_evict.v:451</a>:31: error: use of undeclared identifier &#39;sctag_scbuf_evict_en_r4&#39;
assign evict_corr_err_r4   = (sctag_scbuf_evict_en_r4 &amp; !error_qual) &amp;
                              ^~~~~~~~~~~~~~~~~~~~~~~
../..<a href="../../../../third_party/tests/utd-sv/scbuf_evict.v.html#l-452" target="file-frame">third_party/tests/utd-sv/scbuf_evict.v:452</a>:31: error: use of undeclared identifier &#39;parity0_r4&#39;
                             (parity0_r4 | parity1_r4) ;
                              ^~~~~~~~~~
../..<a href="../../../../third_party/tests/utd-sv/scbuf_evict.v.html#l-452" target="file-frame">third_party/tests/utd-sv/scbuf_evict.v:452</a>:44: error: use of undeclared identifier &#39;parity1_r4&#39;
                             (parity0_r4 | parity1_r4) ;
                                           ^~~~~~~~~~
../..<a href="../../../../third_party/tests/utd-sv/scbuf_evict.v.html#l-455" target="file-frame">third_party/tests/utd-sv/scbuf_evict.v:455</a>:1: error: unknown module &#39;dff_s&#39;
dff_s   #(64)  ff_wb_array_dout_r5
^~~~~
../..<a href="../../../../third_party/tests/utd-sv/scbuf_evict.v.html#l-461" target="file-frame">third_party/tests/utd-sv/scbuf_evict.v:461</a>:1: error: unknown module &#39;dff_s&#39;
dff_s   #(1)   ff_evict_uncorr_err_r5
^~~~~
../..<a href="../../../../third_party/tests/utd-sv/scbuf_evict.v.html#l-467" target="file-frame">third_party/tests/utd-sv/scbuf_evict.v:467</a>:1: error: unknown module &#39;dff_s&#39;
dff_s   #(1)   ff_evict_uncorr_err_unqual_r5
^~~~~
../..<a href="../../../../third_party/tests/utd-sv/scbuf_evict.v.html#l-473" target="file-frame">third_party/tests/utd-sv/scbuf_evict.v:473</a>:1: error: unknown module &#39;dff_s&#39;
dff_s   #(1)   ff_evict_corr_err_r5
^~~~~
../..<a href="../../../../third_party/tests/utd-sv/scbuf_evict.v.html#l-482" target="file-frame">third_party/tests/utd-sv/scbuf_evict.v:482</a>:38: error: use of undeclared identifier &#39;sctag_scbuf_evict_en_r5&#39;
assign  scbuf_dram_data_vld_r5_pb  = sctag_scbuf_evict_en_r5 ;
                                     ^~~~~~~~~~~~~~~~~~~~~~~
../..<a href="../../../../third_party/tests/utd-sv/scbuf_evict.v.html#l-483" target="file-frame">third_party/tests/utd-sv/scbuf_evict.v:483</a>:38: error: use of undeclared identifier &#39;evict_uncorr_err_unqual_r5&#39;
assign  scbuf_dram_data_mecc_r5_pb = evict_uncorr_err_unqual_r5 ;
                                     ^~~~~~~~~~~~~~~~~~~~~~~~~~
../..<a href="../../../../third_party/tests/utd-sv/scbuf_evict.v.html#l-484" target="file-frame">third_party/tests/utd-sv/scbuf_evict.v:484</a>:38: error: use of undeclared identifier &#39;evict_uncorr_err_r5&#39;
assign  scbuf_sctag_ev_uerr_r5_pb  = evict_uncorr_err_r5 ;
                                     ^~~~~~~~~~~~~~~~~~~
../..<a href="../../../../third_party/tests/utd-sv/scbuf_evict.v.html#l-485" target="file-frame">third_party/tests/utd-sv/scbuf_evict.v:485</a>:38: error: use of undeclared identifier &#39;evict_corr_err_r5&#39;
assign  scbuf_sctag_ev_cerr_r5_pb  = evict_corr_err_r5 ;
                                     ^~~~~~~~~~~~~~~~~

</pre>
</body>