<head>
  <style>
    .test-failed { background-color: #ffaaaa; }
    .test-passed { background-color: #aaffaa; }
  </style>
</head>
<body>
<h3><a href="https://github.com/MikePopoloski/slang" target="_blank">slang</a></h3>
<pre class="test-failed">
description: Tests imported from utd-sv
should_fail: 0
tags: utd-sv
incdirs: /home/travis/build/SymbiFlow/sv-tests/third_party/tests/utd-sv
top_module: 
files: <a href="../../../../third_party/tests/utd-sv/pad_ddr3.v.html" target="file-frame">third_party/tests/utd-sv/pad_ddr3.v</a>
time_elapsed: 0.005s
</pre>
<pre>

../..<a href="../../../../third_party/tests/utd-sv/pad_ddr3.v.html#l-127" target="file-frame">third_party/tests/utd-sv/pad_ddr3.v:127</a>:1: error: unknown module &#39;ddr_ch_b&#39;
ddr_ch_b ddr3_ddr_ch_b (
^~~~~~~~
../..<a href="../../../../third_party/tests/utd-sv/pad_ddr3.v.html#l-197" target="file-frame">third_party/tests/utd-sv/pad_ddr3.v:197</a>:1: error: unknown module &#39;bw_clk_cl_ddr_ddr&#39;
bw_clk_cl_ddr_ddr pad_ddr3_header (
^~~~~~~~~~~~~~~~~
../..<a href="../../../../third_party/tests/utd-sv/pad_ddr3.v.html#l-218" target="file-frame">third_party/tests/utd-sv/pad_ddr3.v:218</a>:1: error: unknown module &#39;bw_iodll_code_adjust&#39;
bw_iodll_code_adjust ddr3_iodll_code_adjust (
^~~~~~~~~~~~~~~~~~~~
../..<a href="../../../../third_party/tests/utd-sv/pad_ddr3.v.html#l-230" target="file-frame">third_party/tests/utd-sv/pad_ddr3.v:230</a>:1: error: unknown module &#39;bw_iodll&#39;
bw_iodll ddr3_master_dll (
^~~~~~~~
../..<a href="../../../../third_party/tests/utd-sv/pad_ddr3.v.html#l-246" target="file-frame">third_party/tests/utd-sv/pad_ddr3.v:246</a>:1: error: unknown module &#39;bw_u1_scanl_2x&#39;
bw_u1_scanl_2x lockup_latch(
^~~~~~~~~~~~~~

</pre>
</body>