<head>
  <style>
    .test-failed { background-color: #ffaaaa; }
    .test-passed { background-color: #aaffaa; }
  </style>
</head>
<body>
<h3><a href="https://github.com/MikePopoloski/slang" target="_blank">slang</a></h3>
<pre class="test-failed">
description: Tests imported from utd-sv
should_fail: 0
tags: utd-sv
incdirs: /home/travis/build/SymbiFlow/sv-tests/third_party/tests/utd-sv
top_module: 
files: <a href="../../../../third_party/tests/utd-sv/ctu_top_rptr.v.html" target="file-frame">third_party/tests/utd-sv/ctu_top_rptr.v</a>
time_elapsed: 0.005s
</pre>
<pre>

../..<a href="../../../../third_party/tests/utd-sv/ctu_top_rptr.v.html#l-49" target="file-frame">third_party/tests/utd-sv/ctu_top_rptr.v:49</a>:4: error: unknown module &#39;bw_u1_scanlg_2x&#39;
   bw_u1_scanlg_2x so_lockup(.so(so), .sd(int_scanout), .ck(rclk), .se(se));
   ^~~~~~~~~~~~~~~
../..<a href="../../../../third_party/tests/utd-sv/ctu_top_rptr.v.html#l-54" target="file-frame">third_party/tests/utd-sv/ctu_top_rptr.v:54</a>:5: error: unknown module &#39;mux2ds&#39;
    mux2ds  #(20) mux_dbgmuxb01_row0   (.dout (l2_dbgbus_out_prev[19:0]),
    ^~~~~~
../..<a href="../../../../third_party/tests/utd-sv/ctu_top_rptr.v.html#l-60" target="file-frame">third_party/tests/utd-sv/ctu_top_rptr.v:60</a>:5: error: unknown module &#39;dff_s&#39;
    dff_s  #(20)   ff_dbgmuxb01_row0   (.q(l2_dbgbus_out[19:0]),
    ^~~~~
../..<a href="../../../../third_party/tests/utd-sv/ctu_top_rptr.v.html#l-67" target="file-frame">third_party/tests/utd-sv/ctu_top_rptr.v:67</a>:5: error: unknown module &#39;mux2ds&#39;
    mux2ds  #(20) mux_dbgmuxb01_row1   (.dout (l2_dbgbus_out_prev[39:20]),
    ^~~~~~
../..<a href="../../../../third_party/tests/utd-sv/ctu_top_rptr.v.html#l-73" target="file-frame">third_party/tests/utd-sv/ctu_top_rptr.v:73</a>:5: error: unknown module &#39;dff_s&#39;
    dff_s  #(20)   ff_dbgmuxb01_row1   (.q(l2_dbgbus_out[39:20]),
    ^~~~~
../..<a href="../../../../third_party/tests/utd-sv/ctu_top_rptr.v.html#l-81" target="file-frame">third_party/tests/utd-sv/ctu_top_rptr.v:81</a>:4: error: unknown module &#39;dff_s&#39;
   dff_s  #(1)   ff_valid   (.q(enable_01),
   ^~~~~

</pre>
</body>