<head>
  <style>
    .log { font-family: "Courier New", Consolas, monospace; font-size: 80%; }
    .test-failed { background-color: #ffaaaa; }
    .test-passed { background-color: #aaffaa; }
  </style>
</head>
<body>
<h3><a href="https://github.com/MikePopoloski/slang" target="_blank">slang</a></h3>
<pre class="test-failed">
description: Tests imported from utd-sv
should_fail: 0
tags: utd-sv
incdirs: /home/travis/build/SymbiFlow/sv-tests/third_party/tests/utd-sv
top_module: 
type: parsing
mode: parsing
files: <a href="../../../../third_party/tests/utd-sv/sync_pulse_synchronizer.v.html" target="file-frame">third_party/tests/utd-sv/sync_pulse_synchronizer.v</a>
time_elapsed: 0.003s
ram usage: 9732 KB
</pre>
<pre class="log">

../..<a href="../../../../third_party/tests/utd-sv/sync_pulse_synchronizer.v.html#l-46" target="file-frame">third_party/tests/utd-sv/sync_pulse_synchronizer.v:46</a>:4: error: unknown module &#39;bw_u1_soff_8x&#39;
   bw_u1_soff_8x repeater (
   ^~~~~~~~~~~~~
../..<a href="../../../../third_party/tests/utd-sv/sync_pulse_synchronizer.v.html#l-55" target="file-frame">third_party/tests/utd-sv/sync_pulse_synchronizer.v:55</a>:4: error: unknown module &#39;bw_u1_scanl_2x&#39;
   bw_u1_scanl_2x lockup (
   ^~~~~~~~~~~~~~
../..<a href="../../../../third_party/tests/utd-sv/sync_pulse_synchronizer.v.html#l-61" target="file-frame">third_party/tests/utd-sv/sync_pulse_synchronizer.v:61</a>:4: error: unknown module &#39;bw_u1_soff_8x&#39;
   bw_u1_soff_8x syncff (
   ^~~~~~~~~~~~~

</pre>
</body>