<head>
  <style>
    .log { font-family: "Courier New", Consolas, monospace; font-size: 80%; }
    .test-failed { background-color: #ffaaaa; }
    .test-passed { background-color: #aaffaa; }
  </style>
</head>
<body>
<h3><a href="https://github.com/MikePopoloski/slang" target="_blank">slang</a></h3>
<pre class="test-failed">
description: Tests imported from utd-sv
should_fail: 0
tags: utd-sv
incdirs: /home/travis/build/SymbiFlow/sv-tests/third_party/tests/utd-sv
top_module: 
files: <a href="../../../../third_party/tests/utd-sv/ctu_clsp_jbusgif.v.html" target="file-frame">third_party/tests/utd-sv/ctu_clsp_jbusgif.v</a>
time_elapsed: 0.004s
</pre>
<pre class="log">
user_time: 0.0036839999999999998
system_time: 0.0
ram_usage: 9528

../..<a href="../../../../third_party/tests/utd-sv/ctu_clsp_jbusgif.v.html#l-102" target="file-frame">third_party/tests/utd-sv/ctu_clsp_jbusgif.v:102</a>:4: error: unknown module &#39;dffrl_async_ns&#39;
   dffrl_async_ns    u_dram_dbginit_l(
   ^~~~~~~~~~~~~~
../..<a href="../../../../third_party/tests/utd-sv/ctu_clsp_jbusgif.v.html#l-109" target="file-frame">third_party/tests/utd-sv/ctu_clsp_jbusgif.v:109</a>:4: error: unknown module &#39;dffrl_async_ns&#39;
   dffrl_async_ns    u_jbus_grst_l(
   ^~~~~~~~~~~~~~
../..<a href="../../../../third_party/tests/utd-sv/ctu_clsp_jbusgif.v.html#l-134" target="file-frame">third_party/tests/utd-sv/ctu_clsp_jbusgif.v:134</a>:4: error: unknown module &#39;dffrl_async_ns&#39;
   dffrl_async_ns    u_ctu_dram02_jbus_cken_nsr(
   ^~~~~~~~~~~~~~
../..<a href="../../../../third_party/tests/utd-sv/ctu_clsp_jbusgif.v.html#l-140" target="file-frame">third_party/tests/utd-sv/ctu_clsp_jbusgif.v:140</a>:4: error: unknown module &#39;dffrl_async_ns&#39;
   dffrl_async_ns    u_ctu_dram13_jbus_cken_nsr(
   ^~~~~~~~~~~~~~
../..<a href="../../../../third_party/tests/utd-sv/ctu_clsp_jbusgif.v.html#l-146" target="file-frame">third_party/tests/utd-sv/ctu_clsp_jbusgif.v:146</a>:4: error: unknown module &#39;dffrl_async_ns&#39;
   dffrl_async_ns    u_ctu_iob_cken_muxed_nsr(
   ^~~~~~~~~~~~~~
../..<a href="../../../../third_party/tests/utd-sv/ctu_clsp_jbusgif.v.html#l-152" target="file-frame">third_party/tests/utd-sv/ctu_clsp_jbusgif.v:152</a>:4: error: unknown module &#39;dffrl_async_ns&#39;
   dffrl_async_ns    u_ctu_jbi_cken_muxed_nsr(
   ^~~~~~~~~~~~~~
../..<a href="../../../../third_party/tests/utd-sv/ctu_clsp_jbusgif.v.html#l-158" target="file-frame">third_party/tests/utd-sv/ctu_clsp_jbusgif.v:158</a>:4: error: unknown module &#39;dffsl_async_ns&#39;
   dffsl_async_ns    u_ctu_jbusr_cken_muxed_nsr(
   ^~~~~~~~~~~~~~
../..<a href="../../../../third_party/tests/utd-sv/ctu_clsp_jbusgif.v.html#l-164" target="file-frame">third_party/tests/utd-sv/ctu_clsp_jbusgif.v:164</a>:4: error: unknown module &#39;dffsl_async_ns&#39;
   dffsl_async_ns    u_ctu_jbusl_cken_muxed_nsr(
   ^~~~~~~~~~~~~~
../..<a href="../../../../third_party/tests/utd-sv/ctu_clsp_jbusgif.v.html#l-170" target="file-frame">third_party/tests/utd-sv/ctu_clsp_jbusgif.v:170</a>:4: error: unknown module &#39;dffrl_async_ns&#39;
   dffrl_async_ns    u_ctu_efc_cken_muxed_nsr(
   ^~~~~~~~~~~~~~
../..<a href="../../../../third_party/tests/utd-sv/ctu_clsp_jbusgif.v.html#l-176" target="file-frame">third_party/tests/utd-sv/ctu_clsp_jbusgif.v:176</a>:4: error: unknown module &#39;dffsl_async_ns&#39;
   dffsl_async_ns    u_ctu_dbg_cken_muxed_nsr(
   ^~~~~~~~~~~~~~
../..<a href="../../../../third_party/tests/utd-sv/ctu_clsp_jbusgif.v.html#l-182" target="file-frame">third_party/tests/utd-sv/ctu_clsp_jbusgif.v:182</a>:4: error: unknown module &#39;dffsl_async_ns&#39;
   dffsl_async_ns    u_ctu_misc_cken_muxed_nsr(
   ^~~~~~~~~~~~~~

</pre>
</body>