<head>
  <style>
    .log { font-family: "Courier New", Consolas, monospace; font-size: 80%; }
    .test-failed { background-color: #ffaaaa; }
    .test-passed { background-color: #aaffaa; }
  </style>
</head>
<body>
<h3><a href="https://github.com/MikePopoloski/slang" target="_blank">slang</a></h3>
<pre class="test-failed">
description: Tests imported from utd-sv
should_fail: 0
tags: utd-sv
incdirs: /home/travis/build/SymbiFlow/sv-tests/third_party/tests/utd-sv
top_module: 
files: <a href="../../../../third_party/tests/utd-sv/fpu.v.html" target="file-frame">third_party/tests/utd-sv/fpu.v</a>
time_elapsed: 0.004s
</pre>
<pre class="log">
user_time: 0.0
system_time: 0.004092999999999999
ram_usage: 9632

../..<a href="../../../../third_party/tests/utd-sv/fpu.v.html#l-268" target="file-frame">third_party/tests/utd-sv/fpu.v:268</a>:1: error: unknown module &#39;fpu_in&#39;
fpu_in fpu_in (
^~~~~~
../..<a href="../../../../third_party/tests/utd-sv/fpu.v.html#l-328" target="file-frame">third_party/tests/utd-sv/fpu.v:328</a>:1: error: unknown module &#39;bw_r_rf16x160&#39;
bw_r_rf16x160 i_fpu_inq_sram (
^~~~~~~~~~~~~
../..<a href="../../../../third_party/tests/utd-sv/fpu.v.html#l-350" target="file-frame">third_party/tests/utd-sv/fpu.v:350</a>:1: error: unknown module &#39;fpu_add&#39;
fpu_add fpu_add (
^~~~~~~
../..<a href="../../../../third_party/tests/utd-sv/fpu.v.html#l-395" target="file-frame">third_party/tests/utd-sv/fpu.v:395</a>:1: error: unknown module &#39;fpu_mul&#39;
fpu_mul fpu_mul (
^~~~~~~
../..<a href="../../../../third_party/tests/utd-sv/fpu.v.html#l-438" target="file-frame">third_party/tests/utd-sv/fpu.v:438</a>:1: error: unknown module &#39;fpu_div&#39;
fpu_div fpu_div (
^~~~~~~
../..<a href="../../../../third_party/tests/utd-sv/fpu.v.html#l-479" target="file-frame">third_party/tests/utd-sv/fpu.v:479</a>:1: error: unknown module &#39;fpu_out&#39;
fpu_out fpu_out (
^~~~~~~
../..<a href="../../../../third_party/tests/utd-sv/fpu.v.html#l-530" target="file-frame">third_party/tests/utd-sv/fpu.v:530</a>:1: error: unknown module &#39;test_stub_scan&#39;
test_stub_scan test_stub (
^~~~~~~~~~~~~~
../..<a href="../../../../third_party/tests/utd-sv/fpu.v.html#l-562" target="file-frame">third_party/tests/utd-sv/fpu.v:562</a>:1: error: unknown module &#39;bw_clk_cl_fpu_cmp&#39;
bw_clk_cl_fpu_cmp cluster_header (
^~~~~~~~~~~~~~~~~
../..<a href="../../../../third_party/tests/utd-sv/fpu.v.html#l-585" target="file-frame">third_party/tests/utd-sv/fpu.v:585</a>:1: error: unknown module &#39;fpu_rptr_groups&#39;
fpu_rptr_groups fpu_rptr_groups (
^~~~~~~~~~~~~~~

</pre>
</body>