<head>
  <style>
    .log { font-family: "Courier New", Consolas, monospace; font-size: 80%; }
    .test-failed { background-color: #ffaaaa; }
    .test-passed { background-color: #aaffaa; }
  </style>
</head>
<body>
<h3><a href="https://github.com/MikePopoloski/slang" target="_blank">slang</a></h3>
<pre class="test-failed">
description: Tests imported from utd-sv
should_fail: 0
tags: utd-sv
incdirs: /home/travis/build/SymbiFlow/sv-tests/third_party/tests/utd-sv
top_module: 
type: parsing
mode: parsing
files: <a href="../../../../third_party/tests/utd-sv/unconnected_drive.v.html" target="file-frame">third_party/tests/utd-sv/unconnected_drive.v</a>
time_elapsed: 0.003s
ram usage: 9648 KB
</pre>
<pre class="log">

../..<a href="../../../../third_party/tests/utd-sv/unconnected_drive.v.html#l-2" target="file-frame">third_party/tests/utd-sv/unconnected_drive.v:2</a>:20: error: expected member
`unconnected_drive pull0
                   ^~~~~
../..<a href="../../../../third_party/tests/utd-sv/unconnected_drive.v.html#l-10" target="file-frame">third_party/tests/utd-sv/unconnected_drive.v:10</a>:20: error: expected member
`unconnected_drive pull1
                   ^~~~~

</pre>
</body>