<head>
  <style>
    .log { font-family: "Courier New", Consolas, monospace; font-size: 80%; }
    .test-failed { background-color: #ffaaaa; }
    .test-passed { background-color: #aaffaa; }
  </style>
</head>
<body>
<h3><a href="https://github.com/MikePopoloski/slang" target="_blank">slang</a></h3>
<pre class="test-failed">
description: Tests imported from utd-sv
should_fail: 0
tags: utd-sv
incdirs: /home/travis/build/SymbiFlow/sv-tests/third_party/tests/utd-sv
top_module: 
type: parsing
mode: parsing
files: <a href="../../../../third_party/tests/utd-sv/sparc_exu_ecl_divcntl.v.html" target="file-frame">third_party/tests/utd-sv/sparc_exu_ecl_divcntl.v</a>
time_elapsed: 0.005s
ram usage: 9552 KB
</pre>
<pre class="log">

../..<a href="../../../../third_party/tests/utd-sv/sparc_exu_ecl_divcntl.v.html#l-180" target="file-frame">third_party/tests/utd-sv/sparc_exu_ecl_divcntl.v:180</a>:4: error: unknown module &#39;dff_s&#39;
   dff_s #(6) divstate_dff(.din(next_state[5:0]), .clk(clk), .q(div_state[5:0]), .se(se), .si(),
   ^~~~~
../..<a href="../../../../third_party/tests/utd-sv/sparc_exu_ecl_divcntl.v.html#l-217" target="file-frame">third_party/tests/utd-sv/sparc_exu_ecl_divcntl.v:217</a>:4: error: unknown module &#39;sparc_exu_ecl_cnt6&#39;
   sparc_exu_ecl_cnt6 cnt6(.reset       (reset_cnt),
   ^~~~~~~~~~~~~~~~~~
../..<a href="../../../../third_party/tests/utd-sv/sparc_exu_ecl_divcntl.v.html#l-253" target="file-frame">third_party/tests/utd-sv/sparc_exu_ecl_divcntl.v:253</a>:4: error: unknown module &#39;mux2ds&#39;
   mux2ds #(2) qnext_mux(.dout(q_next_nocout[1:0]), 
   ^~~~~~
../..<a href="../../../../third_party/tests/utd-sv/sparc_exu_ecl_divcntl.v.html#l-258" target="file-frame">third_party/tests/utd-sv/sparc_exu_ecl_divcntl.v:258</a>:4: error: unknown module &#39;dp_mux2es&#39;
   dp_mux2es qnext_cout_mux(.dout(q_next),
   ^~~~~~~~~
../..<a href="../../../../third_party/tests/utd-sv/sparc_exu_ecl_divcntl.v.html#l-263" target="file-frame">third_party/tests/utd-sv/sparc_exu_ecl_divcntl.v:263</a>:4: error: unknown module &#39;dff_s&#39;
   dff_s q_dff(.din(q_next), .clk(clk), .q(ecl_div_newq), .se(se), .si(),
   ^~~~~
../..<a href="../../../../third_party/tests/utd-sv/sparc_exu_ecl_divcntl.v.html#l-280" target="file-frame">third_party/tests/utd-sv/sparc_exu_ecl_divcntl.v:280</a>:4: error: unknown module &#39;mux2ds&#39;
   mux2ds #(2) subnext_mux(.dout(sub_next_nocout[1:0]), 
   ^~~~~~
../..<a href="../../../../third_party/tests/utd-sv/sparc_exu_ecl_divcntl.v.html#l-285" target="file-frame">third_party/tests/utd-sv/sparc_exu_ecl_divcntl.v:285</a>:4: error: unknown module &#39;dp_mux2es&#39;
   dp_mux2es subtract_cout_mux(.dout(sub_next),
   ^~~~~~~~~
../..<a href="../../../../third_party/tests/utd-sv/sparc_exu_ecl_divcntl.v.html#l-290" target="file-frame">third_party/tests/utd-sv/sparc_exu_ecl_divcntl.v:290</a>:4: error: unknown module &#39;dff_s&#39;
   dff_s sub_dff(.din(sub_next), .clk(clk), .q(subtract), .se(se), .si(),
   ^~~~~
../..<a href="../../../../third_party/tests/utd-sv/sparc_exu_ecl_divcntl.v.html#l-315" target="file-frame">third_party/tests/utd-sv/sparc_exu_ecl_divcntl.v:315</a>:4: error: unknown module &#39;dff_s&#39;
   dff_s zero_rem_dff(.din(zero_rem_d), .clk(clk), .q(zero_rem_q),
   ^~~~~
../..<a href="../../../../third_party/tests/utd-sv/sparc_exu_ecl_divcntl.v.html#l-331" target="file-frame">third_party/tests/utd-sv/sparc_exu_ecl_divcntl.v:331</a>:4: error: unknown module &#39;dff_s&#39;
   dff_s last_cin_dff(.din(last_cin_next), .clk(clk), .q(last_cin),
   ^~~~~
../..<a href="../../../../third_party/tests/utd-sv/sparc_exu_ecl_divcntl.v.html#l-346" target="file-frame">third_party/tests/utd-sv/sparc_exu_ecl_divcntl.v:346</a>:4: error: unknown module &#39;dffe_s&#39;
   dffe_s inputs_neg_dff(.din(inputs_neg_d), .clk(clk), .q(inputs_neg_q), 
   ^~~~~~
../..<a href="../../../../third_party/tests/utd-sv/sparc_exu_ecl_divcntl.v.html#l-348" target="file-frame">third_party/tests/utd-sv/sparc_exu_ecl_divcntl.v:348</a>:4: error: unknown module &#39;dff_s&#39;
   dff_s #(5) cc_sig_dff(.din({div_ecl_upper32_equal, div_ecl_gencc_in_msb_l,
   ^~~~~
../..<a href="../../../../third_party/tests/utd-sv/sparc_exu_ecl_divcntl.v.html#l-379" target="file-frame">third_party/tests/utd-sv/sparc_exu_ecl_divcntl.v:379</a>:4: error: unknown module &#39;dff_s&#39;
   dff_s #(3) muls_overlow_dff(.din({muls_rs1_data_31_m, rs2_data_31_m, div_ecl_adder_out_31}),
   ^~~~~
../..<a href="../../../../third_party/tests/utd-sv/sparc_exu_ecl_divcntl.v.html#l-385" target="file-frame">third_party/tests/utd-sv/sparc_exu_ecl_divcntl.v:385</a>:4: error: unknown module &#39;dff_s&#39;
   dff_s muls_c_dff(.din(next_muls_c), .clk(clk), .q(muls_c),
   ^~~~~
../..<a href="../../../../third_party/tests/utd-sv/sparc_exu_ecl_divcntl.v.html#l-387" target="file-frame">third_party/tests/utd-sv/sparc_exu_ecl_divcntl.v:387</a>:4: error: unknown module &#39;dff_s&#39;
   dff_s muls_v_dff(.din(next_muls_v), .clk(clk), .q(muls_v),
   ^~~~~

</pre>
</body>