<head>
  <style>
    .log { font-family: "Courier New", Consolas, monospace; font-size: 80%; }
    .test-failed { background-color: #ffaaaa; }
    .test-passed { background-color: #aaffaa; }
  </style>
</head>
<body>
<h3><a href="https://github.com/MikePopoloski/slang" target="_blank">slang</a></h3>
<pre class="test-failed">
description: Tests imported from utd-sv
should_fail: 0
tags: utd-sv
incdirs: /home/travis/build/SymbiFlow/sv-tests/third_party/tests/utd-sv
top_module: 
files: <a href="../../../../third_party/tests/utd-sv/efc_lib.v.html" target="file-frame">third_party/tests/utd-sv/efc_lib.v</a>
time_elapsed: 0.003s
</pre>
<pre class="log">
user_time: 0.002862
system_time: 0.0
ram_usage: 9560

../..<a href="../../../../third_party/tests/utd-sv/efc_lib.v.html#l-33" target="file-frame">third_party/tests/utd-sv/efc_lib.v:33</a>:8: error: identifier &#39;SIZE&#39; used before its declaration
input	[SIZE-1:0]	d ;	// data in
     	 ^~~~     	   	
../..<a href="../../../../third_party/tests/utd-sv/efc_lib.v.html#l-31" target="file-frame">third_party/tests/utd-sv/efc_lib.v:31</a>:11: note: declared here
parameter SIZE = 1;
          ^
../..<a href="../../../../third_party/tests/utd-sv/efc_lib.v.html#l-36" target="file-frame">third_party/tests/utd-sv/efc_lib.v:36</a>:9: error: identifier &#39;SIZE&#39; used before its declaration
output	[SIZE-1:0]	q ;	// output
      	 ^~~~     	   	
../..<a href="../../../../third_party/tests/utd-sv/efc_lib.v.html#l-31" target="file-frame">third_party/tests/utd-sv/efc_lib.v:31</a>:11: note: declared here
parameter SIZE = 1;
          ^
../..<a href="../../../../third_party/tests/utd-sv/efc_lib.v.html#l-48" target="file-frame">third_party/tests/utd-sv/efc_lib.v:48</a>:1: error: unknown module &#39;bw_u1_scanlg_2x&#39;
bw_u1_scanlg_2x u_lat[SIZE-1:0] ( 
^~~~~~~~~~~~~~~

</pre>
</body>