<head>
  <style>
    .log { font-family: "Courier New", Consolas, monospace; font-size: 80%; }
    .test-failed { background-color: #ffaaaa; }
    .test-passed { background-color: #aaffaa; }
  </style>
</head>
<body>
<h3><a href="https://github.com/MikePopoloski/slang" target="_blank">slang</a></h3>
<pre class="test-failed">
description: Tests imported from utd-sv
should_fail: 0
tags: utd-sv
incdirs: /home/travis/build/SymbiFlow/sv-tests/third_party/tests/utd-sv
top_module: 
type: parsing
mode: parsing
files: <a href="../../../../third_party/tests/utd-sv/pcx.v.html" target="file-frame">third_party/tests/utd-sv/pcx.v</a>
time_elapsed: 0.008s
ram usage: 9692 KB
</pre>
<pre class="log">

../..<a href="../../../../third_party/tests/utd-sv/pcx.v.html#l-301" target="file-frame">third_party/tests/utd-sv/pcx.v:301</a>:4: error: unknown module &#39;pcx_dp_array&#39;
   pcx_dp_array pcx_dp_array(/*AUTOINST*/
   ^~~~~~~~~~~~
../..<a href="../../../../third_party/tests/utd-sv/pcx.v.html#l-396" target="file-frame">third_party/tests/utd-sv/pcx.v:396</a>:1: error: unknown module &#39;ccx_arb&#39;
ccx_arb arb0(/*AUTOINST*/
^~~~~~~
../..<a href="../../../../third_party/tests/utd-sv/pcx.v.html#l-484" target="file-frame">third_party/tests/utd-sv/pcx.v:484</a>:1: error: unknown module &#39;ccx_arb&#39;
ccx_arb arb1(/*AUTOINST*/
^~~~~~~
../..<a href="../../../../third_party/tests/utd-sv/pcx.v.html#l-571" target="file-frame">third_party/tests/utd-sv/pcx.v:571</a>:1: error: unknown module &#39;ccx_arb&#39;
ccx_arb arb2(/*AUTOINST*/
^~~~~~~
../..<a href="../../../../third_party/tests/utd-sv/pcx.v.html#l-658" target="file-frame">third_party/tests/utd-sv/pcx.v:658</a>:1: error: unknown module &#39;ccx_arb&#39;
ccx_arb arb3(/*AUTOINST*/
^~~~~~~
../..<a href="../../../../third_party/tests/utd-sv/pcx.v.html#l-746" target="file-frame">third_party/tests/utd-sv/pcx.v:746</a>:1: error: unknown module &#39;ccx_arb&#39;
ccx_arb arb4(/*AUTOINST*/
^~~~~~~
../..<a href="../../../../third_party/tests/utd-sv/pcx.v.html#l-822" target="file-frame">third_party/tests/utd-sv/pcx.v:822</a>:4: error: unknown module &#39;pcx_buf_top&#39;
   pcx_buf_top pcx_buf_top(/*AUTOINST*/
   ^~~~~~~~~~~

</pre>
</body>