<head>
  <style>
    .log { font-family: "Courier New", Consolas, monospace; font-size: 80%; }
    .test-failed { background-color: #ffaaaa; }
    .test-passed { background-color: #aaffaa; }
  </style>
</head>
<body>
<h3><a href="https://github.com/MikePopoloski/slang" target="_blank">slang</a></h3>
<pre class="test-failed">
description: Tests imported from utd-sv
should_fail: 0
tags: utd-sv
incdirs: /home/travis/build/SymbiFlow/sv-tests/third_party/tests/utd-sv
top_module: 
type: parsing
mode: parsing
files: <a href="../../../../third_party/tests/utd-sv/scdata_subbank.v.html" target="file-frame">third_party/tests/utd-sv/scdata_subbank.v</a>
time_elapsed: 0.003s
ram usage: 9620 KB
</pre>
<pre class="log">

../..<a href="../../../../third_party/tests/utd-sv/scdata_subbank.v.html#l-178" target="file-frame">third_party/tests/utd-sv/scdata_subbank.v:178</a>:4: error: unknown module &#39;bw_r_l2d&#39;
   bw_r_l2d  data_array_0(
   ^~~~~~~~
../..<a href="../../../../third_party/tests/utd-sv/scdata_subbank.v.html#l-232" target="file-frame">third_party/tests/utd-sv/scdata_subbank.v:232</a>:4: error: unknown module &#39;bw_r_l2d&#39;
   bw_r_l2d  data_array_1(
   ^~~~~~~~
../..<a href="../../../../third_party/tests/utd-sv/scdata_subbank.v.html#l-285" target="file-frame">third_party/tests/utd-sv/scdata_subbank.v:285</a>:4: error: unknown module &#39;bw_r_l2d&#39;
   bw_r_l2d  data_array_2(
   ^~~~~~~~

</pre>
</body>