<head>
  <style>
    .log { font-family: "Courier New", Consolas, monospace; font-size: 80%; }
    .test-failed { background-color: #ffaaaa; }
    .test-passed { background-color: #aaffaa; }
  </style>
</head>
<body>
<h3><a href="https://github.com/MikePopoloski/slang" target="_blank">slang</a></h3>
<pre class="test-failed">
description: Tests imported from utd-sv
should_fail: 0
tags: utd-sv
incdirs: /home/travis/build/SymbiFlow/sv-tests/third_party/tests/utd-sv
top_module: 
type: parsing
mode: parsing
files: <a href="../../../../third_party/tests/utd-sv/sctag_ua_dp.v.html" target="file-frame">third_party/tests/utd-sv/sctag_ua_dp.v</a>
time_elapsed: 0.004s
ram usage: 10008 KB
</pre>
<pre class="log">

../..<a href="../../../../third_party/tests/utd-sv/sctag_ua_dp.v.html#l-121" target="file-frame">third_party/tests/utd-sv/sctag_ua_dp.v:121</a>:1: error: unknown module &#39;mux2ds&#39;
mux2ds #(12)  mux_used_c1 // 2-1 mux flop
^~~~~~
../..<a href="../../../../third_party/tests/utd-sv/sctag_ua_dp.v.html#l-127" target="file-frame">third_party/tests/utd-sv/sctag_ua_dp.v:127</a>:1: error: unknown module &#39;dff_s&#39;
dff_s    #(12)   ff_used_c2
^~~~~
../..<a href="../../../../third_party/tests/utd-sv/sctag_ua_dp.v.html#l-133" target="file-frame">third_party/tests/utd-sv/sctag_ua_dp.v:133</a>:1: error: unknown module &#39;dff_s&#39;
dff_s    #(13)   ff_used_rd_c2	// vuad rd data c2 flop
^~~~~                         	
../..<a href="../../../../third_party/tests/utd-sv/sctag_ua_dp.v.html#l-143" target="file-frame">third_party/tests/utd-sv/sctag_ua_dp.v:143</a>:1: error: unknown module &#39;mux2ds&#39;
mux2ds #(13)  mux_used_rd_c2	// rd data mux
^~~~~~                      	
../..<a href="../../../../third_party/tests/utd-sv/sctag_ua_dp.v.html#l-157" target="file-frame">third_party/tests/utd-sv/sctag_ua_dp.v:157</a>:1: error: unknown module &#39;mux2ds&#39;
mux2ds #(12)  mux_used_byp_c2c3        // Bypass mux c2/c3 to c1
^~~~~~
../..<a href="../../../../third_party/tests/utd-sv/sctag_ua_dp.v.html#l-167" target="file-frame">third_party/tests/utd-sv/sctag_ua_dp.v:167</a>:1: error: unknown module &#39;mux2ds&#39;
mux2ds #(12)  mux_used_byp_c1  // Bypass mux without the critical component
^~~~~~
../..<a href="../../../../third_party/tests/utd-sv/sctag_ua_dp.v.html#l-175" target="file-frame">third_party/tests/utd-sv/sctag_ua_dp.v:175</a>:1: error: unknown module &#39;zzpar16&#39;
zzpar16  parity_used_rd   ( .z(used_rd_parity_c2),
^~~~~~~
../..<a href="../../../../third_party/tests/utd-sv/sctag_ua_dp.v.html#l-180" target="file-frame">third_party/tests/utd-sv/sctag_ua_dp.v:180</a>:1: error: unknown module &#39;dff_s&#39;
dff_s    #(12)   ff_used_c3
^~~~~
../..<a href="../../../../third_party/tests/utd-sv/sctag_ua_dp.v.html#l-196" target="file-frame">third_party/tests/utd-sv/sctag_ua_dp.v:196</a>:1: error: unknown module &#39;zzpar16&#39;
zzpar16  parity_used_wr   ( .z(parity_wr_c3[1]), 
^~~~~~~
../..<a href="../../../../third_party/tests/utd-sv/sctag_ua_dp.v.html#l-201" target="file-frame">third_party/tests/utd-sv/sctag_ua_dp.v:201</a>:1: error: unknown module &#39;dff_s&#39;
dff_s    #(13)   ff_used_c4	// vuad C4 flop
^~~~~                      	
../..<a href="../../../../third_party/tests/utd-sv/sctag_ua_dp.v.html#l-208" target="file-frame">third_party/tests/utd-sv/sctag_ua_dp.v:208</a>:1: error: unknown module &#39;mux2ds&#39;
mux2ds #(13)  mux_wr_array_used_c4
^~~~~~
../..<a href="../../../../third_party/tests/utd-sv/sctag_ua_dp.v.html#l-217" target="file-frame">third_party/tests/utd-sv/sctag_ua_dp.v:217</a>:1: error: unknown module &#39;mux2ds&#39;
mux2ds #(12)  mux_used_byp_c4c5        // Bypass mux c4/c5 to c1
^~~~~~
../..<a href="../../../../third_party/tests/utd-sv/sctag_ua_dp.v.html#l-224" target="file-frame">third_party/tests/utd-sv/sctag_ua_dp.v:224</a>:1: error: unknown module &#39;dff_s&#39;
dff_s    #(13)   ff_used_wr_c5	// Vuad C5 flop
^~~~~                         	
../..<a href="../../../../third_party/tests/utd-sv/sctag_ua_dp.v.html#l-231" target="file-frame">third_party/tests/utd-sv/sctag_ua_dp.v:231</a>:1: error: unknown module &#39;dff_s&#39;
dff_s    #(13)   ff_used_wr_c6    // Vuad C6 flop
^~~~~
../..<a href="../../../../third_party/tests/utd-sv/sctag_ua_dp.v.html#l-248" target="file-frame">third_party/tests/utd-sv/sctag_ua_dp.v:248</a>:1: error: unknown module &#39;mux2ds&#39;
mux2ds #(12)  mux_alloc_c1
^~~~~~
../..<a href="../../../../third_party/tests/utd-sv/sctag_ua_dp.v.html#l-253" target="file-frame">third_party/tests/utd-sv/sctag_ua_dp.v:253</a>:1: error: unknown module &#39;dff_s&#39;
dff_s    #(12)   ff_alloc_c2
^~~~~
../..<a href="../../../../third_party/tests/utd-sv/sctag_ua_dp.v.html#l-259" target="file-frame">third_party/tests/utd-sv/sctag_ua_dp.v:259</a>:1: error: unknown module &#39;dff_s&#39;
dff_s    #(13)   ff_alloc_rd_c2   // vuad rd data c2 flop
^~~~~
../..<a href="../../../../third_party/tests/utd-sv/sctag_ua_dp.v.html#l-270" target="file-frame">third_party/tests/utd-sv/sctag_ua_dp.v:270</a>:1: error: unknown module &#39;mux2ds&#39;
mux2ds #(13)  mux_alloc_rd_c2   // rd data mux
^~~~~~
../..<a href="../../../../third_party/tests/utd-sv/sctag_ua_dp.v.html#l-288" target="file-frame">third_party/tests/utd-sv/sctag_ua_dp.v:288</a>:1: error: unknown module &#39;mux2ds&#39;
mux2ds #(12)  mux_alloc_byp_c2c3        // Bypass mux c2/c3 to c1
^~~~~~
../..<a href="../../../../third_party/tests/utd-sv/sctag_ua_dp.v.html#l-298" target="file-frame">third_party/tests/utd-sv/sctag_ua_dp.v:298</a>:1: error: unknown module &#39;mux2ds&#39;
mux2ds #(12)  mux_alloc_byp_c1  // Bypass mux without the critical component
^~~~~~
../..<a href="../../../../third_party/tests/utd-sv/sctag_ua_dp.v.html#l-305" target="file-frame">third_party/tests/utd-sv/sctag_ua_dp.v:305</a>:1: error: unknown module &#39;zzpar16&#39;
zzpar16  parity_dir_rd   ( .z(alloc_rd_parity_c2),
^~~~~~~
../..<a href="../../../../third_party/tests/utd-sv/sctag_ua_dp.v.html#l-312" target="file-frame">third_party/tests/utd-sv/sctag_ua_dp.v:312</a>:1: error: unknown module &#39;mux2ds&#39;
mux2ds #(12)  mux_alloc_byp_c2_in
^~~~~~
../..<a href="../../../../third_party/tests/utd-sv/sctag_ua_dp.v.html#l-317" target="file-frame">third_party/tests/utd-sv/sctag_ua_dp.v:317</a>:1: error: unknown module &#39;dff_s&#39;
dff_s   #(12)   ff_alloc_c3
^~~~~
../..<a href="../../../../third_party/tests/utd-sv/sctag_ua_dp.v.html#l-333" target="file-frame">third_party/tests/utd-sv/sctag_ua_dp.v:333</a>:1: error: unknown module &#39;zzpar16&#39;
zzpar16  parity_dir_wr   ( .z(parity_wr_c3[0]), 
^~~~~~~
../..<a href="../../../../third_party/tests/utd-sv/sctag_ua_dp.v.html#l-338" target="file-frame">third_party/tests/utd-sv/sctag_ua_dp.v:338</a>:1: error: unknown module &#39;dff_s&#39;
dff_s    #(13)   ff_alloc_c4      // vuad C4 flop
^~~~~
../..<a href="../../../../third_party/tests/utd-sv/sctag_ua_dp.v.html#l-345" target="file-frame">third_party/tests/utd-sv/sctag_ua_dp.v:345</a>:1: error: unknown module &#39;mux2ds&#39;
mux2ds #(13)  mux_wr_array_alloc_c4
^~~~~~
../..<a href="../../../../third_party/tests/utd-sv/sctag_ua_dp.v.html#l-355" target="file-frame">third_party/tests/utd-sv/sctag_ua_dp.v:355</a>:1: error: unknown module &#39;mux2ds&#39;
mux2ds #(12)  mux_alloc_byp_c4c5        // Bypass mux c4/c5 to c1
^~~~~~
../..<a href="../../../../third_party/tests/utd-sv/sctag_ua_dp.v.html#l-362" target="file-frame">third_party/tests/utd-sv/sctag_ua_dp.v:362</a>:1: error: unknown module &#39;dff_s&#39;
dff_s    #(13)   ff_alloc_wr_c5   // Vuad C5 flop
^~~~~
../..<a href="../../../../third_party/tests/utd-sv/sctag_ua_dp.v.html#l-370" target="file-frame">third_party/tests/utd-sv/sctag_ua_dp.v:370</a>:1: error: unknown module &#39;dff_s&#39;
dff_s    #(13)   ff_alloc_wr_c6   // Vuad C6 flop
^~~~~

</pre>
</body>