<head>
  <style>
    .log { font-family: "Courier New", Consolas, monospace; font-size: 80%; }
    .test-failed { background-color: #ffaaaa; }
    .test-passed { background-color: #aaffaa; }
  </style>
</head>
<body>
<h3><a href="https://github.com/MikePopoloski/slang" target="_blank">slang</a></h3>
<pre class="test-failed">
description: Tests imported from utd-sv
should_fail: 0
tags: utd-sv
incdirs: /home/travis/build/SymbiFlow/sv-tests/third_party/tests/utd-sv
top_module: 
type: parsing
mode: parsing
files: <a href="../../../../third_party/tests/utd-sv/lsu_rrobin_picker2.v.html" target="file-frame">third_party/tests/utd-sv/lsu_rrobin_picker2.v</a>
time_elapsed: 0.004s
ram usage: 9952 KB
</pre>
<pre class="log">

../..<a href="../../../../third_party/tests/utd-sv/lsu_rrobin_picker2.v.html#l-76" target="file-frame">third_party/tests/utd-sv/lsu_rrobin_picker2.v:76</a>:5: error: unknown module &#39;dffrl_async&#39;
    dffrl_async rstff(.din (grst_l),
    ^~~~~~~~~~~
../..<a href="../../../../third_party/tests/utd-sv/lsu_rrobin_picker2.v.html#l-133" target="file-frame">third_party/tests/utd-sv/lsu_rrobin_picker2.v:133</a>:1: error: unknown module &#39;dff_s&#39;
dff_s   #(4) ff_pick_rrobin (
^~~~~
../..<a href="../../../../third_party/tests/utd-sv/lsu_rrobin_picker2.v.html#l-160" target="file-frame">third_party/tests/utd-sv/lsu_rrobin_picker2.v:160</a>:4: error: unknown module &#39;dff_s&#39;
   dff_s   #(1) ff_events_pick_dir (
   ^~~~~

</pre>
</body>