<head>
  <style>
    .log { font-family: "Courier New", Consolas, monospace; font-size: 80%; }
    .test-failed { background-color: #ffaaaa; }
    .test-passed { background-color: #aaffaa; }
  </style>
</head>
<body>
<h3><a href="https://github.com/MikePopoloski/slang" target="_blank">slang</a></h3>
<pre class="test-failed">
description: Tests imported from utd-sv
should_fail: 0
tags: utd-sv
incdirs: /home/travis/build/SymbiFlow/sv-tests/third_party/tests/utd-sv
top_module: 
files: <a href="../../../../third_party/tests/utd-sv/ff_dram_sc_bank1.v.html" target="file-frame">third_party/tests/utd-sv/ff_dram_sc_bank1.v</a>
time_elapsed: 0.005s
</pre>
<pre class="log">
user_time: 0.0049949999999999994
system_time: 0.0
ram_usage: 9524

../..<a href="../../../../third_party/tests/utd-sv/ff_dram_sc_bank1.v.html#l-126" target="file-frame">third_party/tests/utd-sv/ff_dram_sc_bank1.v:126</a>:2: error: unknown module &#39;dff_s&#39;
	dff_s  #(39)   ff_flop_bank0_row_0      (.q({dram_scbuf_data_r2_d1[127],
	^~~~~
../..<a href="../../../../third_party/tests/utd-sv/ff_dram_sc_bank1.v.html#l-207" target="file-frame">third_party/tests/utd-sv/ff_dram_sc_bank1.v:207</a>:2: error: unknown module &#39;dff_s&#39;
	dff_s  #(39)   ff_flop_bank0_row_1      (.q({dram_scbuf_data_r2_d1[126],
	^~~~~
../..<a href="../../../../third_party/tests/utd-sv/ff_dram_sc_bank1.v.html#l-288" target="file-frame">third_party/tests/utd-sv/ff_dram_sc_bank1.v:288</a>:2: error: unknown module &#39;dff_s&#39;
	dff_s  #(39)   ff_flop_bank0_row_2      (.q({dram_scbuf_data_r2_d1[125],
	^~~~~
../..<a href="../../../../third_party/tests/utd-sv/ff_dram_sc_bank1.v.html#l-369" target="file-frame">third_party/tests/utd-sv/ff_dram_sc_bank1.v:369</a>:2: error: unknown module &#39;dff_s&#39;
	dff_s  #(39)   ff_flop_bank0_row_3      (.q({dram_scbuf_data_r2_d1[124],
	^~~~~
../..<a href="../../../../third_party/tests/utd-sv/ff_dram_sc_bank1.v.html#l-450" target="file-frame">third_party/tests/utd-sv/ff_dram_sc_bank1.v:450</a>:2: error: unknown module &#39;dff_s&#39;
	dff_s  #(32)   ff_bank0_row_4      (.q({scbuf_dram_wr_data_r5_d1[63],
	^~~~~
../..<a href="../../../../third_party/tests/utd-sv/ff_dram_sc_bank1.v.html#l-517" target="file-frame">third_party/tests/utd-sv/ff_dram_sc_bank1.v:517</a>:2: error: unknown module &#39;dff_s&#39;
	dff_s  #(34)   ff_bank0_row_5      (.q({scbuf_dram_wr_data_r5_d1[62],
	^~~~~
../..<a href="../../../../third_party/tests/utd-sv/ff_dram_sc_bank1.v.html#l-589" target="file-frame">third_party/tests/utd-sv/ff_dram_sc_bank1.v:589</a>:1: error: unknown module &#39;dff_s&#39;
dff_s  #(41)   ff_flop_bank0_col1_row012      (.q({sctag_dram_addr_d1[39:5],
^~~~~
../..<a href="../../../../third_party/tests/utd-sv/ff_dram_sc_bank1.v.html#l-602" target="file-frame">third_party/tests/utd-sv/ff_dram_sc_bank1.v:602</a>:1: error: unknown module &#39;dff_s&#39;
dff_s  #(12)   ff_flop_bank0_col1_row3      (.q({dram_sctag_rd_ack_d1,
^~~~~

</pre>
</body>