<head>
  <style>
    .log { font-family: "Courier New", Consolas, monospace; font-size: 80%; }
    .test-failed { background-color: #ffaaaa; }
    .test-passed { background-color: #aaffaa; }
  </style>
</head>
<body>
<h3><a href="https://github.com/MikePopoloski/slang" target="_blank">slang</a></h3>
<pre class="test-failed">
description: Tests imported from utd-sv
should_fail: 0
tags: utd-sv
incdirs: /home/travis/build/SymbiFlow/sv-tests/third_party/tests/utd-sv
top_module: 
type: parsing
mode: parsing
files: <a href="../../../../third_party/tests/utd-sv/fpu_in2_gt_in1_frac.v.html" target="file-frame">third_party/tests/utd-sv/fpu_in2_gt_in1_frac.v</a>
time_elapsed: 0.004s
ram usage: 9668 KB
</pre>
<pre class="log">

../..<a href="../../../../third_party/tests/utd-sv/fpu_in2_gt_in1_frac.v.html#l-110" target="file-frame">third_party/tests/utd-sv/fpu_in2_gt_in1_frac.v:110</a>:1: error: unknown module &#39;fpu_in2_gt_in1_3b&#39;
fpu_in2_gt_in1_3b fpu_in2_gt_in1_54_52 (
^~~~~~~~~~~~~~~~~
../..<a href="../../../../third_party/tests/utd-sv/fpu_in2_gt_in1_frac.v.html#l-118" target="file-frame">third_party/tests/utd-sv/fpu_in2_gt_in1_frac.v:118</a>:1: error: unknown module &#39;fpu_in2_gt_in1_2b&#39;
fpu_in2_gt_in1_2b fpu_in2_gt_in1_51_50 (
^~~~~~~~~~~~~~~~~
../..<a href="../../../../third_party/tests/utd-sv/fpu_in2_gt_in1_frac.v.html#l-126" target="file-frame">third_party/tests/utd-sv/fpu_in2_gt_in1_frac.v:126</a>:1: error: unknown module &#39;fpu_in2_gt_in1_2b&#39;
fpu_in2_gt_in1_2b fpu_in2_gt_in1_49_48 (
^~~~~~~~~~~~~~~~~
../..<a href="../../../../third_party/tests/utd-sv/fpu_in2_gt_in1_frac.v.html#l-134" target="file-frame">third_party/tests/utd-sv/fpu_in2_gt_in1_frac.v:134</a>:1: error: unknown module &#39;fpu_in2_gt_in1_3b&#39;
fpu_in2_gt_in1_3b fpu_in2_gt_in1_47_45 (
^~~~~~~~~~~~~~~~~
../..<a href="../../../../third_party/tests/utd-sv/fpu_in2_gt_in1_frac.v.html#l-142" target="file-frame">third_party/tests/utd-sv/fpu_in2_gt_in1_frac.v:142</a>:1: error: unknown module &#39;fpu_in2_gt_in1_3b&#39;
fpu_in2_gt_in1_3b fpu_in2_gt_in1_44_42 (
^~~~~~~~~~~~~~~~~
../..<a href="../../../../third_party/tests/utd-sv/fpu_in2_gt_in1_frac.v.html#l-150" target="file-frame">third_party/tests/utd-sv/fpu_in2_gt_in1_frac.v:150</a>:1: error: unknown module &#39;fpu_in2_gt_in1_3b&#39;
fpu_in2_gt_in1_3b fpu_in2_gt_in1_41_39 (
^~~~~~~~~~~~~~~~~
../..<a href="../../../../third_party/tests/utd-sv/fpu_in2_gt_in1_frac.v.html#l-158" target="file-frame">third_party/tests/utd-sv/fpu_in2_gt_in1_frac.v:158</a>:1: error: unknown module &#39;fpu_in2_gt_in1_3b&#39;
fpu_in2_gt_in1_3b fpu_in2_gt_in1_38_36 (
^~~~~~~~~~~~~~~~~
../..<a href="../../../../third_party/tests/utd-sv/fpu_in2_gt_in1_frac.v.html#l-166" target="file-frame">third_party/tests/utd-sv/fpu_in2_gt_in1_frac.v:166</a>:1: error: unknown module &#39;fpu_in2_gt_in1_3b&#39;
fpu_in2_gt_in1_3b fpu_in2_gt_in1_35_33 (
^~~~~~~~~~~~~~~~~
../..<a href="../../../../third_party/tests/utd-sv/fpu_in2_gt_in1_frac.v.html#l-174" target="file-frame">third_party/tests/utd-sv/fpu_in2_gt_in1_frac.v:174</a>:1: error: unknown module &#39;fpu_in2_gt_in1_3b&#39;
fpu_in2_gt_in1_3b fpu_in2_gt_in1_32_30 (
^~~~~~~~~~~~~~~~~
../..<a href="../../../../third_party/tests/utd-sv/fpu_in2_gt_in1_frac.v.html#l-182" target="file-frame">third_party/tests/utd-sv/fpu_in2_gt_in1_frac.v:182</a>:1: error: unknown module &#39;fpu_in2_gt_in1_3b&#39;
fpu_in2_gt_in1_3b fpu_in2_gt_in1_29_27 (
^~~~~~~~~~~~~~~~~
../..<a href="../../../../third_party/tests/utd-sv/fpu_in2_gt_in1_frac.v.html#l-190" target="file-frame">third_party/tests/utd-sv/fpu_in2_gt_in1_frac.v:190</a>:1: error: unknown module &#39;fpu_in2_gt_in1_3b&#39;
fpu_in2_gt_in1_3b fpu_in2_gt_in1_26_24 (
^~~~~~~~~~~~~~~~~
../..<a href="../../../../third_party/tests/utd-sv/fpu_in2_gt_in1_frac.v.html#l-198" target="file-frame">third_party/tests/utd-sv/fpu_in2_gt_in1_frac.v:198</a>:1: error: unknown module &#39;fpu_in2_gt_in1_3b&#39;
fpu_in2_gt_in1_3b fpu_in2_gt_in1_23_21 (
^~~~~~~~~~~~~~~~~
../..<a href="../../../../third_party/tests/utd-sv/fpu_in2_gt_in1_frac.v.html#l-206" target="file-frame">third_party/tests/utd-sv/fpu_in2_gt_in1_frac.v:206</a>:1: error: unknown module &#39;fpu_in2_gt_in1_3b&#39;
fpu_in2_gt_in1_3b fpu_in2_gt_in1_20_18 (
^~~~~~~~~~~~~~~~~
../..<a href="../../../../third_party/tests/utd-sv/fpu_in2_gt_in1_frac.v.html#l-214" target="file-frame">third_party/tests/utd-sv/fpu_in2_gt_in1_frac.v:214</a>:1: error: unknown module &#39;fpu_in2_gt_in1_3b&#39;
fpu_in2_gt_in1_3b fpu_in2_gt_in1_17_15 (
^~~~~~~~~~~~~~~~~
../..<a href="../../../../third_party/tests/utd-sv/fpu_in2_gt_in1_frac.v.html#l-222" target="file-frame">third_party/tests/utd-sv/fpu_in2_gt_in1_frac.v:222</a>:1: error: unknown module &#39;fpu_in2_gt_in1_3b&#39;
fpu_in2_gt_in1_3b fpu_in2_gt_in1_14_12 (
^~~~~~~~~~~~~~~~~
../..<a href="../../../../third_party/tests/utd-sv/fpu_in2_gt_in1_frac.v.html#l-230" target="file-frame">third_party/tests/utd-sv/fpu_in2_gt_in1_frac.v:230</a>:1: error: unknown module &#39;fpu_in2_gt_in1_3b&#39;
fpu_in2_gt_in1_3b fpu_in2_gt_in1_11_9 (
^~~~~~~~~~~~~~~~~
../..<a href="../../../../third_party/tests/utd-sv/fpu_in2_gt_in1_frac.v.html#l-238" target="file-frame">third_party/tests/utd-sv/fpu_in2_gt_in1_frac.v:238</a>:1: error: unknown module &#39;fpu_in2_gt_in1_3b&#39;
fpu_in2_gt_in1_3b fpu_in2_gt_in1_8_6 (
^~~~~~~~~~~~~~~~~
../..<a href="../../../../third_party/tests/utd-sv/fpu_in2_gt_in1_frac.v.html#l-246" target="file-frame">third_party/tests/utd-sv/fpu_in2_gt_in1_frac.v:246</a>:1: error: unknown module &#39;fpu_in2_gt_in1_3b&#39;
fpu_in2_gt_in1_3b fpu_in2_gt_in1_5_3 (
^~~~~~~~~~~~~~~~~
../..<a href="../../../../third_party/tests/utd-sv/fpu_in2_gt_in1_frac.v.html#l-254" target="file-frame">third_party/tests/utd-sv/fpu_in2_gt_in1_frac.v:254</a>:1: error: unknown module &#39;fpu_in2_gt_in1_3b&#39;
fpu_in2_gt_in1_3b fpu_in2_gt_in1_2_0 (
^~~~~~~~~~~~~~~~~
../..<a href="../../../../third_party/tests/utd-sv/fpu_in2_gt_in1_frac.v.html#l-263" target="file-frame">third_party/tests/utd-sv/fpu_in2_gt_in1_frac.v:263</a>:1: error: unknown module &#39;fpu_in2_gt_in1_3to1&#39;
fpu_in2_gt_in1_3to1 fpu_in2_gt_in1_51_45 (
^~~~~~~~~~~~~~~~~~~
../..<a href="../../../../third_party/tests/utd-sv/fpu_in2_gt_in1_frac.v.html#l-275" target="file-frame">third_party/tests/utd-sv/fpu_in2_gt_in1_frac.v:275</a>:1: error: unknown module &#39;fpu_in2_gt_in1_3to1&#39;
fpu_in2_gt_in1_3to1 fpu_in2_gt_in1_44_36 (
^~~~~~~~~~~~~~~~~~~
../..<a href="../../../../third_party/tests/utd-sv/fpu_in2_gt_in1_frac.v.html#l-287" target="file-frame">third_party/tests/utd-sv/fpu_in2_gt_in1_frac.v:287</a>:1: error: unknown module &#39;fpu_in2_gt_in1_3to1&#39;
fpu_in2_gt_in1_3to1 fpu_in2_gt_in1_35_27 (
^~~~~~~~~~~~~~~~~~~
../..<a href="../../../../third_party/tests/utd-sv/fpu_in2_gt_in1_frac.v.html#l-299" target="file-frame">third_party/tests/utd-sv/fpu_in2_gt_in1_frac.v:299</a>:1: error: unknown module &#39;fpu_in2_gt_in1_3to1&#39;
fpu_in2_gt_in1_3to1 fpu_in2_gt_in1_26_18 (
^~~~~~~~~~~~~~~~~~~
../..<a href="../../../../third_party/tests/utd-sv/fpu_in2_gt_in1_frac.v.html#l-311" target="file-frame">third_party/tests/utd-sv/fpu_in2_gt_in1_frac.v:311</a>:1: error: unknown module &#39;fpu_in2_gt_in1_3to1&#39;
fpu_in2_gt_in1_3to1 fpu_in2_gt_in1_17_9 (
^~~~~~~~~~~~~~~~~~~
../..<a href="../../../../third_party/tests/utd-sv/fpu_in2_gt_in1_frac.v.html#l-323" target="file-frame">third_party/tests/utd-sv/fpu_in2_gt_in1_frac.v:323</a>:1: error: unknown module &#39;fpu_in2_gt_in1_3to1&#39;
fpu_in2_gt_in1_3to1 fpu_in2_gt_in1_8_0 (
^~~~~~~~~~~~~~~~~~~
../..<a href="../../../../third_party/tests/utd-sv/fpu_in2_gt_in1_frac.v.html#l-336" target="file-frame">third_party/tests/utd-sv/fpu_in2_gt_in1_frac.v:336</a>:1: error: unknown module &#39;fpu_in2_gt_in1_3to1&#39;
fpu_in2_gt_in1_3to1 fpu_in2_gt_in1_51_27 (
^~~~~~~~~~~~~~~~~~~
../..<a href="../../../../third_party/tests/utd-sv/fpu_in2_gt_in1_frac.v.html#l-348" target="file-frame">third_party/tests/utd-sv/fpu_in2_gt_in1_frac.v:348</a>:1: error: unknown module &#39;fpu_in2_gt_in1_3to1&#39;
fpu_in2_gt_in1_3to1 fpu_in2_gt_in1_26_0 (
^~~~~~~~~~~~~~~~~~~

</pre>
</body>