<head>
  <style>
    .log { font-family: "Courier New", Consolas, monospace; font-size: 80%; }
    .test-failed { background-color: #ffaaaa; }
    .test-passed { background-color: #aaffaa; }
  </style>
</head>
<body>
<h3><a href="https://github.com/MikePopoloski/slang" target="_blank">slang</a></h3>
<pre class="test-failed">
description: Tests imported from utd-sv
should_fail: 0
tags: utd-sv
incdirs: /home/travis/build/SymbiFlow/sv-tests/third_party/tests/utd-sv
top_module: 
type: parsing
mode: parsing
files: <a href="../../../../third_party/tests/utd-sv/lsu_stb_rwdp.v.html" target="file-frame">third_party/tests/utd-sv/lsu_stb_rwdp.v</a>
time_elapsed: 0.005s
ram usage: 9652 KB
</pre>
<pre class="log">

../..<a href="../../../../third_party/tests/utd-sv/lsu_stb_rwdp.v.html#l-119" target="file-frame">third_party/tests/utd-sv/lsu_stb_rwdp.v:119</a>:1: error: unknown module &#39;mux4ds&#39;
mux4ds #(64) stb_st_data_early_e_mx (
^~~~~~
../..<a href="../../../../third_party/tests/utd-sv/lsu_stb_rwdp.v.html#l-132" target="file-frame">third_party/tests/utd-sv/lsu_stb_rwdp.v:132</a>:1: error: unknown module &#39;dff_s&#39;
dff_s #(64)  stgm_rs2     (             //@@ bw_u1_soffi_2x
^~~~~
../..<a href="../../../../third_party/tests/utd-sv/lsu_stb_rwdp.v.html#l-146" target="file-frame">third_party/tests/utd-sv/lsu_stb_rwdp.v:146</a>:1: error: unknown module &#39;dff_s&#39;
dff_s #(64)  stgg_rs2     (             //@@ bw_u1_soffi_2x
^~~~~
../..<a href="../../../../third_party/tests/utd-sv/lsu_stb_rwdp.v.html#l-153" target="file-frame">third_party/tests/utd-sv/lsu_stb_rwdp.v:153</a>:1: error: unknown module &#39;dff_s&#39;
dff_s #(8)  stgm_sel     (             //@@ bw_u1_soff_8x
^~~~~
../..<a href="../../../../third_party/tests/utd-sv/lsu_stb_rwdp.v.html#l-190" target="file-frame">third_party/tests/utd-sv/lsu_stb_rwdp.v:190</a>:1: error: unknown module &#39;mux4ds&#39;
mux4ds #(8) swap_byte0_mx (
^~~~~~
../..<a href="../../../../third_party/tests/utd-sv/lsu_stb_rwdp.v.html#l-204" target="file-frame">third_party/tests/utd-sv/lsu_stb_rwdp.v:204</a>:1: error: unknown module &#39;mux4ds&#39;
mux4ds #(8) swap_byte1_mx (
^~~~~~
../..<a href="../../../../third_party/tests/utd-sv/lsu_stb_rwdp.v.html#l-217" target="file-frame">third_party/tests/utd-sv/lsu_stb_rwdp.v:217</a>:1: error: unknown module &#39;mux3ds&#39;
mux3ds #(8) swap_byte2_mx (
^~~~~~
../..<a href="../../../../third_party/tests/utd-sv/lsu_stb_rwdp.v.html#l-229" target="file-frame">third_party/tests/utd-sv/lsu_stb_rwdp.v:229</a>:1: error: unknown module &#39;mux3ds&#39;
mux3ds #(8) swap_byte3_mx (
^~~~~~
../..<a href="../../../../third_party/tests/utd-sv/lsu_stb_rwdp.v.html#l-241" target="file-frame">third_party/tests/utd-sv/lsu_stb_rwdp.v:241</a>:1: error: unknown module &#39;mux3ds&#39;
mux3ds #(8) swap_byte4_mx (
^~~~~~
../..<a href="../../../../third_party/tests/utd-sv/lsu_stb_rwdp.v.html#l-253" target="file-frame">third_party/tests/utd-sv/lsu_stb_rwdp.v:253</a>:1: error: unknown module &#39;mux3ds&#39;
mux3ds #(8) swap_byte5_mx (
^~~~~~
../..<a href="../../../../third_party/tests/utd-sv/lsu_stb_rwdp.v.html#l-265" target="file-frame">third_party/tests/utd-sv/lsu_stb_rwdp.v:265</a>:1: error: unknown module &#39;mux3ds&#39;
mux3ds #(8) swap_byte6_mx (
^~~~~~
../..<a href="../../../../third_party/tests/utd-sv/lsu_stb_rwdp.v.html#l-277" target="file-frame">third_party/tests/utd-sv/lsu_stb_rwdp.v:277</a>:1: error: unknown module &#39;mux3ds&#39;
mux3ds #(8) swap_byte7_mx (
^~~~~~
../..<a href="../../../../third_party/tests/utd-sv/lsu_stb_rwdp.v.html#l-308" target="file-frame">third_party/tests/utd-sv/lsu_stb_rwdp.v:308</a>:1: error: unknown module &#39;mux3ds&#39;
mux3ds #(8) rpl_byte3_mx (
^~~~~~
../..<a href="../../../../third_party/tests/utd-sv/lsu_stb_rwdp.v.html#l-330" target="file-frame">third_party/tests/utd-sv/lsu_stb_rwdp.v:330</a>:1: error: unknown module &#39;mux3ds&#39;
mux3ds #(8) rpl_byte5_mx (
^~~~~~
../..<a href="../../../../third_party/tests/utd-sv/lsu_stb_rwdp.v.html#l-348" target="file-frame">third_party/tests/utd-sv/lsu_stb_rwdp.v:348</a>:1: error: unknown module &#39;mux3ds&#39;
mux3ds #(8) rpl_byte6_mx (
^~~~~~
../..<a href="../../../../third_party/tests/utd-sv/lsu_stb_rwdp.v.html#l-365" target="file-frame">third_party/tests/utd-sv/lsu_stb_rwdp.v:365</a>:1: error: unknown module &#39;mux4ds&#39;
mux4ds #(8) rpl_byte7_mx (
^~~~~~

</pre>
</body>