<head>
  <style>
    .log { font-family: "Courier New", Consolas, monospace; font-size: 80%; }
    .test-failed { background-color: #ffaaaa; }
    .test-passed { background-color: #aaffaa; }
  </style>
</head>
<body>
<h3><a href="https://github.com/MikePopoloski/slang" target="_blank">slang</a></h3>
<pre class="test-failed">
description: Tests imported from utd-sv
should_fail: 0
tags: utd-sv
incdirs: /home/travis/build/SymbiFlow/sv-tests/third_party/tests/utd-sv
top_module: 
type: parsing
mode: parsing
files: <a href="../../../../third_party/tests/utd-sv/lsu_tagdp.v.html" target="file-frame">third_party/tests/utd-sv/lsu_tagdp.v</a>
time_elapsed: 0.004s
ram usage: 9644 KB
</pre>
<pre class="log">

../..<a href="../../../../third_party/tests/utd-sv/lsu_tagdp.v.html#l-90" target="file-frame">third_party/tests/utd-sv/lsu_tagdp.v:90</a>:1: error: unknown module &#39;mux4ds&#39;
mux4ds  #(31) dtag_rdata_sel (
^~~~~~
../..<a href="../../../../third_party/tests/utd-sv/lsu_tagdp.v.html#l-102" target="file-frame">third_party/tests/utd-sv/lsu_tagdp.v:102</a>:1: error: unknown module &#39;dff_s&#39;
dff_s  #(31) dtag_rdata_sel_g_ff (
^~~~~
../..<a href="../../../../third_party/tests/utd-sv/lsu_tagdp.v.html#l-108" target="file-frame">third_party/tests/utd-sv/lsu_tagdp.v:108</a>:1: error: unknown module &#39;mux4ds&#39;
mux4ds  #(64) lsu_misc_rdata_sel (
^~~~~~
../..<a href="../../../../third_party/tests/utd-sv/lsu_tagdp.v.html#l-120" target="file-frame">third_party/tests/utd-sv/lsu_tagdp.v:120</a>:1: error: unknown module &#39;dff_s&#39;
dff_s  #(64) lsu_misc_rdata_w2_ff (
^~~~~
../..<a href="../../../../third_party/tests/utd-sv/lsu_tagdp.v.html#l-132" target="file-frame">third_party/tests/utd-sv/lsu_tagdp.v:132</a>:1: error: unknown module &#39;dff_s&#39;
dff_s  #(4) dtag_rdata_parity_g_ff (
^~~~~
../..<a href="../../../../third_party/tests/utd-sv/lsu_tagdp.v.html#l-169" target="file-frame">third_party/tests/utd-sv/lsu_tagdp.v:169</a>:1: error: unknown module &#39;dff_s&#39;
dff_s  #(4) dtag_rdata_w0_8b_parity_g_ff (
^~~~~
../..<a href="../../../../third_party/tests/utd-sv/lsu_tagdp.v.html#l-175" target="file-frame">third_party/tests/utd-sv/lsu_tagdp.v:175</a>:1: error: unknown module &#39;dff_s&#39;
dff_s  #(4) dtag_rdata_w1_8b_parity_g_ff (
^~~~~
../..<a href="../../../../third_party/tests/utd-sv/lsu_tagdp.v.html#l-181" target="file-frame">third_party/tests/utd-sv/lsu_tagdp.v:181</a>:1: error: unknown module &#39;dff_s&#39;
dff_s  #(4) dtag_rdata_w2_8b_parity_g_ff (
^~~~~
../..<a href="../../../../third_party/tests/utd-sv/lsu_tagdp.v.html#l-187" target="file-frame">third_party/tests/utd-sv/lsu_tagdp.v:187</a>:1: error: unknown module &#39;dff_s&#39;
dff_s  #(4) dtag_rdata_w3_8b_parity_g_ff (
^~~~~

</pre>
</body>