<head>
  <style>
    .test-failed { background-color: #ffaaaa; }
    .test-passed { background-color: #aaffaa; }
  </style>
</head>
<body>
<h3><a href="https://github.com/MikePopoloski/slang" target="_blank">slang</a></h3>
<pre class="test-failed">
description: Tests imported from utd-sv
should_fail: 0
tags: utd-sv
incdirs: /home/travis/build/SymbiFlow/sv-tests/third_party/tests/utd-sv
top_module: 
files: <a href="../../../../third_party/tests/utd-sv/synchronizer_asr_dup.v.html" target="file-frame">third_party/tests/utd-sv/synchronizer_asr_dup.v</a>
time_elapsed: 0.004s
</pre>
<pre>

../..<a href="../../../../third_party/tests/utd-sv/synchronizer_asr_dup.v.html#l-42" target="file-frame">third_party/tests/utd-sv/synchronizer_asr_dup.v:42</a>:4: error: unknown module &#39;bw_u1_soff_8x&#39;
   bw_u1_soff_8x repeater (
   ^~~~~~~~~~~~~
../..<a href="../../../../third_party/tests/utd-sv/synchronizer_asr_dup.v.html#l-50" target="file-frame">third_party/tests/utd-sv/synchronizer_asr_dup.v:50</a>:4: error: unknown module &#39;bw_u1_scanl_2x&#39;
   bw_u1_scanl_2x lockup (
   ^~~~~~~~~~~~~~
../..<a href="../../../../third_party/tests/utd-sv/synchronizer_asr_dup.v.html#l-56" target="file-frame">third_party/tests/utd-sv/synchronizer_asr_dup.v:56</a>:4: error: unknown module &#39;bw_u1_soffasr_2x&#39;
   bw_u1_soffasr_2x syncff (
   ^~~~~~~~~~~~~~~~

</pre>
</body>