<head>
  <style>
    .log { font-family: "Courier New", Consolas, monospace; font-size: 80%; }
    .test-failed { background-color: #ffaaaa; }
    .test-passed { background-color: #aaffaa; }
  </style>
</head>
<body>
<h3><a href="https://github.com/MikePopoloski/slang" target="_blank">slang</a></h3>
<pre class="test-failed">
description: Tests imported from utd-sv
should_fail: 0
tags: utd-sv
incdirs: /home/travis/build/SymbiFlow/sv-tests/third_party/tests/utd-sv
top_module: 
type: parsing
mode: parsing
files: <a href="../../../../third_party/tests/utd-sv/tlu_addern_32.v.html" target="file-frame">third_party/tests/utd-sv/tlu_addern_32.v</a>
time_elapsed: 0.003s
ram usage: 9704 KB
</pre>
<pre class="log">

../..<a href="../../../../third_party/tests/utd-sv/tlu_addern_32.v.html#l-42" target="file-frame">third_party/tests/utd-sv/tlu_addern_32.v:42</a>:8: error: identifier &#39;ADDER_DATA_WIDTH&#39; used before its declaration
input	[ADDER_DATA_WIDTH-1:0]	din;
     	 ^~~~~~~~~~~~~~~~     	
../..<a href="../../../../third_party/tests/utd-sv/tlu_addern_32.v.html#l-38" target="file-frame">third_party/tests/utd-sv/tlu_addern_32.v:38</a>:11: note: declared here
parameter ADDER_DATA_WIDTH = 33;
          ^
../..<a href="../../../../third_party/tests/utd-sv/tlu_addern_32.v.html#l-43" target="file-frame">third_party/tests/utd-sv/tlu_addern_32.v:43</a>:8: error: identifier &#39;INCR_DATA_WIDTH&#39; used before its declaration
input	[INCR_DATA_WIDTH-1:0]   incr;
     	 ^~~~~~~~~~~~~~~
../..<a href="../../../../third_party/tests/utd-sv/tlu_addern_32.v.html#l-39" target="file-frame">third_party/tests/utd-sv/tlu_addern_32.v:39</a>:11: note: declared here
parameter INCR_DATA_WIDTH  =  1;
          ^
../..<a href="../../../../third_party/tests/utd-sv/tlu_addern_32.v.html#l-44" target="file-frame">third_party/tests/utd-sv/tlu_addern_32.v:44</a>:9: error: identifier &#39;ADDER_DATA_WIDTH&#39; used before its declaration
output	[ADDER_DATA_WIDTH-1:0]	sum;
      	 ^~~~~~~~~~~~~~~~     	
../..<a href="../../../../third_party/tests/utd-sv/tlu_addern_32.v.html#l-38" target="file-frame">third_party/tests/utd-sv/tlu_addern_32.v:38</a>:11: note: declared here
parameter ADDER_DATA_WIDTH = 33;
          ^

</pre>
</body>