<head>
  <style>
    .log { font-family: "Courier New", Consolas, monospace; font-size: 80%; }
    .test-failed { background-color: #ffaaaa; }
    .test-passed { background-color: #aaffaa; }
  </style>
</head>
<body>
<h3><a href="https://github.com/tree-sitter/tree-sitter-verilog" target="_blank">tree-sitter-verilog</a></h3>
<pre class="test-failed">
description: Tests imported from yosys
should_fail: 0
tags: yosys
incdirs: /home/travis/build/SymbiFlow/sv-tests/third_party/tools/yosys/tests/simple
top_module: 
files: <a href="../../../../third_party/tools/yosys/tests/simple/generate.v.html" target="file-frame">third_party/tools/yosys/tests/simple/generate.v</a>
time_elapsed: 0.006s
</pre>
<pre class="log">

<a href="../../../../third_party/tools/yosys/tests/simple/generate.v.html#l-137" target="file-frame">third_party/tools/yosys/tests/simple/generate.v:137</a>:36: error: node type: ;
<a href="../../../../third_party/tools/yosys/tests/simple/generate.v.html#l-137" target="file-frame">third_party/tools/yosys/tests/simple/generate.v:137</a>:36: error: node type: ERROR
<a href="../../../../third_party/tools/yosys/tests/simple/generate.v.html#l-139" target="file-frame">third_party/tools/yosys/tests/simple/generate.v:139</a>:12: error: node type: ERROR
<a href="../../../../third_party/tools/yosys/tests/simple/generate.v.html#l-140" target="file-frame">third_party/tools/yosys/tests/simple/generate.v:140</a>:25: error: node type: ;
<a href="../../../../third_party/tools/yosys/tests/simple/generate.v.html#l-141" target="file-frame">third_party/tools/yosys/tests/simple/generate.v:141</a>:20: error: node type: ERROR
<a href="../../../../third_party/tools/yosys/tests/simple/generate.v.html#l-141" target="file-frame">third_party/tools/yosys/tests/simple/generate.v:141</a>:41: error: node type: ERROR
<a href="../../../../third_party/tools/yosys/tests/simple/generate.v.html#l-144" target="file-frame">third_party/tools/yosys/tests/simple/generate.v:144</a>:33: error: node type: ;
<a href="../../../../third_party/tools/yosys/tests/simple/generate.v.html#l-144" target="file-frame">third_party/tools/yosys/tests/simple/generate.v:144</a>:34: error: node type: ERROR
<a href="../../../../third_party/tools/yosys/tests/simple/generate.v.html#l-148" target="file-frame">third_party/tools/yosys/tests/simple/generate.v:148</a>:31: error: node type: ;
<a href="../../../../third_party/tools/yosys/tests/simple/generate.v.html#l-148" target="file-frame">third_party/tools/yosys/tests/simple/generate.v:148</a>:32: error: node type: ERROR

</pre>
</body>