<head>
  <style>
    .log { font-family: "Courier New", Consolas, monospace; font-size: 80%; }
    .test-failed { background-color: #ffaaaa; }
    .test-passed { background-color: #aaffaa; }
  </style>
</head>
<body>
<h3><a href="https://github.com/tree-sitter/tree-sitter-verilog" target="_blank">tree-sitter-verilog</a></h3>
<pre class="test-failed">
description: Tests imported from yosys
should_fail: 0
tags: yosys
incdirs: /home/travis/build/SymbiFlow/sv-tests/third_party/tools/yosys/tests/simple
top_module: 
files: <a href="../../../../third_party/tools/yosys/tests/simple/multiplier.v.html" target="file-frame">third_party/tools/yosys/tests/simple/multiplier.v</a>
time_elapsed: 0.133s
</pre>
<pre class="log">
user_time: 0.112689
system_time: 0.020123
ram_usage: 38048

<a href="../../../../third_party/tools/yosys/tests/simple/multiplier.v.html#l-27" target="file-frame">third_party/tools/yosys/tests/simple/multiplier.v:27</a>:6: error: node type: ERROR
<a href="../../../../third_party/tools/yosys/tests/simple/multiplier.v.html#l-28" target="file-frame">third_party/tools/yosys/tests/simple/multiplier.v:28</a>:10: error: node type: ERROR
<a href="../../../../third_party/tools/yosys/tests/simple/multiplier.v.html#l-29" target="file-frame">third_party/tools/yosys/tests/simple/multiplier.v:29</a>:14: error: node type: ERROR
<a href="../../../../third_party/tools/yosys/tests/simple/multiplier.v.html#l-32" target="file-frame">third_party/tools/yosys/tests/simple/multiplier.v:32</a>:15: error: node type: ERROR
<a href="../../../../third_party/tools/yosys/tests/simple/multiplier.v.html#l-38" target="file-frame">third_party/tools/yosys/tests/simple/multiplier.v:38</a>:15: error: node type: ERROR
<a href="../../../../third_party/tools/yosys/tests/simple/multiplier.v.html#l-51" target="file-frame">third_party/tools/yosys/tests/simple/multiplier.v:51</a>:4: error: node type: ERROR
<a href="../../../../third_party/tools/yosys/tests/simple/multiplier.v.html#l-52" target="file-frame">third_party/tools/yosys/tests/simple/multiplier.v:52</a>:11: error: node type: ERROR
<a href="../../../../third_party/tools/yosys/tests/simple/multiplier.v.html#l-52" target="file-frame">third_party/tools/yosys/tests/simple/multiplier.v:52</a>:19: error: node type: ERROR
<a href="../../../../third_party/tools/yosys/tests/simple/multiplier.v.html#l-53" target="file-frame">third_party/tools/yosys/tests/simple/multiplier.v:53</a>:14: error: node type: ERROR
<a href="../../../../third_party/tools/yosys/tests/simple/multiplier.v.html#l-54" target="file-frame">third_party/tools/yosys/tests/simple/multiplier.v:54</a>:4: error: node type: ERROR
<a href="../../../../third_party/tools/yosys/tests/simple/multiplier.v.html#l-55" target="file-frame">third_party/tools/yosys/tests/simple/multiplier.v:55</a>:11: error: node type: ERROR
<a href="../../../../third_party/tools/yosys/tests/simple/multiplier.v.html#l-57" target="file-frame">third_party/tools/yosys/tests/simple/multiplier.v:57</a>:4: error: node type: ERROR
<a href="../../../../third_party/tools/yosys/tests/simple/multiplier.v.html#l-58" target="file-frame">third_party/tools/yosys/tests/simple/multiplier.v:58</a>:21: error: node type: ERROR
<a href="../../../../third_party/tools/yosys/tests/simple/multiplier.v.html#l-59" target="file-frame">third_party/tools/yosys/tests/simple/multiplier.v:59</a>:19: error: node type: ERROR
<a href="../../../../third_party/tools/yosys/tests/simple/multiplier.v.html#l-60" target="file-frame">third_party/tools/yosys/tests/simple/multiplier.v:60</a>:20: error: node type: ERROR
<a href="../../../../third_party/tools/yosys/tests/simple/multiplier.v.html#l-63" target="file-frame">third_party/tools/yosys/tests/simple/multiplier.v:63</a>:4: error: node type: ERROR
<a href="../../../../third_party/tools/yosys/tests/simple/multiplier.v.html#l-95" target="file-frame">third_party/tools/yosys/tests/simple/multiplier.v:95</a>:29: error: node type: ERROR

</pre>
</body>