<head>
  <style>
    .log { font-family: "Courier New", Consolas, monospace; font-size: 80%; }
    .test-failed { background-color: #ffaaaa; }
    .test-passed { background-color: #aaffaa; }
  </style>
</head>
<body>
<h3><a href="https://github.com/tree-sitter/tree-sitter-verilog" target="_blank">tree-sitter-verilog</a></h3>
<pre class="test-failed">
description: Tests imported from yosys
should_fail: 0
tags: yosys
incdirs: /home/travis/build/SymbiFlow/sv-tests/third_party/tools/yosys/tests/simple
top_module: 
type: parsing
mode: parsing
files: <a href="../../../../third_party/tools/yosys/tests/simple/hierdefparam.v.html" target="file-frame">third_party/tools/yosys/tests/simple/hierdefparam.v</a>
time_elapsed: 0.109s
ram usage: 41208 KB
</pre>
<pre class="log">

<a href="../../../../third_party/tools/yosys/tests/simple/hierdefparam.v.html#l-3" target="file-frame">third_party/tools/yosys/tests/simple/hierdefparam.v:3</a>:16: error: node type: ERROR
<a href="../../../../third_party/tools/yosys/tests/simple/hierdefparam.v.html#l-5" target="file-frame">third_party/tools/yosys/tests/simple/hierdefparam.v:5</a>:17: error: node type: ;
<a href="../../../../third_party/tools/yosys/tests/simple/hierdefparam.v.html#l-10" target="file-frame">third_party/tools/yosys/tests/simple/hierdefparam.v:10</a>:0: error: node type: ERROR
<a href="../../../../third_party/tools/yosys/tests/simple/hierdefparam.v.html#l-10" target="file-frame">third_party/tools/yosys/tests/simple/hierdefparam.v:10</a>:34: error: node type: ERROR
<a href="../../../../third_party/tools/yosys/tests/simple/hierdefparam.v.html#l-10" target="file-frame">third_party/tools/yosys/tests/simple/hierdefparam.v:10</a>:50: error: node type: ERROR
<a href="../../../../third_party/tools/yosys/tests/simple/hierdefparam.v.html#l-21" target="file-frame">third_party/tools/yosys/tests/simple/hierdefparam.v:21</a>:0: error: node type: ERROR
<a href="../../../../third_party/tools/yosys/tests/simple/hierdefparam.v.html#l-21" target="file-frame">third_party/tools/yosys/tests/simple/hierdefparam.v:21</a>:34: error: node type: ERROR
<a href="../../../../third_party/tools/yosys/tests/simple/hierdefparam.v.html#l-21" target="file-frame">third_party/tools/yosys/tests/simple/hierdefparam.v:21</a>:50: error: node type: ERROR

</pre>
</body>