<head>
  <style>
    .log { font-family: "Courier New", Consolas, monospace; font-size: 80%; }
    .test-failed { background-color: #ffaaaa; }
    .test-passed { background-color: #aaffaa; }
  </style>
</head>
<body>
<h3><a href="https://github.com/MikePopoloski/slang" target="_blank">slang</a></h3>
<pre class="test-failed">
description: Tests imported from basejump
should_fail: 0
tags: basejump
incdirs: /home/travis/build/SymbiFlow/sv-tests/third_party/cores/basejump_stl/bsg_dataflow
top_module: 
type: parsing
mode: parsing
files: <a href="../../../../third_party/cores/basejump_stl/bsg_dataflow/bsg_shift_reg.v.html" target="file-frame">third_party/cores/basejump_stl/bsg_dataflow/bsg_shift_reg.v</a>
time_elapsed: 0.368s
ram usage: 425380 KB
</pre>
<pre class="log">

../..<a href="../../../../third_party/cores/basejump_stl/bsg_dataflow/bsg_shift_reg.v.html#l-26" target="file-frame">third_party/cores/basejump_stl/bsg_dataflow/bsg_shift_reg.v:26</a>:23: error: unknown macro or compiler directive &#39;`BSG_MIN&#39;
	  shift_r[stages_p-1:`BSG_MIN(stages_p-1,1)] &lt;= shift_r[`BSG_MAX(stages_p-2,0):0];
	                     ^
../..<a href="../../../../third_party/cores/basejump_stl/bsg_dataflow/bsg_shift_reg.v.html#l-26" target="file-frame">third_party/cores/basejump_stl/bsg_dataflow/bsg_shift_reg.v:26</a>:45: error: expected expression
	  shift_r[stages_p-1:`BSG_MIN(stages_p-1,1)] &lt;= shift_r[`BSG_MAX(stages_p-2,0):0];
	                                           ^
../..<a href="../../../../third_party/cores/basejump_stl/bsg_dataflow/bsg_shift_reg.v.html#l-26" target="file-frame">third_party/cores/basejump_stl/bsg_dataflow/bsg_shift_reg.v:26</a>:58: error: unknown macro or compiler directive &#39;`BSG_MAX&#39;
	  shift_r[stages_p-1:`BSG_MIN(stages_p-1,1)] &lt;= shift_r[`BSG_MAX(stages_p-2,0):0];
	                                                        ^
../..<a href="../../../../third_party/cores/basejump_stl/bsg_dataflow/bsg_shift_reg.v.html#l-26" target="file-frame">third_party/cores/basejump_stl/bsg_dataflow/bsg_shift_reg.v:26</a>:80: error: expected expression
	  shift_r[stages_p-1:`BSG_MIN(stages_p-1,1)] &lt;= shift_r[`BSG_MAX(stages_p-2,0):0];
	                                                                              ^

</pre>
</body>