<head>
  <style>
    .log { font-family: "Courier New", Consolas, monospace; font-size: 80%; }
    .test-failed { background-color: #ffaaaa; }
    .test-passed { background-color: #aaffaa; }
  </style>
</head>
<body>
<h3><a href="https://github.com/MikePopoloski/slang" target="_blank">slang</a></h3>
<pre class="test-failed">
description: Tests imported from basejump
should_fail: 0
tags: basejump
incdirs: /home/travis/build/SymbiFlow/sv-tests/third_party/cores/basejump_stl/bsg_dataflow
top_module: 
type: parsing
mode: parsing
files: <a href="../../../../third_party/cores/basejump_stl/bsg_dataflow/bsg_fifo_1r1w_small_unhardened.v.html" target="file-frame">third_party/cores/basejump_stl/bsg_dataflow/bsg_fifo_1r1w_small_unhardened.v</a>
time_elapsed: 0.004s
ram usage: 9640 KB
</pre>
<pre class="log">

../..<a href="../../../../third_party/cores/basejump_stl/bsg_dataflow/bsg_fifo_1r1w_small_unhardened.v.html#l-52" target="file-frame">third_party/cores/basejump_stl/bsg_dataflow/bsg_fifo_1r1w_small_unhardened.v:52</a>:30: error: unknown macro or compiler directive &#39;`BSG_SAFE_CLOG2&#39;
   localparam ptr_width_lp = `BSG_SAFE_CLOG2(els_p);
                             ^
../..<a href="../../../../third_party/cores/basejump_stl/bsg_dataflow/bsg_fifo_1r1w_small_unhardened.v.html#l-52" target="file-frame">third_party/cores/basejump_stl/bsg_dataflow/bsg_fifo_1r1w_small_unhardened.v:52</a>:52: error: expected expression
   localparam ptr_width_lp = `BSG_SAFE_CLOG2(els_p);
                                                   ^
../..<a href="../../../../third_party/cores/basejump_stl/bsg_dataflow/bsg_fifo_1r1w_small_unhardened.v.html#l-58" target="file-frame">third_party/cores/basejump_stl/bsg_dataflow/bsg_fifo_1r1w_small_unhardened.v:58</a>:4: error: unknown module &#39;bsg_fifo_tracker&#39;
   bsg_fifo_tracker #(.els_p(els_p)
   ^~~~~~~~~~~~~~~~
../..<a href="../../../../third_party/cores/basejump_stl/bsg_dataflow/bsg_fifo_1r1w_small_unhardened.v.html#l-72" target="file-frame">third_party/cores/basejump_stl/bsg_dataflow/bsg_fifo_1r1w_small_unhardened.v:72</a>:4: error: unknown module &#39;bsg_mem_1r1w&#39;
   bsg_mem_1r1w #(.width_p (width_p)
   ^~~~~~~~~~~~

</pre>
</body>