<head>
  <style>
    .log { font-family: "Courier New", Consolas, monospace; font-size: 80%; }
    .test-failed { background-color: #ffaaaa; }
    .test-passed { background-color: #aaffaa; }
  </style>
</head>
<body>
<h3><a href="https://github.com/MikePopoloski/slang" target="_blank">slang</a></h3>
<pre class="test-failed">
description: Tests imported from basejump
should_fail: 0
tags: basejump
incdirs: /home/travis/build/SymbiFlow/sv-tests/third_party/cores/basejump_stl/bsg_misc
top_module: 
files: <a href="../../../../third_party/cores/basejump_stl/bsg_misc/bsg_binary_plus_one_to_gray.v.html" target="file-frame">third_party/cores/basejump_stl/bsg_misc/bsg_binary_plus_one_to_gray.v</a>
time_elapsed: 0.004s
</pre>
<pre class="log">
user_time: 0.003926
system_time: 0.0
ram_usage: 9684

../..<a href="../../../../third_party/cores/basejump_stl/bsg_misc/bsg_binary_plus_one_to_gray.v.html#l-50" target="file-frame">third_party/cores/basejump_stl/bsg_misc/bsg_binary_plus_one_to_gray.v:50</a>:4: error: unknown module &#39;bsg_scan&#39;
   bsg_scan #(.width_p(width_p)
   ^~~~~~~~
../..<a href="../../../../third_party/cores/basejump_stl/bsg_misc/bsg_binary_plus_one_to_gray.v.html#l-55" target="file-frame">third_party/cores/basejump_stl/bsg_misc/bsg_binary_plus_one_to_gray.v:55</a>:50: error: endianness of selection must match declared range (type is &#39;logic[2:0]&#39;)
   wire [width_p:0]   temp = { 1&#39;b0, binary_scan[width_p-2:0], 1&#39;b1};
                                                 ^~~~~~~~~~~
../..<a href="../../../../third_party/cores/basejump_stl/bsg_misc/bsg_binary_plus_one_to_gray.v.html#l-56" target="file-frame">third_party/cores/basejump_stl/bsg_misc/bsg_binary_plus_one_to_gray.v:56</a>:43: error: endianness of selection must match declared range (type is &#39;logic[1:0]&#39;)
   wire [width_p-1:0] edge_detect = ~temp[width_p:1] &amp; temp[width_p-1:0];
                                          ^~~~~~~~~
../..<a href="../../../../third_party/cores/basejump_stl/bsg_misc/bsg_binary_plus_one_to_gray.v.html#l-56" target="file-frame">third_party/cores/basejump_stl/bsg_misc/bsg_binary_plus_one_to_gray.v:56</a>:61: error: endianness of selection must match declared range (type is &#39;logic[1:0]&#39;)
   wire [width_p-1:0] edge_detect = ~temp[width_p:1] &amp; temp[width_p-1:0];
                                                            ^~~~~~~~~~~

</pre>
</body>