<head>
  <style>
    .log { font-family: "Courier New", Consolas, monospace; font-size: 80%; }
    .test-failed { background-color: #ffaaaa; }
    .test-passed { background-color: #aaffaa; }
  </style>
</head>
<body>
<h3><a href="https://github.com/MikePopoloski/slang" target="_blank">slang</a></h3>
<pre class="test-failed">
description: Tests imported from basejump
should_fail: 0
tags: basejump
incdirs: /home/travis/build/SymbiFlow/sv-tests/third_party/cores/basejump_stl/bsg_mem
top_module: 
type: parsing
mode: parsing
files: <a href="../../../../third_party/cores/basejump_stl/bsg_mem/bsg_mem_1r1w_sync_mask_write_var.v.html" target="file-frame">third_party/cores/basejump_stl/bsg_mem/bsg_mem_1r1w_sync_mask_write_var.v</a>
time_elapsed: 0.003s
ram usage: 9612 KB
</pre>
<pre class="log">

../..<a href="../../../../third_party/cores/basejump_stl/bsg_mem/bsg_mem_1r1w_sync_mask_write_var.v.html#l-6" target="file-frame">third_party/cores/basejump_stl/bsg_mem/bsg_mem_1r1w_sync_mask_write_var.v:6</a>:28: error: unknown macro or compiler directive &#39;`BSG_SAFE_CLOG2&#39;
  ,parameter addr_width_lp=`BSG_SAFE_CLOG2(els_p)
                           ^
../..<a href="../../../../third_party/cores/basejump_stl/bsg_mem/bsg_mem_1r1w_sync_mask_write_var.v.html#l-7" target="file-frame">third_party/cores/basejump_stl/bsg_mem/bsg_mem_1r1w_sync_mask_write_var.v:7</a>:3: error: expected expression
  ,parameter read_write_same_addr_p=0
  ^

</pre>
</body>