<head>
  <style>
    .log { font-family: "Courier New", Consolas, monospace; font-size: 80%; }
    .test-failed { background-color: #ffaaaa; }
    .test-passed { background-color: #aaffaa; }
  </style>
</head>
<body>
<h3><a href="https://github.com/MikePopoloski/slang" target="_blank">slang</a></h3>
<pre class="test-failed">
description: Tests imported from basejump
should_fail: 0
tags: basejump
incdirs: /home/travis/build/SymbiFlow/sv-tests/third_party/cores/basejump_stl/bsg_misc
top_module: 
type: parsing
mode: parsing
files: <a href="../../../../third_party/cores/basejump_stl/bsg_misc/bsg_counter_up_down_variable.v.html" target="file-frame">third_party/cores/basejump_stl/bsg_misc/bsg_counter_up_down_variable.v</a>
time_elapsed: 0.004s
ram usage: 9636 KB
</pre>
<pre class="log">

../..<a href="../../../../third_party/cores/basejump_stl/bsg_misc/bsg_counter_up_down_variable.v.html#l-12" target="file-frame">third_party/cores/basejump_stl/bsg_misc/bsg_counter_up_down_variable.v:12</a>:41: error: unknown macro or compiler directive &#39;`BSG_WIDTH&#39;
                                        `BSG_WIDTH(max_step_p)
                                        ^
../..<a href="../../../../third_party/cores/basejump_stl/bsg_misc/bsg_counter_up_down_variable.v.html#l-13" target="file-frame">third_party/cores/basejump_stl/bsg_misc/bsg_counter_up_down_variable.v:13</a>:38: error: expected expression
                                     , parameter ptr_width_lp =
                                     ^
../..<a href="../../../../third_party/cores/basejump_stl/bsg_misc/bsg_counter_up_down_variable.v.html#l-14" target="file-frame">third_party/cores/basejump_stl/bsg_misc/bsg_counter_up_down_variable.v:14</a>:41: error: unknown macro or compiler directive &#39;`BSG_WIDTH&#39;
                                        `BSG_WIDTH(max_val_p)
                                        ^
../..<a href="../../../../third_party/cores/basejump_stl/bsg_misc/bsg_counter_up_down_variable.v.html#l-15" target="file-frame">third_party/cores/basejump_stl/bsg_misc/bsg_counter_up_down_variable.v:15</a>:38: error: expected expression
                                     )
                                     ^

</pre>
</body>