<head>
  <style>
    .log { font-family: "Courier New", Consolas, monospace; font-size: 80%; }
    .test-failed { background-color: #ffaaaa; }
    .test-passed { background-color: #aaffaa; }
  </style>
</head>
<body>
<h3><a href="https://github.com/MikePopoloski/slang" target="_blank">slang</a></h3>
<pre class="test-failed">
description: Tests imported from basejump
should_fail: 0
tags: basejump
incdirs: /home/travis/build/SymbiFlow/sv-tests/third_party/cores/basejump_stl/bsg_mem
top_module: 
type: parsing
mode: parsing
files: <a href="../../../../third_party/cores/basejump_stl/bsg_mem/bsg_mem_1rw_sync_mask_write_bit.v.html" target="file-frame">third_party/cores/basejump_stl/bsg_mem/bsg_mem_1rw_sync_mask_write_bit.v</a>
time_elapsed: 0.003s
ram usage: 9516 KB
</pre>
<pre class="log">

../..<a href="../../../../third_party/cores/basejump_stl/bsg_mem/bsg_mem_1rw_sync_mask_write_bit.v.html#l-11" target="file-frame">third_party/cores/basejump_stl/bsg_mem/bsg_mem_1rw_sync_mask_write_bit.v:11</a>:29: error: unknown macro or compiler directive &#39;`BSG_SAFE_CLOG2&#39;
  , parameter addr_width_lp=`BSG_SAFE_CLOG2(els_p)
                            ^
../..<a href="../../../../third_party/cores/basejump_stl/bsg_mem/bsg_mem_1rw_sync_mask_write_bit.v.html#l-12" target="file-frame">third_party/cores/basejump_stl/bsg_mem/bsg_mem_1rw_sync_mask_write_bit.v:12</a>:1: error: expected expression
) (input   clk_i
^
../..<a href="../../../../third_party/cores/basejump_stl/bsg_mem/bsg_mem_1rw_sync_mask_write_bit.v.html#l-38" target="file-frame">third_party/cores/basejump_stl/bsg_mem/bsg_mem_1rw_sync_mask_write_bit.v:38</a>:4: error: unknown module &#39;bsg_mem_1rw_sync_mask_write_bit_synth&#39;
   bsg_mem_1rw_sync_mask_write_bit_synth
   ^~~~~~~~~~~~~~~~~~~~~~~~~~~~~~~~~~~~~

</pre>
</body>