<head>
  <style>
    .log { font-family: "Courier New", Consolas, monospace; font-size: 80%; }
    .test-failed { background-color: #ffaaaa; }
    .test-passed { background-color: #aaffaa; }
  </style>
</head>
<body>
<h3><a href="https://github.com/MikePopoloski/slang" target="_blank">slang</a></h3>
<pre class="test-failed">
description: Tests imported from basejump
should_fail: 0
tags: basejump
incdirs: /home/travis/build/SymbiFlow/sv-tests/third_party/cores/basejump_stl/bsg_dataflow
top_module: 
files: <a href="../../../../third_party/cores/basejump_stl/bsg_dataflow/bsg_fifo_1r1w_narrowed.v.html" target="file-frame">third_party/cores/basejump_stl/bsg_dataflow/bsg_fifo_1r1w_narrowed.v</a>
time_elapsed: 0.004s
</pre>
<pre class="log">
user_time: 0.002149
system_time: 0.002149
ram_usage: 9612

../..<a href="../../../../third_party/cores/basejump_stl/bsg_dataflow/bsg_fifo_1r1w_narrowed.v.html#l-36" target="file-frame">third_party/cores/basejump_stl/bsg_dataflow/bsg_fifo_1r1w_narrowed.v:36</a>:3: error: unknown module &#39;bsg_fifo_1r1w_small&#39;
  bsg_fifo_1r1w_small #(.width_p(width_p)
  ^~~~~~~~~~~~~~~~~~~
../..<a href="../../../../third_party/cores/basejump_stl/bsg_dataflow/bsg_fifo_1r1w_narrowed.v.html#l-55" target="file-frame">third_party/cores/basejump_stl/bsg_dataflow/bsg_fifo_1r1w_narrowed.v:55</a>:3: error: unknown module &#39;bsg_channel_narrow&#39;
  bsg_channel_narrow #( .width_in_p(width_p)
  ^~~~~~~~~~~~~~~~~~

</pre>
</body>