<head>
  <style>
    .log { font-family: "Courier New", Consolas, monospace; font-size: 80%; }
    .test-failed { background-color: #ffaaaa; }
    .test-passed { background-color: #aaffaa; }
  </style>
</head>
<body>
<h3><a href="http://iverilog.icarus.com/" target="_blank">icarus</a></h3>
<pre class="test-failed">
description: Test support of array locator methods
should_fail: 0
tags: 7.12.1 7.12 7.10 7.12.2
incdirs: /home/travis/build/SymbiFlow/sv-tests/tests/chapter-7/arrays/associative/locator-methods
top_module: 
type: simulation parsing
mode: simulation
files: <a href="../../../../../../tests/chapter-7/arrays/associative/locator-methods/unique-index.sv.html" target="file-frame">tests/chapter-7/arrays/associative/locator-methods/unique-index.sv</a>
time_elapsed: 0.015s
ram usage: 9728 KB
</pre>
<pre class="log">

<a href="../../../../../../tests/chapter-7/arrays/associative/locator-methods/unique-index.sv.html#l-10" target="file-frame">tests/chapter-7/arrays/associative/locator-methods/unique-index.sv:10</a>: internal error: I don&#39;t know how to elaborate(ivl_type_t) this expression: {&#39;sd10, &#39;sd10, &#39;sd3, &#39;sd20, &#39;sd20, &#39;sd10}
<a href="../../../../../../tests/chapter-7/arrays/associative/locator-methods/unique-index.sv.html#l-14" target="file-frame">tests/chapter-7/arrays/associative/locator-methods/unique-index.sv:14</a>: error: the type of the variable &#39;s.unique_index&#39; doesn&#39;t match the context type.
<a href="../../../../../../tests/chapter-7/arrays/associative/locator-methods/unique-index.sv.html#l-14" target="file-frame">tests/chapter-7/arrays/associative/locator-methods/unique-index.sv:14</a>:      : variable type=dynamic array of bool signed[31:0]
<a href="../../../../../../tests/chapter-7/arrays/associative/locator-methods/unique-index.sv.html#l-14" target="file-frame">tests/chapter-7/arrays/associative/locator-methods/unique-index.sv:14</a>:      : context type=bool signed[31:0]
<a href="../../../../../../tests/chapter-7/arrays/associative/locator-methods/unique-index.sv.html#l-16" target="file-frame">tests/chapter-7/arrays/associative/locator-methods/unique-index.sv:16</a>: error: Enable of unknown task ``qi.sort&#39;&#39;.
Elaboration failed
iverilog.out: Unable to open input file.

</pre>
</body>