<head>
  <style>
    .log { font-family: "Courier New", Consolas, monospace; font-size: 80%; }
    .test-failed { background-color: #ffaaaa; }
    .test-passed { background-color: #aaffaa; }
  </style>
</head>
<body>
<h3><a href="https://github.com/tree-sitter/tree-sitter-verilog" target="_blank">tree-sitter-verilog</a></h3>
<pre class="test-failed">
description: Tests imported from basejump
should_fail: 0
tags: basejump
incdirs: /home/travis/build/SymbiFlow/sv-tests/third_party/cores/basejump_stl/bsg_misc
top_module: 
files: <a href="../../../../third_party/cores/basejump_stl/bsg_misc/bsg_imul_iterative.v.html" target="file-frame">third_party/cores/basejump_stl/bsg_misc/bsg_imul_iterative.v</a>
time_elapsed: 0.086s
</pre>
<pre class="log">
user_time: 0.07456299999999999
system_time: 0.011772999999999999
ram_usage: 38524

<a href="../../../../third_party/cores/basejump_stl/bsg_misc/bsg_imul_iterative.v.html#l-65" target="file-frame">third_party/cores/basejump_stl/bsg_misc/bsg_imul_iterative.v:65</a>:29: error: node type: ERROR
<a href="../../../../third_party/cores/basejump_stl/bsg_misc/bsg_imul_iterative.v.html#l-185" target="file-frame">third_party/cores/basejump_stl/bsg_misc/bsg_imul_iterative.v:185</a>:67: error: node type: ERROR
<a href="../../../../third_party/cores/basejump_stl/bsg_misc/bsg_imul_iterative.v.html#l-194" target="file-frame">third_party/cores/basejump_stl/bsg_misc/bsg_imul_iterative.v:194</a>:67: error: node type: ERROR
<a href="../../../../third_party/cores/basejump_stl/bsg_misc/bsg_imul_iterative.v.html#l-224" target="file-frame">third_party/cores/basejump_stl/bsg_misc/bsg_imul_iterative.v:224</a>:70: error: node type: ERROR
<a href="../../../../third_party/cores/basejump_stl/bsg_misc/bsg_imul_iterative.v.html#l-226" target="file-frame">third_party/cores/basejump_stl/bsg_misc/bsg_imul_iterative.v:226</a>:45: error: node type: ;
<a href="../../../../third_party/cores/basejump_stl/bsg_misc/bsg_imul_iterative.v.html#l-227" target="file-frame">third_party/cores/basejump_stl/bsg_misc/bsg_imul_iterative.v:227</a>:78: error: node type: ERROR
<a href="../../../../third_party/cores/basejump_stl/bsg_misc/bsg_imul_iterative.v.html#l-228" target="file-frame">third_party/cores/basejump_stl/bsg_misc/bsg_imul_iterative.v:228</a>:78: error: node type: ERROR
<a href="../../../../third_party/cores/basejump_stl/bsg_misc/bsg_imul_iterative.v.html#l-230" target="file-frame">third_party/cores/basejump_stl/bsg_misc/bsg_imul_iterative.v:230</a>:46: error: node type: ;

</pre>
</body>