<head>
  <style>
    .log { font-family: "Courier New", Consolas, monospace; font-size: 80%; }
    .test-failed { background-color: #ffaaaa; }
    .test-passed { background-color: #aaffaa; }
  </style>
</head>
<body>
<h3><a href="http://iverilog.icarus.com/" target="_blank">icarus</a></h3>
<pre class="test-failed">
description: access static method using scope resolution operator
should_fail: 0
tags: 8.23
incdirs: /home/travis/build/SymbiFlow/sv-tests/tests/chapter-8
top_module: 
type: parsing
mode: parsing
files: <a href="../../../tests/chapter-8/8.23--scope_resolution.sv.html" target="file-frame">tests/chapter-8/8.23--scope_resolution.sv</a>
time_elapsed: 0.009s
ram usage: 9732 KB
</pre>
<pre class="log">

<a href="../../../tests/chapter-8/8.23--scope_resolution.sv.html#l-16" target="file-frame">tests/chapter-8/8.23--scope_resolution.sv:16</a>: syntax error
<a href="../../../tests/chapter-8/8.23--scope_resolution.sv.html#l-16" target="file-frame">tests/chapter-8/8.23--scope_resolution.sv:16</a>: error: malformed statement
<a href="../../../tests/chapter-8/8.23--scope_resolution.sv.html#l-17" target="file-frame">tests/chapter-8/8.23--scope_resolution.sv:17</a>: syntax error
<a href="../../../tests/chapter-8/8.23--scope_resolution.sv.html#l-17" target="file-frame">tests/chapter-8/8.23--scope_resolution.sv:17</a>: error: malformed statement

</pre>
</body>