<head>
  <style>
    .log { font-family: "Courier New", Consolas, monospace; font-size: 80%; }
    .test-failed { background-color: #ffaaaa; }
    .test-passed { background-color: #aaffaa; }
  </style>
</head>
<body>
<h3><a href="http://iverilog.icarus.com/" target="_blank">icarus</a></h3>
<pre class="test-failed">
description: parametrized class invalid scope resolution
should_fail: 1
tags: 8.25.1
incdirs: /home/travis/build/SymbiFlow/sv-tests/tests/chapter-8
top_module: 
type: simulation
mode: simulation
files: <a href="../../../tests/chapter-8/8.25.1--parametrized_class_invalid_scope_resolution.sv.html" target="file-frame">tests/chapter-8/8.25.1--parametrized_class_invalid_scope_resolution.sv</a>
time_elapsed: 0.013s
ram usage: 9568 KB
</pre>
<pre class="log">

<a href="../../../tests/chapter-8/8.25.1--parametrized_class_invalid_scope_resolution.sv.html#l-10" target="file-frame">tests/chapter-8/8.25.1--parametrized_class_invalid_scope_resolution.sv:10</a>: syntax error
<a href="../../../tests/chapter-8/8.25.1--parametrized_class_invalid_scope_resolution.sv.html#l-10" target="file-frame">tests/chapter-8/8.25.1--parametrized_class_invalid_scope_resolution.sv:10</a>: error: invalid module item.
<a href="../../../tests/chapter-8/8.25.1--parametrized_class_invalid_scope_resolution.sv.html#l-12" target="file-frame">tests/chapter-8/8.25.1--parametrized_class_invalid_scope_resolution.sv:12</a>: syntax error
<a href="../../../tests/chapter-8/8.25.1--parametrized_class_invalid_scope_resolution.sv.html#l-14" target="file-frame">tests/chapter-8/8.25.1--parametrized_class_invalid_scope_resolution.sv:14</a>: error: invalid module item.
<a href="../../../tests/chapter-8/8.25.1--parametrized_class_invalid_scope_resolution.sv.html#l-19" target="file-frame">tests/chapter-8/8.25.1--parametrized_class_invalid_scope_resolution.sv:19</a>: syntax error
<a href="../../../tests/chapter-8/8.25.1--parametrized_class_invalid_scope_resolution.sv.html#l-19" target="file-frame">tests/chapter-8/8.25.1--parametrized_class_invalid_scope_resolution.sv:19</a>: error: malformed statement
iverilog.out: Unable to open input file.

</pre>
</body>