<head>
  <style>
    .log { font-family: "Courier New", Consolas, monospace; font-size: 80%; }
    .test-failed { background-color: #ffaaaa; }
    .test-passed { background-color: #aaffaa; }
  </style>
</head>
<body>
<h3><a href="http://iverilog.icarus.com/" target="_blank">icarus</a></h3>
<pre class="test-failed">
description: parametrized class scope resolution
should_fail: 0
tags: 8.25.1
incdirs: /home/travis/build/SymbiFlow/sv-tests/tests/chapter-8
top_module: 
type: parsing
mode: parsing
files: <a href="../../../tests/chapter-8/8.25.1--parametrized_class_scope_resolution.sv.html" target="file-frame">tests/chapter-8/8.25.1--parametrized_class_scope_resolution.sv</a>
time_elapsed: 0.009s
ram usage: 10072 KB
</pre>
<pre class="log">

<a href="../../../tests/chapter-8/8.25.1--parametrized_class_scope_resolution.sv.html#l-9" target="file-frame">tests/chapter-8/8.25.1--parametrized_class_scope_resolution.sv:9</a>: syntax error
<a href="../../../tests/chapter-8/8.25.1--parametrized_class_scope_resolution.sv.html#l-9" target="file-frame">tests/chapter-8/8.25.1--parametrized_class_scope_resolution.sv:9</a>: error: invalid module item.
<a href="../../../tests/chapter-8/8.25.1--parametrized_class_scope_resolution.sv.html#l-11" target="file-frame">tests/chapter-8/8.25.1--parametrized_class_scope_resolution.sv:11</a>: syntax error
<a href="../../../tests/chapter-8/8.25.1--parametrized_class_scope_resolution.sv.html#l-13" target="file-frame">tests/chapter-8/8.25.1--parametrized_class_scope_resolution.sv:13</a>: error: invalid module item.
<a href="../../../tests/chapter-8/8.25.1--parametrized_class_scope_resolution.sv.html#l-18" target="file-frame">tests/chapter-8/8.25.1--parametrized_class_scope_resolution.sv:18</a>: syntax error
<a href="../../../tests/chapter-8/8.25.1--parametrized_class_scope_resolution.sv.html#l-18" target="file-frame">tests/chapter-8/8.25.1--parametrized_class_scope_resolution.sv:18</a>: error: malformed statement

</pre>
</body>