<head>
  <style>
    .log { font-family: "Courier New", Consolas, monospace; font-size: 80%; }
    .test-failed { background-color: #ffaaaa; }
    .test-passed { background-color: #aaffaa; }
  </style>
</head>
<body>
<h3><a href="http://iverilog.icarus.com/" target="_blank">icarus</a></h3>
<pre class="test-failed">
description: access interface class type with scope resolution operator
should_fail: 0
tags: 8.26.3
incdirs: /home/travis/build/SymbiFlow/sv-tests/tests/chapter-8
top_module: 
type: simulation parsing
mode: simulation
files: <a href="../../../tests/chapter-8/8.26.3--type_access_implements.sv.html" target="file-frame">tests/chapter-8/8.26.3--type_access_implements.sv</a>
time_elapsed: 0.013s
ram usage: 9732 KB
</pre>
<pre class="log">

<a href="../../../tests/chapter-8/8.26.3--type_access_implements.sv.html#l-9" target="file-frame">tests/chapter-8/8.26.3--type_access_implements.sv:9</a>: syntax error
<a href="../../../tests/chapter-8/8.26.3--type_access_implements.sv.html#l-9" target="file-frame">tests/chapter-8/8.26.3--type_access_implements.sv:9</a>: error: invalid module item.
<a href="../../../tests/chapter-8/8.26.3--type_access_implements.sv.html#l-11" target="file-frame">tests/chapter-8/8.26.3--type_access_implements.sv:11</a>: syntax error
<a href="../../../tests/chapter-8/8.26.3--type_access_implements.sv.html#l-11" target="file-frame">tests/chapter-8/8.26.3--type_access_implements.sv:11</a>: error: invalid module item.
<a href="../../../tests/chapter-8/8.26.3--type_access_implements.sv.html#l-12" target="file-frame">tests/chapter-8/8.26.3--type_access_implements.sv:12</a>: syntax error
<a href="../../../tests/chapter-8/8.26.3--type_access_implements.sv.html#l-14" target="file-frame">tests/chapter-8/8.26.3--type_access_implements.sv:14</a>: error: invalid module item.
<a href="../../../tests/chapter-8/8.26.3--type_access_implements.sv.html#l-15" target="file-frame">tests/chapter-8/8.26.3--type_access_implements.sv:15</a>: syntax error
<a href="../../../tests/chapter-8/8.26.3--type_access_implements.sv.html#l-15" target="file-frame">tests/chapter-8/8.26.3--type_access_implements.sv:15</a>: error: invalid module item.
<a href="../../../tests/chapter-8/8.26.3--type_access_implements.sv.html#l-16" target="file-frame">tests/chapter-8/8.26.3--type_access_implements.sv:16</a>: syntax error
<a href="../../../tests/chapter-8/8.26.3--type_access_implements.sv.html#l-16" target="file-frame">tests/chapter-8/8.26.3--type_access_implements.sv:16</a>: error: invalid module item.
<a href="../../../tests/chapter-8/8.26.3--type_access_implements.sv.html#l-17" target="file-frame">tests/chapter-8/8.26.3--type_access_implements.sv:17</a>: syntax error
<a href="../../../tests/chapter-8/8.26.3--type_access_implements.sv.html#l-20" target="file-frame">tests/chapter-8/8.26.3--type_access_implements.sv:20</a>: error: invalid module item.
iverilog.out: Unable to open input file.

</pre>
</body>