<head>
  <style>
    .log { font-family: "Courier New", Consolas, monospace; font-size: 80%; }
    .test-failed { background-color: #ffaaaa; }
    .test-passed { background-color: #aaffaa; }
  </style>
</head>
<body>
<h3><a href="http://iverilog.icarus.com/" target="_blank">icarus</a></h3>
<pre class="test-failed">
description: implementing forward typedef for an interface class should fail
should_fail: 1
tags: 8.26.4
incdirs: /home/travis/build/SymbiFlow/sv-tests/tests/chapter-8
top_module: 
type: simulation
mode: simulation
files: <a href="../../../tests/chapter-8/8.26.4--illegal_forward_def_implements.sv.html" target="file-frame">tests/chapter-8/8.26.4--illegal_forward_def_implements.sv</a>
time_elapsed: 0.014s
ram usage: 9640 KB
</pre>
<pre class="log">

<a href="../../../tests/chapter-8/8.26.4--illegal_forward_def_implements.sv.html#l-9" target="file-frame">tests/chapter-8/8.26.4--illegal_forward_def_implements.sv:9</a>: syntax error
<a href="../../../tests/chapter-8/8.26.4--illegal_forward_def_implements.sv.html#l-9" target="file-frame">tests/chapter-8/8.26.4--illegal_forward_def_implements.sv:9</a>: error: Syntax error in typedef clause.
<a href="../../../tests/chapter-8/8.26.4--illegal_forward_def_implements.sv.html#l-11" target="file-frame">tests/chapter-8/8.26.4--illegal_forward_def_implements.sv:11</a>: syntax error
<a href="../../../tests/chapter-8/8.26.4--illegal_forward_def_implements.sv.html#l-11" target="file-frame">tests/chapter-8/8.26.4--illegal_forward_def_implements.sv:11</a>: error: invalid module item.
<a href="../../../tests/chapter-8/8.26.4--illegal_forward_def_implements.sv.html#l-12" target="file-frame">tests/chapter-8/8.26.4--illegal_forward_def_implements.sv:12</a>: syntax error
<a href="../../../tests/chapter-8/8.26.4--illegal_forward_def_implements.sv.html#l-12" target="file-frame">tests/chapter-8/8.26.4--illegal_forward_def_implements.sv:12</a>: error: invalid module item.
<a href="../../../tests/chapter-8/8.26.4--illegal_forward_def_implements.sv.html#l-13" target="file-frame">tests/chapter-8/8.26.4--illegal_forward_def_implements.sv:13</a>: syntax error
<a href="../../../tests/chapter-8/8.26.4--illegal_forward_def_implements.sv.html#l-13" target="file-frame">tests/chapter-8/8.26.4--illegal_forward_def_implements.sv:13</a>: error: invalid module item.
<a href="../../../tests/chapter-8/8.26.4--illegal_forward_def_implements.sv.html#l-14" target="file-frame">tests/chapter-8/8.26.4--illegal_forward_def_implements.sv:14</a>: syntax error
<a href="../../../tests/chapter-8/8.26.4--illegal_forward_def_implements.sv.html#l-17" target="file-frame">tests/chapter-8/8.26.4--illegal_forward_def_implements.sv:17</a>: error: invalid module item.
<a href="../../../tests/chapter-8/8.26.4--illegal_forward_def_implements.sv.html#l-19" target="file-frame">tests/chapter-8/8.26.4--illegal_forward_def_implements.sv:19</a>: syntax error
<a href="../../../tests/chapter-8/8.26.4--illegal_forward_def_implements.sv.html#l-19" target="file-frame">tests/chapter-8/8.26.4--illegal_forward_def_implements.sv:19</a>: error: invalid module item.
<a href="../../../tests/chapter-8/8.26.4--illegal_forward_def_implements.sv.html#l-20" target="file-frame">tests/chapter-8/8.26.4--illegal_forward_def_implements.sv:20</a>: syntax error
<a href="../../../tests/chapter-8/8.26.4--illegal_forward_def_implements.sv.html#l-22" target="file-frame">tests/chapter-8/8.26.4--illegal_forward_def_implements.sv:22</a>: error: invalid module item.
iverilog.out: Unable to open input file.

</pre>
</body>