<head>
  <style>
    .log { font-family: "Courier New", Consolas, monospace; font-size: 80%; }
    .test-failed { background-color: #ffaaaa; }
    .test-passed { background-color: #aaffaa; }
  </style>
</head>
<body>
<h3><a href="http://iverilog.icarus.com/" target="_blank">icarus</a></h3>
<pre class="test-failed">
description: class both implementing and extending
should_fail: 0
tags: 8.26.2
incdirs: /home/travis/build/SymbiFlow/sv-tests/tests/chapter-8
top_module: 
files: <a href="../../../tests/chapter-8/8.26.2--implements_extends.sv.html" target="file-frame">tests/chapter-8/8.26.2--implements_extends.sv</a>
time_elapsed: 0.008s
</pre>
<pre class="log">
user_time: 0.002069
system_time: 0.005915999999999999
ram_usage: 9592

<a href="../../../tests/chapter-8/8.26.2--implements_extends.sv.html#l-8" target="file-frame">tests/chapter-8/8.26.2--implements_extends.sv:8</a>: syntax error
<a href="../../../tests/chapter-8/8.26.2--implements_extends.sv.html#l-8" target="file-frame">tests/chapter-8/8.26.2--implements_extends.sv:8</a>: error: invalid module item.
<a href="../../../tests/chapter-8/8.26.2--implements_extends.sv.html#l-9" target="file-frame">tests/chapter-8/8.26.2--implements_extends.sv:9</a>: syntax error
<a href="../../../tests/chapter-8/8.26.2--implements_extends.sv.html#l-9" target="file-frame">tests/chapter-8/8.26.2--implements_extends.sv:9</a>: error: invalid module item.
<a href="../../../tests/chapter-8/8.26.2--implements_extends.sv.html#l-10" target="file-frame">tests/chapter-8/8.26.2--implements_extends.sv:10</a>: syntax error
<a href="../../../tests/chapter-8/8.26.2--implements_extends.sv.html#l-12" target="file-frame">tests/chapter-8/8.26.2--implements_extends.sv:12</a>: error: invalid module item.
<a href="../../../tests/chapter-8/8.26.2--implements_extends.sv.html#l-13" target="file-frame">tests/chapter-8/8.26.2--implements_extends.sv:13</a>: syntax error
<a href="../../../tests/chapter-8/8.26.2--implements_extends.sv.html#l-13" target="file-frame">tests/chapter-8/8.26.2--implements_extends.sv:13</a>: error: invalid module item.
<a href="../../../tests/chapter-8/8.26.2--implements_extends.sv.html#l-14" target="file-frame">tests/chapter-8/8.26.2--implements_extends.sv:14</a>: syntax error
<a href="../../../tests/chapter-8/8.26.2--implements_extends.sv.html#l-16" target="file-frame">tests/chapter-8/8.26.2--implements_extends.sv:16</a>: error: invalid module item.
<a href="../../../tests/chapter-8/8.26.2--implements_extends.sv.html#l-20" target="file-frame">tests/chapter-8/8.26.2--implements_extends.sv:20</a>: syntax error
<a href="../../../tests/chapter-8/8.26.2--implements_extends.sv.html#l-22" target="file-frame">tests/chapter-8/8.26.2--implements_extends.sv:22</a>: error: invalid module item.
<a href="../../../tests/chapter-8/8.26.2--implements_extends.sv.html#l-23" target="file-frame">tests/chapter-8/8.26.2--implements_extends.sv:23</a>: syntax error
<a href="../../../tests/chapter-8/8.26.2--implements_extends.sv.html#l-23" target="file-frame">tests/chapter-8/8.26.2--implements_extends.sv:23</a>: error: invalid module item.
<a href="../../../tests/chapter-8/8.26.2--implements_extends.sv.html#l-24" target="file-frame">tests/chapter-8/8.26.2--implements_extends.sv:24</a>: syntax error
<a href="../../../tests/chapter-8/8.26.2--implements_extends.sv.html#l-24" target="file-frame">tests/chapter-8/8.26.2--implements_extends.sv:24</a>: error: invalid module item.
<a href="../../../tests/chapter-8/8.26.2--implements_extends.sv.html#l-25" target="file-frame">tests/chapter-8/8.26.2--implements_extends.sv:25</a>: syntax error
<a href="../../../tests/chapter-8/8.26.2--implements_extends.sv.html#l-26" target="file-frame">tests/chapter-8/8.26.2--implements_extends.sv:26</a>: error: invalid module item.
<a href="../../../tests/chapter-8/8.26.2--implements_extends.sv.html#l-27" target="file-frame">tests/chapter-8/8.26.2--implements_extends.sv:27</a>: syntax error
<a href="../../../tests/chapter-8/8.26.2--implements_extends.sv.html#l-27" target="file-frame">tests/chapter-8/8.26.2--implements_extends.sv:27</a>: error: invalid module item.
<a href="../../../tests/chapter-8/8.26.2--implements_extends.sv.html#l-28" target="file-frame">tests/chapter-8/8.26.2--implements_extends.sv:28</a>: syntax error
<a href="../../../tests/chapter-8/8.26.2--implements_extends.sv.html#l-31" target="file-frame">tests/chapter-8/8.26.2--implements_extends.sv:31</a>: error: invalid module item.

</pre>
</body>