<head>
  <style>
    .log { font-family: "Courier New", Consolas, monospace; font-size: 80%; }
    .test-failed { background-color: #ffaaaa; }
    .test-passed { background-color: #aaffaa; }
  </style>
</head>
<body>
<h3><a href="http://iverilog.icarus.com/" target="_blank">icarus</a></h3>
<pre class="test-failed">
description: implements keyword test
should_fail: 0
tags: 8.26.2
incdirs: /home/travis/build/SymbiFlow/sv-tests/tests/chapter-8
top_module: 
type: parsing
mode: parsing
files: <a href="../../../tests/chapter-8/8.26.2--implements.sv.html" target="file-frame">tests/chapter-8/8.26.2--implements.sv</a>
time_elapsed: 0.010s
ram usage: 9556 KB
</pre>
<pre class="log">

<a href="../../../tests/chapter-8/8.26.2--implements.sv.html#l-8" target="file-frame">tests/chapter-8/8.26.2--implements.sv:8</a>: syntax error
<a href="../../../tests/chapter-8/8.26.2--implements.sv.html#l-8" target="file-frame">tests/chapter-8/8.26.2--implements.sv:8</a>: error: invalid module item.
<a href="../../../tests/chapter-8/8.26.2--implements.sv.html#l-9" target="file-frame">tests/chapter-8/8.26.2--implements.sv:9</a>: syntax error
<a href="../../../tests/chapter-8/8.26.2--implements.sv.html#l-9" target="file-frame">tests/chapter-8/8.26.2--implements.sv:9</a>: error: invalid module item.
<a href="../../../tests/chapter-8/8.26.2--implements.sv.html#l-10" target="file-frame">tests/chapter-8/8.26.2--implements.sv:10</a>: syntax error
<a href="../../../tests/chapter-8/8.26.2--implements.sv.html#l-12" target="file-frame">tests/chapter-8/8.26.2--implements.sv:12</a>: error: invalid module item.
<a href="../../../tests/chapter-8/8.26.2--implements.sv.html#l-13" target="file-frame">tests/chapter-8/8.26.2--implements.sv:13</a>: syntax error
<a href="../../../tests/chapter-8/8.26.2--implements.sv.html#l-13" target="file-frame">tests/chapter-8/8.26.2--implements.sv:13</a>: error: invalid module item.
<a href="../../../tests/chapter-8/8.26.2--implements.sv.html#l-14" target="file-frame">tests/chapter-8/8.26.2--implements.sv:14</a>: syntax error
<a href="../../../tests/chapter-8/8.26.2--implements.sv.html#l-14" target="file-frame">tests/chapter-8/8.26.2--implements.sv:14</a>: error: invalid module item.
<a href="../../../tests/chapter-8/8.26.2--implements.sv.html#l-15" target="file-frame">tests/chapter-8/8.26.2--implements.sv:15</a>: syntax error
<a href="../../../tests/chapter-8/8.26.2--implements.sv.html#l-18" target="file-frame">tests/chapter-8/8.26.2--implements.sv:18</a>: error: invalid module item.

</pre>
</body>