<head>
  <style>
    .log { font-family: "Courier New", Consolas, monospace; font-size: 80%; }
    .test-failed { background-color: #ffaaaa; }
    .test-passed { background-color: #aaffaa; }
  </style>
</head>
<body>
<h3><a href="http://iverilog.icarus.com/" target="_blank">icarus</a></h3>
<pre class="test-passed">
description: superclass type declaration conflicts must be resolved in subclass
should_fail: 1
tags: 8.26.6.2
incdirs: /home/travis/build/SymbiFlow/sv-tests/tests/chapter-8
top_module: 
files: <a href="../../../tests/chapter-8/8.26.6.2--parameter_type_conflict_unresolved.sv.html" target="file-frame">tests/chapter-8/8.26.6.2--parameter_type_conflict_unresolved.sv</a>
time_elapsed: 0.012s
</pre>
<pre class="log">

<a href="../../../tests/chapter-8/8.26.6.2--parameter_type_conflict_unresolved.sv.html#l-8" target="file-frame">tests/chapter-8/8.26.6.2--parameter_type_conflict_unresolved.sv:8</a>: syntax error
<a href="../../../tests/chapter-8/8.26.6.2--parameter_type_conflict_unresolved.sv.html#l-8" target="file-frame">tests/chapter-8/8.26.6.2--parameter_type_conflict_unresolved.sv:8</a>: error: invalid module item.
<a href="../../../tests/chapter-8/8.26.6.2--parameter_type_conflict_unresolved.sv.html#l-9" target="file-frame">tests/chapter-8/8.26.6.2--parameter_type_conflict_unresolved.sv:9</a>: syntax error
<a href="../../../tests/chapter-8/8.26.6.2--parameter_type_conflict_unresolved.sv.html#l-9" target="file-frame">tests/chapter-8/8.26.6.2--parameter_type_conflict_unresolved.sv:9</a>: error: invalid module item.
<a href="../../../tests/chapter-8/8.26.6.2--parameter_type_conflict_unresolved.sv.html#l-10" target="file-frame">tests/chapter-8/8.26.6.2--parameter_type_conflict_unresolved.sv:10</a>: syntax error
<a href="../../../tests/chapter-8/8.26.6.2--parameter_type_conflict_unresolved.sv.html#l-12" target="file-frame">tests/chapter-8/8.26.6.2--parameter_type_conflict_unresolved.sv:12</a>: error: invalid module item.
<a href="../../../tests/chapter-8/8.26.6.2--parameter_type_conflict_unresolved.sv.html#l-13" target="file-frame">tests/chapter-8/8.26.6.2--parameter_type_conflict_unresolved.sv:13</a>: syntax error
<a href="../../../tests/chapter-8/8.26.6.2--parameter_type_conflict_unresolved.sv.html#l-13" target="file-frame">tests/chapter-8/8.26.6.2--parameter_type_conflict_unresolved.sv:13</a>: error: invalid module item.
<a href="../../../tests/chapter-8/8.26.6.2--parameter_type_conflict_unresolved.sv.html#l-14" target="file-frame">tests/chapter-8/8.26.6.2--parameter_type_conflict_unresolved.sv:14</a>: syntax error
<a href="../../../tests/chapter-8/8.26.6.2--parameter_type_conflict_unresolved.sv.html#l-16" target="file-frame">tests/chapter-8/8.26.6.2--parameter_type_conflict_unresolved.sv:16</a>: error: invalid module item.
<a href="../../../tests/chapter-8/8.26.6.2--parameter_type_conflict_unresolved.sv.html#l-17" target="file-frame">tests/chapter-8/8.26.6.2--parameter_type_conflict_unresolved.sv:17</a>: syntax error
I give up.

</pre>
</body>