<head>
  <style>
    .log { font-family: "Courier New", Consolas, monospace; font-size: 80%; }
    .test-failed { background-color: #ffaaaa; }
    .test-passed { background-color: #aaffaa; }
  </style>
</head>
<body>
<h3><a href="http://iverilog.icarus.com/" target="_blank">icarus</a></h3>
<pre class="test-failed">
description: typed class constructor with parameters test
should_fail: 0
tags: 8.8
incdirs: /home/travis/build/SymbiFlow/sv-tests/tests/chapter-8
top_module: 
type: parsing
mode: parsing
files: <a href="../../../tests/chapter-8/8.8--typed_constructor_param.sv.html" target="file-frame">tests/chapter-8/8.8--typed_constructor_param.sv</a>
time_elapsed: 0.008s
ram usage: 9612 KB
</pre>
<pre class="log">

<a href="../../../tests/chapter-8/8.8--typed_constructor_param.sv.html#l-15" target="file-frame">tests/chapter-8/8.8--typed_constructor_param.sv:15</a>: syntax error
<a href="../../../tests/chapter-8/8.8--typed_constructor_param.sv.html#l-15" target="file-frame">tests/chapter-8/8.8--typed_constructor_param.sv:15</a>: error: invalid module item.
<a href="../../../tests/chapter-8/8.8--typed_constructor_param.sv.html#l-17" target="file-frame">tests/chapter-8/8.8--typed_constructor_param.sv:17</a>: syntax error
<a href="../../../tests/chapter-8/8.8--typed_constructor_param.sv.html#l-17" target="file-frame">tests/chapter-8/8.8--typed_constructor_param.sv:17</a>: error: I give up on this function definition.
<a href="../../../tests/chapter-8/8.8--typed_constructor_param.sv.html#l-21" target="file-frame">tests/chapter-8/8.8--typed_constructor_param.sv:21</a>: syntax error
<a href="../../../tests/chapter-8/8.8--typed_constructor_param.sv.html#l-23" target="file-frame">tests/chapter-8/8.8--typed_constructor_param.sv:23</a>: error: invalid module item.
<a href="../../../tests/chapter-8/8.8--typed_constructor_param.sv.html#l-26" target="file-frame">tests/chapter-8/8.8--typed_constructor_param.sv:26</a>: syntax error
<a href="../../../tests/chapter-8/8.8--typed_constructor_param.sv.html#l-26" target="file-frame">tests/chapter-8/8.8--typed_constructor_param.sv:26</a>: error: malformed statement

</pre>
</body>