<head>
  <style>
    .log { font-family: "Courier New", Consolas, monospace; font-size: 80%; }
    .test-failed { background-color: #ffaaaa; }
    .test-passed { background-color: #aaffaa; }
  </style>
</head>
<body>
<h3><a href="https://github.com/MikePopoloski/slang" target="_blank">slang</a></h3>
<pre class="test-failed">
description: supply1 highz0 assignment test
should_fail: 0
tags: 10.3.4
incdirs: /home/travis/build/SymbiFlow/sv-tests/tests/generated/assignment-strengths
top_module: 
type: parsing
mode: parsing
files: <a href="../../../../tests/generated/assignment-strengths/10.3.4--assignment_supply1_highz0.sv.html" target="file-frame">tests/generated/assignment-strengths/10.3.4--assignment_supply1_highz0.sv</a>
time_elapsed: 0.003s
ram usage: 9636 KB
</pre>
<pre class="log">

../..<a href="../../../../tests/generated/assignment-strengths/10.3.4--assignment_supply1_highz0.sv.html#l-8" target="file-frame">tests/generated/assignment-strengths/10.3.4--assignment_supply1_highz0.sv:8</a>:5: error: expected declarator
wire (supply1, highz0) w = a &amp; b;
    ^
../..<a href="../../../../tests/generated/assignment-strengths/10.3.4--assignment_supply1_highz0.sv.html#l-8" target="file-frame">tests/generated/assignment-strengths/10.3.4--assignment_supply1_highz0.sv:8</a>:6: error: expected member
wire (supply1, highz0) w = a &amp; b;
     ^
../..<a href="../../../../tests/generated/assignment-strengths/10.3.4--assignment_supply1_highz0.sv.html#l-8" target="file-frame">tests/generated/assignment-strengths/10.3.4--assignment_supply1_highz0.sv:8</a>:14: error: expected identifier
wire (supply1, highz0) w = a &amp; b;
             ^
../..<a href="../../../../tests/generated/assignment-strengths/10.3.4--assignment_supply1_highz0.sv.html#l-8" target="file-frame">tests/generated/assignment-strengths/10.3.4--assignment_supply1_highz0.sv:8</a>:15: error: expected identifier
wire (supply1, highz0) w = a &amp; b;
              ^
../..<a href="../../../../tests/generated/assignment-strengths/10.3.4--assignment_supply1_highz0.sv.html#l-8" target="file-frame">tests/generated/assignment-strengths/10.3.4--assignment_supply1_highz0.sv:8</a>:16: error: expected declarator
wire (supply1, highz0) w = a &amp; b;
               ^~~~~~
../..<a href="../../../../tests/generated/assignment-strengths/10.3.4--assignment_supply1_highz0.sv.html#l-8" target="file-frame">tests/generated/assignment-strengths/10.3.4--assignment_supply1_highz0.sv:8</a>:23: error: expected &#39;,&#39;
wire (supply1, highz0) w = a &amp; b;
                      ^

</pre>
</body>