<head>
  <style>
    .log { font-family: "Courier New", Consolas, monospace; font-size: 80%; }
    .test-failed { background-color: #ffaaaa; }
    .test-passed { background-color: #aaffaa; }
  </style>
</head>
<body>
<h3><a href="https://github.com/MikePopoloski/slang" target="_blank">slang</a></h3>
<pre class="test-failed">
description: Tests imported from yosys
should_fail: 0
tags: yosys
incdirs: /home/travis/build/SymbiFlow/sv-tests/third_party/tools/yosys/tests/asicworld
top_module: 
type: parsing
mode: parsing
files: <a href="../../../../third_party/tools/yosys/tests/asicworld/code_verilog_tutorial_parity.v.html" target="file-frame">third_party/tools/yosys/tests/asicworld/code_verilog_tutorial_parity.v</a>
time_elapsed: 0.003s
ram usage: 9580 KB
</pre>
<pre class="log">

../..<a href="../../../../third_party/tools/yosys/tests/asicworld/code_verilog_tutorial_parity.v.html#l-35" target="file-frame">third_party/tools/yosys/tests/asicworld/code_verilog_tutorial_parity.v:35</a>:1: error: expected member
xor u0 (out_0,a,b);
^~~
../..<a href="../../../../third_party/tools/yosys/tests/asicworld/code_verilog_tutorial_parity.v.html#l-37" target="file-frame">third_party/tools/yosys/tests/asicworld/code_verilog_tutorial_parity.v:37</a>:1: error: expected member
xor u1 (out_1,c,d);
^~~
../..<a href="../../../../third_party/tools/yosys/tests/asicworld/code_verilog_tutorial_parity.v.html#l-39" target="file-frame">third_party/tools/yosys/tests/asicworld/code_verilog_tutorial_parity.v:39</a>:1: error: expected member
xor u2 (y,out_0,out_1);
^~~

</pre>
</body>