<head>
  <style>
    .log { font-family: "Courier New", Consolas, monospace; font-size: 80%; }
    .test-failed { background-color: #ffaaaa; }
    .test-passed { background-color: #aaffaa; }
  </style>
</head>
<body>
<h3><a href="https://github.com/MikePopoloski/slang" target="_blank">slang</a></h3>
<pre class="test-failed">
description: Tests imported from yosys
should_fail: 0
tags: yosys
incdirs: /home/travis/build/SymbiFlow/sv-tests/third_party/tools/yosys/tests/asicworld
top_module: 
type: parsing
mode: parsing
files: <a href="../../../../third_party/tools/yosys/tests/asicworld/code_hdl_models_full_subtracter_gates.v.html" target="file-frame">third_party/tools/yosys/tests/asicworld/code_hdl_models_full_subtracter_gates.v</a>
time_elapsed: 0.003s
ram usage: 9804 KB
</pre>
<pre class="log">

../..<a href="../../../../third_party/tools/yosys/tests/asicworld/code_hdl_models_full_subtracter_gates.v.html#l-13" target="file-frame">third_party/tools/yosys/tests/asicworld/code_hdl_models_full_subtracter_gates.v:13</a>:1: error: expected member
not (inv_x,x);
^~~
../..<a href="../../../../third_party/tools/yosys/tests/asicworld/code_hdl_models_full_subtracter_gates.v.html#l-14" target="file-frame">third_party/tools/yosys/tests/asicworld/code_hdl_models_full_subtracter_gates.v:14</a>:1: error: expected member
and U_borrow1 (borrow1,inv_x,y),
^~~
../..<a href="../../../../third_party/tools/yosys/tests/asicworld/code_hdl_models_full_subtracter_gates.v.html#l-18" target="file-frame">third_party/tools/yosys/tests/asicworld/code_hdl_models_full_subtracter_gates.v:18</a>:1: error: expected member
xor U_diff (difference,borrow1,borrow2,borrows);
^~~

</pre>
</body>