<head>
  <style>
    .log { font-family: "Courier New", Consolas, monospace; font-size: 80%; }
    .test-failed { background-color: #ffaaaa; }
    .test-passed { background-color: #aaffaa; }
  </style>
</head>
<body>
<h3><a href="https://github.com/MikePopoloski/slang" target="_blank">slang</a></h3>
<pre class="test-failed">
description: Tests imported from yosys
should_fail: 0
tags: yosys
incdirs: /home/travis/build/SymbiFlow/sv-tests/third_party/tools/yosys/tests/asicworld
top_module: 
type: parsing
mode: parsing
files: <a href="../../../../third_party/tools/yosys/tests/asicworld/code_verilog_tutorial_v2k_reg.v.html" target="file-frame">third_party/tools/yosys/tests/asicworld/code_verilog_tutorial_v2k_reg.v</a>
time_elapsed: 0.003s
ram usage: 9624 KB
</pre>
<pre class="log">

../..<a href="../../../../third_party/tools/yosys/tests/asicworld/code_verilog_tutorial_v2k_reg.v.html#l-15" target="file-frame">third_party/tools/yosys/tests/asicworld/code_verilog_tutorial_v2k_reg.v:15</a>:3: error: language feature not yet supported
  input a_in;
  ^~~~~~~~~~~
../..<a href="../../../../third_party/tools/yosys/tests/asicworld/code_verilog_tutorial_v2k_reg.v.html#l-16" target="file-frame">third_party/tools/yosys/tests/asicworld/code_verilog_tutorial_v2k_reg.v:16</a>:3: error: language feature not yet supported
  input b_in;
  ^~~~~~~~~~~
../..<a href="../../../../third_party/tools/yosys/tests/asicworld/code_verilog_tutorial_v2k_reg.v.html#l-17" target="file-frame">third_party/tools/yosys/tests/asicworld/code_verilog_tutorial_v2k_reg.v:17</a>:3: error: language feature not yet supported
  input c_in;
  ^~~~~~~~~~~
../..<a href="../../../../third_party/tools/yosys/tests/asicworld/code_verilog_tutorial_v2k_reg.v.html#l-18" target="file-frame">third_party/tools/yosys/tests/asicworld/code_verilog_tutorial_v2k_reg.v:18</a>:3: error: language feature not yet supported
  input signed [7:0] data_in;
  ^~~~~~~~~~~~~~~~~~~~~~~~~~~
../..<a href="../../../../third_party/tools/yosys/tests/asicworld/code_verilog_tutorial_v2k_reg.v.html#l-20" target="file-frame">third_party/tools/yosys/tests/asicworld/code_verilog_tutorial_v2k_reg.v:20</a>:13: error: use of undeclared identifier &#39;a_in&#39;
    adder = a_in + b_in + c_in + data_in;
            ^~~~
../..<a href="../../../../third_party/tools/yosys/tests/asicworld/code_verilog_tutorial_v2k_reg.v.html#l-20" target="file-frame">third_party/tools/yosys/tests/asicworld/code_verilog_tutorial_v2k_reg.v:20</a>:20: error: use of undeclared identifier &#39;b_in&#39;
    adder = a_in + b_in + c_in + data_in;
                   ^~~~
../..<a href="../../../../third_party/tools/yosys/tests/asicworld/code_verilog_tutorial_v2k_reg.v.html#l-20" target="file-frame">third_party/tools/yosys/tests/asicworld/code_verilog_tutorial_v2k_reg.v:20</a>:27: error: use of undeclared identifier &#39;c_in&#39;
    adder = a_in + b_in + c_in + data_in;
                          ^~~~
../..<a href="../../../../third_party/tools/yosys/tests/asicworld/code_verilog_tutorial_v2k_reg.v.html#l-20" target="file-frame">third_party/tools/yosys/tests/asicworld/code_verilog_tutorial_v2k_reg.v:20</a>:34: error: use of undeclared identifier &#39;data_in&#39;
    adder = a_in + b_in + c_in + data_in;
                                 ^~~~~~~

</pre>
</body>