<head>
  <style>
    .log { font-family: "Courier New", Consolas, monospace; font-size: 80%; }
    .test-failed { background-color: #ffaaaa; }
    .test-passed { background-color: #aaffaa; }
  </style>
</head>
<body>
<h3><a href="https://github.com/MikePopoloski/slang" target="_blank">slang</a></h3>
<pre class="test-failed">
description: Tests imported from yosys
should_fail: 0
tags: yosys
incdirs: /home/travis/build/SymbiFlow/sv-tests/third_party/tools/yosys/tests/asicworld
top_module: 
files: <a href="../../../../third_party/tools/yosys/tests/asicworld/code_hdl_models_decoder_2to4_gates.v.html" target="file-frame">third_party/tools/yosys/tests/asicworld/code_hdl_models_decoder_2to4_gates.v</a>
time_elapsed: 0.005s
</pre>
<pre class="log">

../..<a href="../../../../third_party/tools/yosys/tests/asicworld/code_hdl_models_decoder_2to4_gates.v.html#l-7" target="file-frame">third_party/tools/yosys/tests/asicworld/code_hdl_models_decoder_2to4_gates.v:7</a>:1: error: expected member
not i1 (n1,x);
^~~
../..<a href="../../../../third_party/tools/yosys/tests/asicworld/code_hdl_models_decoder_2to4_gates.v.html#l-8" target="file-frame">third_party/tools/yosys/tests/asicworld/code_hdl_models_decoder_2to4_gates.v:8</a>:1: error: expected member
not i2 (n2,y);
^~~
../..<a href="../../../../third_party/tools/yosys/tests/asicworld/code_hdl_models_decoder_2to4_gates.v.html#l-9" target="file-frame">third_party/tools/yosys/tests/asicworld/code_hdl_models_decoder_2to4_gates.v:9</a>:1: error: expected member
and a1 (f0,n1,n2);
^~~
../..<a href="../../../../third_party/tools/yosys/tests/asicworld/code_hdl_models_decoder_2to4_gates.v.html#l-10" target="file-frame">third_party/tools/yosys/tests/asicworld/code_hdl_models_decoder_2to4_gates.v:10</a>:1: error: expected member
and a2 (f1,n1,y);
^~~
../..<a href="../../../../third_party/tools/yosys/tests/asicworld/code_hdl_models_decoder_2to4_gates.v.html#l-11" target="file-frame">third_party/tools/yosys/tests/asicworld/code_hdl_models_decoder_2to4_gates.v:11</a>:1: error: expected member
and a3 (f2,x,n2);
^~~
../..<a href="../../../../third_party/tools/yosys/tests/asicworld/code_hdl_models_decoder_2to4_gates.v.html#l-12" target="file-frame">third_party/tools/yosys/tests/asicworld/code_hdl_models_decoder_2to4_gates.v:12</a>:1: error: expected member
and a4 (f3,x,y);
^~~

</pre>
</body>