<head>
  <style>
    .log { font-family: "Courier New", Consolas, monospace; font-size: 80%; }
    .test-failed { background-color: #ffaaaa; }
    .test-passed { background-color: #aaffaa; }
  </style>
</head>
<body>
<h3><a href="https://github.com/MikePopoloski/slang" target="_blank">slang</a></h3>
<pre class="test-failed">
description: Tests imported from yosys
should_fail: 0
tags: yosys
incdirs: /home/travis/build/SymbiFlow/sv-tests/third_party/tools/yosys/tests/asicworld
top_module: 
type: parsing
mode: parsing
files: <a href="../../../../third_party/tools/yosys/tests/asicworld/code_hdl_models_half_adder_gates.v.html" target="file-frame">third_party/tools/yosys/tests/asicworld/code_hdl_models_half_adder_gates.v</a>
time_elapsed: 0.003s
ram usage: 9756 KB
</pre>
<pre class="log">

../..<a href="../../../../third_party/tools/yosys/tests/asicworld/code_hdl_models_half_adder_gates.v.html#l-11" target="file-frame">third_party/tools/yosys/tests/asicworld/code_hdl_models_half_adder_gates.v:11</a>:1: error: expected member
and U_carry (carry,x,y);
^~~
../..<a href="../../../../third_party/tools/yosys/tests/asicworld/code_hdl_models_half_adder_gates.v.html#l-12" target="file-frame">third_party/tools/yosys/tests/asicworld/code_hdl_models_half_adder_gates.v:12</a>:1: error: expected member
xor U_sum (sum,x,y);
^~~

</pre>
</body>