<head>
  <style>
    .log { font-family: "Courier New", Consolas, monospace; font-size: 80%; }
    .test-failed { background-color: #ffaaaa; }
    .test-passed { background-color: #aaffaa; }
  </style>
</head>
<body>
<h3><a href="https://github.com/MikePopoloski/slang" target="_blank">slang</a></h3>
<pre class="test-failed">
description: Tests imported from yosys
should_fail: 0
tags: yosys
incdirs: /home/travis/build/SymbiFlow/sv-tests/third_party/tools/yosys/tests/simple
top_module: 
type: parsing
mode: parsing
files: <a href="../../../../third_party/tools/yosys/tests/simple/paramods.v.html" target="file-frame">third_party/tools/yosys/tests/simple/paramods.v</a>
time_elapsed: 0.003s
ram usage: 9712 KB
</pre>
<pre class="log">

../..<a href="../../../../third_party/tools/yosys/tests/simple/paramods.v.html#l-34" target="file-frame">third_party/tools/yosys/tests/simple/paramods.v:34</a>:1: error: language feature not yet supported
defparam inc_a.step = 3;
^~~~~~~~~~~~~~~~~~~~~~~~
../..<a href="../../../../third_party/tools/yosys/tests/simple/paramods.v.html#l-35" target="file-frame">third_party/tools/yosys/tests/simple/paramods.v:35</a>:1: error: language feature not yet supported
defparam inc_b.step = 7;
^~~~~~~~~~~~~~~~~~~~~~~~
../..<a href="../../../../third_party/tools/yosys/tests/simple/paramods.v.html#l-36" target="file-frame">third_party/tools/yosys/tests/simple/paramods.v:36</a>:1: error: language feature not yet supported
defparam inc_b.width = 4;
^~~~~~~~~~~~~~~~~~~~~~~~~
../..<a href="../../../../third_party/tools/yosys/tests/simple/paramods.v.html#l-47" target="file-frame">third_party/tools/yosys/tests/simple/paramods.v:47</a>:8: error: identifier &#39;width&#39; used before its declaration
input [width-1:0] in;
       ^~~~~
../..<a href="../../../../third_party/tools/yosys/tests/simple/paramods.v.html#l-44" target="file-frame">third_party/tools/yosys/tests/simple/paramods.v:44</a>:11: note: declared here
parameter width = 8;
          ^
../..<a href="../../../../third_party/tools/yosys/tests/simple/paramods.v.html#l-48" target="file-frame">third_party/tools/yosys/tests/simple/paramods.v:48</a>:9: error: identifier &#39;width&#39; used before its declaration
output [width-1:0] out;
        ^~~~~
../..<a href="../../../../third_party/tools/yosys/tests/simple/paramods.v.html#l-44" target="file-frame">third_party/tools/yosys/tests/simple/paramods.v:44</a>:11: note: declared here
parameter width = 8;
          ^

</pre>
</body>