<head>
  <style>
    .log { font-family: "Courier New", Consolas, monospace; font-size: 80%; }
    .test-failed { background-color: #ffaaaa; }
    .test-passed { background-color: #aaffaa; }
  </style>
</head>
<body>
<h3><a href="https://github.com/MikePopoloski/slang" target="_blank">slang</a></h3>
<pre class="test-failed">
description: Tests imported from yosys
should_fail: 0
tags: yosys
incdirs: /home/travis/build/SymbiFlow/sv-tests/third_party/tools/yosys/tests/simple
top_module: 
files: <a href="../../../../third_party/tools/yosys/tests/simple/scopes.v.html" target="file-frame">third_party/tools/yosys/tests/simple/scopes.v</a>
time_elapsed: 0.004s
</pre>
<pre class="log">
user_time: 0.004029
system_time: 0.0
ram_usage: 9620

../..<a href="../../../../third_party/tools/yosys/tests/simple/scopes.v.html#l-3" target="file-frame">third_party/tools/yosys/tests/simple/scopes.v:3</a>:3: error: language feature not yet supported
		input [15:0] x, y;
		^~~~~~~~~~~~~~~~~~
../..<a href="../../../../third_party/tools/yosys/tests/simple/scopes.v.html#l-16" target="file-frame">third_party/tools/yosys/tests/simple/scopes.v:16</a>:3: error: language feature not yet supported
		input [15:0] x, y;
		^~~~~~~~~~~~~~~~~~
../..<a href="../../../../third_party/tools/yosys/tests/simple/scopes.v.html#l-27" target="file-frame">third_party/tools/yosys/tests/simple/scopes.v:27</a>:3: error: language feature not yet supported
		input [3:0] a;
		^~~~~~~~~~~~~~
../..<a href="../../../../third_party/tools/yosys/tests/simple/scopes.v.html#l-30" target="file-frame">third_party/tools/yosys/tests/simple/scopes.v:30</a>:8: error: use of undeclared identifier &#39;a&#39;
			y = a * 23;
			    ^
../..<a href="../../../../third_party/tools/yosys/tests/simple/scopes.v.html#l-36" target="file-frame">third_party/tools/yosys/tests/simple/scopes.v:36</a>:3: error: language feature not yet supported
		input [3:0] a;
		^~~~~~~~~~~~~~
../..<a href="../../../../third_party/tools/yosys/tests/simple/scopes.v.html#l-42" target="file-frame">third_party/tools/yosys/tests/simple/scopes.v:42</a>:14: error: use of undeclared identifier &#39;a&#39;
				x = 77 + a;
				         ^
../..<a href="../../../../third_party/tools/yosys/tests/simple/scopes.v.html#l-49" target="file-frame">third_party/tools/yosys/tests/simple/scopes.v:49</a>:9: error: language feature not yet supported
	always @* begin
	       ^~
../..<a href="../../../../third_party/tools/yosys/tests/simple/scopes.v.html#l-50" target="file-frame">third_party/tools/yosys/tests/simple/scopes.v:50</a>:7: error: too many arguments to subroutine call; expected 0 but 2 were provided
		x = func_01(11, 22);
		    ^~~~~~~
../..<a href="../../../../third_party/tools/yosys/tests/simple/scopes.v.html#l-51" target="file-frame">third_party/tools/yosys/tests/simple/scopes.v:51</a>:7: error: too many arguments to subroutine call; expected 0 but 2 were provided
		y = func_02(33, 44);
		    ^~~~~~~
../..<a href="../../../../third_party/tools/yosys/tests/simple/scopes.v.html#l-52" target="file-frame">third_party/tools/yosys/tests/simple/scopes.v:52</a>:3: error: too many arguments to subroutine call; expected 0 but 1 were provided
		task_01(k);
		^~~~~~~
../..<a href="../../../../third_party/tools/yosys/tests/simple/scopes.v.html#l-53" target="file-frame">third_party/tools/yosys/tests/simple/scopes.v:53</a>:3: error: too many arguments to subroutine call; expected 0 but 1 were provided
		task_02(k);
		^~~~~~~
../..<a href="../../../../third_party/tools/yosys/tests/simple/scopes.v.html#l-60" target="file-frame">third_party/tools/yosys/tests/simple/scopes.v:60</a>:7: error: too many arguments to subroutine call; expected 0 but 2 were provided
		x = func_01(y, x);
		    ^~~~~~~
../..<a href="../../../../third_party/tools/yosys/tests/simple/scopes.v.html#l-61" target="file-frame">third_party/tools/yosys/tests/simple/scopes.v:61</a>:7: error: too many arguments to subroutine call; expected 0 but 2 were provided
		y = func_02(y, x);
		    ^~~~~~~

</pre>
</body>