<head>
  <style>
    .log { font-family: "Courier New", Consolas, monospace; font-size: 80%; }
    .test-failed { background-color: #ffaaaa; }
    .test-passed { background-color: #aaffaa; }
  </style>
</head>
<body>
<h3><a href="https://github.com/MikePopoloski/slang" target="_blank">slang</a></h3>
<pre class="test-failed">
description: Tests imported from yosys
should_fail: 0
tags: yosys
incdirs: /home/travis/build/SymbiFlow/sv-tests/third_party/tools/yosys/tests/simple
top_module: 
files: <a href="../../../../third_party/tools/yosys/tests/simple/localparam_attr.v.html" target="file-frame">third_party/tools/yosys/tests/simple/localparam_attr.v</a>
time_elapsed: 0.003s
</pre>
<pre class="log">
user_time: 0.002915
system_time: 0.0
ram_usage: 9644

../..<a href="../../../../third_party/tools/yosys/tests/simple/localparam_attr.v.html#l-6" target="file-frame">third_party/tools/yosys/tests/simple/localparam_attr.v:6</a>:14: error: identifier &#39;WIDTH&#39; used before its declaration
input  wire [WIDTH-1:0] I;
             ^~~~~
../..<a href="../../../../third_party/tools/yosys/tests/simple/localparam_attr.v.html#l-4" target="file-frame">third_party/tools/yosys/tests/simple/localparam_attr.v:4</a>:12: note: declared here
localparam WIDTH = 1;
           ^
../..<a href="../../../../third_party/tools/yosys/tests/simple/localparam_attr.v.html#l-7" target="file-frame">third_party/tools/yosys/tests/simple/localparam_attr.v:7</a>:14: error: identifier &#39;WIDTH&#39; used before its declaration
output wire [WIDTH-1:0] O;
             ^~~~~
../..<a href="../../../../third_party/tools/yosys/tests/simple/localparam_attr.v.html#l-4" target="file-frame">third_party/tools/yosys/tests/simple/localparam_attr.v:4</a>:12: note: declared here
localparam WIDTH = 1;
           ^

</pre>
</body>