<head>
  <style>
    .log { font-family: "Courier New", Consolas, monospace; font-size: 80%; }
    .test-failed { background-color: #ffaaaa; }
    .test-passed { background-color: #aaffaa; }
  </style>
</head>
<body>
<h3><a href="https://github.com/MikePopoloski/slang" target="_blank">slang</a></h3>
<pre class="test-failed">
description: Tests imported from yosys
should_fail: 0
tags: yosys
incdirs: /home/travis/build/SymbiFlow/sv-tests/third_party/tools/yosys/tests/sva
top_module: 
type: parsing
mode: parsing
files: <a href="../../../../third_party/tools/yosys/tests/sva/basic05.sv.html" target="file-frame">third_party/tools/yosys/tests/sva/basic05.sv</a>
time_elapsed: 0.003s
ram usage: 9696 KB
</pre>
<pre class="log">

../..<a href="../../../../third_party/tools/yosys/tests/sva/basic05.sv.html#l-4" target="file-frame">third_party/tools/yosys/tests/sva/basic05.sv:4</a>:2: error: unknown module &#39;demo&#39;
	demo uut (
	^~~~
../..<a href="../../../../third_party/tools/yosys/tests/sva/basic05.sv.html#l-9" target="file-frame">third_party/tools/yosys/tests/sva/basic05.sv:9</a>:16: error: use of undeclared identifier &#39;uut&#39;
	assign read = uut.read;
	              ^~~
../..<a href="../../../../third_party/tools/yosys/tests/sva/basic05.sv.html#l-10" target="file-frame">third_party/tools/yosys/tests/sva/basic05.sv:10</a>:17: error: use of undeclared identifier &#39;uut&#39;
	assign write = uut.write;
	               ^~~
../..<a href="../../../../third_party/tools/yosys/tests/sva/basic05.sv.html#l-11" target="file-frame">third_party/tools/yosys/tests/sva/basic05.sv:11</a>:17: error: use of undeclared identifier &#39;uut&#39;
	assign ready = uut.ready;
	               ^~~
../..<a href="../../../../third_party/tools/yosys/tests/sva/basic05.sv.html#l-13" target="file-frame">third_party/tools/yosys/tests/sva/basic05.sv:13</a>:2: error: language feature not yet supported
	a_rw: assert property ( @(posedge clock) !(read &amp;&amp; write) );
	^~~~~~~~~~~~~~~~~~~~~~~~~~~~~~~~~~~~~~~~~~~~~~~~~~~~~~~~~~~~
../..<a href="../../../../third_party/tools/yosys/tests/sva/basic05.sv.html#l-17" target="file-frame">third_party/tools/yosys/tests/sva/basic05.sv:17</a>:2: error: language feature not yet supported
	a_wr: assert property ( @(posedge clock) write |=&gt; ready );
	^~~~~~~~~~~~~~~~~~~~~~~~~~~~~~~~~~~~~~~~~~~~~~~~~~~~~~~~~~~

</pre>
</body>