<head>
  <style>
    .log { font-family: "Courier New", Consolas, monospace; font-size: 80%; }
    .test-failed { background-color: #ffaaaa; }
    .test-passed { background-color: #aaffaa; }
  </style>
</head>
<body>
<h3><a href="https://github.com/MikePopoloski/slang" target="_blank">slang</a></h3>
<pre class="test-failed">
description: Tests imported from yosys
should_fail: 0
tags: yosys
incdirs: /home/travis/build/SymbiFlow/sv-tests/third_party/tools/yosys/tests/sva
top_module: 
type: parsing
mode: parsing
files: <a href="../../../../third_party/tools/yosys/tests/sva/sva_range.sv.html" target="file-frame">third_party/tools/yosys/tests/sva/sva_range.sv</a>
time_elapsed: 0.003s
ram usage: 9760 KB
</pre>
<pre class="log">

../..<a href="../../../../third_party/tools/yosys/tests/sva/sva_range.sv.html#l-5" target="file-frame">third_party/tools/yosys/tests/sva/sva_range.sv:5</a>:2: error: language feature not yet supported
	default clocking @(posedge clk); endclocking
	^~~~~~~~~~~~~~~~~~~~~~~~~~~~~~~~~~~~~~~~~~~~
../..<a href="../../../../third_party/tools/yosys/tests/sva/sva_range.sv.html#l-5" target="file-frame">third_party/tools/yosys/tests/sva/sva_range.sv:5</a>:18: error: expected identifier
	default clocking @(posedge clk); endclocking
	                ^
../..<a href="../../../../third_party/tools/yosys/tests/sva/sva_range.sv.html#l-7" target="file-frame">third_party/tools/yosys/tests/sva/sva_range.sv:7</a>:2: error: language feature not yet supported
	assert property (
	^~~~~~~~~~~~~~~~~
../..<a href="../../../../third_party/tools/yosys/tests/sva/sva_range.sv.html#l-12" target="file-frame">third_party/tools/yosys/tests/sva/sva_range.sv:12</a>:2: error: language feature not yet supported
	assume property (
	^~~~~~~~~~~~~~~~~
../..<a href="../../../../third_party/tools/yosys/tests/sva/sva_range.sv.html#l-15" target="file-frame">third_party/tools/yosys/tests/sva/sva_range.sv:15</a>:2: error: language feature not yet supported
	assume property (
	^~~~~~~~~~~~~~~~~

</pre>
</body>