<head>
  <style>
    .test-failed { background-color: #ffaaaa; }
    .test-passed { background-color: #aaffaa; }
  </style>
</head>
<body>
<h3><a href="https://github.com/MikePopoloski/slang" target="_blank">slang</a></h3>
<pre class="test-failed">
description: Tests imported from yosys
should_fail: 0
tags: yosys
incdirs: /home/travis/build/SymbiFlow/sv-tests/third_party/tools/yosys/tests/sva
top_module: 
files: <a href="../../../../third_party/tools/yosys/tests/sva/basic04.sv.html" target="file-frame">third_party/tools/yosys/tests/sva/basic04.sv</a>
time_elapsed: 0.009s
</pre>
<pre>

../..<a href="../../../../third_party/tools/yosys/tests/sva/basic04.sv.html#l-2" target="file-frame">third_party/tools/yosys/tests/sva/basic04.sv:2</a>:2: error: language feature not yet supported
	a_rw: assert property ( @(posedge clock) !(read &amp;&amp; write) );
	^~~~~~~~~~~~~~~~~~~~~~~~~~~~~~~~~~~~~~~~~~~~~~~~~~~~~~~~~~~~
../..<a href="../../../../third_party/tools/yosys/tests/sva/basic04.sv.html#l-6" target="file-frame">third_party/tools/yosys/tests/sva/basic04.sv:6</a>:2: error: language feature not yet supported
	a_wr: assert property ( @(posedge clock) write |=&gt; ready );
	^~~~~~~~~~~~~~~~~~~~~~~~~~~~~~~~~~~~~~~~~~~~~~~~~~~~~~~~~~~
../..<a href="../../../../third_party/tools/yosys/tests/sva/basic04.sv.html#l-10" target="file-frame">third_party/tools/yosys/tests/sva/basic04.sv:10</a>:1: error: expected member
bind top top_properties properties_inst (.*);
^~~~
../..<a href="../../../../third_party/tools/yosys/tests/sva/basic04.sv.html#l-10" target="file-frame">third_party/tools/yosys/tests/sva/basic04.sv:10</a>:6: error: use of undeclared identifier &#39;top&#39;
bind top top_properties properties_inst (.*);
     ^~~
../..<a href="../../../../third_party/tools/yosys/tests/sva/basic04.sv.html#l-10" target="file-frame">third_party/tools/yosys/tests/sva/basic04.sv:10</a>:24: error: expected &#39;,&#39;
bind top top_properties properties_inst (.*);
                       ^
../..<a href="../../../../third_party/tools/yosys/tests/sva/basic04.sv.html#l-10" target="file-frame">third_party/tools/yosys/tests/sva/basic04.sv:10</a>:41: error: expected declarator
bind top top_properties properties_inst (.*);
                                        ^

</pre>
</body>