<head>
  <style>
    .log { font-family: "Courier New", Consolas, monospace; font-size: 80%; }
    .test-failed { background-color: #ffaaaa; }
    .test-passed { background-color: #aaffaa; }
  </style>
</head>
<body>
<h3><a href="https://github.com/MikePopoloski/slang" target="_blank">slang</a></h3>
<pre class="test-failed">
description: Tests imported from yosys
should_fail: 0
tags: yosys
incdirs: /home/travis/build/SymbiFlow/sv-tests/third_party/tools/yosys/tests/sva
top_module: 
type: parsing
mode: parsing
files: <a href="../../../../third_party/tools/yosys/tests/sva/counter.sv.html" target="file-frame">third_party/tools/yosys/tests/sva/counter.sv</a>
time_elapsed: 0.003s
ram usage: 9748 KB
</pre>
<pre class="log">

../..<a href="../../../../third_party/tools/yosys/tests/sva/counter.sv.html#l-11" target="file-frame">third_party/tools/yosys/tests/sva/counter.sv:11</a>:2: error: language feature not yet supported
	default clocking @(posedge clk); endclocking
	^~~~~~~~~~~~~~~~~~~~~~~~~~~~~~~~~~~~~~~~~~~~
../..<a href="../../../../third_party/tools/yosys/tests/sva/counter.sv.html#l-11" target="file-frame">third_party/tools/yosys/tests/sva/counter.sv:11</a>:18: error: expected identifier
	default clocking @(posedge clk); endclocking
	                ^
../..<a href="../../../../third_party/tools/yosys/tests/sva/counter.sv.html#l-12" target="file-frame">third_party/tools/yosys/tests/sva/counter.sv:12</a>:2: error: expected member
	default disable iff (reset);
	^~~~~~~
../..<a href="../../../../third_party/tools/yosys/tests/sva/counter.sv.html#l-14" target="file-frame">third_party/tools/yosys/tests/sva/counter.sv:14</a>:2: error: language feature not yet supported
	assert property (up |=&gt; cnt == $past(cnt) + 8&#39;d 1);
	^~~~~~~~~~~~~~~~~~~~~~~~~~~~~~~~~~~~~~~~~~~~~~~~~~~
../..<a href="../../../../third_party/tools/yosys/tests/sva/counter.sv.html#l-15" target="file-frame">third_party/tools/yosys/tests/sva/counter.sv:15</a>:2: error: language feature not yet supported
	assert property (up [*2] |=&gt; cnt == $past(cnt, 2) + 8&#39;d 2);
	^~~~~~~~~~~~~~~~~~~~~~~~~~~~~~~~~~~~~~~~~~~~~~~~~~~~~~~~~~~
../..<a href="../../../../third_party/tools/yosys/tests/sva/counter.sv.html#l-15" target="file-frame">third_party/tools/yosys/tests/sva/counter.sv:15</a>:23: error: expected expression
	assert property (up [*2] |=&gt; cnt == $past(cnt, 2) + 8&#39;d 2);
	                     ^
../..<a href="../../../../third_party/tools/yosys/tests/sva/counter.sv.html#l-16" target="file-frame">third_party/tools/yosys/tests/sva/counter.sv:16</a>:2: error: language feature not yet supported
	assert property (up ##1 up |=&gt; cnt == $past(cnt, 2) + 8&#39;d 2);
	^~~~~~~~~~~~~~~~~~~~~~~~~~~~~~~~~~~~~~~~~~~~~~~~~~~~~~~~~~~~~
../..<a href="../../../../third_party/tools/yosys/tests/sva/counter.sv.html#l-19" target="file-frame">third_party/tools/yosys/tests/sva/counter.sv:19</a>:2: error: language feature not yet supported
	assume property (down |-&gt; !up);
	^~~~~~~~~~~~~~~~~~~~~~~~~~~~~~~
../..<a href="../../../../third_party/tools/yosys/tests/sva/counter.sv.html#l-21" target="file-frame">third_party/tools/yosys/tests/sva/counter.sv:21</a>:2: error: language feature not yet supported
	assert property (up ##1 down |=&gt; cnt == $past(cnt, 2));
	^~~~~~~~~~~~~~~~~~~~~~~~~~~~~~~~~~~~~~~~~~~~~~~~~~~~~~~
../..<a href="../../../../third_party/tools/yosys/tests/sva/counter.sv.html#l-22" target="file-frame">third_party/tools/yosys/tests/sva/counter.sv:22</a>:2: error: language feature not yet supported
	assert property (down |=&gt; cnt == $past(cnt) - 8&#39;d 1);
	^~~~~~~~~~~~~~~~~~~~~~~~~~~~~~~~~~~~~~~~~~~~~~~~~~~~~
../..<a href="../../../../third_party/tools/yosys/tests/sva/counter.sv.html#l-24" target="file-frame">third_party/tools/yosys/tests/sva/counter.sv:24</a>:2: error: language feature not yet supported
	property down_n(n);
	^~~~~~~~~~~~~~~~~~~
../..<a href="../../../../third_party/tools/yosys/tests/sva/counter.sv.html#l-25" target="file-frame">third_party/tools/yosys/tests/sva/counter.sv:25</a>:9: error: expected expression
		down [*n] |=&gt; cnt == $past(cnt, n) - n;
		      ^
../..<a href="../../../../third_party/tools/yosys/tests/sva/counter.sv.html#l-28" target="file-frame">third_party/tools/yosys/tests/sva/counter.sv:28</a>:2: error: language feature not yet supported
	assert property (down_n(8&#39;d 3));
	^~~~~~~~~~~~~~~~~~~~~~~~~~~~~~~~
../..<a href="../../../../third_party/tools/yosys/tests/sva/counter.sv.html#l-29" target="file-frame">third_party/tools/yosys/tests/sva/counter.sv:29</a>:2: error: language feature not yet supported
	assert property (down_n(8&#39;d 5));
	^~~~~~~~~~~~~~~~~~~~~~~~~~~~~~~~

</pre>
</body>