<head>
  <style>
    .log { font-family: "Courier New", Consolas, monospace; font-size: 80%; }
    .test-failed { background-color: #ffaaaa; }
    .test-passed { background-color: #aaffaa; }
  </style>
</head>
<body>
<h3><a href="https://github.com/MikePopoloski/slang" target="_blank">slang</a></h3>
<pre class="test-failed">
description: Test
should_fail: 0
tags: 6.18
incdirs: /home/travis/build/SymbiFlow/sv-tests/tests/generic/typedef
top_module: 
type: parsing
mode: parsing
files: <a href="../../../../tests/generic/typedef/typedef_test_25.sv.html" target="file-frame">tests/generic/typedef/typedef_test_25.sv</a>
time_elapsed: 0.003s
ram usage: 9640 KB
</pre>
<pre class="log">

../..<a href="../../../../tests/generic/typedef/typedef_test_25.sv.html#l-8" target="file-frame">tests/generic/typedef/typedef_test_25.sv:8</a>:9: error: use of undeclared identifier &#39;A&#39;
  reg  [A-1:0] addr;
        ^
../..<a href="../../../../tests/generic/typedef/typedef_test_25.sv.html#l-9" target="file-frame">tests/generic/typedef/typedef_test_25.sv:9</a>:8: error: use of undeclared identifier &#39;D&#39;
  reg [D-1:0] data;
       ^
../..<a href="../../../../tests/generic/typedef/typedef_test_25.sv.html#l-11" target="file-frame">tests/generic/typedef/typedef_test_25.sv:11</a>:9: error: use of undeclared identifier &#39;E&#39;
  reg  [E-1:0] ecc;
        ^
../..<a href="../../../../tests/generic/typedef/typedef_test_25.sv.html#l-13" target="file-frame">tests/generic/typedef/typedef_test_25.sv:13</a>:10: error: use of undeclared identifier &#39;M&#39;
  reg   [M-1:0] mask;
         ^

</pre>
</body>