<head>
  <style>
    .log { font-family: "Courier New", Consolas, monospace; font-size: 80%; }
    .test-failed { background-color: #ffaaaa; }
    .test-passed { background-color: #aaffaa; }
  </style>
</head>
<body>
<h3><a href="https://github.com/MikePopoloski/slang" target="_blank">slang</a></h3>
<pre class="test-failed">
description: Test
should_fail: 0
tags: 6.18
incdirs: /home/travis/build/SymbiFlow/sv-tests/tests/generic/typedef
top_module: 
type: parsing
mode: parsing
files: <a href="../../../../tests/generic/typedef/typedef_test_27.sv.html" target="file-frame">tests/generic/typedef/typedef_test_27.sv</a>
time_elapsed: 0.003s
ram usage: 9636 KB
</pre>
<pre class="log">

../..<a href="../../../../tests/generic/typedef/typedef_test_27.sv.html#l-8" target="file-frame">tests/generic/typedef/typedef_test_27.sv:8</a>:12: error: expression width of 4 does not exactly match declared enum type width of 32
  Global = 4&#39;h2,
           ^~~~
../..<a href="../../../../tests/generic/typedef/typedef_test_27.sv.html#l-12" target="file-frame">tests/generic/typedef/typedef_test_27.sv:12</a>:11: error: expression width of 4 does not exactly match declared enum type width of 32
  Local = 4&#39;h1
          ^~~~

</pre>
</body>